Mplus VERSION 8.9 (Mac)
MUTHEN & MUTHEN
05/26/2023   9:43 AM

INPUT INSTRUCTIONS

  TITLE:
  L1_P_10_lpa_freeVar;
  DATA:
  FILE = "mplus_analyses/sum_vars/L1_prof_10_ml_lpa_freeVar_enum.dat";

  VARIABLE:
  NAMES = analytic clout authentic tone wc big_words PCP_ID;
   MISSING=.;
   CLASSES = c(10);
  DEFINE:
  STANDARDIZE analytic clout authentic tone wc big_words;
  ANALYSIS:
  TYPE = MIXTURE;
      ESTIMATOR=MLR;
      STARTS=1000 50;
      STITERATIONS=50;
      LRTSTARTS=1000 50 1000 50;
      PROCESSORS=4;
  MODEL:
  %OVERALL%
  %C#1%
  [analytic clout authentic tone wc big_words];
  analytic clout authentic tone wc big_words;
  %C#2%
  [analytic clout authentic tone wc big_words];
  analytic clout authentic tone wc big_words;
  %C#3%
  [analytic clout authentic tone wc big_words];
  analytic clout authentic tone wc big_words;
  %C#4%
  [analytic clout authentic tone wc big_words];
  analytic clout authentic tone wc big_words;
  %C#5%
  [analytic clout authentic tone wc big_words];
  analytic clout authentic tone wc big_words;
  %C#6%
  [analytic clout authentic tone wc big_words];
  analytic clout authentic tone wc big_words;
  %C#7%
  [analytic clout authentic tone wc big_words];
  analytic clout authentic tone wc big_words;
  %C#8%
  [analytic clout authentic tone wc big_words];
  analytic clout authentic tone wc big_words;
  %C#9%
  [analytic clout authentic tone wc big_words];
  analytic clout authentic tone wc big_words;
  %C#10%
  [analytic clout authentic tone wc big_words];
  analytic clout authentic tone wc big_words;
  PLOT:
  type = plot3;



*** WARNING in VARIABLE command
  Note that only the first 8 characters of variable names are used in the output.
  Shorten variable names to avoid any confusion.
*** WARNING in MODEL command
  All variables are uncorrelated with all other variables within class.
  Check that this is what is intended.
*** WARNING in PLOT command
  Note that only the first 8 characters of variable names are used in plots.
  If variable names are not unique within the first 8 characters, problems
  may occur.
   3 WARNING(S) FOUND IN THE INPUT INSTRUCTIONS




L1_P_10_lpa_freeVar;

SUMMARY OF ANALYSIS

Number of groups                                                 1
Number of observations                                        1672

Number of dependent variables                                    7
Number of independent variables                                  0
Number of continuous latent variables                            0
Number of categorical latent variables                           1

Observed dependent variables

  Continuous
   ANALYTIC    CLOUT       AUTHENTIC   TONE        WC          BIG_WORDS
   PCP_ID

Categorical latent variables
   C


Estimator                                                      MLR
Information matrix                                        OBSERVED
Optimization Specifications for the Quasi-Newton Algorithm for
Continuous Outcomes
  Maximum number of iterations                                 100
  Convergence criterion                                  0.100D-05
Optimization Specifications for the EM Algorithm
  Maximum number of iterations                                 500
  Convergence criteria
    Loglikelihood change                                 0.100D-06
    Relative loglikelihood change                        0.100D-06
    Derivative                                           0.100D-05
Optimization Specifications for the M step of the EM Algorithm for
Categorical Latent variables
  Number of M step iterations                                    1
  M step convergence criterion                           0.100D-05
  Basis for M step termination                           ITERATION
Optimization Specifications for the M step of the EM Algorithm for
Censored, Binary or Ordered Categorical (Ordinal), Unordered
Categorical (Nominal) and Count Outcomes
  Number of M step iterations                                    1
  M step convergence criterion                           0.100D-05
  Basis for M step termination                           ITERATION
  Maximum value for logit thresholds                            15
  Minimum value for logit thresholds                           -15
  Minimum expected cell size for chi-square              0.100D-01
Maximum number of iterations for H1                           2000
Convergence criterion for H1                             0.100D-03
Optimization algorithm                                         EMA
Random Starts Specifications
  Number of initial stage random starts                       1000
  Number of final stage optimizations                           50
  Number of initial stage iterations                            50
  Initial stage convergence criterion                    0.100D+01
  Random starts scale                                    0.500D+01
  Random seed for generating random starts                       0

Input data file(s)
  mplus_analyses/sum_vars/L1_prof_10_ml_lpa_freeVar_enum.dat
Input data format  FREE


SUMMARY OF DATA

     Number of missing data patterns             1
     Number of y missing data patterns           1
     Number of u missing data patterns           0


COVARIANCE COVERAGE OF DATA

Minimum covariance coverage value   0.100


     PROPORTION OF DATA PRESENT FOR Y


           Covariance Coverage
              ANALYTIC      CLOUT         AUTHENTI      TONE          WC
              ________      ________      ________      ________      ________
 ANALYTIC       1.000
 CLOUT          1.000         1.000
 AUTHENTI       1.000         1.000         1.000
 TONE           1.000         1.000         1.000         1.000
 WC             1.000         1.000         1.000         1.000         1.000
 BIG_WORD       1.000         1.000         1.000         1.000         1.000
 PCP_ID         1.000         1.000         1.000         1.000         1.000


           Covariance Coverage
              BIG_WORD      PCP_ID
              ________      ________
 BIG_WORD       1.000
 PCP_ID         1.000         1.000



UNIVARIATE SAMPLE STATISTICS


     UNIVARIATE HIGHER-ORDER MOMENT DESCRIPTIVE STATISTICS

         Variable/         Mean/     Skewness/   Minimum/ % with                Percentiles
        Sample Size      Variance    Kurtosis    Maximum  Min/Max      20%/60%    40%/80%    Median

     ANALYTIC              0.000       1.350      -1.279    1.67%      -0.818     -0.476     -0.258
            1672.000       1.000       2.045       5.202    0.06%      -0.029      0.703
     CLOUT                 0.000      -1.716      -5.773    0.06%      -0.610      0.087      0.305
            1672.000       1.000       3.556       0.973    6.88%       0.502      0.791
     AUTHENTIC             0.000       0.159      -2.584    0.06%      -0.867     -0.326     -0.042
            1672.000       1.000      -0.318       3.354    0.06%       0.245      0.889
     TONE                  0.000       0.515      -2.462    0.06%      -0.872     -0.362     -0.127
            1672.000       1.000      -0.083       3.099    0.06%       0.147      0.848
     WC                    0.000       1.215      -2.015    0.06%      -0.800     -0.370     -0.169
            1672.000       1.000       2.403       4.875    0.06%       0.057      0.716
     BIG_WORDS             0.000       0.356      -3.516    0.06%      -0.841     -0.290     -0.060
            1672.000       1.000       0.509       4.567    0.06%       0.183      0.842
     PCP_ID               88.139      -0.796       2.000    0.36%      58.000     90.000     96.000
            1672.000    1098.246      -0.058     142.000    0.42%     105.000    115.000

RANDOM STARTS RESULTS RANKED FROM THE BEST TO THE WORST LOGLIKELIHOOD VALUES


633 perturbed starting value run(s) did not converge or were rejected in the third stage.
Final stage loglikelihood values at local maxima, seeds, and initial stage start numbers:

          -20688.162  185071           370
          -20688.162  950604           172
          -20698.561  46437            153
          -20699.658  342019           301
          -20699.658  182524           373
          -20699.658  851945           18
          -20703.456  383902           673
          -20707.772  691041           590
          -20723.589  739214           807

41 perturbed starting value run(s) did not converge or were rejected in the third stage.



THE BEST LOGLIKELIHOOD VALUE HAS BEEN REPLICATED.  RERUN WITH AT LEAST TWICE THE
RANDOM STARTS TO CHECK THAT THE BEST LOGLIKELIHOOD IS STILL OBTAINED AND REPLICATED.


THE MODEL ESTIMATION TERMINATED NORMALLY



MODEL FIT INFORMATION

Number of Free Parameters                      140

Loglikelihood

          H0 Value                      -20688.162
          H0 Scaling Correction Factor      1.3176
            for MLR

Information Criteria

          Akaike (AIC)                   41656.324
          Bayesian (BIC)                 42415.373
          Sample-Size Adjusted BIC       41970.613
            (n* = (n + 2) / 24)



FINAL CLASS COUNTS AND PROPORTIONS FOR THE LATENT CLASSES
BASED ON THE ESTIMATED MODEL

    Latent
   Classes

       1         97.31697          0.05820
       2        199.75499          0.11947
       3        336.07448          0.20100
       4        134.60504          0.08051
       5        121.12956          0.07245
       6        105.40609          0.06304
       7        203.87386          0.12193
       8        212.37421          0.12702
       9        132.22325          0.07908
      10        129.24155          0.07730


FINAL CLASS COUNTS AND PROPORTIONS FOR THE LATENT CLASSES
BASED ON ESTIMATED POSTERIOR PROBABILITIES

    Latent
   Classes

       1         97.31697          0.05820
       2        199.75499          0.11947
       3        336.07448          0.20100
       4        134.60504          0.08051
       5        121.12956          0.07245
       6        105.40609          0.06304
       7        203.87386          0.12193
       8        212.37421          0.12702
       9        132.22325          0.07908
      10        129.24155          0.07730


FINAL CLASS COUNTS AND PROPORTIONS FOR THE LATENT CLASSES
BASED ON THEIR MOST LIKELY LATENT CLASS MEMBERSHIP

Class Counts and Proportions

    Latent
   Classes

       1               83          0.04964
       2              228          0.13636
       3              319          0.19079
       4              158          0.09450
       5              105          0.06280
       6               95          0.05682
       7              211          0.12620
       8              200          0.11962
       9              144          0.08612
      10              129          0.07715


CLASSIFICATION QUALITY

     Entropy                         0.730


Average Latent Class Probabilities for Most Likely Latent Class Membership (Row)
by Latent Class (Column)

           1        2        3        4        5        6        7        8        9

    1   0.828    0.008    0.036    0.000    0.039    0.023    0.001    0.007    0.015
    2   0.005    0.678    0.095    0.004    0.059    0.020    0.065    0.064    0.005
    3   0.012    0.027    0.782    0.010    0.017    0.022    0.040    0.064    0.013
    4   0.002    0.018    0.066    0.773    0.005    0.002    0.105    0.006    0.024
    5   0.023    0.035    0.037    0.000    0.800    0.047    0.006    0.049    0.003
    6   0.028    0.001    0.034    0.000    0.043    0.795    0.000    0.086    0.000
    7   0.000    0.080    0.120    0.020    0.007    0.002    0.732    0.032    0.006
    8   0.007    0.045    0.065    0.001    0.042    0.041    0.015    0.777    0.000
    9   0.052    0.004    0.024    0.026    0.001    0.001    0.010    0.000    0.786
   10   0.073    0.021    0.022    0.001    0.001    0.019    0.002    0.002    0.056

          10

    1   0.042
    2   0.007
    3   0.012
    4   0.001
    5   0.000
    6   0.012
    7   0.001
    8   0.007
    9   0.096
   10   0.803


Classification Probabilities for the Most Likely Latent Class Membership (Column)
by Latent Class (Row)

           1        2        3        4        5        6        7        8        9

    1   0.707    0.012    0.039    0.003    0.025    0.028    0.001    0.014    0.076
    2   0.003    0.774    0.044    0.014    0.018    0.001    0.085    0.045    0.003
    3   0.009    0.064    0.742    0.031    0.012    0.010    0.075    0.039    0.010
    4   0.000    0.007    0.024    0.908    0.000    0.000    0.031    0.001    0.028
    5   0.027    0.111    0.046    0.006    0.693    0.034    0.012    0.069    0.002
    6   0.018    0.042    0.067    0.003    0.047    0.716    0.005    0.078    0.001
    7   0.001    0.072    0.062    0.081    0.003    0.000    0.758    0.015    0.007
    8   0.003    0.068    0.096    0.004    0.024    0.038    0.032    0.732    0.000
    9   0.010    0.009    0.031    0.028    0.002    0.000    0.009    0.000    0.856
   10   0.027    0.012    0.030    0.001    0.000    0.009    0.001    0.011    0.108

          10

    1   0.097
    2   0.014
    3   0.008
    4   0.000
    5   0.001
    6   0.023
    7   0.001
    8   0.002
    9   0.055
   10   0.802


Logits for the Classification Probabilities for the Most Likely Latent Class Membership (Column)
by Latent Class (Row)

              1        2        3        4        5        6        7        8        9

    1      1.989   -2.119   -0.907   -3.641   -1.360   -1.257   -4.685   -1.941   -0.234
    2     -1.467    4.023    1.152    0.026    0.275   -3.044    1.811    1.186   -1.690
    3      0.053    2.030    4.479    1.297    0.324    0.138    2.188    1.525    0.195
    4     -6.179    2.694    3.914    7.540   -6.179   -6.179    4.163    1.112    4.060
    5      3.496    4.919    4.043    2.024    6.754    3.735    2.692    4.444    0.781
    6     -0.227    0.612    1.078   -2.141    0.709    3.443   -1.626    1.226   -3.038
    7     -0.699    4.245    4.099    4.363    1.161   -2.077    6.597    2.645    1.922
    8      0.575    3.813    4.154    1.073    2.773    3.234    3.057    6.182   -2.717
    9     -1.746   -1.803   -0.584   -0.669   -3.149   -7.654   -1.804  -10.216    2.743
   10     -3.382   -4.219   -3.299   -6.755   -9.489   -4.509   -6.607   -4.257   -2.009

             10

    1      0.000
    2      0.000
    3      0.000
    4      0.000
    5      0.000
    6      0.000
    7      0.000
    8      0.000
    9      0.000
   10      0.000


MODEL RESULTS

                                                    Two-Tailed
                    Estimate       S.E.  Est./S.E.    P-Value

Latent Class 1

 Means
    ANALYTIC           0.210      0.201      1.045      0.296
    CLOUT             -0.818      0.260     -3.146      0.002
    AUTHENTIC          0.531      0.133      3.986      0.000
    TONE               0.387      0.234      1.652      0.099
    WC                -0.570      0.154     -3.710      0.000
    BIG_WORDS          0.615      0.274      2.247      0.025
    PCP_ID            41.757      7.735      5.398      0.000

 Variances
    ANALYTIC           0.920      0.222      4.139      0.000
    CLOUT              1.101      0.180      6.105      0.000
    AUTHENTIC          0.925      0.176      5.241      0.000
    TONE               1.419      0.232      6.114      0.000
    WC                 0.391      0.148      2.635      0.008
    BIG_WORDS          2.141      0.387      5.535      0.000
    PCP_ID           362.031     29.444     12.296      0.000

Latent Class 2

 Means
    ANALYTIC          -0.770      0.062    -12.408      0.000
    CLOUT              0.194      0.124      1.559      0.119
    AUTHENTIC          0.317      0.124      2.547      0.011
    TONE              -0.584      0.097     -6.053      0.000
    WC                 0.237      0.142      1.672      0.095
    BIG_WORDS         -0.203      0.131     -1.552      0.121
    PCP_ID            93.604      2.563     36.515      0.000

 Variances
    ANALYTIC           0.064      0.018      3.464      0.001
    CLOUT              0.191      0.036      5.383      0.000
    AUTHENTIC          0.799      0.120      6.667      0.000
    TONE               0.327      0.078      4.169      0.000
    WC                 0.642      0.093      6.898      0.000
    BIG_WORDS          0.781      0.230      3.401      0.001
    PCP_ID           362.031     29.444     12.296      0.000

Latent Class 3

 Means
    ANALYTIC           0.405      0.095      4.255      0.000
    CLOUT              0.246      0.118      2.085      0.037
    AUTHENTIC         -0.234      0.124     -1.886      0.059
    TONE               0.262      0.106      2.476      0.013
    WC                -0.297      0.078     -3.818      0.000
    BIG_WORDS         -0.148      0.084     -1.770      0.077
    PCP_ID           101.183      2.163     46.785      0.000

 Variances
    ANALYTIC           0.972      0.109      8.885      0.000
    CLOUT              0.190      0.062      3.057      0.002
    AUTHENTIC          0.827      0.112      7.415      0.000
    TONE               1.092      0.123      8.906      0.000
    WC                 0.349      0.050      6.996      0.000
    BIG_WORDS          0.903      0.107      8.416      0.000
    PCP_ID           362.031     29.444     12.296      0.000

Latent Class 4

 Means
    ANALYTIC          -0.266      0.227     -1.175      0.240
    CLOUT              0.941      0.025     37.931      0.000
    AUTHENTIC         -0.634      0.159     -3.985      0.000
    TONE               0.194      0.165      1.177      0.239
    WC                -0.675      0.120     -5.610      0.000
    BIG_WORDS         -0.263      0.138     -1.908      0.056
    PCP_ID            98.340      4.515     21.779      0.000

 Variances
    ANALYTIC           0.417      0.223      1.867      0.062
    CLOUT              0.001      0.001      1.016      0.310
    AUTHENTIC          0.943      0.191      4.939      0.000
    TONE               1.359      0.152      8.960      0.000
    WC                 0.271      0.067      4.039      0.000
    BIG_WORDS          0.834      0.104      8.019      0.000
    PCP_ID           362.031     29.444     12.296      0.000

Latent Class 5

 Means
    ANALYTIC          -0.795      0.145     -5.473      0.000
    CLOUT             -1.526      0.389     -3.923      0.000
    AUTHENTIC          1.118      0.460      2.433      0.015
    TONE               0.193      0.239      0.808      0.419
    WC                -0.229      0.185     -1.238      0.216
    BIG_WORDS         -0.201      0.179     -1.119      0.263
    PCP_ID            97.914      4.331     22.606      0.000

 Variances
    ANALYTIC           0.082      0.060      1.374      0.170
    CLOUT              1.812      0.450      4.023      0.000
    AUTHENTIC          0.639      0.490      1.305      0.192
    TONE               1.192      0.185      6.430      0.000
    WC                 0.436      0.122      3.561      0.000
    BIG_WORDS          0.723      0.199      3.643      0.000
    PCP_ID           362.031     29.444     12.296      0.000

Latent Class 6

 Means
    ANALYTIC           0.837      0.271      3.093      0.002
    CLOUT             -1.202      0.188     -6.409      0.000
    AUTHENTIC          0.812      0.176      4.601      0.000
    TONE              -0.682      0.085     -8.020      0.000
    WC                 0.597      0.197      3.029      0.002
    BIG_WORDS          0.815      0.203      4.011      0.000
    PCP_ID            91.954      4.365     21.066      0.000

 Variances
    ANALYTIC           1.618      0.292      5.551      0.000
    CLOUT              1.350      0.266      5.085      0.000
    AUTHENTIC          0.580      0.119      4.859      0.000
    TONE               0.214      0.042      5.119      0.000
    WC                 1.455      0.301      4.831      0.000
    BIG_WORDS          1.061      0.207      5.134      0.000
    PCP_ID           362.031     29.444     12.296      0.000

Latent Class 7

 Means
    ANALYTIC          -0.546      0.093     -5.868      0.000
    CLOUT              0.691      0.039     17.539      0.000
    AUTHENTIC         -0.557      0.356     -1.564      0.118
    TONE               0.318      0.240      1.327      0.185
    WC                -0.085      0.131     -0.652      0.515
    BIG_WORDS         -0.570      0.112     -5.085      0.000
    PCP_ID           107.483      5.118     21.002      0.000

 Variances
    ANALYTIC           0.154      0.050      3.082      0.002
    CLOUT              0.024      0.008      2.920      0.003
    AUTHENTIC          0.678      0.398      1.702      0.089
    TONE               1.121      0.136      8.248      0.000
    WC                 0.473      0.104      4.555      0.000
    BIG_WORDS          0.519      0.086      6.037      0.000
    PCP_ID           362.031     29.444     12.296      0.000

Latent Class 8

 Means
    ANALYTIC          -0.187      0.124     -1.512      0.131
    CLOUT             -0.584      0.128     -4.564      0.000
    AUTHENTIC         -0.105      0.106     -0.993      0.321
    TONE              -0.137      0.185     -0.742      0.458
    WC                 1.083      0.322      3.363      0.001
    BIG_WORDS         -0.103      0.099     -1.045      0.296
    PCP_ID           114.901      2.637     43.569      0.000

 Variances
    ANALYTIC           0.321      0.067      4.801      0.000
    CLOUT              0.783      0.141      5.565      0.000
    AUTHENTIC          0.545      0.073      7.480      0.000
    TONE               0.536      0.158      3.384      0.001
    WC                 1.776      0.204      8.721      0.000
    BIG_WORDS          0.437      0.071      6.140      0.000
    PCP_ID           362.031     29.444     12.296      0.000

Latent Class 9

 Means
    ANALYTIC           0.602      0.164      3.679      0.000
    CLOUT              0.748      0.063     11.779      0.000
    AUTHENTIC         -0.443      0.206     -2.152      0.031
    TONE               0.165      0.181      0.911      0.362
    WC                -0.773      0.100     -7.742      0.000
    BIG_WORDS          0.414      0.137      3.033      0.002
    PCP_ID            38.266      3.894      9.828      0.000

 Variances
    ANALYTIC           1.412      0.244      5.781      0.000
    CLOUT              0.040      0.015      2.718      0.007
    AUTHENTIC          0.851      0.183      4.659      0.000
    TONE               1.197      0.204      5.880      0.000
    WC                 0.289      0.047      6.104      0.000
    BIG_WORDS          1.110      0.133      8.344      0.000
    PCP_ID           362.031     29.444     12.296      0.000

Latent Class 10

 Means
    ANALYTIC           0.871      0.152      5.733      0.000
    CLOUT              0.212      0.091      2.340      0.019
    AUTHENTIC          0.174      0.105      1.651      0.099
    TONE              -0.340      0.097     -3.503      0.000
    WC                 0.412      0.147      2.812      0.005
    BIG_WORDS          0.679      0.093      7.309      0.000
    PCP_ID            34.340      2.873     11.955      0.000

 Variances
    ANALYTIC           1.305      0.217      6.023      0.000
    CLOUT              0.217      0.050      4.315      0.000
    AUTHENTIC          0.587      0.072      8.194      0.000
    TONE               0.336      0.072      4.684      0.000
    WC                 0.809      0.124      6.512      0.000
    BIG_WORDS          0.463      0.076      6.060      0.000
    PCP_ID           362.031     29.444     12.296      0.000

Categorical Latent Variables

 Means
    C#1               -0.284      0.348     -0.816      0.414
    C#2                0.435      0.261      1.668      0.095
    C#3                0.956      0.214      4.476      0.000
    C#4                0.041      0.327      0.124      0.901
    C#5               -0.065      0.496     -0.131      0.896
    C#6               -0.204      0.307     -0.665      0.506
    C#7                0.456      0.288      1.581      0.114
    C#8                0.497      0.306      1.622      0.105
    C#9                0.023      0.338      0.068      0.946


QUALITY OF NUMERICAL RESULTS

     Condition Number for the Information Matrix              0.461E-04
       (ratio of smallest to largest eigenvalue)


PLOT INFORMATION

The following plots are available:

  Histograms (sample values)
  Scatterplots (sample values)
  Estimated overall and class-specific distributions

     Beginning Time:  09:43:33
        Ending Time:  09:44:44
       Elapsed Time:  00:01:11



MUTHEN & MUTHEN
3463 Stoner Ave.
Los Angeles, CA  90066

Tel: (310) 391-9971
Fax: (310) 391-8971
Web: www.StatModel.com
Support: Support@StatModel.com

Copyright (c) 1998-2023 Muthen & Muthen
