Mplus VERSION 8.9 (Mac)
MUTHEN & MUTHEN
05/26/2023  10:15 AM

INPUT INSTRUCTIONS

  TITLE:
  L2_1_P_7_lpa_freeVar;
  DATA:
  FILE = "mplus_analyses/sum_vars/L2_1_P_7_ml_lpa_freeVar.dat";

  VARIABLE:
  NAMES = analytic clout authentic tone wc big_words PCP_ID;
   MISSING=.;
   CLASSES = BC(1) c(7);
  CLUSTER IS PCP_ID;
  WITHIN ARE analytic clout authentic tone wc big_words;
  BETWEEN ARE BC;
  DEFINE:
  STANDARDIZE analytic clout authentic tone wc big_words;
  ANALYSIS:
  TYPE = MIXTURE TWOLEVEL;
      ESTIMATOR=MLR;
      STARTS=1000 200;
      STITERATIONS=50;
      LRTSTARTS=1000 50 1000 50;
      PROCESSORS=4;
  MODEL:
  %WITHIN%
  %OVERALL%
  %BETWEEN%
  %OVERALL%
  c ON BC;
  MODEL c:
  %WITHIN%
  %C#1%
  [analytic clout authentic tone wc big_words];
  analytic clout authentic tone wc big_words;
  %C#2%
  [analytic clout authentic tone wc big_words];
  analytic clout authentic tone wc big_words;
  %C#3%
  [analytic clout authentic tone wc big_words];
  analytic clout authentic tone wc big_words;
  %C#4%
  [analytic clout authentic tone wc big_words];
  analytic clout authentic tone wc big_words;
  %C#5%
  [analytic clout authentic tone wc big_words];
  analytic clout authentic tone wc big_words;
  %C#6%
  [analytic clout authentic tone wc big_words];
  analytic clout authentic tone wc big_words;
  %C#7%
  [analytic clout authentic tone wc big_words];
  analytic clout authentic tone wc big_words;
  SAVEDATA:
  file=mlLpa_L2_1_L1_7.dat; save=cprob; TECH4 IS tech4.dat;
  PLOT:
  type = plot3;



*** WARNING in VARIABLE command
  Note that only the first 8 characters of variable names are used in the output.
  Shorten variable names to avoid any confusion.
*** WARNING in MODEL command
  Variable is uncorrelated with all other variables within class: ANALYTIC
*** WARNING in MODEL command
  Variable is uncorrelated with all other variables within class: CLOUT
*** WARNING in MODEL command
  Variable is uncorrelated with all other variables within class: AUTHENTIC
*** WARNING in MODEL command
  Variable is uncorrelated with all other variables within class: TONE
*** WARNING in MODEL command
  Variable is uncorrelated with all other variables within class: WC
*** WARNING in MODEL command
  Variable is uncorrelated with all other variables within class: BIG_WORDS
*** WARNING in MODEL command
  At least one variable is uncorrelated with all other variables within class.
  Check that this is what is intended.
*** WARNING in PLOT command
  Note that only the first 8 characters of variable names are used in plots.
  If variable names are not unique within the first 8 characters, problems
  may occur.
   9 WARNING(S) FOUND IN THE INPUT INSTRUCTIONS




L2_1_P_7_lpa_freeVar;

SUMMARY OF ANALYSIS

Number of groups                                                 1
Number of observations                                        1672

Number of dependent variables                                    6
Number of independent variables                                  0
Number of continuous latent variables                            0
Number of categorical latent variables                           2

Observed dependent variables

  Continuous
   ANALYTIC    CLOUT       AUTHENTIC   TONE        WC          BIG_WORDS

Categorical latent variables
   BC          C

Variables with special functions

  Cluster variable      PCP_ID

  Within variables
   ANALYTIC    CLOUT       AUTHENTI    TONE        WC          BIG_WORD


Estimator                                                      MLR
Information matrix                                        OBSERVED
Optimization Specifications for the Quasi-Newton Algorithm for
Continuous Outcomes
  Maximum number of iterations                                 100
  Convergence criterion                                  0.100D-05
Optimization Specifications for the EM Algorithm
  Maximum number of iterations                                 500
  Convergence criteria
    Loglikelihood change                                 0.100D-02
    Relative loglikelihood change                        0.100D-05
    Derivative                                           0.100D-02
Optimization Specifications for the M step of the EM Algorithm for
Categorical Latent variables
  Number of M step iterations                                    1
  M step convergence criterion                           0.100D-02
  Basis for M step termination                           ITERATION
Optimization Specifications for the M step of the EM Algorithm for
Censored, Binary or Ordered Categorical (Ordinal), Unordered
Categorical (Nominal) and Count Outcomes
  Number of M step iterations                                    1
  M step convergence criterion                           0.100D-02
  Basis for M step termination                           ITERATION
  Maximum value for logit thresholds                            15
  Minimum value for logit thresholds                           -15
  Minimum expected cell size for chi-square              0.100D-01
Maximum number of iterations for H1                           2000
Convergence criterion for H1                             0.100D-03
Optimization algorithm                                         EMA
Integration Specifications
  Type                                                    STANDARD
  Number of integration points                                  15
  Dimensions of numerical integration                            0
  Adaptive quadrature                                           ON
Random Starts Specifications
  Number of initial stage random starts                       1000
  Number of final stage optimizations                          200
  Number of initial stage iterations                            50
  Initial stage convergence criterion                    0.100D+01
  Random starts scale                                    0.500D+01
  Random seed for generating random starts                       0
Parameterization                                             LOGIT
Cholesky                                                       OFF

Input data file(s)
  mplus_analyses/sum_vars/L2_1_P_7_ml_lpa_freeVar.dat
Input data format  FREE


SUMMARY OF DATA

     Number of missing data patterns             1
     Number of y missing data patterns           1
     Number of u missing data patterns           0
     Number of clusters                        116



COVARIANCE COVERAGE OF DATA

Minimum covariance coverage value   0.100


     PROPORTION OF DATA PRESENT FOR Y


           Covariance Coverage
              ANALYTIC      CLOUT         AUTHENTI      TONE          WC
              ________      ________      ________      ________      ________
 ANALYTIC       1.000
 CLOUT          1.000         1.000
 AUTHENTI       1.000         1.000         1.000
 TONE           1.000         1.000         1.000         1.000
 WC             1.000         1.000         1.000         1.000         1.000
 BIG_WORD       1.000         1.000         1.000         1.000         1.000


           Covariance Coverage
              BIG_WORD
              ________
 BIG_WORD       1.000



UNIVARIATE SAMPLE STATISTICS


     UNIVARIATE HIGHER-ORDER MOMENT DESCRIPTIVE STATISTICS

         Variable/         Mean/     Skewness/   Minimum/ % with                Percentiles
        Sample Size      Variance    Kurtosis    Maximum  Min/Max      20%/60%    40%/80%    Median

     ANALYTIC              0.000       1.350      -1.279    1.67%      -0.818     -0.476     -0.258
            1672.000       1.000       2.045       5.202    0.06%      -0.029      0.703
     CLOUT                 0.000      -1.716      -5.773    0.06%      -0.610      0.087      0.305
            1672.000       1.000       3.556       0.973    6.88%       0.502      0.791
     AUTHENTIC             0.000       0.159      -2.584    0.06%      -0.867     -0.326     -0.042
            1672.000       1.000      -0.318       3.354    0.06%       0.245      0.889
     TONE                  0.000       0.515      -2.462    0.06%      -0.872     -0.362     -0.127
            1672.000       1.000      -0.083       3.099    0.06%       0.147      0.848
     WC                    0.000       1.215      -2.015    0.06%      -0.800     -0.370     -0.169
            1672.000       1.000       2.403       4.875    0.06%       0.057      0.716
     BIG_WORDS             0.000       0.356      -3.516    0.06%      -0.841     -0.290     -0.060
            1672.000       1.000       0.509       4.567    0.06%       0.183      0.842

RANDOM STARTS RESULTS RANKED FROM THE BEST TO THE WORST LOGLIKELIHOOD VALUES


77 perturbed starting value run(s) did not converge or were rejected in the third stage.
Final stage loglikelihood values at local maxima, seeds, and initial stage start numbers:


200 perturbed starting value run(s) did not converge or were rejected in the third stage.


     THE MODEL ESTIMATION DID NOT TERMINATE NORMALLY.  ESTIMATES CANNOT
     BE TRUSTED.






MODEL RESULTS USE THE LATENT CLASS VARIABLE ORDER

   BC  C


FINAL CLASS COUNTS AND PROPORTIONS FOR THE LATENT CLASS PATTERNS
BASED ON ESTIMATED POSTERIOR PROBABILITIES

  Latent Class
    Pattern

    1  1         95.52045          0.05713
    1  2         65.68573          0.03929
    1  3        787.33382          0.47089
    1  4        374.00712          0.22369
    1  5        140.73506          0.08417
    1  6         57.51100          0.03440
    1  7        151.20681          0.09043


FINAL CLASS COUNTS AND PROPORTIONS FOR EACH LATENT CLASS VARIABLE
BASED ON ESTIMATED POSTERIOR PROBABILITIES

  Latent Class
    Variable    Class

    BC             1      1672.00000          1.00000
    C              1        95.52045          0.05713
                   2        65.68573          0.03929
                   3       787.33380          0.47089
                   4       374.00711          0.22369
                   5       140.73506          0.08417
                   6        57.51100          0.03440
                   7       151.20682          0.09043


FINAL CLASS COUNTS AND PROPORTIONS FOR THE LATENT CLASS PATTERNS
BASED ON THEIR MOST LIKELY LATENT CLASS PATTERN

Class Counts and Proportions

  Latent Class
    Pattern

    1  1              122          0.07297
    1  2              324          0.19378
    1  3              303          0.18122
    1  4              123          0.07356
    1  5              223          0.13337
    1  6              190          0.11364
    1  7              387          0.23146


FINAL CLASS COUNTS AND PROPORTIONS FOR EACH LATENT CLASS VARIABLE
BASED ON THEIR MOST LIKELY LATENT CLASS PATTERN

  Latent Class
    Variable    Class

    BC             1            1672          1.00000
    C              1             122          0.07297
                   2             324          0.19378
                   3             303          0.18122
                   4             123          0.07356
                   5             223          0.13337
                   6             190          0.11364
                   7             387          0.23146


CLASSIFICATION QUALITY

     Entropy                         0.657


MODEL RESULTS

                    Estimate

Within Level

Latent Class Pattern 1 1

 Means
    ANALYTIC           1.080
    CLOUT             -1.117
    AUTHENTIC          0.689
    TONE              -0.550
    WC                 0.426
    BIG_WORDS          1.016

 Variances
    ANALYTIC           1.540
    CLOUT              1.302
    AUTHENTIC          0.640
    TONE               0.337
    WC                 1.290
    BIG_WORDS          1.142

Latent Class Pattern 1 2

 Means
    ANALYTIC           0.961
    CLOUT              0.466
    AUTHENTIC         -0.277
    TONE               0.006
    WC                -0.188
    BIG_WORDS          0.262

 Variances
    ANALYTIC           1.152
    CLOUT              0.098
    AUTHENTIC          0.713
    TONE               0.792
    WC                 0.515
    BIG_WORDS          1.036

Latent Class Pattern 1 3

 Means
    ANALYTIC          -0.229
    CLOUT              0.885
    AUTHENTIC         -0.617
    TONE               0.199
    WC                -0.645
    BIG_WORDS         -0.166

 Variances
    ANALYTIC           0.391
    CLOUT              0.008
    AUTHENTIC          0.918
    TONE               1.368
    WC                 0.284
    BIG_WORDS          0.878

Latent Class Pattern 1 4

 Means
    ANALYTIC          -0.789
    CLOUT             -1.619
    AUTHENTIC          1.173
    TONE              -0.218
    WC                 0.127
    BIG_WORDS         -0.162

 Variances
    ANALYTIC           0.090
    CLOUT              1.795
    AUTHENTIC          0.605
    TONE               0.752
    WC                 0.653
    BIG_WORDS          0.602

Latent Class Pattern 1 5

 Means
    ANALYTIC          -0.190
    CLOUT             -0.305
    AUTHENTIC          0.211
    TONE               0.642
    WC                -0.637
    BIG_WORDS         -0.113

 Variances
    ANALYTIC           0.456
    CLOUT              0.496
    AUTHENTIC          0.996
    TONE               1.386
    WC                 0.213
    BIG_WORDS          1.299

Latent Class Pattern 1 6

 Means
    ANALYTIC          -0.109
    CLOUT             -0.346
    AUTHENTIC          0.038
    TONE              -0.385
    WC                 1.186
    BIG_WORDS          0.034

 Variances
    ANALYTIC           0.336
    CLOUT              0.628
    AUTHENTIC          0.554
    TONE               0.366
    WC                 1.572
    BIG_WORDS          0.441

Latent Class Pattern 1 7

 Means
    ANALYTIC          -0.695
    CLOUT              0.400
    AUTHENTIC         -0.168
    TONE              -0.040
    WC                 0.124
    BIG_WORDS         -0.434

 Variances
    ANALYTIC           0.092
    CLOUT              0.127
    AUTHENTIC          0.771
    TONE               0.869
    WC                 0.545
    BIG_WORDS          0.581

Between Level

Categorical Latent Variables

Within Level

 Means
    C#1               -0.853
    C#2               -0.032
    C#3               -0.232
    C#4               -0.938
    C#5               -0.353
    C#6               -0.413

Between Level


C-SPECIFIC CLASSIFICATION RESULTS

Classification Quality for BC

     Entropy                     -Infinity

Average Latent Class Probabilities for Most Likely Latent Class Membership (Row)
by Latent Class (Column)

           1

    1   1.000


Classification Probabilities for the Most Likely Latent Class Membership (Column)
by Latent Class (Row)

           1

    1   1.000


Logits for the Classification Probabilities for the Most Likely Latent Class Membership (Column)
by Latent Class (Row)

              1

    1      0.000

Classification Quality for C

     Entropy                         0.657

Average Latent Class Probabilities for Most Likely Latent Class Membership (Row)
by Latent Class (Column)

           1        2        3        4        5        6        7

    1   0.816    0.036    0.000    0.028    0.038    0.082    0.000
    2   0.039    0.768    0.033    0.000    0.077    0.054    0.029
    3   0.003    0.075    0.791    0.003    0.035    0.010    0.084
    4   0.048    0.001    0.000    0.780    0.065    0.070    0.036
    5   0.042    0.057    0.002    0.048    0.697    0.078    0.076
    6   0.074    0.052    0.003    0.045    0.033    0.738    0.054
    7   0.005    0.075    0.040    0.034    0.072    0.072    0.704


Classification Probabilities for the Most Likely Latent Class Membership (Column)
by Latent Class (Row)

           1        2        3        4        5        6        7

    1   0.691    0.088    0.005    0.041    0.064    0.098    0.013
    2   0.014    0.760    0.070    0.000    0.039    0.030    0.088
    3   0.000    0.040    0.898    0.000    0.002    0.002    0.057
    4   0.026    0.001    0.006    0.723    0.081    0.065    0.099
    5   0.019    0.104    0.045    0.034    0.654    0.026    0.117
    6   0.045    0.078    0.013    0.039    0.078    0.625    0.123
    7   0.000    0.028    0.075    0.013    0.050    0.030    0.804


Logits for the Classification Probabilities for the Most Likely Latent Class Membership (Column)
by Latent Class (Row)

              1        2        3        4        5        6        7

    1      3.981    1.915   -0.863    1.146    1.609    2.026    0.000
    2     -1.878    2.151   -0.240   -5.878   -0.827   -1.078    0.000
    3    -10.959   -0.354    2.749   -8.820   -3.638   -3.183    0.000
    4     -1.352   -4.800   -2.839    1.991   -0.193   -0.420    0.000
    5     -1.799   -0.113   -0.961   -1.244    1.721   -1.485    0.000
    6     -1.020   -0.456   -2.248   -1.163   -0.462    1.622    0.000
    7     -9.613   -3.361   -2.369   -4.121   -2.776   -3.278    0.000


MODEL COMMAND WITH FINAL ESTIMATES USED AS STARTING VALUES

     %WITHIN%
     %OVERALL%

     [ c#1*-0.85346 ];
     [ c#2*-0.03198 ];
     [ c#3*-0.23243 ];
     [ c#4*-0.93813 ];
     [ c#5*-0.35324 ];
     [ c#6*-0.41284 ];

     %BETWEEN%
     %OVERALL%

  MODEL C:
     %WITHIN%
     %C#1%

     [ analytic*1.07954 ];
     [ clout*-1.11667 ];
     [ authentic*0.68890 ];
     [ tone*-0.55009 ];
     [ wc*0.42582 ];
     [ big_words*1.01563 ];

     analytic*1.54005;
     clout*1.30246;
     authentic*0.64033;
     tone*0.33719;
     wc*1.29022;
     big_words*1.14199;

     %C#2%

     [ analytic*0.96094 ];
     [ clout*0.46606 ];
     [ authentic*-0.27732 ];
     [ tone*0.00568 ];
     [ wc*-0.18803 ];
     [ big_words*0.26165 ];

     analytic*1.15163;
     clout*0.09753;
     authentic*0.71329;
     tone*0.79197;
     wc*0.51505;
     big_words*1.03581;

     %C#3%

     [ analytic*-0.22927 ];
     [ clout*0.88505 ];
     [ authentic*-0.61713 ];
     [ tone*0.19924 ];
     [ wc*-0.64462 ];
     [ big_words*-0.16633 ];

     analytic*0.39064;
     clout*0.00773;
     authentic*0.91837;
     tone*1.36783;
     wc*0.28426;
     big_words*0.87803;

     %C#4%

     [ analytic*-0.78935 ];
     [ clout*-1.61940 ];
     [ authentic*1.17254 ];
     [ tone*-0.21756 ];
     [ wc*0.12727 ];
     [ big_words*-0.16185 ];

     analytic*0.09046;
     clout*1.79523;
     authentic*0.60511;
     tone*0.75214;
     wc*0.65260;
     big_words*0.60167;

     %C#5%

     [ analytic*-0.18961 ];
     [ clout*-0.30508 ];
     [ authentic*0.21126 ];
     [ tone*0.64214 ];
     [ wc*-0.63710 ];
     [ big_words*-0.11339 ];

     analytic*0.45642;
     clout*0.49590;
     authentic*0.99584;
     tone*1.38596;
     wc*0.21317;
     big_words*1.29921;

     %C#6%

     [ analytic*-0.10890 ];
     [ clout*-0.34629 ];
     [ authentic*0.03790 ];
     [ tone*-0.38497 ];
     [ wc*1.18618 ];
     [ big_words*0.03434 ];

     analytic*0.33574;
     clout*0.62796;
     authentic*0.55365;
     tone*0.36612;
     wc*1.57200;
     big_words*0.44095;

     %C#7%

     [ analytic*-0.69463 ];
     [ clout*0.39998 ];
     [ authentic*-0.16807 ];
     [ tone*-0.04026 ];
     [ wc*0.12439 ];
     [ big_words*-0.43391 ];

     analytic*0.09159;
     clout*0.12739;
     authentic*0.77134;
     tone*0.86941;
     wc*0.54460;
     big_words*0.58127;



SAVEDATA INFORMATION

     Class probabilities were not computed.
     No data were saved.


SAVEDATA INFORMATION


  Estimated Means and Covariance Matrix for the Latent Variables

  Save file
    tech4.dat
  Save format      Free

     Beginning Time:  10:15:38
        Ending Time:  10:16:59
       Elapsed Time:  00:01:21



MUTHEN & MUTHEN
3463 Stoner Ave.
Los Angeles, CA  90066

Tel: (310) 391-9971
Fax: (310) 391-8971
Web: www.StatModel.com
Support: Support@StatModel.com

Copyright (c) 1998-2023 Muthen & Muthen
