Mplus VERSION 8.9 (Mac)
MUTHEN & MUTHEN
05/26/2023  10:20 AM

INPUT INSTRUCTIONS

  TITLE:
  L2_3_P_7_lpa_freeVar;
  DATA:
  FILE = "mplus_analyses/sum_vars/L2_3_P_7_ml_lpa_freeVar.dat";

  VARIABLE:
  NAMES = analytic clout authentic tone wc big_words PCP_ID;
   MISSING=.;
   CLASSES = BC(3) c(7);
  CLUSTER IS PCP_ID;
  WITHIN ARE analytic clout authentic tone wc big_words;
  BETWEEN ARE BC;
  DEFINE:
  STANDARDIZE analytic clout authentic tone wc big_words;
  ANALYSIS:
  TYPE = MIXTURE TWOLEVEL;
      ESTIMATOR=MLR;
      STARTS=1000 200;
      STITERATIONS=50;
      LRTSTARTS=1000 50 1000 50;
      PROCESSORS=4;
  MODEL:
  %WITHIN%
  %OVERALL%
  %BETWEEN%
  %OVERALL%
  c ON BC;
  MODEL c:
  %WITHIN%
  %C#1%
  [analytic clout authentic tone wc big_words];
  analytic clout authentic tone wc big_words;
  %C#2%
  [analytic clout authentic tone wc big_words];
  analytic clout authentic tone wc big_words;
  %C#3%
  [analytic clout authentic tone wc big_words];
  analytic clout authentic tone wc big_words;
  %C#4%
  [analytic clout authentic tone wc big_words];
  analytic clout authentic tone wc big_words;
  %C#5%
  [analytic clout authentic tone wc big_words];
  analytic clout authentic tone wc big_words;
  %C#6%
  [analytic clout authentic tone wc big_words];
  analytic clout authentic tone wc big_words;
  %C#7%
  [analytic clout authentic tone wc big_words];
  analytic clout authentic tone wc big_words;
  SAVEDATA:
  file=mlLpa_L2_3_L1_7.dat; save=cprob; TECH4 IS tech4.dat;
  PLOT:
  type = plot3;



*** WARNING in VARIABLE command
  Note that only the first 8 characters of variable names are used in the output.
  Shorten variable names to avoid any confusion.
*** WARNING in MODEL command
  Variable is uncorrelated with all other variables within class: ANALYTIC
*** WARNING in MODEL command
  Variable is uncorrelated with all other variables within class: CLOUT
*** WARNING in MODEL command
  Variable is uncorrelated with all other variables within class: AUTHENTIC
*** WARNING in MODEL command
  Variable is uncorrelated with all other variables within class: TONE
*** WARNING in MODEL command
  Variable is uncorrelated with all other variables within class: WC
*** WARNING in MODEL command
  Variable is uncorrelated with all other variables within class: BIG_WORDS
*** WARNING in MODEL command
  At least one variable is uncorrelated with all other variables within class.
  Check that this is what is intended.
*** WARNING in PLOT command
  Note that only the first 8 characters of variable names are used in plots.
  If variable names are not unique within the first 8 characters, problems
  may occur.
   9 WARNING(S) FOUND IN THE INPUT INSTRUCTIONS




L2_3_P_7_lpa_freeVar;

SUMMARY OF ANALYSIS

Number of groups                                                 1
Number of observations                                        1672

Number of dependent variables                                    6
Number of independent variables                                  0
Number of continuous latent variables                            0
Number of categorical latent variables                           2

Observed dependent variables

  Continuous
   ANALYTIC    CLOUT       AUTHENTIC   TONE        WC          BIG_WORDS

Categorical latent variables
   BC          C

Variables with special functions

  Cluster variable      PCP_ID

  Within variables
   ANALYTIC    CLOUT       AUTHENTI    TONE        WC          BIG_WORD


Estimator                                                      MLR
Information matrix                                        OBSERVED
Optimization Specifications for the Quasi-Newton Algorithm for
Continuous Outcomes
  Maximum number of iterations                                 100
  Convergence criterion                                  0.100D-05
Optimization Specifications for the EM Algorithm
  Maximum number of iterations                                 500
  Convergence criteria
    Loglikelihood change                                 0.100D-02
    Relative loglikelihood change                        0.100D-05
    Derivative                                           0.100D-02
Optimization Specifications for the M step of the EM Algorithm for
Categorical Latent variables
  Number of M step iterations                                    1
  M step convergence criterion                           0.100D-02
  Basis for M step termination                           ITERATION
Optimization Specifications for the M step of the EM Algorithm for
Censored, Binary or Ordered Categorical (Ordinal), Unordered
Categorical (Nominal) and Count Outcomes
  Number of M step iterations                                    1
  M step convergence criterion                           0.100D-02
  Basis for M step termination                           ITERATION
  Maximum value for logit thresholds                            15
  Minimum value for logit thresholds                           -15
  Minimum expected cell size for chi-square              0.100D-01
Maximum number of iterations for H1                           2000
Convergence criterion for H1                             0.100D-03
Optimization algorithm                                         EMA
Integration Specifications
  Type                                                    STANDARD
  Number of integration points                                  15
  Dimensions of numerical integration                            0
  Adaptive quadrature                                           ON
Random Starts Specifications
  Number of initial stage random starts                       1000
  Number of final stage optimizations                          200
  Number of initial stage iterations                            50
  Initial stage convergence criterion                    0.100D+01
  Random starts scale                                    0.500D+01
  Random seed for generating random starts                       0
Parameterization                                             LOGIT
Cholesky                                                       OFF

Input data file(s)
  mplus_analyses/sum_vars/L2_3_P_7_ml_lpa_freeVar.dat
Input data format  FREE


SUMMARY OF DATA

     Number of missing data patterns             1
     Number of y missing data patterns           1
     Number of u missing data patterns           0
     Number of clusters                        116



COVARIANCE COVERAGE OF DATA

Minimum covariance coverage value   0.100


     PROPORTION OF DATA PRESENT FOR Y


           Covariance Coverage
              ANALYTIC      CLOUT         AUTHENTI      TONE          WC
              ________      ________      ________      ________      ________
 ANALYTIC       1.000
 CLOUT          1.000         1.000
 AUTHENTI       1.000         1.000         1.000
 TONE           1.000         1.000         1.000         1.000
 WC             1.000         1.000         1.000         1.000         1.000
 BIG_WORD       1.000         1.000         1.000         1.000         1.000


           Covariance Coverage
              BIG_WORD
              ________
 BIG_WORD       1.000



UNIVARIATE SAMPLE STATISTICS


     UNIVARIATE HIGHER-ORDER MOMENT DESCRIPTIVE STATISTICS

         Variable/         Mean/     Skewness/   Minimum/ % with                Percentiles
        Sample Size      Variance    Kurtosis    Maximum  Min/Max      20%/60%    40%/80%    Median

     ANALYTIC              0.000       1.350      -1.279    1.67%      -0.818     -0.476     -0.258
            1672.000       1.000       2.045       5.202    0.06%      -0.029      0.703
     CLOUT                 0.000      -1.716      -5.773    0.06%      -0.610      0.087      0.305
            1672.000       1.000       3.556       0.973    6.88%       0.502      0.791
     AUTHENTIC             0.000       0.159      -2.584    0.06%      -0.867     -0.326     -0.042
            1672.000       1.000      -0.318       3.354    0.06%       0.245      0.889
     TONE                  0.000       0.515      -2.462    0.06%      -0.872     -0.362     -0.127
            1672.000       1.000      -0.083       3.099    0.06%       0.147      0.848
     WC                    0.000       1.215      -2.015    0.06%      -0.800     -0.370     -0.169
            1672.000       1.000       2.403       4.875    0.06%       0.057      0.716
     BIG_WORDS             0.000       0.356      -3.516    0.06%      -0.841     -0.290     -0.060
            1672.000       1.000       0.509       4.567    0.06%       0.183      0.842

RANDOM STARTS RESULTS RANKED FROM THE BEST TO THE WORST LOGLIKELIHOOD VALUES


65 perturbed starting value run(s) did not converge or were rejected in the third stage.
Final stage loglikelihood values at local maxima, seeds, and initial stage start numbers:

          -12400.895  514326           325
          -12400.896  830570           369
          -12400.896  148918           682
          -12400.896  349360           464
          -12400.897  710445           792
          -12400.897  210870           383
          -12400.897  22075            659
          -12400.898  851945           18
          -12400.898  100874           108
          -12400.898  508445           946
          -12400.899  415931           10
          -12400.899  824126           287
          -12400.899  930323           267
          -12400.900  579995           183
          -12407.119  299977           956
          -12418.149  425982           485
          -12423.397  132336           362

183 perturbed starting value run(s) did not converge or were rejected in the third stage.



THE BEST LOGLIKELIHOOD VALUE HAS BEEN REPLICATED.  RERUN WITH AT LEAST TWICE THE
RANDOM STARTS TO CHECK THAT THE BEST LOGLIKELIHOOD IS STILL OBTAINED AND REPLICATED.

     THE STANDARD ERRORS OF THE MODEL PARAMETER ESTIMATES MAY NOT BE
     TRUSTWORTHY FOR SOME PARAMETERS DUE TO A NON-POSITIVE DEFINITE
     FIRST-ORDER DERIVATIVE PRODUCT MATRIX.  THIS MAY BE DUE TO THE STARTING
     VALUES BUT MAY ALSO BE AN INDICATION OF MODEL NONIDENTIFICATION.  THE
     CONDITION NUMBER IS       0.204D-18.  PROBLEM INVOLVING THE FOLLOWING PARAMETER:
     Parameter 104, %BETWEEN%: C#6 ON BC#2

     ONE OR MORE MULTINOMIAL LOGIT PARAMETERS WERE FIXED TO AVOID SINGULARITY
     OF THE INFORMATION MATRIX.  THE SINGULARITY IS MOST LIKELY BECAUSE THE
     MODEL IS NOT IDENTIFIED, OR BECAUSE OF EMPTY CELLS IN THE JOINT
     DISTRIBUTION OF THE CATEGORICAL LATENT VARIABLES AND ANY INDEPENDENT
     VARIABLES.  THE FOLLOWING PARAMETERS WERE FIXED:
     Parameter 97, %BETWEEN%: C#5 ON BC#1


THE MODEL ESTIMATION TERMINATED NORMALLY



MODEL FIT INFORMATION

Number of Free Parameters                      104

Loglikelihood

          H0 Value                      -12400.895
          H0 Scaling Correction Factor      2.7554
            for MLR

Information Criteria

          Akaike (AIC)                   25009.790
          Bayesian (BIC)                 25573.654
          Sample-Size Adjusted BIC       25243.261
            (n* = (n + 2) / 24)



MODEL RESULTS USE THE LATENT CLASS VARIABLE ORDER

   BC  C


FINAL CLASS COUNTS AND PROPORTIONS FOR THE LATENT CLASS PATTERNS
BASED ON ESTIMATED POSTERIOR PROBABILITIES

  Latent Class
    Pattern

    1  1        125.10618          0.07482
    1  2         16.06893          0.00961
    1  3         11.65435          0.00697
    1  4          0.00005          0.00000
    1  5          0.00000          0.00000
    1  6        198.22361          0.11855
    1  7         91.35882          0.05464
    2  1         53.07251          0.03174
    2  2         23.77852          0.01422
    2  3         16.44002          0.00983
    2  4        358.46429          0.21439
    2  5        147.45127          0.08819
    2  6          0.00000          0.00000
    2  7         50.92623          0.03046
    3  1         35.23887          0.02108
    3  2        221.61511          0.13254
    3  3        155.65825          0.09310
    3  4         15.67744          0.00938
    3  5          1.55145          0.00093
    3  6        127.63102          0.07633
    3  7         22.08308          0.01321


FINAL CLASS COUNTS AND PROPORTIONS FOR EACH LATENT CLASS VARIABLE
BASED ON ESTIMATED POSTERIOR PROBABILITIES

  Latent Class
    Variable    Class

    BC             1       442.41196          0.26460
                   2       650.13281          0.38884
                   3       579.45520          0.34656
    C              1       213.41757          0.12764
                   2       261.46255          0.15638
                   3       183.75261          0.10990
                   4       374.14175          0.22377
                   5       149.00273          0.08912
                   6       325.85464          0.19489
                   7       164.36813          0.09831


FINAL CLASS COUNTS AND PROPORTIONS FOR THE LATENT CLASS PATTERNS
BASED ON THEIR MOST LIKELY LATENT CLASS PATTERN

Class Counts and Proportions

  Latent Class
    Pattern

    1  1              113          0.06758
    1  2                9          0.00538
    1  3               11          0.00658
    1  4                1          0.00060
    1  5                0          0.00000
    1  6              211          0.12620
    1  7              101          0.06041
    2  1               44          0.02632
    2  2               16          0.00957
    2  3               16          0.00957
    2  4              382          0.22847
    2  5              138          0.08254
    2  6                0          0.00000
    2  7               53          0.03170
    3  1               24          0.01435
    3  2              222          0.13278
    3  3              151          0.09031
    3  4               14          0.00837
    3  5                1          0.00060
    3  6              141          0.08433
    3  7               24          0.01435


FINAL CLASS COUNTS AND PROPORTIONS FOR EACH LATENT CLASS VARIABLE
BASED ON THEIR MOST LIKELY LATENT CLASS PATTERN

  Latent Class
    Variable    Class

    BC             1             446          0.26675
                   2             649          0.38816
                   3             577          0.34510
    C              1             181          0.10825
                   2             247          0.14773
                   3             178          0.10646
                   4             397          0.23744
                   5             139          0.08313
                   6             352          0.21053
                   7             178          0.10646


CLASSIFICATION QUALITY

     Entropy                         0.828


MODEL RESULTS

                                                    Two-Tailed
                    Estimate       S.E.  Est./S.E.    P-Value

Within Level

Latent Class Pattern 1 1

 Means
    ANALYTIC          -0.141      0.158     -0.887      0.375
    CLOUT             -0.210      0.141     -1.491      0.136
    AUTHENTIC         -0.082      0.265     -0.309      0.757
    TONE               0.803      0.213      3.773      0.000
    WC                -0.657      0.113     -5.813      0.000
    BIG_WORDS         -0.315      0.304     -1.036      0.300

 Variances
    ANALYTIC           0.467      0.072      6.471      0.000
    CLOUT              0.511      0.134      3.809      0.000
    AUTHENTIC          0.914      0.188      4.853      0.000
    TONE               1.230      0.211      5.819      0.000
    WC                 0.191      0.044      4.351      0.000
    BIG_WORDS          1.060      0.496      2.138      0.032

Latent Class Pattern 1 2

 Means
    ANALYTIC          -0.295      0.143     -2.058      0.040
    CLOUT             -0.314      0.210     -1.494      0.135
    AUTHENTIC          0.126      0.154      0.815      0.415
    TONE              -0.436      0.133     -3.264      0.001
    WC                 1.056      0.193      5.468      0.000
    BIG_WORDS         -0.081      0.110     -0.734      0.463

 Variances
    ANALYTIC           0.294      0.041      7.149      0.000
    CLOUT              0.665      0.183      3.641      0.000
    AUTHENTIC          0.586      0.092      6.348      0.000
    TONE               0.426      0.080      5.297      0.000
    WC                 1.420      0.240      5.920      0.000
    BIG_WORDS          0.443      0.094      4.706      0.000

Latent Class Pattern 1 3

 Means
    ANALYTIC          -0.688      0.087     -7.910      0.000
    CLOUT             -1.332      0.331     -4.021      0.000
    AUTHENTIC          1.159      0.197      5.884      0.000
    TONE              -0.305      0.253     -1.204      0.228
    WC                -0.036      0.203     -0.179      0.858
    BIG_WORDS          0.011      0.242      0.044      0.965

 Variances
    ANALYTIC           0.145      0.040      3.658      0.000
    CLOUT              2.048      0.391      5.238      0.000
    AUTHENTIC          0.567      0.138      4.106      0.000
    TONE               0.760      0.324      2.346      0.019
    WC                 0.553      0.164      3.367      0.001
    BIG_WORDS          1.134      0.313      3.622      0.000

Latent Class Pattern 1 4

 Means
    ANALYTIC           0.864      0.129      6.718      0.000
    CLOUT              0.517      0.052      9.967      0.000
    AUTHENTIC         -0.181      0.103     -1.755      0.079
    TONE              -0.095      0.121     -0.783      0.434
    WC                -0.193      0.151     -1.278      0.201
    BIG_WORDS          0.311      0.091      3.411      0.001

 Variances
    ANALYTIC           1.045      0.125      8.345      0.000
    CLOUT              0.095      0.017      5.501      0.000
    AUTHENTIC          0.825      0.099      8.368      0.000
    TONE               0.850      0.115      7.380      0.000
    WC                 0.557      0.171      3.249      0.001
    BIG_WORDS          0.842      0.102      8.278      0.000

Latent Class Pattern 1 5

 Means
    ANALYTIC           1.236      0.217      5.702      0.000
    CLOUT             -0.892      0.201     -4.449      0.000
    AUTHENTIC          0.507      0.175      2.894      0.004
    TONE              -0.407      0.160     -2.545      0.011
    WC                 0.483      0.246      1.959      0.050
    BIG_WORDS          1.053      0.187      5.634      0.000

 Variances
    ANALYTIC           1.254      0.295      4.255      0.000
    CLOUT              0.959      0.145      6.613      0.000
    AUTHENTIC          0.753      0.120      6.269      0.000
    TONE               0.423      0.138      3.058      0.002
    WC                 1.494      0.314      4.763      0.000
    BIG_WORDS          0.961      0.235      4.086      0.000

Latent Class Pattern 1 6

 Means
    ANALYTIC          -0.718      0.066    -10.924      0.000
    CLOUT              0.483      0.082      5.871      0.000
    AUTHENTIC         -0.336      0.216     -1.559      0.119
    TONE               0.145      0.291      0.497      0.619
    WC                -0.031      0.124     -0.247      0.805
    BIG_WORDS         -0.491      0.116     -4.232      0.000

 Variances
    ANALYTIC           0.095      0.027      3.458      0.001
    CLOUT              0.105      0.036      2.939      0.003
    AUTHENTIC          0.743      0.150      4.946      0.000
    TONE               0.934      0.159      5.864      0.000
    WC                 0.493      0.071      6.973      0.000
    BIG_WORDS          0.614      0.129      4.766      0.000

Latent Class Pattern 1 7

 Means
    ANALYTIC          -0.241      0.105     -2.294      0.022
    CLOUT              0.935      0.011     81.773      0.000
    AUTHENTIC         -0.770      0.134     -5.754      0.000
    TONE               0.288      0.191      1.508      0.132
    WC                -0.724      0.100     -7.222      0.000
    BIG_WORDS         -0.162      0.127     -1.279      0.201

 Variances
    ANALYTIC           0.375      0.086      4.388      0.000
    CLOUT              0.002      0.001      2.320      0.020
    AUTHENTIC          0.727      0.139      5.215      0.000
    TONE               1.339      0.170      7.872      0.000
    WC                 0.291      0.070      4.127      0.000
    BIG_WORDS          0.949      0.098      9.656      0.000

Latent Class Pattern 2 1

 Means
    ANALYTIC          -0.141      0.158     -0.887      0.375
    CLOUT             -0.210      0.141     -1.491      0.136
    AUTHENTIC         -0.082      0.265     -0.309      0.757
    TONE               0.803      0.213      3.773      0.000
    WC                -0.657      0.113     -5.813      0.000
    BIG_WORDS         -0.315      0.304     -1.036      0.300

 Variances
    ANALYTIC           0.467      0.072      6.471      0.000
    CLOUT              0.511      0.134      3.809      0.000
    AUTHENTIC          0.914      0.188      4.853      0.000
    TONE               1.230      0.211      5.819      0.000
    WC                 0.191      0.044      4.351      0.000
    BIG_WORDS          1.060      0.496      2.138      0.032

Latent Class Pattern 2 2

 Means
    ANALYTIC          -0.295      0.143     -2.058      0.040
    CLOUT             -0.314      0.210     -1.494      0.135
    AUTHENTIC          0.126      0.154      0.815      0.415
    TONE              -0.436      0.133     -3.264      0.001
    WC                 1.056      0.193      5.468      0.000
    BIG_WORDS         -0.081      0.110     -0.734      0.463

 Variances
    ANALYTIC           0.294      0.041      7.149      0.000
    CLOUT              0.665      0.183      3.641      0.000
    AUTHENTIC          0.586      0.092      6.348      0.000
    TONE               0.426      0.080      5.297      0.000
    WC                 1.420      0.240      5.920      0.000
    BIG_WORDS          0.443      0.094      4.706      0.000

Latent Class Pattern 2 3

 Means
    ANALYTIC          -0.688      0.087     -7.910      0.000
    CLOUT             -1.332      0.331     -4.021      0.000
    AUTHENTIC          1.159      0.197      5.884      0.000
    TONE              -0.305      0.253     -1.204      0.228
    WC                -0.036      0.203     -0.179      0.858
    BIG_WORDS          0.011      0.242      0.044      0.965

 Variances
    ANALYTIC           0.145      0.040      3.658      0.000
    CLOUT              2.048      0.391      5.238      0.000
    AUTHENTIC          0.567      0.138      4.106      0.000
    TONE               0.760      0.324      2.346      0.019
    WC                 0.553      0.164      3.367      0.001
    BIG_WORDS          1.134      0.313      3.622      0.000

Latent Class Pattern 2 4

 Means
    ANALYTIC           0.864      0.129      6.718      0.000
    CLOUT              0.517      0.052      9.967      0.000
    AUTHENTIC         -0.181      0.103     -1.755      0.079
    TONE              -0.095      0.121     -0.783      0.434
    WC                -0.193      0.151     -1.278      0.201
    BIG_WORDS          0.311      0.091      3.411      0.001

 Variances
    ANALYTIC           1.045      0.125      8.345      0.000
    CLOUT              0.095      0.017      5.501      0.000
    AUTHENTIC          0.825      0.099      8.368      0.000
    TONE               0.850      0.115      7.380      0.000
    WC                 0.557      0.171      3.249      0.001
    BIG_WORDS          0.842      0.102      8.278      0.000

Latent Class Pattern 2 5

 Means
    ANALYTIC           1.236      0.217      5.702      0.000
    CLOUT             -0.892      0.201     -4.449      0.000
    AUTHENTIC          0.507      0.175      2.894      0.004
    TONE              -0.407      0.160     -2.545      0.011
    WC                 0.483      0.246      1.959      0.050
    BIG_WORDS          1.053      0.187      5.634      0.000

 Variances
    ANALYTIC           1.254      0.295      4.255      0.000
    CLOUT              0.959      0.145      6.613      0.000
    AUTHENTIC          0.753      0.120      6.269      0.000
    TONE               0.423      0.138      3.058      0.002
    WC                 1.494      0.314      4.763      0.000
    BIG_WORDS          0.961      0.235      4.086      0.000

Latent Class Pattern 2 6

 Means
    ANALYTIC          -0.718      0.066    -10.924      0.000
    CLOUT              0.483      0.082      5.871      0.000
    AUTHENTIC         -0.336      0.216     -1.559      0.119
    TONE               0.145      0.291      0.497      0.619
    WC                -0.031      0.124     -0.247      0.805
    BIG_WORDS         -0.491      0.116     -4.232      0.000

 Variances
    ANALYTIC           0.095      0.027      3.458      0.001
    CLOUT              0.105      0.036      2.939      0.003
    AUTHENTIC          0.743      0.150      4.946      0.000
    TONE               0.934      0.159      5.864      0.000
    WC                 0.493      0.071      6.973      0.000
    BIG_WORDS          0.614      0.129      4.766      0.000

Latent Class Pattern 2 7

 Means
    ANALYTIC          -0.241      0.105     -2.294      0.022
    CLOUT              0.935      0.011     81.773      0.000
    AUTHENTIC         -0.770      0.134     -5.754      0.000
    TONE               0.288      0.191      1.508      0.132
    WC                -0.724      0.100     -7.222      0.000
    BIG_WORDS         -0.162      0.127     -1.279      0.201

 Variances
    ANALYTIC           0.375      0.086      4.388      0.000
    CLOUT              0.002      0.001      2.320      0.020
    AUTHENTIC          0.727      0.139      5.215      0.000
    TONE               1.339      0.170      7.872      0.000
    WC                 0.291      0.070      4.127      0.000
    BIG_WORDS          0.949      0.098      9.656      0.000

Latent Class Pattern 3 1

 Means
    ANALYTIC          -0.141      0.158     -0.887      0.375
    CLOUT             -0.210      0.141     -1.491      0.136
    AUTHENTIC         -0.082      0.265     -0.309      0.757
    TONE               0.803      0.213      3.773      0.000
    WC                -0.657      0.113     -5.813      0.000
    BIG_WORDS         -0.315      0.304     -1.036      0.300

 Variances
    ANALYTIC           0.467      0.072      6.471      0.000
    CLOUT              0.511      0.134      3.809      0.000
    AUTHENTIC          0.914      0.188      4.853      0.000
    TONE               1.230      0.211      5.819      0.000
    WC                 0.191      0.044      4.351      0.000
    BIG_WORDS          1.060      0.496      2.138      0.032

Latent Class Pattern 3 2

 Means
    ANALYTIC          -0.295      0.143     -2.058      0.040
    CLOUT             -0.314      0.210     -1.494      0.135
    AUTHENTIC          0.126      0.154      0.815      0.415
    TONE              -0.436      0.133     -3.264      0.001
    WC                 1.056      0.193      5.468      0.000
    BIG_WORDS         -0.081      0.110     -0.734      0.463

 Variances
    ANALYTIC           0.294      0.041      7.149      0.000
    CLOUT              0.665      0.183      3.641      0.000
    AUTHENTIC          0.586      0.092      6.348      0.000
    TONE               0.426      0.080      5.297      0.000
    WC                 1.420      0.240      5.920      0.000
    BIG_WORDS          0.443      0.094      4.706      0.000

Latent Class Pattern 3 3

 Means
    ANALYTIC          -0.688      0.087     -7.910      0.000
    CLOUT             -1.332      0.331     -4.021      0.000
    AUTHENTIC          1.159      0.197      5.884      0.000
    TONE              -0.305      0.253     -1.204      0.228
    WC                -0.036      0.203     -0.179      0.858
    BIG_WORDS          0.011      0.242      0.044      0.965

 Variances
    ANALYTIC           0.145      0.040      3.658      0.000
    CLOUT              2.048      0.391      5.238      0.000
    AUTHENTIC          0.567      0.138      4.106      0.000
    TONE               0.760      0.324      2.346      0.019
    WC                 0.553      0.164      3.367      0.001
    BIG_WORDS          1.134      0.313      3.622      0.000

Latent Class Pattern 3 4

 Means
    ANALYTIC           0.864      0.129      6.718      0.000
    CLOUT              0.517      0.052      9.967      0.000
    AUTHENTIC         -0.181      0.103     -1.755      0.079
    TONE              -0.095      0.121     -0.783      0.434
    WC                -0.193      0.151     -1.278      0.201
    BIG_WORDS          0.311      0.091      3.411      0.001

 Variances
    ANALYTIC           1.045      0.125      8.345      0.000
    CLOUT              0.095      0.017      5.501      0.000
    AUTHENTIC          0.825      0.099      8.368      0.000
    TONE               0.850      0.115      7.380      0.000
    WC                 0.557      0.171      3.249      0.001
    BIG_WORDS          0.842      0.102      8.278      0.000

Latent Class Pattern 3 5

 Means
    ANALYTIC           1.236      0.217      5.702      0.000
    CLOUT             -0.892      0.201     -4.449      0.000
    AUTHENTIC          0.507      0.175      2.894      0.004
    TONE              -0.407      0.160     -2.545      0.011
    WC                 0.483      0.246      1.959      0.050
    BIG_WORDS          1.053      0.187      5.634      0.000

 Variances
    ANALYTIC           1.254      0.295      4.255      0.000
    CLOUT              0.959      0.145      6.613      0.000
    AUTHENTIC          0.753      0.120      6.269      0.000
    TONE               0.423      0.138      3.058      0.002
    WC                 1.494      0.314      4.763      0.000
    BIG_WORDS          0.961      0.235      4.086      0.000

Latent Class Pattern 3 6

 Means
    ANALYTIC          -0.718      0.066    -10.924      0.000
    CLOUT              0.483      0.082      5.871      0.000
    AUTHENTIC         -0.336      0.216     -1.559      0.119
    TONE               0.145      0.291      0.497      0.619
    WC                -0.031      0.124     -0.247      0.805
    BIG_WORDS         -0.491      0.116     -4.232      0.000

 Variances
    ANALYTIC           0.095      0.027      3.458      0.001
    CLOUT              0.105      0.036      2.939      0.003
    AUTHENTIC          0.743      0.150      4.946      0.000
    TONE               0.934      0.159      5.864      0.000
    WC                 0.493      0.071      6.973      0.000
    BIG_WORDS          0.614      0.129      4.766      0.000

Latent Class Pattern 3 7

 Means
    ANALYTIC          -0.241      0.105     -2.294      0.022
    CLOUT              0.935      0.011     81.773      0.000
    AUTHENTIC         -0.770      0.134     -5.754      0.000
    TONE               0.288      0.191      1.508      0.132
    WC                -0.724      0.100     -7.222      0.000
    BIG_WORDS         -0.162      0.127     -1.279      0.201

 Variances
    ANALYTIC           0.375      0.086      4.388      0.000
    CLOUT              0.002      0.001      2.320      0.020
    AUTHENTIC          0.727      0.139      5.215      0.000
    TONE               1.339      0.170      7.872      0.000
    WC                 0.291      0.070      4.127      0.000
    BIG_WORDS          0.949      0.098      9.656      0.000

Between Level

Categorical Latent Variables

Within Level

 Intercepts
    C#1                0.467      1.155      0.404      0.686
    C#2                2.306      0.730      3.158      0.002
    C#3                1.953      0.798      2.446      0.014
    C#4               -0.343      0.686     -0.500      0.617
    C#5               -2.656      2.057     -1.291      0.197
    C#6                1.754      0.596      2.942      0.003

Between Level

 C#1        ON
    BC#1              -0.153      1.362     -0.112      0.911
    BC#2              -0.426      1.170     -0.364      0.716

 C#2        ON
    BC#1              -4.044      0.918     -4.407      0.000
    BC#2              -3.067      1.289     -2.380      0.017

 C#3        ON
    BC#1              -4.012      1.023     -3.924      0.000
    BC#2              -3.084      1.130     -2.729      0.006

 C#4        ON
    BC#1             -13.823      0.856    -16.141      0.000
    BC#2               2.294      0.751      3.054      0.002

 C#5        ON
    BC#1            -232.527      0.000    999.000    999.000
    BC#2               3.719      2.048      1.816      0.069

 C#6        ON
    BC#1              -0.980      0.666     -1.472      0.141
    BC#2             -21.030      0.661    -31.825      0.000

 Means
    BC#1              -0.483      0.272     -1.776      0.076
    BC#2               0.240      0.246      0.977      0.329


QUALITY OF NUMERICAL RESULTS

     Condition Number for the Information Matrix              0.357E-09
       (ratio of smallest to largest eigenvalue)


C-SPECIFIC CLASSIFICATION RESULTS

Classification Quality for BC

     Entropy                         0.956

Average Latent Class Probabilities for Most Likely Latent Class Membership (Row)
by Latent Class (Column)

           1        2        3

    1   0.977    0.008    0.015
    2   0.003    0.989    0.009
    3   0.009    0.009    0.983


Classification Probabilities for the Most Likely Latent Class Membership (Column)
by Latent Class (Row)

           1        2        3

    1   0.985    0.004    0.011
    2   0.006    0.987    0.008
    3   0.012    0.010    0.979


Logits for the Classification Probabilities for the Most Likely Latent Class Membership (Column)
by Latent Class (Row)

              1        2        3

    1      4.456   -1.072    0.000
    2     -0.308    4.866    0.000
    3     -4.432   -4.598    0.000

Classification Quality for C

     Entropy                         0.748

Average Latent Class Probabilities for Most Likely Latent Class Membership (Row)
by Latent Class (Column)

           1        2        3        4        5        6        7

    1   0.802    0.046    0.030    0.037    0.018    0.065    0.003
    2   0.027    0.779    0.093    0.025    0.017    0.058    0.002
    3   0.047    0.106    0.782    0.006    0.012    0.041    0.006
    4   0.045    0.024    0.004    0.849    0.049    0.006    0.023
    5   0.026    0.040    0.017    0.056    0.862    0.000    0.000
    6   0.075    0.072    0.034    0.012    0.000    0.785    0.022
    7   0.030    0.008    0.002    0.061    0.001    0.079    0.819


Classification Probabilities for the Most Likely Latent Class Membership (Column)
by Latent Class (Row)

           1        2        3        4        5        6        7

    1   0.680    0.031    0.040    0.083    0.017    0.124    0.025
    2   0.032    0.736    0.072    0.037    0.021    0.097    0.006
    3   0.029    0.125    0.757    0.009    0.013    0.065    0.002
    4   0.018    0.016    0.003    0.901    0.021    0.011    0.029
    5   0.022    0.028    0.015    0.131    0.804    0.000    0.001
    6   0.036    0.044    0.023    0.007    0.000    0.848    0.043
    7   0.003    0.003    0.006    0.055    0.000    0.046    0.887


Logits for the Classification Probabilities for the Most Likely Latent Class Membership (Column)
by Latent Class (Row)

              1        2        3        4        5        6        7

    1      3.286    0.213    0.441    1.184   -0.422    1.583    0.000
    2      1.716    4.862    2.539    1.864    1.305    2.836    0.000
    3      2.690    4.138    5.939    1.475    1.875    3.480    0.000
    4     -0.470   -0.567   -2.353    3.437   -0.331   -0.926    0.000
    5      3.181    3.422    2.790    4.973    6.789   -1.273    0.000
    6     -0.183    0.013   -0.644   -1.825  -10.669    2.981    0.000
    7     -5.657   -5.795   -4.990   -2.776  -13.695   -2.949    0.000


SAMPLE STATISTICS FOR ESTIMATED FACTOR SCORES


     SAMPLE STATISTICS


           Means
              BC#1          BC#2          C#1           C#2           C#3
              ________      ________      ________      ________      ________
               -0.483         0.240         0.467         2.306         1.953


           Means
              C#4           C#5           C#6           C_BC#1        C_BC#2
              ________      ________      ________      ________      ________
               -0.343        -2.656         1.754        -0.483         0.240


           Means
              C_C#1         C_C#2         C_C#3         C_C#4         C_C#5
              ________      ________      ________      ________      ________
                0.467         2.306         1.953        -0.343        -2.656


           Means
              C_C#6
              ________
                1.754


           Covariances
              BC#1          BC#2          C#1           C#2           C#3
              ________      ________      ________      ________      ________
 BC#1           0.000
 BC#2           0.000         0.000
 C#1            0.000         0.000         0.000
 C#2            0.000         0.000         0.000         0.000
 C#3            0.000         0.000         0.000         0.000         0.000
 C#4            0.000         0.000         0.000         0.000         0.000
 C#5            0.000         0.000         0.000         0.000         0.000
 C#6            0.000         0.000         0.000         0.000         0.000
 C_BC#1         0.000         0.000         0.000         0.000         0.000
 C_BC#2         0.000         0.000         0.000         0.000         0.000
 C_C#1          0.000         0.000         0.000         0.000         0.000
 C_C#2          0.000         0.000         0.000         0.000         0.000
 C_C#3          0.000         0.000         0.000         0.000         0.000
 C_C#4          0.000         0.000         0.000         0.000         0.000
 C_C#5          0.000         0.000         0.000         0.000         0.000
 C_C#6          0.000         0.000         0.000         0.000         0.000


           Covariances
              C#4           C#5           C#6           C_BC#1        C_BC#2
              ________      ________      ________      ________      ________
 C#4            0.000
 C#5            0.000         0.000
 C#6            0.000         0.000         0.000
 C_BC#1         0.000         0.000         0.000         0.000
 C_BC#2         0.000         0.000         0.000         0.000         0.000
 C_C#1          0.000         0.000         0.000         0.000         0.000
 C_C#2          0.000         0.000         0.000         0.000         0.000
 C_C#3          0.000         0.000         0.000         0.000         0.000
 C_C#4          0.000         0.000         0.000         0.000         0.000
 C_C#5          0.000         0.000         0.000         0.000         0.000
 C_C#6          0.000         0.000         0.000         0.000         0.000


           Covariances
              C_C#1         C_C#2         C_C#3         C_C#4         C_C#5
              ________      ________      ________      ________      ________
 C_C#1          0.000
 C_C#2          0.000         0.000
 C_C#3          0.000         0.000         0.000
 C_C#4          0.000         0.000         0.000         0.000
 C_C#5          0.000         0.000         0.000         0.000         0.000
 C_C#6          0.000         0.000         0.000         0.000         0.000


           Covariances
              C_C#6
              ________
 C_C#6          0.000


           Correlations
              BC#1          BC#2          C#1           C#2           C#3
              ________      ________      ________      ________      ________
 BC#1           1.000
 BC#2         999.000         1.000
 C#1          999.000       999.000         1.000
 C#2          999.000       999.000       999.000         1.000
 C#3          999.000       999.000       999.000       999.000         1.000
 C#4          999.000       999.000       999.000       999.000       999.000
 C#5          999.000       999.000       999.000       999.000       999.000
 C#6          999.000       999.000       999.000       999.000       999.000
 C_BC#1       999.000       999.000       999.000       999.000       999.000
 C_BC#2       999.000       999.000       999.000       999.000       999.000
 C_C#1        999.000       999.000       999.000       999.000       999.000
 C_C#2        999.000       999.000       999.000       999.000       999.000
 C_C#3        999.000       999.000       999.000       999.000       999.000
 C_C#4        999.000       999.000       999.000       999.000       999.000
 C_C#5        999.000       999.000       999.000       999.000       999.000
 C_C#6        999.000       999.000       999.000       999.000       999.000


           Correlations
              C#4           C#5           C#6           C_BC#1        C_BC#2
              ________      ________      ________      ________      ________
 C#4            1.000
 C#5          999.000         1.000
 C#6          999.000       999.000         1.000
 C_BC#1       999.000       999.000       999.000         1.000
 C_BC#2       999.000       999.000       999.000       999.000         1.000
 C_C#1        999.000       999.000       999.000       999.000       999.000
 C_C#2        999.000       999.000       999.000       999.000       999.000
 C_C#3        999.000       999.000       999.000       999.000       999.000
 C_C#4        999.000       999.000       999.000       999.000       999.000
 C_C#5        999.000       999.000       999.000       999.000       999.000
 C_C#6        999.000       999.000       999.000       999.000       999.000


           Correlations
              C_C#1         C_C#2         C_C#3         C_C#4         C_C#5
              ________      ________      ________      ________      ________
 C_C#1          1.000
 C_C#2        999.000         1.000
 C_C#3        999.000       999.000         1.000
 C_C#4        999.000       999.000       999.000         1.000
 C_C#5        999.000       999.000       999.000       999.000         1.000
 C_C#6        999.000       999.000       999.000       999.000       999.000


           Correlations
              C_C#6
              ________
 C_C#6          1.000


PLOT INFORMATION

The following plots are available:

  Histograms (sample values, estimated factor scores)
  Scatterplots (sample values, estimated factor scores)
  Latent variable distribution plots

SAVEDATA INFORMATION


  Save file
    mlLpa_L2_3_L1_7.dat

  Order and format of variables

    ANALYTIC       F10.3
    CLOUT          F10.3
    AUTHENTI       F10.3
    TONE           F10.3
    WC             F10.3
    BIG_WORD       F10.3
    BC#1           F10.3
    BC#2           F10.3
    C#1            F10.3
    C#2            F10.3
    C#3            F10.3
    C#4            F10.3
    C#5            F10.3
    C#6            F10.3
    C_BC#1         F10.3
    C_BC#2         F10.3
    C_C#1          F10.3
    C_C#2          F10.3
    C_C#3          F10.3
    C_C#4          F10.3
    C_C#5          F10.3
    C_C#6          F10.3
    CPROB1         F10.3
    CPROB2         F10.3
    CPROB3         F10.3
    CPROB4         F10.3
    CPROB5         F10.3
    CPROB6         F10.3
    CPROB7         F10.3
    CPROB8         F10.3
    CPROB9         F10.3
    CPROB10        F10.3
    CPROB11        F10.3
    CPROB12        F10.3
    CPROB13        F10.3
    CPROB14        F10.3
    CPROB15        F10.3
    CPROB16        F10.3
    CPROB17        F10.3
    CPROB18        F10.3
    CPROB19        F10.3
    CPROB20        F10.3
    CPROB21        F10.3
    BC             F10.3
    C              F10.3
    MLCJOINT       F10.3
    PCP_ID         I4

  Save file format
    46F10.3 I4

  Save file record length    10000

  Save missing symbol        *


  Estimated Means and Covariance Matrix for the Latent Variables

  Save file
    tech4.dat
  Save format      Free

     Beginning Time:  10:20:13
        Ending Time:  10:23:58
       Elapsed Time:  00:03:45



MUTHEN & MUTHEN
3463 Stoner Ave.
Los Angeles, CA  90066

Tel: (310) 391-9971
Fax: (310) 391-8971
Web: www.StatModel.com
Support: Support@StatModel.com

Copyright (c) 1998-2023 Muthen & Muthen
