Mplus VERSION 8.9 (Mac)
MUTHEN & MUTHEN
05/26/2023   9:53 AM

INPUT INSTRUCTIONS

  TITLE:
  L2_4_P_3_lpa_freeVar;
  DATA:
  FILE = "mplus_analyses/sum_vars/L2_4_P_3_ml_lpa_freeVar.dat";

  VARIABLE:
  NAMES = analytic clout authentic tone wc big_words PCP_ID;
   MISSING=.;
   CLASSES = BC(4) c(3);
  CLUSTER IS PCP_ID;
  WITHIN ARE analytic clout authentic tone wc big_words;
  BETWEEN ARE BC;
  DEFINE:
  STANDARDIZE analytic clout authentic tone wc big_words;
  ANALYSIS:
  TYPE = MIXTURE TWOLEVEL;
      ESTIMATOR=MLR;
      STARTS=1000 200;
      STITERATIONS=50;
      LRTSTARTS=1000 50 1000 50;
      PROCESSORS=4;
  MODEL:
  %WITHIN%
  %OVERALL%
  %BETWEEN%
  %OVERALL%
  c ON BC;
  MODEL c:
  %WITHIN%
  %C#1%
  [analytic clout authentic tone wc big_words];
  analytic clout authentic tone wc big_words;
  %C#2%
  [analytic clout authentic tone wc big_words];
  analytic clout authentic tone wc big_words;
  %C#3%
  [analytic clout authentic tone wc big_words];
  analytic clout authentic tone wc big_words;
  SAVEDATA:
  file=mlLpa_L2_4_L1_3.dat; save=cprob; TECH4 IS tech4.dat;
  PLOT:
  type = plot3;



*** WARNING in VARIABLE command
  Note that only the first 8 characters of variable names are used in the output.
  Shorten variable names to avoid any confusion.
*** WARNING in MODEL command
  Variable is uncorrelated with all other variables within class: ANALYTIC
*** WARNING in MODEL command
  Variable is uncorrelated with all other variables within class: CLOUT
*** WARNING in MODEL command
  Variable is uncorrelated with all other variables within class: AUTHENTIC
*** WARNING in MODEL command
  Variable is uncorrelated with all other variables within class: TONE
*** WARNING in MODEL command
  Variable is uncorrelated with all other variables within class: WC
*** WARNING in MODEL command
  Variable is uncorrelated with all other variables within class: BIG_WORDS
*** WARNING in MODEL command
  At least one variable is uncorrelated with all other variables within class.
  Check that this is what is intended.
*** WARNING in PLOT command
  Note that only the first 8 characters of variable names are used in plots.
  If variable names are not unique within the first 8 characters, problems
  may occur.
   9 WARNING(S) FOUND IN THE INPUT INSTRUCTIONS




L2_4_P_3_lpa_freeVar;

SUMMARY OF ANALYSIS

Number of groups                                                 1
Number of observations                                        1672

Number of dependent variables                                    6
Number of independent variables                                  0
Number of continuous latent variables                            0
Number of categorical latent variables                           2

Observed dependent variables

  Continuous
   ANALYTIC    CLOUT       AUTHENTIC   TONE        WC          BIG_WORDS

Categorical latent variables
   BC          C

Variables with special functions

  Cluster variable      PCP_ID

  Within variables
   ANALYTIC    CLOUT       AUTHENTI    TONE        WC          BIG_WORD


Estimator                                                      MLR
Information matrix                                        OBSERVED
Optimization Specifications for the Quasi-Newton Algorithm for
Continuous Outcomes
  Maximum number of iterations                                 100
  Convergence criterion                                  0.100D-05
Optimization Specifications for the EM Algorithm
  Maximum number of iterations                                 500
  Convergence criteria
    Loglikelihood change                                 0.100D-02
    Relative loglikelihood change                        0.100D-05
    Derivative                                           0.100D-02
Optimization Specifications for the M step of the EM Algorithm for
Categorical Latent variables
  Number of M step iterations                                    1
  M step convergence criterion                           0.100D-02
  Basis for M step termination                           ITERATION
Optimization Specifications for the M step of the EM Algorithm for
Censored, Binary or Ordered Categorical (Ordinal), Unordered
Categorical (Nominal) and Count Outcomes
  Number of M step iterations                                    1
  M step convergence criterion                           0.100D-02
  Basis for M step termination                           ITERATION
  Maximum value for logit thresholds                            15
  Minimum value for logit thresholds                           -15
  Minimum expected cell size for chi-square              0.100D-01
Maximum number of iterations for H1                           2000
Convergence criterion for H1                             0.100D-03
Optimization algorithm                                         EMA
Integration Specifications
  Type                                                    STANDARD
  Number of integration points                                  15
  Dimensions of numerical integration                            0
  Adaptive quadrature                                           ON
Random Starts Specifications
  Number of initial stage random starts                       1000
  Number of final stage optimizations                          200
  Number of initial stage iterations                            50
  Initial stage convergence criterion                    0.100D+01
  Random starts scale                                    0.500D+01
  Random seed for generating random starts                       0
Parameterization                                             LOGIT
Cholesky                                                       OFF

Input data file(s)
  mplus_analyses/sum_vars/L2_4_P_3_ml_lpa_freeVar.dat
Input data format  FREE


SUMMARY OF DATA

     Number of missing data patterns             1
     Number of y missing data patterns           1
     Number of u missing data patterns           0
     Number of clusters                        116



COVARIANCE COVERAGE OF DATA

Minimum covariance coverage value   0.100


     PROPORTION OF DATA PRESENT FOR Y


           Covariance Coverage
              ANALYTIC      CLOUT         AUTHENTI      TONE          WC
              ________      ________      ________      ________      ________
 ANALYTIC       1.000
 CLOUT          1.000         1.000
 AUTHENTI       1.000         1.000         1.000
 TONE           1.000         1.000         1.000         1.000
 WC             1.000         1.000         1.000         1.000         1.000
 BIG_WORD       1.000         1.000         1.000         1.000         1.000


           Covariance Coverage
              BIG_WORD
              ________
 BIG_WORD       1.000



UNIVARIATE SAMPLE STATISTICS


     UNIVARIATE HIGHER-ORDER MOMENT DESCRIPTIVE STATISTICS

         Variable/         Mean/     Skewness/   Minimum/ % with                Percentiles
        Sample Size      Variance    Kurtosis    Maximum  Min/Max      20%/60%    40%/80%    Median

     ANALYTIC              0.000       1.350      -1.279    1.67%      -0.818     -0.476     -0.258
            1672.000       1.000       2.045       5.202    0.06%      -0.029      0.703
     CLOUT                 0.000      -1.716      -5.773    0.06%      -0.610      0.087      0.305
            1672.000       1.000       3.556       0.973    6.88%       0.502      0.791
     AUTHENTIC             0.000       0.159      -2.584    0.06%      -0.867     -0.326     -0.042
            1672.000       1.000      -0.318       3.354    0.06%       0.245      0.889
     TONE                  0.000       0.515      -2.462    0.06%      -0.872     -0.362     -0.127
            1672.000       1.000      -0.083       3.099    0.06%       0.147      0.848
     WC                    0.000       1.215      -2.015    0.06%      -0.800     -0.370     -0.169
            1672.000       1.000       2.403       4.875    0.06%       0.057      0.716
     BIG_WORDS             0.000       0.356      -3.516    0.06%      -0.841     -0.290     -0.060
            1672.000       1.000       0.509       4.567    0.06%       0.183      0.842

RANDOM STARTS RESULTS RANKED FROM THE BEST TO THE WORST LOGLIKELIHOOD VALUES


1 perturbed starting value run(s) did not converge or were rejected in the third stage.
Final stage loglikelihood values at local maxima, seeds, and initial stage start numbers:

          -12943.771  29591            633
          -12943.774  588699           828
          -12943.775  775884           639
          -12943.777  63231            935
          -12943.777  7195             697
          -12943.777  264081           186
          -12943.778  937885           426
          -12943.778  370481           742
          -12943.779  321390           133
          -12943.781  655497           376
          -12943.782  836515           341
          -12943.783  278692           342
          -12943.783  140442           500
          -12943.784  148918           682
          -12943.784  966014           37
          -12943.785  72866            692
          -12943.785  21345            199
          -12943.785  802682           419
          -12943.786  736574           414
          -12943.786  217130           443
          -12943.786  820977           776
          -12943.786  22362            365
          -12943.786  689529           516
          -12943.786  939021           8
          -12943.786  432148           30
          -12943.786  117587           572
          -12943.787  662983           666
          -12943.787  544048           87
          -12943.787  568859           49
          -12943.787  779820           877
          -12943.787  354624           448
          -12943.787  260953           589
          -12943.787  311214           64
          -12943.787  888905           444
          -12943.787  597614           284
          -12943.787  838615           677
          -12943.787  476295           969
          -12943.787  878749           728
          -12943.787  891347           504
          -12943.787  857799           315
          -12943.787  507218           613
          -12943.787  326091           759
          -12943.787  534193           689
          -12943.787  153053           378
          -12943.787  117391           710
          -12943.787  425149           878
          -12943.787  301180           236
          -12943.788  436806           883
          -12943.788  384199           882
          -12943.788  57226            208
          -12943.788  816435           914
          -12943.788  824126           287
          -12943.788  741484           441
          -12943.788  608460           244
          -12943.788  486646           586
          -12943.788  79945            395
          -12943.788  696773           80
          -12943.788  98068            998
          -12943.788  168762           200
          -12943.788  549244           756
          -12943.788  251680           794
          -12943.788  777045           377
          -12943.788  231281           542
          -12943.788  848163           47
          -12943.788  865906           641
          -12943.788  763285           620
          -12943.788  958107           790
          -12943.788  668003           647
          -12943.788  990504           827
          -12943.788  814975           129
          -12944.203  800454           751
          -12944.204  117731           570
          -12944.204  518828           432
          -12944.205  65952            933
          -12944.205  484406           421
          -12944.205  405079           68
          -12944.205  474357           789
          -12944.205  712531           631
          -12944.205  850840           232
          -12944.206  327475           518
          -12944.206  40340            188
          -12944.206  358488           264
          -12944.206  791285           416
          -12944.206  793487           595
          -12944.206  804561           59
          -12944.206  185071           370
          -12944.206  349562           359
          -12944.206  323588           826
          -12944.206  329127           185
          -12944.206  784664           75
          -12944.206  264521           929
          -12944.206  566739           575
          -12944.206  291112           645
          -12944.206  699834           723
          -12944.206  830529           279
          -12944.206  940533           764
          -12944.206  146900           391
          -12944.206  705224           953
          -12944.206  922042           492
          -12944.207  710154           831
          -12944.207  61587            400
          -12944.207  21132            351
          -12944.207  728038           177
          -12944.207  495366           964
          -12947.440  260601           36
          -12947.440  138695           783
          -12947.440  961454           665
          -12947.440  473942           574
          -12947.441  241197           747
          -12947.441  259507           53
          -12947.441  642386           662
          -12947.442  415931           10
          -12947.442  521575           313
          -12947.442  105656           909
          -12947.442  395754           388
          -12947.442  573367           986
          -12947.443  197223           332
          -12947.443  484687           306
          -12947.443  238317           812
          -12947.443  830570           369
          -12947.443  458181           189
          -12947.443  125727           899
          -12947.443  358074           560
          -12947.443  265218           924
          -12947.443  933578           506
          -12947.443  341041           34
          -12947.443  59963            670
          -12947.444  787985           482
          -12947.444  301717           823
          -12947.444  215353           164
          -12947.444  476498           179
          -12947.444  857122           889
          -12947.444  313407           132
          -12947.444  225995           847
          -12947.444  17359            227
          -12947.444  848331           137
          -12948.827  631413           439
          -12948.827  213189           605
          -12948.827  399380           436
          -12948.827  136842           58

60 perturbed starting value run(s) did not converge or were rejected in the third stage.



THE BEST LOGLIKELIHOOD VALUE HAS BEEN REPLICATED.  RERUN WITH AT LEAST TWICE THE
RANDOM STARTS TO CHECK THAT THE BEST LOGLIKELIHOOD IS STILL OBTAINED AND REPLICATED.

     THE STANDARD ERRORS OF THE MODEL PARAMETER ESTIMATES MAY NOT BE
     TRUSTWORTHY FOR SOME PARAMETERS DUE TO A NON-POSITIVE DEFINITE
     FIRST-ORDER DERIVATIVE PRODUCT MATRIX.  THIS MAY BE DUE TO THE STARTING
     VALUES BUT MAY ALSO BE AN INDICATION OF MODEL NONIDENTIFICATION.  THE
     CONDITION NUMBER IS       0.732D-16.  PROBLEM INVOLVING THE FOLLOWING PARAMETER:
     Parameter 45, %BETWEEN%: C#2 ON BC#2


THE MODEL ESTIMATION TERMINATED NORMALLY



MODEL FIT INFORMATION

Number of Free Parameters                       47

Loglikelihood

          H0 Value                      -12943.771
          H0 Scaling Correction Factor      3.5816
            for MLR

Information Criteria

          Akaike (AIC)                   25981.542
          Bayesian (BIC)                 26236.366
          Sample-Size Adjusted BIC       26087.053
            (n* = (n + 2) / 24)



MODEL RESULTS USE THE LATENT CLASS VARIABLE ORDER

   BC  C


FINAL CLASS COUNTS AND PROPORTIONS FOR THE LATENT CLASS PATTERNS
BASED ON ESTIMATED POSTERIOR PROBABILITIES

  Latent Class
    Pattern

    1  1         24.41336          0.01460
    1  2        120.11662          0.07184
    1  3        523.76751          0.31326
    2  1         50.54778          0.03023
    2  2          0.00000          0.00000
    2  3         57.88538          0.03462
    3  1        383.62704          0.22944
    3  2         98.37733          0.05884
    3  3          0.00625          0.00000
    4  1         18.31694          0.01096
    4  2        345.54991          0.20667
    4  3         49.39188          0.02954


FINAL CLASS COUNTS AND PROPORTIONS FOR EACH LATENT CLASS VARIABLE
BASED ON ESTIMATED POSTERIOR PROBABILITIES

  Latent Class
    Variable    Class

    BC             1       668.29749          0.39970
                   2       108.43316          0.06485
                   3       482.01062          0.28828
                   4       413.25873          0.24716
    C              1       476.90512          0.28523
                   2       564.04388          0.33735
                   3       631.05103          0.37742


FINAL CLASS COUNTS AND PROPORTIONS FOR THE LATENT CLASS PATTERNS
BASED ON THEIR MOST LIKELY LATENT CLASS PATTERN

Class Counts and Proportions

  Latent Class
    Pattern

    1  1               16          0.00957
    1  2              114          0.06818
    1  3              551          0.32955
    2  1               42          0.02512
    2  2                0          0.00000
    2  3               57          0.03409
    3  1              397          0.23744
    3  2               91          0.05443
    3  3                1          0.00060
    4  1                8          0.00478
    4  2              349          0.20873
    4  3               46          0.02751


FINAL CLASS COUNTS AND PROPORTIONS FOR EACH LATENT CLASS VARIABLE
BASED ON THEIR MOST LIKELY LATENT CLASS PATTERN

  Latent Class
    Variable    Class

    BC             1             681          0.40730
                   2              99          0.05921
                   3             489          0.29246
                   4             403          0.24103
    C              1             463          0.27691
                   2             554          0.33134
                   3             655          0.39175


CLASSIFICATION QUALITY

     Entropy                         0.875


MODEL RESULTS

                                                    Two-Tailed
                    Estimate       S.E.  Est./S.E.    P-Value

Within Level

Latent Class Pattern 1 1

 Means
    ANALYTIC           0.716      0.112      6.373      0.000
    CLOUT              0.590      0.070      8.420      0.000
    AUTHENTIC         -0.310      0.116     -2.676      0.007
    TONE               0.040      0.124      0.321      0.748
    WC                -0.410      0.105     -3.893      0.000
    BIG_WORDS          0.200      0.101      1.974      0.048

 Variances
    ANALYTIC           1.077      0.099     10.866      0.000
    CLOUT              0.110      0.037      3.001      0.003
    AUTHENTIC          0.831      0.097      8.602      0.000
    TONE               0.993      0.099     10.061      0.000
    WC                 0.419      0.071      5.907      0.000
    BIG_WORDS          0.989      0.093     10.657      0.000

Latent Class Pattern 1 2

 Means
    ANALYTIC           0.126      0.153      0.825      0.409
    CLOUT             -0.930      0.133     -6.967      0.000
    AUTHENTIC          0.491      0.089      5.514      0.000
    TONE              -0.190      0.091     -2.099      0.036
    WC                 0.460      0.129      3.580      0.000
    BIG_WORDS          0.282      0.104      2.715      0.007

 Variances
    ANALYTIC           0.981      0.200      4.905      0.000
    CLOUT              1.278      0.177      7.242      0.000
    AUTHENTIC          0.813      0.058     14.039      0.000
    TONE               0.784      0.109      7.161      0.000
    WC                 1.561      0.158      9.857      0.000
    BIG_WORDS          1.064      0.119      8.936      0.000

Latent Class Pattern 1 3

 Means
    ANALYTIC          -0.654      0.038    -17.363      0.000
    CLOUT              0.385      0.090      4.273      0.000
    AUTHENTIC         -0.205      0.127     -1.618      0.106
    TONE               0.140      0.182      0.770      0.441
    WC                -0.102      0.085     -1.197      0.231
    BIG_WORDS         -0.404      0.099     -4.073      0.000

 Variances
    ANALYTIC           0.129      0.018      7.026      0.000
    CLOUT              0.239      0.069      3.495      0.000
    AUTHENTIC          0.964      0.073     13.215      0.000
    TONE               1.145      0.070     16.371      0.000
    WC                 0.611      0.062      9.854      0.000
    BIG_WORDS          0.687      0.072      9.556      0.000

Latent Class Pattern 2 1

 Means
    ANALYTIC           0.716      0.112      6.373      0.000
    CLOUT              0.590      0.070      8.420      0.000
    AUTHENTIC         -0.310      0.116     -2.676      0.007
    TONE               0.040      0.124      0.321      0.748
    WC                -0.410      0.105     -3.893      0.000
    BIG_WORDS          0.200      0.101      1.974      0.048

 Variances
    ANALYTIC           1.077      0.099     10.866      0.000
    CLOUT              0.110      0.037      3.001      0.003
    AUTHENTIC          0.831      0.097      8.602      0.000
    TONE               0.993      0.099     10.061      0.000
    WC                 0.419      0.071      5.907      0.000
    BIG_WORDS          0.989      0.093     10.657      0.000

Latent Class Pattern 2 2

 Means
    ANALYTIC           0.126      0.153      0.825      0.409
    CLOUT             -0.930      0.133     -6.967      0.000
    AUTHENTIC          0.491      0.089      5.514      0.000
    TONE              -0.190      0.091     -2.099      0.036
    WC                 0.460      0.129      3.580      0.000
    BIG_WORDS          0.282      0.104      2.715      0.007

 Variances
    ANALYTIC           0.981      0.200      4.905      0.000
    CLOUT              1.278      0.177      7.242      0.000
    AUTHENTIC          0.813      0.058     14.039      0.000
    TONE               0.784      0.109      7.161      0.000
    WC                 1.561      0.158      9.857      0.000
    BIG_WORDS          1.064      0.119      8.936      0.000

Latent Class Pattern 2 3

 Means
    ANALYTIC          -0.654      0.038    -17.363      0.000
    CLOUT              0.385      0.090      4.273      0.000
    AUTHENTIC         -0.205      0.127     -1.618      0.106
    TONE               0.140      0.182      0.770      0.441
    WC                -0.102      0.085     -1.197      0.231
    BIG_WORDS         -0.404      0.099     -4.073      0.000

 Variances
    ANALYTIC           0.129      0.018      7.026      0.000
    CLOUT              0.239      0.069      3.495      0.000
    AUTHENTIC          0.964      0.073     13.215      0.000
    TONE               1.145      0.070     16.371      0.000
    WC                 0.611      0.062      9.854      0.000
    BIG_WORDS          0.687      0.072      9.556      0.000

Latent Class Pattern 3 1

 Means
    ANALYTIC           0.716      0.112      6.373      0.000
    CLOUT              0.590      0.070      8.420      0.000
    AUTHENTIC         -0.310      0.116     -2.676      0.007
    TONE               0.040      0.124      0.321      0.748
    WC                -0.410      0.105     -3.893      0.000
    BIG_WORDS          0.200      0.101      1.974      0.048

 Variances
    ANALYTIC           1.077      0.099     10.866      0.000
    CLOUT              0.110      0.037      3.001      0.003
    AUTHENTIC          0.831      0.097      8.602      0.000
    TONE               0.993      0.099     10.061      0.000
    WC                 0.419      0.071      5.907      0.000
    BIG_WORDS          0.989      0.093     10.657      0.000

Latent Class Pattern 3 2

 Means
    ANALYTIC           0.126      0.153      0.825      0.409
    CLOUT             -0.930      0.133     -6.967      0.000
    AUTHENTIC          0.491      0.089      5.514      0.000
    TONE              -0.190      0.091     -2.099      0.036
    WC                 0.460      0.129      3.580      0.000
    BIG_WORDS          0.282      0.104      2.715      0.007

 Variances
    ANALYTIC           0.981      0.200      4.905      0.000
    CLOUT              1.278      0.177      7.242      0.000
    AUTHENTIC          0.813      0.058     14.039      0.000
    TONE               0.784      0.109      7.161      0.000
    WC                 1.561      0.158      9.857      0.000
    BIG_WORDS          1.064      0.119      8.936      0.000

Latent Class Pattern 3 3

 Means
    ANALYTIC          -0.654      0.038    -17.363      0.000
    CLOUT              0.385      0.090      4.273      0.000
    AUTHENTIC         -0.205      0.127     -1.618      0.106
    TONE               0.140      0.182      0.770      0.441
    WC                -0.102      0.085     -1.197      0.231
    BIG_WORDS         -0.404      0.099     -4.073      0.000

 Variances
    ANALYTIC           0.129      0.018      7.026      0.000
    CLOUT              0.239      0.069      3.495      0.000
    AUTHENTIC          0.964      0.073     13.215      0.000
    TONE               1.145      0.070     16.371      0.000
    WC                 0.611      0.062      9.854      0.000
    BIG_WORDS          0.687      0.072      9.556      0.000

Latent Class Pattern 4 1

 Means
    ANALYTIC           0.716      0.112      6.373      0.000
    CLOUT              0.590      0.070      8.420      0.000
    AUTHENTIC         -0.310      0.116     -2.676      0.007
    TONE               0.040      0.124      0.321      0.748
    WC                -0.410      0.105     -3.893      0.000
    BIG_WORDS          0.200      0.101      1.974      0.048

 Variances
    ANALYTIC           1.077      0.099     10.866      0.000
    CLOUT              0.110      0.037      3.001      0.003
    AUTHENTIC          0.831      0.097      8.602      0.000
    TONE               0.993      0.099     10.061      0.000
    WC                 0.419      0.071      5.907      0.000
    BIG_WORDS          0.989      0.093     10.657      0.000

Latent Class Pattern 4 2

 Means
    ANALYTIC           0.126      0.153      0.825      0.409
    CLOUT             -0.930      0.133     -6.967      0.000
    AUTHENTIC          0.491      0.089      5.514      0.000
    TONE              -0.190      0.091     -2.099      0.036
    WC                 0.460      0.129      3.580      0.000
    BIG_WORDS          0.282      0.104      2.715      0.007

 Variances
    ANALYTIC           0.981      0.200      4.905      0.000
    CLOUT              1.278      0.177      7.242      0.000
    AUTHENTIC          0.813      0.058     14.039      0.000
    TONE               0.784      0.109      7.161      0.000
    WC                 1.561      0.158      9.857      0.000
    BIG_WORDS          1.064      0.119      8.936      0.000

Latent Class Pattern 4 3

 Means
    ANALYTIC          -0.654      0.038    -17.363      0.000
    CLOUT              0.385      0.090      4.273      0.000
    AUTHENTIC         -0.205      0.127     -1.618      0.106
    TONE               0.140      0.182      0.770      0.441
    WC                -0.102      0.085     -1.197      0.231
    BIG_WORDS         -0.404      0.099     -4.073      0.000

 Variances
    ANALYTIC           0.129      0.018      7.026      0.000
    CLOUT              0.239      0.069      3.495      0.000
    AUTHENTIC          0.964      0.073     13.215      0.000
    TONE               1.145      0.070     16.371      0.000
    WC                 0.611      0.062      9.854      0.000
    BIG_WORDS          0.687      0.072      9.556      0.000

Between Level

Categorical Latent Variables

Within Level

 Intercepts
    C#1               -0.989      0.759     -1.303      0.192
    C#2                1.946      0.411      4.740      0.000

Between Level

 C#1        ON
    BC#1              -2.077      0.928     -2.240      0.025
    BC#2               0.853      0.884      0.965      0.335
    BC#3              11.990      7.420      1.616      0.106

 C#2        ON
    BC#1              -3.418      0.348     -9.815      0.000
    BC#2             -20.011      0.782    -25.596      0.000
    BC#3               7.692      7.409      1.038      0.299

 Means
    BC#1              -0.050      0.271     -0.184      0.854
    BC#2              -1.657      0.534     -3.102      0.002
    BC#3               0.012      0.259      0.047      0.962


QUALITY OF NUMERICAL RESULTS

     Condition Number for the Information Matrix              0.732E-16
       (ratio of smallest to largest eigenvalue)


C-SPECIFIC CLASSIFICATION RESULTS

Classification Quality for BC

     Entropy                         0.927

Average Latent Class Probabilities for Most Likely Latent Class Membership (Row)
by Latent Class (Column)

           1        2        3        4

    1   0.959    0.014    0.005    0.023
    2   0.049    0.925    0.026    0.000
    3   0.004    0.015    0.965    0.016
    4   0.021    0.000    0.011    0.968


Classification Probabilities for the Most Likely Latent Class Membership (Column)
by Latent Class (Row)

           1        2        3        4

    1   0.977    0.007    0.003    0.013
    2   0.086    0.844    0.070    0.000
    3   0.006    0.005    0.979    0.009
    4   0.038    0.000    0.019    0.944


Logits for the Classification Probabilities for the Most Likely Latent Class Membership (Column)
by Latent Class (Row)

              1        2        3        4

    1      4.345   -0.558   -1.454    0.000
    2      8.149   10.434    7.940    0.000
    3     -0.387   -0.577    4.641    0.000
    4     -3.220   -9.006   -3.932    0.000

Classification Quality for C

     Entropy                         0.790

Average Latent Class Probabilities for Most Likely Latent Class Membership (Row)
by Latent Class (Column)

           1        2        3

    1   0.926    0.050    0.024
    2   0.040    0.911    0.049
    3   0.040    0.055    0.905


Classification Probabilities for the Most Likely Latent Class Membership (Column)
by Latent Class (Row)

           1        2        3

    1   0.899    0.046    0.055
    2   0.041    0.895    0.064
    3   0.018    0.043    0.939


Logits for the Classification Probabilities for the Most Likely Latent Class Membership (Column)
by Latent Class (Row)

              1        2        3

    1      2.799   -0.165    0.000
    2     -0.458    2.632    0.000
    3     -3.957   -3.084    0.000


SAMPLE STATISTICS FOR ESTIMATED FACTOR SCORES


     SAMPLE STATISTICS


           Means
              BC#1          BC#2          BC#3          C#1           C#2
              ________      ________      ________      ________      ________
               -0.050        -1.657         0.012        -0.989         1.946


           Means
              C_BC#1        C_BC#2        C_BC#3        C_C#1         C_C#2
              ________      ________      ________      ________      ________
               -0.050        -1.657         0.012        -0.989         1.946


           Covariances
              BC#1          BC#2          BC#3          C#1           C#2
              ________      ________      ________      ________      ________
 BC#1           0.000
 BC#2           0.000         0.000
 BC#3           0.000         0.000         0.000
 C#1            0.000         0.000         0.000         0.000
 C#2            0.000         0.000         0.000         0.000         0.000
 C_BC#1         0.000         0.000         0.000         0.000         0.000
 C_BC#2         0.000         0.000         0.000         0.000         0.000
 C_BC#3         0.000         0.000         0.000         0.000         0.000
 C_C#1          0.000         0.000         0.000         0.000         0.000
 C_C#2          0.000         0.000         0.000         0.000         0.000


           Covariances
              C_BC#1        C_BC#2        C_BC#3        C_C#1         C_C#2
              ________      ________      ________      ________      ________
 C_BC#1         0.000
 C_BC#2         0.000         0.000
 C_BC#3         0.000         0.000         0.000
 C_C#1          0.000         0.000         0.000         0.000
 C_C#2          0.000         0.000         0.000         0.000         0.000


           Correlations
              BC#1          BC#2          BC#3          C#1           C#2
              ________      ________      ________      ________      ________
 BC#1           1.000
 BC#2         999.000         1.000
 BC#3         999.000       999.000         1.000
 C#1          999.000       999.000       999.000         1.000
 C#2          999.000       999.000       999.000       999.000         1.000
 C_BC#1       999.000       999.000       999.000       999.000       999.000
 C_BC#2       999.000       999.000       999.000       999.000       999.000
 C_BC#3       999.000       999.000       999.000       999.000       999.000
 C_C#1        999.000       999.000       999.000       999.000       999.000
 C_C#2        999.000       999.000       999.000       999.000       999.000


           Correlations
              C_BC#1        C_BC#2        C_BC#3        C_C#1         C_C#2
              ________      ________      ________      ________      ________
 C_BC#1         1.000
 C_BC#2       999.000         1.000
 C_BC#3       999.000       999.000         1.000
 C_C#1        999.000       999.000       999.000         1.000
 C_C#2        999.000       999.000       999.000       999.000         1.000


PLOT INFORMATION

The following plots are available:

  Histograms (sample values, estimated factor scores)
  Scatterplots (sample values, estimated factor scores)
  Latent variable distribution plots

SAVEDATA INFORMATION


  Save file
    mlLpa_L2_4_L1_3.dat

  Order and format of variables

    ANALYTIC       F10.3
    CLOUT          F10.3
    AUTHENTI       F10.3
    TONE           F10.3
    WC             F10.3
    BIG_WORD       F10.3
    BC#1           F10.3
    BC#2           F10.3
    BC#3           F10.3
    C#1            F10.3
    C#2            F10.3
    C_BC#1         F10.3
    C_BC#2         F10.3
    C_BC#3         F10.3
    C_C#1          F10.3
    C_C#2          F10.3
    CPROB1         F10.3
    CPROB2         F10.3
    CPROB3         F10.3
    CPROB4         F10.3
    CPROB5         F10.3
    CPROB6         F10.3
    CPROB7         F10.3
    CPROB8         F10.3
    CPROB9         F10.3
    CPROB10        F10.3
    CPROB11        F10.3
    CPROB12        F10.3
    BC             F10.3
    C              F10.3
    MLCJOINT       F10.3
    PCP_ID         I4

  Save file format
    31F10.3 I4

  Save file record length    10000

  Save missing symbol        *


  Estimated Means and Covariance Matrix for the Latent Variables

  Save file
    tech4.dat
  Save format      Free

     Beginning Time:  09:53:20
        Ending Time:  09:54:47
       Elapsed Time:  00:01:27



MUTHEN & MUTHEN
3463 Stoner Ave.
Los Angeles, CA  90066

Tel: (310) 391-9971
Fax: (310) 391-8971
Web: www.StatModel.com
Support: Support@StatModel.com

Copyright (c) 1998-2023 Muthen & Muthen
