Mplus VERSION 8.9 (Mac)
MUTHEN & MUTHEN
10/25/2023  10:26 AM

INPUT INSTRUCTIONS

  TITLE:
  L1_P_3_lpa_freeVar;
  DATA:
  FILE = "mplus_analyses/FINAL_Runs/L1_prof_3_ml_lpa_freeVar_enum.dat";

  VARIABLE:
  NAMES = drives cognition affect social big_words wc;
   MISSING=.;
   CLASSES = c(3);
  DEFINE:
  STANDARDIZE drives cognition affect social big_words wc;
  ANALYSIS:
  TYPE = MIXTURE;
      ESTIMATOR=MLR;
      STARTS=1000 50;
      STITERATIONS=50;
      LRTSTARTS=1000 50 1000 50;
      PROCESSORS=4;
  MODEL:
  %OVERALL%
  %C#1%
  [drives cognition affect social big_words wc];
  drives cognition affect social big_words wc;
  %C#2%
  [drives cognition affect social big_words wc];
  drives cognition affect social big_words wc;
  %C#3%
  [drives cognition affect social big_words wc];
  drives cognition affect social big_words wc;
  OUTPUT:
  SAMPSTAT STANDARDIZED MOD (5.00) TECH7 TECH11 TECH13 TECH14;



*** WARNING in VARIABLE command
  Note that only the first 8 characters of variable names are used in the output.
  Shorten variable names to avoid any confusion.
*** WARNING in MODEL command
  All variables are uncorrelated with all other variables within class.
  Check that this is what is intended.
*** WARNING in OUTPUT command
  TECH13 option is not available for TYPE=MIXTURE with missing data.
  Request for TECH13 is ignored.
   3 WARNING(S) FOUND IN THE INPUT INSTRUCTIONS




L1_P_3_lpa_freeVar;

SUMMARY OF ANALYSIS

Number of groups                                                 1
Number of observations                                        1822

Number of dependent variables                                    6
Number of independent variables                                  0
Number of continuous latent variables                            0
Number of categorical latent variables                           1

Observed dependent variables

  Continuous
   DRIVES      COGNITION   AFFECT      SOCIAL      BIG_WORDS   WC

Categorical latent variables
   C


Estimator                                                      MLR
Information matrix                                        OBSERVED
Optimization Specifications for the Quasi-Newton Algorithm for
Continuous Outcomes
  Maximum number of iterations                                 100
  Convergence criterion                                  0.100D-05
Optimization Specifications for the EM Algorithm
  Maximum number of iterations                                 500
  Convergence criteria
    Loglikelihood change                                 0.100D-06
    Relative loglikelihood change                        0.100D-06
    Derivative                                           0.100D-05
Optimization Specifications for the M step of the EM Algorithm for
Categorical Latent variables
  Number of M step iterations                                    1
  M step convergence criterion                           0.100D-05
  Basis for M step termination                           ITERATION
Optimization Specifications for the M step of the EM Algorithm for
Censored, Binary or Ordered Categorical (Ordinal), Unordered
Categorical (Nominal) and Count Outcomes
  Number of M step iterations                                    1
  M step convergence criterion                           0.100D-05
  Basis for M step termination                           ITERATION
  Maximum value for logit thresholds                            15
  Minimum value for logit thresholds                           -15
  Minimum expected cell size for chi-square              0.100D-01
Maximum number of iterations for H1                           2000
Convergence criterion for H1                             0.100D-03
Optimization algorithm                                         EMA
Random Starts Specifications
  Number of initial stage random starts                       1000
  Number of final stage optimizations                           50
  Number of initial stage iterations                            50
  Initial stage convergence criterion                    0.100D+01
  Random starts scale                                    0.500D+01
  Random seed for generating random starts                       0

Input data file(s)
  mplus_analyses/FINAL_Runs/L1_prof_3_ml_lpa_freeVar_enum.dat
Input data format  FREE


SUMMARY OF DATA

     Number of missing data patterns             1
     Number of y missing data patterns           1
     Number of u missing data patterns           0


COVARIANCE COVERAGE OF DATA

Minimum covariance coverage value   0.100


     PROPORTION OF DATA PRESENT FOR Y


           Covariance Coverage
              DRIVES        COGNITIO      AFFECT        SOCIAL        BIG_WORD
              ________      ________      ________      ________      ________
 DRIVES         1.000
 COGNITIO       1.000         1.000
 AFFECT         1.000         1.000         1.000
 SOCIAL         1.000         1.000         1.000         1.000
 BIG_WORD       1.000         1.000         1.000         1.000         1.000
 WC             1.000         1.000         1.000         1.000         1.000


           Covariance Coverage
              WC
              ________
 WC             1.000


SAMPLE STATISTICS


     ESTIMATED SAMPLE STATISTICS


           Means
              DRIVES        COGNITIO      AFFECT        SOCIAL        BIG_WORD
              ________      ________      ________      ________      ________
                0.000         0.000         0.000         0.000         0.000


           Means
              WC
              ________
                0.000


           Covariances
              DRIVES        COGNITIO      AFFECT        SOCIAL        BIG_WORD
              ________      ________      ________      ________      ________
 DRIVES         1.000
 COGNITIO       0.029         1.000
 AFFECT         0.128         0.009         1.000
 SOCIAL         0.191        -0.134        -0.031         1.000
 BIG_WORD      -0.023         0.066        -0.123        -0.161         1.000
 WC             0.043         0.194        -0.206        -0.096         0.065


           Covariances
              WC
              ________
 WC             1.000


           Correlations
              DRIVES        COGNITIO      AFFECT        SOCIAL        BIG_WORD
              ________      ________      ________      ________      ________
 DRIVES         1.000
 COGNITIO       0.029         1.000
 AFFECT         0.128         0.009         1.000
 SOCIAL         0.191        -0.134        -0.031         1.000
 BIG_WORD      -0.023         0.066        -0.123        -0.161         1.000
 WC             0.043         0.194        -0.206        -0.096         0.065


           Correlations
              WC
              ________
 WC             1.000


     MAXIMUM LOG-LIKELIHOOD VALUE FOR THE UNRESTRICTED (H1) MODEL IS -15308.650


UNIVARIATE SAMPLE STATISTICS


     UNIVARIATE HIGHER-ORDER MOMENT DESCRIPTIVE STATISTICS

         Variable/         Mean/     Skewness/   Minimum/ % with                Percentiles
        Sample Size      Variance    Kurtosis    Maximum  Min/Max      20%/60%    40%/80%    Median

     DRIVES                0.000       0.379      -2.732    0.05%      -0.843     -0.297     -0.045
            1822.000       1.000       0.285       3.960    0.05%       0.195      0.807
     COGNITION             0.000       0.236      -3.272    0.05%      -0.820     -0.293     -0.056
            1822.000       1.000       0.544       4.861    0.05%       0.224      0.816
     AFFECT                0.000       0.711      -2.888    0.05%      -0.825     -0.309     -0.089
            1822.000       1.000       1.245       4.401    0.05%       0.131      0.732
     SOCIAL                0.000       0.462      -2.551    0.05%      -0.844     -0.315     -0.076
            1822.000       1.000       0.346       4.137    0.05%       0.168      0.803
     BIG_WORDS             0.000       0.308      -3.468    0.05%      -0.833     -0.294     -0.050
            1822.000       1.000       0.379       4.550    0.05%       0.200      0.826
     WC                    0.000       1.130      -1.936    0.05%      -0.801     -0.373     -0.158
            1822.000       1.000       2.133       4.950    0.05%       0.067      0.730

RANDOM STARTS RESULTS RANKED FROM THE BEST TO THE WORST LOGLIKELIHOOD VALUES


21 perturbed starting value run(s) did not converge or were rejected in the third stage.
Final stage loglikelihood values at local maxima, seeds, and initial stage start numbers:

          -15101.477  402699           604
          -15101.477  520177           262
          -15101.477  98068            998
          -15101.477  86651            993
          -15101.477  840078           203
          -15101.477  761302           744
          -15101.477  751153           110
          -15101.477  94573            983
          -15101.477  853781           716
          -15101.477  375590           438
          -15101.477  824126           287
          -15101.477  370481           742
          -15101.477  73576            213
          -15101.477  851945           18
          -15101.477  505879           424
          -15101.477  638977           643
          -15101.477  164305           128
          -15101.477  928624           981
          -15101.477  728038           177
          -15101.477  63231            935
          -15101.477  657994           788
          -15101.477  85462            51
          -15101.477  137377           397
          -15101.477  22362            365
          -15101.477  263268           165
          -15101.477  700270           855
          -15101.477  283492           435
          -15101.477  25127            107
          -15101.477  359578           458
          -15101.477  125727           899
          -15101.477  341960           685
          -15101.477  552272           654
          -15101.477  618760           489
          -15101.477  55115            408
          -15101.477  570681           777
          -15101.477  647617           725
          -15101.477  878749           728
          -15101.477  853195           431
          -15101.477  66276            217
          -15101.477  422103           62
          -15101.477  342019           301

9 perturbed starting value run(s) did not converge or were rejected in the third stage.



THE BEST LOGLIKELIHOOD VALUE HAS BEEN REPLICATED.  RERUN WITH AT LEAST TWICE THE
RANDOM STARTS TO CHECK THAT THE BEST LOGLIKELIHOOD IS STILL OBTAINED AND REPLICATED.


THE MODEL ESTIMATION TERMINATED NORMALLY



MODEL FIT INFORMATION

Number of Free Parameters                       38

Loglikelihood

          H0 Value                      -15101.477
          H0 Scaling Correction Factor      1.2882
            for MLR

Information Criteria

          Akaike (AIC)                   30278.953
          Bayesian (BIC)                 30488.246
          Sample-Size Adjusted BIC       30367.521
            (n* = (n + 2) / 24)



FINAL CLASS COUNTS AND PROPORTIONS FOR THE LATENT CLASSES
BASED ON THE ESTIMATED MODEL

    Latent
   Classes

       1        442.42271          0.24282
       2        322.93204          0.17724
       3       1056.64525          0.57994


FINAL CLASS COUNTS AND PROPORTIONS FOR THE LATENT CLASSES
BASED ON ESTIMATED POSTERIOR PROBABILITIES

    Latent
   Classes

       1        442.42271          0.24282
       2        322.93204          0.17724
       3       1056.64525          0.57994


FINAL CLASS COUNTS AND PROPORTIONS FOR THE LATENT CLASSES
BASED ON THEIR MOST LIKELY LATENT CLASS MEMBERSHIP

Class Counts and Proportions

    Latent
   Classes

       1              405          0.22228
       2              238          0.13063
       3             1179          0.64709


CLASSIFICATION QUALITY

     Entropy                         0.551


Average Latent Class Probabilities for Most Likely Latent Class Membership (Row)
by Latent Class (Column)

           1        2        3

    1   0.763    0.009    0.227
    2   0.000    0.841    0.159
    3   0.113    0.101    0.786


Classification Probabilities for the Most Likely Latent Class Membership (Column)
by Latent Class (Row)

           1        2        3

    1   0.699    0.000    0.301
    2   0.012    0.620    0.368
    3   0.087    0.036    0.877


Logits for the Classification Probabilities for the Most Likely Latent Class Membership (Column)
by Latent Class (Row)

              1        2        3

    1      0.841  -11.487    0.000
    2     -3.434    0.520    0.000
    3     -2.310   -3.198    0.000


MODEL RESULTS

                                                    Two-Tailed
                    Estimate       S.E.  Est./S.E.    P-Value

Latent Class 1

 Means
    DRIVES             0.035      0.120      0.295      0.768
    COGNITION         -0.279      0.096     -2.919      0.004
    AFFECT             0.442      0.129      3.429      0.001
    SOCIAL             0.203      0.121      1.674      0.094
    BIG_WORDS         -0.154      0.129     -1.194      0.232
    WC                -0.911      0.121     -7.554      0.000

 Variances
    DRIVES             1.547      0.188      8.209      0.000
    COGNITION          1.370      0.214      6.412      0.000
    AFFECT             1.822      0.297      6.129      0.000
    SOCIAL             1.353      0.137      9.838      0.000
    BIG_WORDS          1.314      0.212      6.213      0.000
    WC                 0.180      0.031      5.730      0.000

Latent Class 2

 Means
    DRIVES             0.066      0.111      0.599      0.549
    COGNITION          0.430      0.095      4.529      0.000
    AFFECT            -0.367      0.059     -6.261      0.000
    SOCIAL            -0.265      0.105     -2.531      0.011
    BIG_WORDS          0.125      0.089      1.403      0.161
    WC                 1.333      0.236      5.652      0.000

 Variances
    DRIVES             0.691      0.130      5.313      0.000
    COGNITION          0.739      0.123      6.028      0.000
    AFFECT             0.357      0.046      7.766      0.000
    SOCIAL             0.602      0.095      6.309      0.000
    BIG_WORDS          0.619      0.101      6.141      0.000
    WC                 1.276      0.177      7.211      0.000

Latent Class 3

 Means
    DRIVES            -0.035      0.073     -0.479      0.632
    COGNITION         -0.014      0.082     -0.177      0.859
    AFFECT            -0.073      0.064     -1.133      0.257
    SOCIAL            -0.004      0.077     -0.054      0.957
    BIG_WORDS          0.026      0.070      0.375      0.708
    WC                -0.026      0.138     -0.190      0.850

 Variances
    DRIVES             0.862      0.102      8.488      0.000
    COGNITION          0.835      0.097      8.640      0.000
    AFFECT             0.724      0.080      9.026      0.000
    SOCIAL             0.935      0.077     12.220      0.000
    BIG_WORDS          0.970      0.098      9.907      0.000
    WC                 0.368      0.050      7.299      0.000

Categorical Latent Variables

 Means
    C#1               -0.871      0.406     -2.144      0.032
    C#2               -1.185      0.303     -3.916      0.000


QUALITY OF NUMERICAL RESULTS

     Condition Number for the Information Matrix              0.260E-03
       (ratio of smallest to largest eigenvalue)


STANDARDIZED MODEL RESULTS


STDYX Standardization

                                                    Two-Tailed
                    Estimate       S.E.  Est./S.E.    P-Value

Latent Class 1

 Means
    DRIVES             0.028      0.095      0.298      0.765
    COGNITION         -0.239      0.092     -2.585      0.010
    AFFECT             0.328      0.078      4.193      0.000
    SOCIAL             0.175      0.101      1.722      0.085
    BIG_WORDS         -0.134      0.118     -1.134      0.257
    WC                -2.147      0.459     -4.681      0.000

 Variances
    DRIVES             1.000      0.000    999.000    999.000
    COGNITION          1.000      0.000    999.000    999.000
    AFFECT             1.000      0.000    999.000    999.000
    SOCIAL             1.000      0.000    999.000    999.000
    BIG_WORDS          1.000      0.000    999.000    999.000
    WC                 1.000      0.000    999.000    999.000

Latent Class 2

 Means
    DRIVES             0.080      0.128      0.622      0.534
    COGNITION          0.500      0.095      5.274      0.000
    AFFECT            -0.615      0.118     -5.190      0.000
    SOCIAL            -0.341      0.151     -2.254      0.024
    BIG_WORDS          0.159      0.108      1.478      0.139
    WC                 1.180      0.171      6.881      0.000

 Variances
    DRIVES             1.000      0.000    999.000    999.000
    COGNITION          1.000      0.000    999.000    999.000
    AFFECT             1.000      0.000    999.000    999.000
    SOCIAL             1.000      0.000    999.000    999.000
    BIG_WORDS          1.000      0.000    999.000    999.000
    WC                 1.000      0.000    999.000    999.000

Latent Class 3

 Means
    DRIVES            -0.038      0.080     -0.471      0.638
    COGNITION         -0.016      0.090     -0.177      0.860
    AFFECT            -0.086      0.079     -1.080      0.280
    SOCIAL            -0.004      0.079     -0.054      0.957
    BIG_WORDS          0.027      0.070      0.380      0.704
    WC                -0.043      0.229     -0.187      0.851

 Variances
    DRIVES             1.000      0.000    999.000    999.000
    COGNITION          1.000      0.000    999.000    999.000
    AFFECT             1.000      0.000    999.000    999.000
    SOCIAL             1.000      0.000    999.000    999.000
    BIG_WORDS          1.000      0.000    999.000    999.000
    WC                 1.000      0.000    999.000    999.000


STDY Standardization

                                                    Two-Tailed
                    Estimate       S.E.  Est./S.E.    P-Value

Latent Class 1

 Means
    DRIVES             0.028      0.095      0.298      0.765
    COGNITION         -0.239      0.092     -2.585      0.010
    AFFECT             0.328      0.078      4.193      0.000
    SOCIAL             0.175      0.101      1.722      0.085
    BIG_WORDS         -0.134      0.118     -1.134      0.257
    WC                -2.147      0.459     -4.681      0.000

 Variances
    DRIVES             1.000      0.000    999.000    999.000
    COGNITION          1.000      0.000    999.000    999.000
    AFFECT             1.000      0.000    999.000    999.000
    SOCIAL             1.000      0.000    999.000    999.000
    BIG_WORDS          1.000      0.000    999.000    999.000
    WC                 1.000      0.000    999.000    999.000

Latent Class 2

 Means
    DRIVES             0.080      0.128      0.622      0.534
    COGNITION          0.500      0.095      5.274      0.000
    AFFECT            -0.615      0.118     -5.190      0.000
    SOCIAL            -0.341      0.151     -2.254      0.024
    BIG_WORDS          0.159      0.108      1.478      0.139
    WC                 1.180      0.171      6.881      0.000

 Variances
    DRIVES             1.000      0.000    999.000    999.000
    COGNITION          1.000      0.000    999.000    999.000
    AFFECT             1.000      0.000    999.000    999.000
    SOCIAL             1.000      0.000    999.000    999.000
    BIG_WORDS          1.000      0.000    999.000    999.000
    WC                 1.000      0.000    999.000    999.000

Latent Class 3

 Means
    DRIVES            -0.038      0.080     -0.471      0.638
    COGNITION         -0.016      0.090     -0.177      0.860
    AFFECT            -0.086      0.079     -1.080      0.280
    SOCIAL            -0.004      0.079     -0.054      0.957
    BIG_WORDS          0.027      0.070      0.380      0.704
    WC                -0.043      0.229     -0.187      0.851

 Variances
    DRIVES             1.000      0.000    999.000    999.000
    COGNITION          1.000      0.000    999.000    999.000
    AFFECT             1.000      0.000    999.000    999.000
    SOCIAL             1.000      0.000    999.000    999.000
    BIG_WORDS          1.000      0.000    999.000    999.000
    WC                 1.000      0.000    999.000    999.000


STD Standardization

                                                    Two-Tailed
                    Estimate       S.E.  Est./S.E.    P-Value

Latent Class 1

 Means
    DRIVES             0.035      0.120      0.295      0.768
    COGNITION         -0.279      0.096     -2.919      0.004
    AFFECT             0.442      0.129      3.429      0.001
    SOCIAL             0.203      0.121      1.674      0.094
    BIG_WORDS         -0.154      0.129     -1.194      0.232
    WC                -0.911      0.121     -7.554      0.000

 Variances
    DRIVES             1.547      0.188      8.209      0.000
    COGNITION          1.370      0.214      6.412      0.000
    AFFECT             1.822      0.297      6.129      0.000
    SOCIAL             1.353      0.137      9.838      0.000
    BIG_WORDS          1.314      0.212      6.213      0.000
    WC                 0.180      0.031      5.730      0.000

Latent Class 2

 Means
    DRIVES             0.066      0.111      0.599      0.549
    COGNITION          0.430      0.095      4.529      0.000
    AFFECT            -0.367      0.059     -6.261      0.000
    SOCIAL            -0.265      0.105     -2.531      0.011
    BIG_WORDS          0.125      0.089      1.403      0.161
    WC                 1.333      0.236      5.652      0.000

 Variances
    DRIVES             0.691      0.130      5.313      0.000
    COGNITION          0.739      0.123      6.028      0.000
    AFFECT             0.357      0.046      7.766      0.000
    SOCIAL             0.602      0.095      6.309      0.000
    BIG_WORDS          0.619      0.101      6.141      0.000
    WC                 1.276      0.177      7.211      0.000

Latent Class 3

 Means
    DRIVES            -0.035      0.073     -0.479      0.632
    COGNITION         -0.014      0.082     -0.177      0.859
    AFFECT            -0.073      0.064     -1.133      0.257
    SOCIAL            -0.004      0.077     -0.054      0.957
    BIG_WORDS          0.026      0.070      0.375      0.708
    WC                -0.026      0.138     -0.190      0.850

 Variances
    DRIVES             0.862      0.102      8.488      0.000
    COGNITION          0.835      0.097      8.640      0.000
    AFFECT             0.724      0.080      9.026      0.000
    SOCIAL             0.935      0.077     12.220      0.000
    BIG_WORDS          0.970      0.098      9.907      0.000
    WC                 0.368      0.050      7.299      0.000


R-SQUARE

Class 1

Class 2

Class 3


MODEL MODIFICATION INDICES

NOTE:  Modification indices for direct effects of observed dependent variables
regressed on covariates may not be included.  To include these, request
MODINDICES (ALL).

Minimum M.I. value for printing the modification index     5.000

                                   M.I.     E.P.C.  Std E.P.C.  StdYX E.P.C.

CLASS 1


WITH Statements

AFFECT   WITH DRIVES              11.827     0.359      0.359        0.214
SOCIAL   WITH DRIVES              58.855     0.871      0.871        0.602
SOCIAL   WITH COGNITIO             9.132    -0.269     -0.269       -0.197
BIG_WORD WITH AFFECT              18.333    -0.429     -0.429       -0.277
BIG_WORD WITH SOCIAL              44.513    -1.045     -1.045       -0.784

CLASS 2


WITH Statements

AFFECT   WITH COGNITIO            15.839     0.193      0.193        0.376
SOCIAL   WITH DRIVES             162.665     1.581      1.581        2.451
SOCIAL   WITH COGNITIO            20.327    -0.255     -0.255       -0.382
SOCIAL   WITH AFFECT               9.307    -0.119     -0.119       -0.256
BIG_WORD WITH AFFECT              10.247    -0.133     -0.133       -0.283
BIG_WORD WITH SOCIAL              19.984    -0.320     -0.320       -0.525
WC       WITH DRIVES             999.000     0.000      0.000        0.000

CLASS 3


WITH Statements

AFFECT   WITH DRIVES              56.098     0.266      0.266        0.337
SOCIAL   WITH DRIVES             103.669     0.502      0.502        0.558
SOCIAL   WITH COGNITIO            20.774    -0.192     -0.192       -0.217
SOCIAL   WITH AFFECT               6.762    -0.080     -0.080       -0.098
BIG_WORD WITH COGNITIO             5.912     0.088      0.088        0.098
BIG_WORD WITH AFFECT               7.369    -0.088     -0.088       -0.106
BIG_WORD WITH SOCIAL              71.144    -0.379     -0.379       -0.398
WC       WITH DRIVES              42.901     0.274      0.274        0.486
WC       WITH COGNITIO            57.934     0.382      0.382        0.689
WC       WITH AFFECT               5.558    -0.067     -0.067       -0.131

Categorical Latent Variables

No modification indices above the minimum value.



TECHNICAL 7 OUTPUT


     SAMPLE STATISTICS WEIGHTED BY ESTIMATED CLASS PROBABILITIES FOR CLASS 1


           Means
              DRIVES        COGNITIO      AFFECT        SOCIAL        BIG_WORD
              ________      ________      ________      ________      ________
                0.035        -0.279         0.442         0.203        -0.154


           Means
              WC
              ________
               -0.911


           Covariances
              DRIVES        COGNITIO      AFFECT        SOCIAL        BIG_WORD
              ________      ________      ________      ________      ________
 DRIVES         1.547
 COGNITIO       0.080         1.370
 AFFECT         0.210         0.130         1.822
 SOCIAL         0.320        -0.142        -0.122         1.353
 BIG_WORD      -0.076         0.038        -0.231        -0.171         1.314
 WC             0.016         0.005        -0.015         0.001         0.018


           Covariances
              WC
              ________
 WC             0.180


     SAMPLE STATISTICS WEIGHTED BY ESTIMATED CLASS PROBABILITIES FOR CLASS 2


           Means
              DRIVES        COGNITIO      AFFECT        SOCIAL        BIG_WORD
              ________      ________      ________      ________      ________
                0.066         0.430        -0.367        -0.265         0.125


           Means
              WC
              ________
                1.333


           Covariances
              DRIVES        COGNITIO      AFFECT        SOCIAL        BIG_WORD
              ________      ________      ________      ________      ________
 DRIVES         0.691
 COGNITIO       0.013         0.739
 AFFECT         0.023         0.067         0.357
 SOCIAL         0.133        -0.110        -0.052         0.602
 BIG_WORD      -0.034         0.040        -0.053        -0.072         0.619
 WC             0.018         0.020        -0.043        -0.005         0.006


           Covariances
              WC
              ________
 WC             1.276


     SAMPLE STATISTICS WEIGHTED BY ESTIMATED CLASS PROBABILITIES FOR CLASS 3


           Means
              DRIVES        COGNITIO      AFFECT        SOCIAL        BIG_WORD
              ________      ________      ________      ________      ________
               -0.035        -0.014        -0.073        -0.004         0.026


           Means
              WC
              ________
               -0.026


           Covariances
              DRIVES        COGNITIO      AFFECT        SOCIAL        BIG_WORD
              ________      ________      ________      ________      ________
 DRIVES         0.862
 COGNITIO       0.007         0.835
 AFFECT         0.125         0.039         0.724
 SOCIAL         0.158        -0.080        -0.054         0.935
 BIG_WORD       0.003         0.051        -0.055        -0.161         0.970
 WC             0.047         0.044        -0.021         0.021        -0.007


           Covariances
              WC
              ________
 WC             0.368


TECHNICAL 11 OUTPUT

     Random Starts Specifications for the k-1 Class Analysis Model
        Number of initial stage random starts                1000
        Number of final stage optimizations                    50



     VUONG-LO-MENDELL-RUBIN LIKELIHOOD RATIO TEST FOR 2 (H0) VERSUS 3 CLASSES

          H0 Loglikelihood Value                       -15189.312
          2 Times the Loglikelihood Difference            175.671
          Difference in the Number of Parameters               13
          Mean                                             53.994
          Standard Deviation                               58.442
          P-Value                                          0.0403

     LO-MENDELL-RUBIN ADJUSTED LRT TEST

          Value                                           173.890
          P-Value                                          0.0417


TECHNICAL 14 OUTPUT

     Random Starts Specifications for the k-1 Class Analysis Model
        Number of initial stage random starts                1000
        Number of final stage optimizations                    50

     Random Starts Specification for the k-1 Class Model for Generated Data
        Number of initial stage random starts                1000
        Number of final stage optimizations                    50
     Random Starts Specification for the k Class Model for Generated Data
        Number of initial stage random starts                1000
        Number of final stage optimizations                    50
     Number of bootstrap draws requested                   Varies


     PARAMETRIC BOOTSTRAPPED LIKELIHOOD RATIO TEST FOR 2 (H0) VERSUS 3 CLASSES

          H0 Loglikelihood Value                       -15189.312
          2 Times the Loglikelihood Difference            175.671
          Difference in the Number of Parameters               13
          Approximate P-Value                              0.0000
          Successful Bootstrap Draws                            5

     WARNING:  OF THE 5 BOOTSTRAP DRAWS, 5 DRAWS HAD BOTH A SMALLER LRT VALUE THAN THE
     OBSERVED LRT VALUE AND NOT A REPLICATED BEST LOGLIKELIHOOD VALUE FOR THE 3-CLASS MODEL.
     THIS MEANS THAT THE P-VALUE MAY NOT BE TRUSTWORTHY DUE TO LOCAL MAXIMA.
     INCREASE THE NUMBER OF RANDOM STARTS USING THE LRTSTARTS OPTION.



     Beginning Time:  10:26:11
        Ending Time:  10:30:40
       Elapsed Time:  00:04:29



MUTHEN & MUTHEN
3463 Stoner Ave.
Los Angeles, CA  90066

Tel: (310) 391-9971
Fax: (310) 391-8971
Web: www.StatModel.com
Support: Support@StatModel.com

Copyright (c) 1998-2023 Muthen & Muthen
