Mplus VERSION 8.9 (Mac)
MUTHEN & MUTHEN
10/26/2023   9:15 PM

INPUT INSTRUCTIONS

  TITLE:
  L1_P_8_lpa_freeVar;
  DATA:
  FILE = "mplus_analyses/FINAL_Runs/L1_prof_8_ml_lpa_freeVar_enum.dat";

  VARIABLE:
  NAMES = drives cognition affect social big_words wc;
   MISSING=.;
   CLASSES = c(8);
  DEFINE:
  STANDARDIZE drives cognition affect social big_words wc;
  ANALYSIS:
  TYPE = MIXTURE;
      ESTIMATOR=MLR;
      STARTS=1000 50;
      STITERATIONS=50;
      LRTSTARTS=1000 50 1000 50;
      PROCESSORS=4;
  MODEL:
  %OVERALL%
  %C#1%
  [drives cognition affect social big_words wc];
  drives cognition affect social big_words wc;
  %C#2%
  [drives cognition affect social big_words wc];
  drives cognition affect social big_words wc;
  %C#3%
  [drives cognition affect social big_words wc];
  drives cognition affect social big_words wc;
  %C#4%
  [drives cognition affect social big_words wc];
  drives cognition affect social big_words wc;
  %C#5%
  [drives cognition affect social big_words wc];
  drives cognition affect social big_words wc;
  %C#6%
  [drives cognition affect social big_words wc];
  drives cognition affect social big_words wc;
  %C#7%
  [drives cognition affect social big_words wc];
  drives cognition affect social big_words wc;
  %C#8%
  [drives cognition affect social big_words wc];
  drives cognition affect social big_words wc;
  OUTPUT:
  SAMPSTAT STANDARDIZED MOD (5.00) TECH7 TECH11 TECH13 TECH14;



*** WARNING in VARIABLE command
  Note that only the first 8 characters of variable names are used in the output.
  Shorten variable names to avoid any confusion.
*** WARNING in MODEL command
  All variables are uncorrelated with all other variables within class.
  Check that this is what is intended.
*** WARNING in OUTPUT command
  TECH13 option is not available for TYPE=MIXTURE with missing data.
  Request for TECH13 is ignored.
   3 WARNING(S) FOUND IN THE INPUT INSTRUCTIONS




L1_P_8_lpa_freeVar;

SUMMARY OF ANALYSIS

Number of groups                                                 1
Number of observations                                        1822

Number of dependent variables                                    6
Number of independent variables                                  0
Number of continuous latent variables                            0
Number of categorical latent variables                           1

Observed dependent variables

  Continuous
   DRIVES      COGNITION   AFFECT      SOCIAL      BIG_WORDS   WC

Categorical latent variables
   C


Estimator                                                      MLR
Information matrix                                        OBSERVED
Optimization Specifications for the Quasi-Newton Algorithm for
Continuous Outcomes
  Maximum number of iterations                                 100
  Convergence criterion                                  0.100D-05
Optimization Specifications for the EM Algorithm
  Maximum number of iterations                                 500
  Convergence criteria
    Loglikelihood change                                 0.100D-06
    Relative loglikelihood change                        0.100D-06
    Derivative                                           0.100D-05
Optimization Specifications for the M step of the EM Algorithm for
Categorical Latent variables
  Number of M step iterations                                    1
  M step convergence criterion                           0.100D-05
  Basis for M step termination                           ITERATION
Optimization Specifications for the M step of the EM Algorithm for
Censored, Binary or Ordered Categorical (Ordinal), Unordered
Categorical (Nominal) and Count Outcomes
  Number of M step iterations                                    1
  M step convergence criterion                           0.100D-05
  Basis for M step termination                           ITERATION
  Maximum value for logit thresholds                            15
  Minimum value for logit thresholds                           -15
  Minimum expected cell size for chi-square              0.100D-01
Maximum number of iterations for H1                           2000
Convergence criterion for H1                             0.100D-03
Optimization algorithm                                         EMA
Random Starts Specifications
  Number of initial stage random starts                       1000
  Number of final stage optimizations                           50
  Number of initial stage iterations                            50
  Initial stage convergence criterion                    0.100D+01
  Random starts scale                                    0.500D+01
  Random seed for generating random starts                       0

Input data file(s)
  mplus_analyses/FINAL_Runs/L1_prof_8_ml_lpa_freeVar_enum.dat
Input data format  FREE


SUMMARY OF DATA

     Number of missing data patterns             1
     Number of y missing data patterns           1
     Number of u missing data patterns           0


COVARIANCE COVERAGE OF DATA

Minimum covariance coverage value   0.100


     PROPORTION OF DATA PRESENT FOR Y


           Covariance Coverage
              DRIVES        COGNITIO      AFFECT        SOCIAL        BIG_WORD
              ________      ________      ________      ________      ________
 DRIVES         1.000
 COGNITIO       1.000         1.000
 AFFECT         1.000         1.000         1.000
 SOCIAL         1.000         1.000         1.000         1.000
 BIG_WORD       1.000         1.000         1.000         1.000         1.000
 WC             1.000         1.000         1.000         1.000         1.000


           Covariance Coverage
              WC
              ________
 WC             1.000


SAMPLE STATISTICS


     ESTIMATED SAMPLE STATISTICS


           Means
              DRIVES        COGNITIO      AFFECT        SOCIAL        BIG_WORD
              ________      ________      ________      ________      ________
                0.000         0.000         0.000         0.000         0.000


           Means
              WC
              ________
                0.000


           Covariances
              DRIVES        COGNITIO      AFFECT        SOCIAL        BIG_WORD
              ________      ________      ________      ________      ________
 DRIVES         1.000
 COGNITIO       0.029         1.000
 AFFECT         0.128         0.009         1.000
 SOCIAL         0.191        -0.134        -0.031         1.000
 BIG_WORD      -0.023         0.066        -0.123        -0.161         1.000
 WC             0.043         0.194        -0.206        -0.096         0.065


           Covariances
              WC
              ________
 WC             1.000


           Correlations
              DRIVES        COGNITIO      AFFECT        SOCIAL        BIG_WORD
              ________      ________      ________      ________      ________
 DRIVES         1.000
 COGNITIO       0.029         1.000
 AFFECT         0.128         0.009         1.000
 SOCIAL         0.191        -0.134        -0.031         1.000
 BIG_WORD      -0.023         0.066        -0.123        -0.161         1.000
 WC             0.043         0.194        -0.206        -0.096         0.065


           Correlations
              WC
              ________
 WC             1.000


     MAXIMUM LOG-LIKELIHOOD VALUE FOR THE UNRESTRICTED (H1) MODEL IS -15308.650


UNIVARIATE SAMPLE STATISTICS


     UNIVARIATE HIGHER-ORDER MOMENT DESCRIPTIVE STATISTICS

         Variable/         Mean/     Skewness/   Minimum/ % with                Percentiles
        Sample Size      Variance    Kurtosis    Maximum  Min/Max      20%/60%    40%/80%    Median

     DRIVES                0.000       0.379      -2.732    0.05%      -0.843     -0.297     -0.045
            1822.000       1.000       0.285       3.960    0.05%       0.195      0.807
     COGNITION             0.000       0.236      -3.272    0.05%      -0.820     -0.293     -0.056
            1822.000       1.000       0.544       4.861    0.05%       0.224      0.816
     AFFECT                0.000       0.711      -2.888    0.05%      -0.825     -0.309     -0.089
            1822.000       1.000       1.245       4.401    0.05%       0.131      0.732
     SOCIAL                0.000       0.462      -2.551    0.05%      -0.844     -0.315     -0.076
            1822.000       1.000       0.346       4.137    0.05%       0.168      0.803
     BIG_WORDS             0.000       0.308      -3.468    0.05%      -0.833     -0.294     -0.050
            1822.000       1.000       0.379       4.550    0.05%       0.200      0.826
     WC                    0.000       1.130      -1.936    0.05%      -0.801     -0.373     -0.158
            1822.000       1.000       2.133       4.950    0.05%       0.067      0.730

RANDOM STARTS RESULTS RANKED FROM THE BEST TO THE WORST LOGLIKELIHOOD VALUES


553 perturbed starting value run(s) did not converge or were rejected in the third stage.
Final stage loglikelihood values at local maxima, seeds, and initial stage start numbers:

          -14842.012  499150           216
          -14842.012  322790           636
          -14842.012  479273           156
          -14842.012  928624           981
          -14844.209  592219           119
          -14844.209  185071           370
          -14844.209  287107           864
          -14844.209  926762           704
          -14844.209  358074           560
          -14844.341  746978           410
          -14844.341  232559           136
          -14844.341  399380           436
          -14844.341  903633           553
          -14844.341  319144           176
          -14844.341  312587           775
          -14850.762  804660           260
          -14850.762  140442           500
          -14850.762  573367           986
          -14850.762  354395           486
          -14856.153  193042           316
          -14857.187  805935           615
          -14862.590  195763           358

28 perturbed starting value run(s) did not converge or were rejected in the third stage.



THE BEST LOGLIKELIHOOD VALUE HAS BEEN REPLICATED.  RERUN WITH AT LEAST TWICE THE
RANDOM STARTS TO CHECK THAT THE BEST LOGLIKELIHOOD IS STILL OBTAINED AND REPLICATED.


THE MODEL ESTIMATION TERMINATED NORMALLY



MODEL FIT INFORMATION

Number of Free Parameters                      103

Loglikelihood

          H0 Value                      -14842.012
          H0 Scaling Correction Factor      1.1915
            for MLR

Information Criteria

          Akaike (AIC)                   29890.025
          Bayesian (BIC)                 30457.317
          Sample-Size Adjusted BIC       30130.090
            (n* = (n + 2) / 24)



FINAL CLASS COUNTS AND PROPORTIONS FOR THE LATENT CLASSES
BASED ON THE ESTIMATED MODEL

    Latent
   Classes

       1        178.73250          0.09810
       2        215.66736          0.11837
       3        339.44356          0.18630
       4        201.73844          0.11072
       5        324.51513          0.17811
       6        326.59210          0.17925
       7         63.82705          0.03503
       8        171.48386          0.09412


FINAL CLASS COUNTS AND PROPORTIONS FOR THE LATENT CLASSES
BASED ON ESTIMATED POSTERIOR PROBABILITIES

    Latent
   Classes

       1        178.73250          0.09810
       2        215.66736          0.11837
       3        339.44356          0.18630
       4        201.73844          0.11072
       5        324.51513          0.17811
       6        326.59210          0.17925
       7         63.82705          0.03503
       8        171.48386          0.09412


FINAL CLASS COUNTS AND PROPORTIONS FOR THE LATENT CLASSES
BASED ON THEIR MOST LIKELY LATENT CLASS MEMBERSHIP

Class Counts and Proportions

    Latent
   Classes

       1              208          0.11416
       2              230          0.12623
       3              320          0.17563
       4              218          0.11965
       5              348          0.19100
       6              305          0.16740
       7               60          0.03293
       8              133          0.07300


CLASSIFICATION QUALITY

     Entropy                         0.578


Average Latent Class Probabilities for Most Likely Latent Class Membership (Row)
by Latent Class (Column)

           1        2        3        4        5        6        7        8

    1   0.632    0.053    0.088    0.039    0.086    0.061    0.015    0.027
    2   0.049    0.678    0.056    0.028    0.055    0.068    0.008    0.058
    3   0.032    0.020    0.676    0.080    0.080    0.084    0.020    0.008
    4   0.018    0.039    0.127    0.665    0.101    0.012    0.035    0.003
    5   0.033    0.053    0.114    0.037    0.610    0.118    0.000    0.035
    6   0.024    0.024    0.060    0.001    0.104    0.669    0.000    0.119
    7   0.027    0.053    0.102    0.055    0.008    0.003    0.749    0.005
    8   0.014    0.037    0.000    0.000    0.015    0.178    0.000    0.755


Classification Probabilities for the Most Likely Latent Class Membership (Column)
by Latent Class (Row)

           1        2        3        4        5        6        7        8

    1   0.735    0.063    0.056    0.022    0.064    0.040    0.009    0.010
    2   0.051    0.723    0.029    0.039    0.086    0.034    0.015    0.023
    3   0.054    0.038    0.637    0.082    0.117    0.054    0.018    0.000
    4   0.040    0.032    0.128    0.719    0.063    0.002    0.016    0.000
    5   0.055    0.039    0.079    0.068    0.654    0.097    0.001    0.006
    6   0.039    0.048    0.083    0.008    0.125    0.625    0.001    0.073
    7   0.049    0.027    0.100    0.120    0.000    0.000    0.704    0.000
    8   0.032    0.078    0.015    0.004    0.072    0.212    0.002    0.586


Logits for the Classification Probabilities for the Most Likely Latent Class Membership (Column)
by Latent Class (Row)

              1        2        3        4        5        6        7        8

    1      4.273    1.811    1.705    0.773    1.829    1.364   -0.141    0.000
    2      0.801    3.455    0.246    0.538    1.329    0.383   -0.436    0.000
    3      6.715    6.369    9.182    7.126    7.485    6.717    5.616    0.000
    4     10.600   10.371   11.756   13.486   11.056    7.513    9.695    0.000
    5      2.177    1.840    2.544    2.388    4.656    2.750   -1.499    0.000
    6     -0.626   -0.418    0.129   -2.236    0.545    2.152   -4.975    0.000
    7     10.796   10.208   11.514   11.693    4.115    0.000   13.465    0.000
    8     -2.899   -2.022   -3.688   -4.945   -2.097   -1.018   -5.883    0.000


MODEL RESULTS

                                                    Two-Tailed
                    Estimate       S.E.  Est./S.E.    P-Value

Latent Class 1

 Means
    DRIVES            -0.985      0.236     -4.169      0.000
    COGNITION         -0.626      0.542     -1.155      0.248
    AFFECT            -0.981      0.175     -5.594      0.000
    SOCIAL             0.189      0.352      0.536      0.592
    BIG_WORDS          0.170      0.188      0.906      0.365
    WC                -0.243      0.258     -0.943      0.346

 Variances
    DRIVES             0.272      0.058      4.725      0.000
    COGNITION          0.647      0.558      1.160      0.246
    AFFECT             0.324      0.122      2.661      0.008
    SOCIAL             0.935      0.614      1.522      0.128
    BIG_WORDS          1.091      0.171      6.368      0.000
    WC                 0.528      0.279      1.892      0.058

Latent Class 2

 Means
    DRIVES            -0.405      0.304     -1.329      0.184
    COGNITION          0.719      0.160      4.489      0.000
    AFFECT            -0.119      0.229     -0.519      0.604
    SOCIAL            -1.128      0.090    -12.572      0.000
    BIG_WORDS          0.742      0.167      4.458      0.000
    WC                -0.186      0.116     -1.607      0.108

 Variances
    DRIVES             0.889      0.150      5.937      0.000
    COGNITION          1.009      0.212      4.767      0.000
    AFFECT             0.711      0.141      5.043      0.000
    SOCIAL             0.301      0.063      4.759      0.000
    BIG_WORDS          1.206      0.166      7.267      0.000
    WC                 0.405      0.081      4.987      0.000

Latent Class 3

 Means
    DRIVES             0.612      0.218      2.805      0.005
    COGNITION         -0.244      0.121     -2.020      0.043
    AFFECT            -0.032      0.102     -0.316      0.752
    SOCIAL             0.690      0.133      5.178      0.000
    BIG_WORDS         -0.076      0.096     -0.794      0.427
    WC                -0.532      0.084     -6.322      0.000

 Variances
    DRIVES             1.191      0.190      6.278      0.000
    COGNITION          1.119      0.148      7.579      0.000
    AFFECT             0.643      0.109      5.887      0.000
    SOCIAL             1.115      0.167      6.683      0.000
    BIG_WORDS          0.917      0.106      8.613      0.000
    WC                 0.202      0.034      5.873      0.000

Latent Class 4

 Means
    DRIVES            -0.284      0.110     -2.585      0.010
    COGNITION         -0.263      0.105     -2.519      0.012
    AFFECT             1.121      0.167      6.728      0.000
    SOCIAL            -0.055      0.132     -0.415      0.678
    BIG_WORDS         -0.594      0.094     -6.343      0.000
    WC                -0.821      0.060    -13.693      0.000

 Variances
    DRIVES             0.692      0.094      7.327      0.000
    COGNITION          0.771      0.099      7.784      0.000
    AFFECT             1.281      0.205      6.246      0.000
    SOCIAL             0.757      0.154      4.923      0.000
    BIG_WORDS          0.533      0.084      6.312      0.000
    WC                 0.095      0.022      4.412      0.000

Latent Class 5

 Means
    DRIVES             0.030      0.084      0.359      0.720
    COGNITION         -0.348      0.155     -2.242      0.025
    AFFECT             0.253      0.128      1.978      0.048
    SOCIAL            -0.131      0.099     -1.322      0.186
    BIG_WORDS         -0.042      0.096     -0.438      0.661
    WC                 0.026      0.100      0.264      0.792

 Variances
    DRIVES             0.399      0.091      4.406      0.000
    COGNITION          0.440      0.129      3.421      0.001
    AFFECT             0.678      0.107      6.336      0.000
    SOCIAL             0.332      0.081      4.095      0.000
    BIG_WORDS          0.924      0.118      7.837      0.000
    WC                 0.247      0.082      3.027      0.002

Latent Class 6

 Means
    DRIVES             0.305      0.122      2.504      0.012
    COGNITION          0.403      0.172      2.341      0.019
    AFFECT            -0.212      0.191     -1.113      0.266
    SOCIAL             0.282      0.150      1.879      0.060
    BIG_WORDS         -0.198      0.123     -1.607      0.108
    WC                 0.700      0.191      3.672      0.000

 Variances
    DRIVES             0.831      0.125      6.643      0.000
    COGNITION          0.609      0.098      6.240      0.000
    AFFECT             0.497      0.093      5.344      0.000
    SOCIAL             0.843      0.207      4.072      0.000
    BIG_WORDS          0.538      0.097      5.526      0.000
    WC                 0.494      0.171      2.884      0.004

Latent Class 7

 Means
    DRIVES             0.237      0.263      0.899      0.369
    COGNITION         -0.064      0.295     -0.216      0.829
    AFFECT             0.567      0.306      1.853      0.064
    SOCIAL             0.221      0.302      0.731      0.465
    BIG_WORDS         -0.141      0.228     -0.621      0.535
    WC                -1.512      0.087    -17.381      0.000

 Variances
    DRIVES             2.520      0.571      4.414      0.000
    COGNITION          2.518      0.676      3.726      0.000
    AFFECT             2.978      0.748      3.982      0.000
    SOCIAL             1.406      0.497      2.827      0.005
    BIG_WORDS          2.164      0.462      4.689      0.000
    WC                 0.044      0.014      3.036      0.002

Latent Class 8

 Means
    DRIVES            -0.068      0.183     -0.371      0.711
    COGNITION          0.456      0.217      2.097      0.036
    AFFECT            -0.370      0.142     -2.600      0.009
    SOCIAL            -0.450      0.284     -1.586      0.113
    BIG_WORDS          0.249      0.108      2.296      0.022
    WC                 1.687      0.258      6.533      0.000

 Variances
    DRIVES             0.520      0.178      2.924      0.003
    COGNITION          0.623      0.116      5.360      0.000
    AFFECT             0.310      0.044      7.030      0.000
    SOCIAL             0.431      0.174      2.473      0.013
    BIG_WORDS          0.653      0.095      6.869      0.000
    WC                 1.539      0.240      6.400      0.000

Categorical Latent Variables

 Means
    C#1                0.041      0.620      0.067      0.947
    C#2                0.229      0.466      0.492      0.623
    C#3                0.683      0.486      1.404      0.160
    C#4                0.162      0.405      0.401      0.689
    C#5                0.638      0.541      1.179      0.239
    C#6                0.644      0.573      1.125      0.261
    C#7               -0.988      0.584     -1.694      0.090


QUALITY OF NUMERICAL RESULTS

     Condition Number for the Information Matrix              0.117E-03
       (ratio of smallest to largest eigenvalue)


STANDARDIZED MODEL RESULTS


STDYX Standardization

                                                    Two-Tailed
                    Estimate       S.E.  Est./S.E.    P-Value

Latent Class 1

 Means
    DRIVES            -1.889      0.588     -3.212      0.001
    COGNITION         -0.778      1.004     -0.775      0.438
    AFFECT            -1.723      0.613     -2.811      0.005
    SOCIAL             0.195      0.419      0.465      0.642
    BIG_WORDS          0.163      0.179      0.907      0.364
    WC                -0.335      0.437     -0.766      0.444

 Variances
    DRIVES             1.000      0.000    999.000    999.000
    COGNITION          1.000      0.000    999.000    999.000
    AFFECT             1.000      0.000    999.000    999.000
    SOCIAL             1.000      0.000    999.000    999.000
    BIG_WORDS          1.000      0.000    999.000    999.000
    WC                 1.000      0.000    999.000    999.000

Latent Class 2

 Means
    DRIVES            -0.429      0.343     -1.252      0.210
    COGNITION          0.716      0.181      3.952      0.000
    AFFECT            -0.141      0.262     -0.537      0.591
    SOCIAL            -2.054      0.338     -6.073      0.000
    BIG_WORDS          0.676      0.164      4.109      0.000
    WC                -0.293      0.205     -1.429      0.153

 Variances
    DRIVES             1.000      0.000    999.000    999.000
    COGNITION          1.000      0.000    999.000    999.000
    AFFECT             1.000      0.000    999.000    999.000
    SOCIAL             1.000      0.000    999.000    999.000
    BIG_WORDS          1.000      0.000    999.000    999.000
    WC                 1.000      0.000    999.000    999.000

Latent Class 3

 Means
    DRIVES             0.561      0.235      2.389      0.017
    COGNITION         -0.231      0.118     -1.951      0.051
    AFFECT            -0.040      0.129     -0.310      0.756
    SOCIAL             0.653      0.128      5.106      0.000
    BIG_WORDS         -0.080      0.102     -0.782      0.434
    WC                -1.183      0.194     -6.105      0.000

 Variances
    DRIVES             1.000      0.000    999.000    999.000
    COGNITION          1.000      0.000    999.000    999.000
    AFFECT             1.000      0.000    999.000    999.000
    SOCIAL             1.000      0.000    999.000    999.000
    BIG_WORDS          1.000      0.000    999.000    999.000
    WC                 1.000      0.000    999.000    999.000

Latent Class 4

 Means
    DRIVES            -0.341      0.142     -2.399      0.016
    COGNITION         -0.300      0.125     -2.405      0.016
    AFFECT             0.990      0.162      6.102      0.000
    SOCIAL            -0.063      0.156     -0.403      0.687
    BIG_WORDS         -0.814      0.169     -4.815      0.000
    WC                -2.658      0.381     -6.981      0.000

 Variances
    DRIVES             1.000      0.000    999.000    999.000
    COGNITION          1.000      0.000    999.000    999.000
    AFFECT             1.000      0.000    999.000    999.000
    SOCIAL             1.000      0.000    999.000    999.000
    BIG_WORDS          1.000      0.000    999.000    999.000
    WC                 1.000      0.000    999.000    999.000

Latent Class 5

 Means
    DRIVES             0.048      0.135      0.356      0.722
    COGNITION         -0.525      0.299     -1.753      0.080
    AFFECT             0.308      0.165      1.864      0.062
    SOCIAL            -0.227      0.189     -1.198      0.231
    BIG_WORDS         -0.044      0.101     -0.433      0.665
    WC                 0.053      0.195      0.271      0.786

 Variances
    DRIVES             1.000      0.000    999.000    999.000
    COGNITION          1.000      0.000    999.000    999.000
    AFFECT             1.000      0.000    999.000    999.000
    SOCIAL             1.000      0.000    999.000    999.000
    BIG_WORDS          1.000      0.000    999.000    999.000
    WC                 1.000      0.000    999.000    999.000

Latent Class 6

 Means
    DRIVES             0.335      0.130      2.572      0.010
    COGNITION          0.516      0.241      2.140      0.032
    AFFECT            -0.301      0.293     -1.029      0.303
    SOCIAL             0.307      0.164      1.874      0.061
    BIG_WORDS         -0.270      0.183     -1.476      0.140
    WC                 0.996      0.225      4.434      0.000

 Variances
    DRIVES             1.000      0.000    999.000    999.000
    COGNITION          1.000      0.000    999.000    999.000
    AFFECT             1.000      0.000    999.000    999.000
    SOCIAL             1.000      0.000    999.000    999.000
    BIG_WORDS          1.000      0.000    999.000    999.000
    WC                 1.000      0.000    999.000    999.000

Latent Class 7

 Means
    DRIVES             0.149      0.165      0.903      0.367
    COGNITION         -0.040      0.190     -0.212      0.832
    AFFECT             0.329      0.162      2.029      0.042
    SOCIAL             0.186      0.229      0.811      0.417
    BIG_WORDS         -0.096      0.154     -0.625      0.532
    WC                -7.209      1.536     -4.693      0.000

 Variances
    DRIVES             1.000      0.000    999.000    999.000
    COGNITION          1.000      0.000    999.000    999.000
    AFFECT             1.000      0.000    999.000    999.000
    SOCIAL             1.000      0.000    999.000    999.000
    BIG_WORDS          1.000      0.000    999.000    999.000
    WC                 1.000      0.000    999.000    999.000

Latent Class 8

 Means
    DRIVES            -0.094      0.268     -0.352      0.725
    COGNITION          0.577      0.297      1.942      0.052
    AFFECT            -0.663      0.249     -2.666      0.008
    SOCIAL            -0.686      0.562     -1.221      0.222
    BIG_WORDS          0.308      0.130      2.375      0.018
    WC                 1.360      0.172      7.895      0.000

 Variances
    DRIVES             1.000      0.000    999.000    999.000
    COGNITION          1.000      0.000    999.000    999.000
    AFFECT             1.000      0.000    999.000    999.000
    SOCIAL             1.000      0.000    999.000    999.000
    BIG_WORDS          1.000      0.000    999.000    999.000
    WC                 1.000      0.000    999.000    999.000


STDY Standardization

                                                    Two-Tailed
                    Estimate       S.E.  Est./S.E.    P-Value

Latent Class 1

 Means
    DRIVES            -1.889      0.588     -3.212      0.001
    COGNITION         -0.778      1.004     -0.775      0.438
    AFFECT            -1.723      0.613     -2.811      0.005
    SOCIAL             0.195      0.419      0.465      0.642
    BIG_WORDS          0.163      0.179      0.907      0.364
    WC                -0.335      0.437     -0.766      0.444

 Variances
    DRIVES             1.000      0.000    999.000    999.000
    COGNITION          1.000      0.000    999.000    999.000
    AFFECT             1.000      0.000    999.000    999.000
    SOCIAL             1.000      0.000    999.000    999.000
    BIG_WORDS          1.000      0.000    999.000    999.000
    WC                 1.000      0.000    999.000    999.000

Latent Class 2

 Means
    DRIVES            -0.429      0.343     -1.252      0.210
    COGNITION          0.716      0.181      3.952      0.000
    AFFECT            -0.141      0.262     -0.537      0.591
    SOCIAL            -2.054      0.338     -6.073      0.000
    BIG_WORDS          0.676      0.164      4.109      0.000
    WC                -0.293      0.205     -1.429      0.153

 Variances
    DRIVES             1.000      0.000    999.000    999.000
    COGNITION          1.000      0.000    999.000    999.000
    AFFECT             1.000      0.000    999.000    999.000
    SOCIAL             1.000      0.000    999.000    999.000
    BIG_WORDS          1.000      0.000    999.000    999.000
    WC                 1.000      0.000    999.000    999.000

Latent Class 3

 Means
    DRIVES             0.561      0.235      2.389      0.017
    COGNITION         -0.231      0.118     -1.951      0.051
    AFFECT            -0.040      0.129     -0.310      0.756
    SOCIAL             0.653      0.128      5.106      0.000
    BIG_WORDS         -0.080      0.102     -0.782      0.434
    WC                -1.183      0.194     -6.105      0.000

 Variances
    DRIVES             1.000      0.000    999.000    999.000
    COGNITION          1.000      0.000    999.000    999.000
    AFFECT             1.000      0.000    999.000    999.000
    SOCIAL             1.000      0.000    999.000    999.000
    BIG_WORDS          1.000      0.000    999.000    999.000
    WC                 1.000      0.000    999.000    999.000

Latent Class 4

 Means
    DRIVES            -0.341      0.142     -2.399      0.016
    COGNITION         -0.300      0.125     -2.405      0.016
    AFFECT             0.990      0.162      6.102      0.000
    SOCIAL            -0.063      0.156     -0.403      0.687
    BIG_WORDS         -0.814      0.169     -4.815      0.000
    WC                -2.658      0.381     -6.981      0.000

 Variances
    DRIVES             1.000      0.000    999.000    999.000
    COGNITION          1.000      0.000    999.000    999.000
    AFFECT             1.000      0.000    999.000    999.000
    SOCIAL             1.000      0.000    999.000    999.000
    BIG_WORDS          1.000      0.000    999.000    999.000
    WC                 1.000      0.000    999.000    999.000

Latent Class 5

 Means
    DRIVES             0.048      0.135      0.356      0.722
    COGNITION         -0.525      0.299     -1.753      0.080
    AFFECT             0.308      0.165      1.864      0.062
    SOCIAL            -0.227      0.189     -1.198      0.231
    BIG_WORDS         -0.044      0.101     -0.433      0.665
    WC                 0.053      0.195      0.271      0.786

 Variances
    DRIVES             1.000      0.000    999.000    999.000
    COGNITION          1.000      0.000    999.000    999.000
    AFFECT             1.000      0.000    999.000    999.000
    SOCIAL             1.000      0.000    999.000    999.000
    BIG_WORDS          1.000      0.000    999.000    999.000
    WC                 1.000      0.000    999.000    999.000

Latent Class 6

 Means
    DRIVES             0.335      0.130      2.572      0.010
    COGNITION          0.516      0.241      2.140      0.032
    AFFECT            -0.301      0.293     -1.029      0.303
    SOCIAL             0.307      0.164      1.874      0.061
    BIG_WORDS         -0.270      0.183     -1.476      0.140
    WC                 0.996      0.225      4.434      0.000

 Variances
    DRIVES             1.000      0.000    999.000    999.000
    COGNITION          1.000      0.000    999.000    999.000
    AFFECT             1.000      0.000    999.000    999.000
    SOCIAL             1.000      0.000    999.000    999.000
    BIG_WORDS          1.000      0.000    999.000    999.000
    WC                 1.000      0.000    999.000    999.000

Latent Class 7

 Means
    DRIVES             0.149      0.165      0.903      0.367
    COGNITION         -0.040      0.190     -0.212      0.832
    AFFECT             0.329      0.162      2.029      0.042
    SOCIAL             0.186      0.229      0.811      0.417
    BIG_WORDS         -0.096      0.154     -0.625      0.532
    WC                -7.209      1.536     -4.693      0.000

 Variances
    DRIVES             1.000      0.000    999.000    999.000
    COGNITION          1.000      0.000    999.000    999.000
    AFFECT             1.000      0.000    999.000    999.000
    SOCIAL             1.000      0.000    999.000    999.000
    BIG_WORDS          1.000      0.000    999.000    999.000
    WC                 1.000      0.000    999.000    999.000

Latent Class 8

 Means
    DRIVES            -0.094      0.268     -0.352      0.725
    COGNITION          0.577      0.297      1.942      0.052
    AFFECT            -0.663      0.249     -2.666      0.008
    SOCIAL            -0.686      0.562     -1.221      0.222
    BIG_WORDS          0.308      0.130      2.375      0.018
    WC                 1.360      0.172      7.895      0.000

 Variances
    DRIVES             1.000      0.000    999.000    999.000
    COGNITION          1.000      0.000    999.000    999.000
    AFFECT             1.000      0.000    999.000    999.000
    SOCIAL             1.000      0.000    999.000    999.000
    BIG_WORDS          1.000      0.000    999.000    999.000
    WC                 1.000      0.000    999.000    999.000


STD Standardization

                                                    Two-Tailed
                    Estimate       S.E.  Est./S.E.    P-Value

Latent Class 1

 Means
    DRIVES            -0.985      0.236     -4.169      0.000
    COGNITION         -0.626      0.542     -1.155      0.248
    AFFECT            -0.981      0.175     -5.594      0.000
    SOCIAL             0.189      0.352      0.536      0.592
    BIG_WORDS          0.170      0.188      0.906      0.365
    WC                -0.243      0.258     -0.943      0.346

 Variances
    DRIVES             0.272      0.058      4.725      0.000
    COGNITION          0.647      0.558      1.160      0.246
    AFFECT             0.324      0.122      2.661      0.008
    SOCIAL             0.935      0.614      1.522      0.128
    BIG_WORDS          1.091      0.171      6.368      0.000
    WC                 0.528      0.279      1.892      0.058

Latent Class 2

 Means
    DRIVES            -0.405      0.304     -1.329      0.184
    COGNITION          0.719      0.160      4.489      0.000
    AFFECT            -0.119      0.229     -0.519      0.604
    SOCIAL            -1.128      0.090    -12.572      0.000
    BIG_WORDS          0.742      0.167      4.458      0.000
    WC                -0.186      0.116     -1.607      0.108

 Variances
    DRIVES             0.889      0.150      5.937      0.000
    COGNITION          1.009      0.212      4.767      0.000
    AFFECT             0.711      0.141      5.043      0.000
    SOCIAL             0.301      0.063      4.759      0.000
    BIG_WORDS          1.206      0.166      7.267      0.000
    WC                 0.405      0.081      4.987      0.000

Latent Class 3

 Means
    DRIVES             0.612      0.218      2.805      0.005
    COGNITION         -0.244      0.121     -2.020      0.043
    AFFECT            -0.032      0.102     -0.316      0.752
    SOCIAL             0.690      0.133      5.178      0.000
    BIG_WORDS         -0.076      0.096     -0.794      0.427
    WC                -0.532      0.084     -6.322      0.000

 Variances
    DRIVES             1.191      0.190      6.278      0.000
    COGNITION          1.119      0.148      7.579      0.000
    AFFECT             0.643      0.109      5.887      0.000
    SOCIAL             1.115      0.167      6.683      0.000
    BIG_WORDS          0.917      0.106      8.613      0.000
    WC                 0.202      0.034      5.873      0.000

Latent Class 4

 Means
    DRIVES            -0.284      0.110     -2.585      0.010
    COGNITION         -0.263      0.105     -2.519      0.012
    AFFECT             1.121      0.167      6.728      0.000
    SOCIAL            -0.055      0.132     -0.415      0.678
    BIG_WORDS         -0.594      0.094     -6.343      0.000
    WC                -0.821      0.060    -13.693      0.000

 Variances
    DRIVES             0.692      0.094      7.327      0.000
    COGNITION          0.771      0.099      7.784      0.000
    AFFECT             1.281      0.205      6.246      0.000
    SOCIAL             0.757      0.154      4.923      0.000
    BIG_WORDS          0.533      0.084      6.312      0.000
    WC                 0.095      0.022      4.412      0.000

Latent Class 5

 Means
    DRIVES             0.030      0.084      0.359      0.720
    COGNITION         -0.348      0.155     -2.242      0.025
    AFFECT             0.253      0.128      1.978      0.048
    SOCIAL            -0.131      0.099     -1.322      0.186
    BIG_WORDS         -0.042      0.096     -0.438      0.661
    WC                 0.026      0.100      0.264      0.792

 Variances
    DRIVES             0.399      0.091      4.406      0.000
    COGNITION          0.440      0.129      3.421      0.001
    AFFECT             0.678      0.107      6.336      0.000
    SOCIAL             0.332      0.081      4.095      0.000
    BIG_WORDS          0.924      0.118      7.837      0.000
    WC                 0.247      0.082      3.027      0.002

Latent Class 6

 Means
    DRIVES             0.305      0.122      2.504      0.012
    COGNITION          0.403      0.172      2.341      0.019
    AFFECT            -0.212      0.191     -1.113      0.266
    SOCIAL             0.282      0.150      1.879      0.060
    BIG_WORDS         -0.198      0.123     -1.607      0.108
    WC                 0.700      0.191      3.672      0.000

 Variances
    DRIVES             0.831      0.125      6.643      0.000
    COGNITION          0.609      0.098      6.240      0.000
    AFFECT             0.497      0.093      5.344      0.000
    SOCIAL             0.843      0.207      4.072      0.000
    BIG_WORDS          0.538      0.097      5.526      0.000
    WC                 0.494      0.171      2.884      0.004

Latent Class 7

 Means
    DRIVES             0.237      0.263      0.899      0.369
    COGNITION         -0.064      0.295     -0.216      0.829
    AFFECT             0.567      0.306      1.853      0.064
    SOCIAL             0.221      0.302      0.731      0.465
    BIG_WORDS         -0.141      0.228     -0.621      0.535
    WC                -1.512      0.087    -17.381      0.000

 Variances
    DRIVES             2.520      0.571      4.414      0.000
    COGNITION          2.518      0.676      3.726      0.000
    AFFECT             2.978      0.748      3.982      0.000
    SOCIAL             1.406      0.497      2.827      0.005
    BIG_WORDS          2.164      0.462      4.689      0.000
    WC                 0.044      0.014      3.036      0.002

Latent Class 8

 Means
    DRIVES            -0.068      0.183     -0.371      0.711
    COGNITION          0.456      0.217      2.097      0.036
    AFFECT            -0.370      0.142     -2.600      0.009
    SOCIAL            -0.450      0.284     -1.586      0.113
    BIG_WORDS          0.249      0.108      2.296      0.022
    WC                 1.687      0.258      6.533      0.000

 Variances
    DRIVES             0.520      0.178      2.924      0.003
    COGNITION          0.623      0.116      5.360      0.000
    AFFECT             0.310      0.044      7.030      0.000
    SOCIAL             0.431      0.174      2.473      0.013
    BIG_WORDS          0.653      0.095      6.869      0.000
    WC                 1.539      0.240      6.400      0.000


R-SQUARE

Class 1

Class 2

Class 3

Class 4

Class 5

Class 6

Class 7

Class 8


MODEL MODIFICATION INDICES

NOTE:  Modification indices for direct effects of observed dependent variables
regressed on covariates may not be included.  To include these, request
MODINDICES (ALL).

Minimum M.I. value for printing the modification index     5.000

                                   M.I.     E.P.C.  Std E.P.C.  StdYX E.P.C.

CLASS 1


WITH Statements

AFFECT   WITH DRIVES               6.217     0.118      0.118        0.397
SOCIAL   WITH DRIVES             999.000     0.000      0.000        0.000
SOCIAL   WITH COGNITIO           999.000     0.000      0.000        0.000
WC       WITH DRIVES              33.118     0.426      0.426        1.123
WC       WITH COGNITIO             7.837     0.223      0.223        0.381

CLASS 2


WITH Statements

AFFECT   WITH DRIVES             999.000     0.000      0.000        0.000
BIG_WORD WITH DRIVES               5.191     0.244      0.244        0.236
WC       WITH DRIVES              15.329     0.303      0.303        0.505

CLASS 3


WITH Statements

AFFECT   WITH COGNITIO             9.323     0.210      0.210        0.247
SOCIAL   WITH DRIVES             999.000     0.000      0.000        0.000
BIG_WORD WITH SOCIAL              21.500    -0.474     -0.474       -0.469
WC       WITH COGNITIO            15.967     0.220      0.220        0.463

CLASS 4


WITH Statements

AFFECT   WITH DRIVES              16.693     0.652      0.652        0.693
SOCIAL   WITH DRIVES              10.533     0.340      0.340        0.470
BIG_WORD WITH COGNITIO             5.893     0.169      0.169        0.264
WC       WITH COGNITIO             5.792     0.091      0.091        0.336
WC       WITH AFFECT               6.970    -0.197     -0.197       -0.565

CLASS 5


WITH Statements

SOCIAL   WITH AFFECT              14.807    -0.314     -0.314       -0.662
WC       WITH DRIVES             999.000     0.000      0.000        0.000
WC       WITH COGNITIO           999.000     0.000      0.000        0.000

CLASS 6


WITH Statements

AFFECT   WITH COGNITIO            15.714     0.256      0.256        0.466
SOCIAL   WITH AFFECT               6.195    -0.150     -0.150       -0.232
BIG_WORD WITH DRIVES               9.128     0.186      0.186        0.278
BIG_WORD WITH AFFECT              10.729    -0.169     -0.169       -0.326
BIG_WORD WITH SOCIAL               8.853    -0.211     -0.211       -0.313
WC       WITH DRIVES               6.640     0.252      0.252        0.394
WC       WITH COGNITIO          1939.905   -88.493    -88.493     -161.395
WC       WITH AFFECT              29.997    -0.659     -0.659       -1.330

CLASS 7


WITH Statements

AFFECT   WITH DRIVES               7.061     1.065      1.065        0.389
SOCIAL   WITH DRIVES               6.185     0.711      0.711        0.378

CLASS 8


WITH Statements

AFFECT   WITH COGNITIO            10.823     0.215      0.215        0.489
SOCIAL   WITH DRIVES             999.000     0.000      0.000        0.000
SOCIAL   WITH COGNITIO           999.000     0.000      0.000        0.000
SOCIAL   WITH AFFECT             999.000     0.000      0.000        0.000
BIG_WORD WITH AFFECT               5.495    -0.120     -0.120       -0.265
WC       WITH DRIVES               5.765     0.510      0.510        0.570
WC       WITH AFFECT               6.506    -0.325     -0.325       -0.471

Categorical Latent Variables

No modification indices above the minimum value.



TECHNICAL 7 OUTPUT


     SAMPLE STATISTICS WEIGHTED BY ESTIMATED CLASS PROBABILITIES FOR CLASS 1


           Means
              DRIVES        COGNITIO      AFFECT        SOCIAL        BIG_WORD
              ________      ________      ________      ________      ________
               -0.985        -0.626        -0.981         0.189         0.170


           Means
              WC
              ________
               -0.243


           Covariances
              DRIVES        COGNITIO      AFFECT        SOCIAL        BIG_WORD
              ________      ________      ________      ________      ________
 DRIVES         0.272
 COGNITIO      -0.020         0.647
 AFFECT         0.026         0.026         0.324
 SOCIAL         0.085        -0.073        -0.019         0.935
 BIG_WORD       0.024        -0.054         0.003         0.040         1.091
 WC             0.063         0.067        -0.015        -0.051         0.000


           Covariances
              WC
              ________
 WC             0.528


     SAMPLE STATISTICS WEIGHTED BY ESTIMATED CLASS PROBABILITIES FOR CLASS 2


           Means
              DRIVES        COGNITIO      AFFECT        SOCIAL        BIG_WORD
              ________      ________      ________      ________      ________
               -0.405         0.719        -0.119        -1.128         0.742


           Means
              WC
              ________
               -0.186


           Covariances
              DRIVES        COGNITIO      AFFECT        SOCIAL        BIG_WORD
              ________      ________      ________      ________      ________
 DRIVES         0.889
 COGNITIO       0.049         1.009
 AFFECT         0.179        -0.017         0.711
 SOCIAL         0.021         0.046         0.021         0.301
 BIG_WORD       0.106        -0.026         0.024        -0.025         1.206
 WC             0.084         0.035        -0.029         0.001         0.015


           Covariances
              WC
              ________
 WC             0.405


     SAMPLE STATISTICS WEIGHTED BY ESTIMATED CLASS PROBABILITIES FOR CLASS 3


           Means
              DRIVES        COGNITIO      AFFECT        SOCIAL        BIG_WORD
              ________      ________      ________      ________      ________
                0.612        -0.244        -0.032         0.690        -0.076


           Means
              WC
              ________
               -0.532


           Covariances
              DRIVES        COGNITIO      AFFECT        SOCIAL        BIG_WORD
              ________      ________      ________      ________      ________
 DRIVES         1.191
 COGNITIO       0.005         1.119
 AFFECT         0.025         0.094         0.643
 SOCIAL         0.006         0.011        -0.039         1.115
 BIG_WORD       0.013         0.008        -0.003        -0.137         0.917
 WC             0.003         0.048         0.008         0.014        -0.004


           Covariances
              WC
              ________
 WC             0.202


     SAMPLE STATISTICS WEIGHTED BY ESTIMATED CLASS PROBABILITIES FOR CLASS 4


           Means
              DRIVES        COGNITIO      AFFECT        SOCIAL        BIG_WORD
              ________      ________      ________      ________      ________
               -0.284        -0.263         1.121        -0.055        -0.594


           Means
              WC
              ________
               -0.821


           Covariances
              DRIVES        COGNITIO      AFFECT        SOCIAL        BIG_WORD
              ________      ________      ________      ________      ________
 DRIVES         0.692
 COGNITIO       0.049         0.771
 AFFECT         0.112         0.055         1.281
 SOCIAL         0.080        -0.026         0.017         0.757
 BIG_WORD      -0.025         0.071         0.040        -0.045         0.533
 WC             0.000         0.023        -0.021         0.012         0.010


           Covariances
              WC
              ________
 WC             0.095


     SAMPLE STATISTICS WEIGHTED BY ESTIMATED CLASS PROBABILITIES FOR CLASS 5


           Means
              DRIVES        COGNITIO      AFFECT        SOCIAL        BIG_WORD
              ________      ________      ________      ________      ________
                0.030        -0.348         0.253        -0.131        -0.042


           Means
              WC
              ________
                0.026


           Covariances
              DRIVES        COGNITIO      AFFECT        SOCIAL        BIG_WORD
              ________      ________      ________      ________      ________
 DRIVES         0.399
 COGNITIO      -0.024         0.440
 AFFECT         0.005         0.013         0.678
 SOCIAL         0.019         0.014        -0.033         0.332
 BIG_WORD       0.034         0.030         0.001         0.003         0.924
 WC             0.012         0.008        -0.003        -0.003         0.000


           Covariances
              WC
              ________
 WC             0.247


     SAMPLE STATISTICS WEIGHTED BY ESTIMATED CLASS PROBABILITIES FOR CLASS 6


           Means
              DRIVES        COGNITIO      AFFECT        SOCIAL        BIG_WORD
              ________      ________      ________      ________      ________
                0.305         0.403        -0.212         0.282        -0.198


           Means
              WC
              ________
                0.700


           Covariances
              DRIVES        COGNITIO      AFFECT        SOCIAL        BIG_WORD
              ________      ________      ________      ________      ________
 DRIVES         0.831
 COGNITIO      -0.031         0.609
 AFFECT         0.005         0.057         0.497
 SOCIAL         0.032         0.023        -0.053         0.843
 BIG_WORD       0.067        -0.020        -0.052        -0.058         0.538
 WC             0.033        -0.020        -0.034        -0.010         0.005


           Covariances
              WC
              ________
 WC             0.494


     SAMPLE STATISTICS WEIGHTED BY ESTIMATED CLASS PROBABILITIES FOR CLASS 7


           Means
              DRIVES        COGNITIO      AFFECT        SOCIAL        BIG_WORD
              ________      ________      ________      ________      ________
                0.237        -0.064         0.567         0.221        -0.141


           Means
              WC
              ________
               -1.512


           Covariances
              DRIVES        COGNITIO      AFFECT        SOCIAL        BIG_WORD
              ________      ________      ________      ________      ________
 DRIVES         2.520
 COGNITIO       0.098         2.518
 AFFECT         0.779        -0.112         2.978
 SOCIAL         0.483        -0.053         0.114         1.406
 BIG_WORD       0.031        -0.301        -0.288         0.052         2.164
 WC             0.006        -0.053        -0.054         0.000         0.036


           Covariances
              WC
              ________
 WC             0.044


     SAMPLE STATISTICS WEIGHTED BY ESTIMATED CLASS PROBABILITIES FOR CLASS 8


           Means
              DRIVES        COGNITIO      AFFECT        SOCIAL        BIG_WORD
              ________      ________      ________      ________      ________
               -0.068         0.456        -0.370        -0.450         0.249


           Means
              WC
              ________
                1.687


           Covariances
              DRIVES        COGNITIO      AFFECT        SOCIAL        BIG_WORD
              ________      ________      ________      ________      ________
 DRIVES         0.520
 COGNITIO       0.018         0.623
 AFFECT         0.002         0.057         0.310
 SOCIAL         0.096        -0.084        -0.054         0.431
 BIG_WORD      -0.011         0.010        -0.054        -0.008         0.653
 WC             0.053         0.040        -0.056        -0.017        -0.032


           Covariances
              WC
              ________
 WC             1.539


TECHNICAL 11 OUTPUT

     Random Starts Specifications for the k-1 Class Analysis Model
        Number of initial stage random starts                1000
        Number of final stage optimizations                    50



     VUONG-LO-MENDELL-RUBIN LIKELIHOOD RATIO TEST FOR 7 (H0) VERSUS 8 CLASSES

          H0 Loglikelihood Value                       -14876.909
          2 Times the Loglikelihood Difference             69.793
          Difference in the Number of Parameters               13
          Mean                                             83.095
          Standard Deviation                              172.584
          P-Value                                          0.5307

     LO-MENDELL-RUBIN ADJUSTED LRT TEST

          Value                                            69.085
          P-Value                                          0.5323


TECHNICAL 14 OUTPUT

     Random Starts Specifications for the k-1 Class Analysis Model
        Number of initial stage random starts                1000
        Number of final stage optimizations                    50

     Random Starts Specification for the k-1 Class Model for Generated Data
        Number of initial stage random starts                1000
        Number of final stage optimizations                    50
     Random Starts Specification for the k Class Model for Generated Data
        Number of initial stage random starts                1000
        Number of final stage optimizations                    50
     Number of bootstrap draws requested                   Varies


     PARAMETRIC BOOTSTRAPPED LIKELIHOOD RATIO TEST FOR 7 (H0) VERSUS 8 CLASSES

          H0 Loglikelihood Value                       -14876.909
          2 Times the Loglikelihood Difference             69.793
          Difference in the Number of Parameters               13
          Approximate P-Value                              0.0303
          Successful Bootstrap Draws                           99

     WARNING:  OF THE 99 BOOTSTRAP DRAWS, 72 DRAWS HAD BOTH A SMALLER LRT VALUE THAN THE
     OBSERVED LRT VALUE AND NOT A REPLICATED BEST LOGLIKELIHOOD VALUE FOR THE 8-CLASS MODEL.
     THIS MEANS THAT THE P-VALUE MAY NOT BE TRUSTWORTHY DUE TO LOCAL MAXIMA.
     INCREASE THE NUMBER OF RANDOM STARTS USING THE LRTSTARTS OPTION.


     WARNING:  1 OUT OF 100 BOOTSTRAP DRAWS DID NOT CONVERGE.
     INCREASE THE NUMBER OF RANDOM STARTS USING THE LRTSTARTS OPTION.



     Beginning Time:  21:15:31
        Ending Time:  02:53:32
       Elapsed Time:  05:38:01



MUTHEN & MUTHEN
3463 Stoner Ave.
Los Angeles, CA  90066

Tel: (310) 391-9971
Fax: (310) 391-8971
Web: www.StatModel.com
Support: Support@StatModel.com

Copyright (c) 1998-2023 Muthen & Muthen
