Mplus VERSION 8.9 (Mac)
MUTHEN & MUTHEN
10/25/2023  10:25 AM

INPUT INSTRUCTIONS

  TITLE:
  L1_P_2_lpa_freeVar;
  DATA:
  FILE = "mplus_analyses/FINAL_Runs/L1_prof_2_ml_lpa_freeVar_enum.dat";

  VARIABLE:
  NAMES = drives cognition affect social big_words wc;
   MISSING=.;
   CLASSES = c(2);
  DEFINE:
  STANDARDIZE drives cognition affect social big_words wc;
  ANALYSIS:
  TYPE = MIXTURE;
      ESTIMATOR=MLR;
      STARTS=1000 50;
      STITERATIONS=50;
      LRTSTARTS=1000 50 1000 50;
      PROCESSORS=4;
  MODEL:
  %OVERALL%
  %C#1%
  [drives cognition affect social big_words wc];
  drives cognition affect social big_words wc;
  %C#2%
  [drives cognition affect social big_words wc];
  drives cognition affect social big_words wc;
  OUTPUT:
  SAMPSTAT STANDARDIZED MOD (5.00) TECH7 TECH11 TECH13 TECH14;



*** WARNING in VARIABLE command
  Note that only the first 8 characters of variable names are used in the output.
  Shorten variable names to avoid any confusion.
*** WARNING in MODEL command
  All variables are uncorrelated with all other variables within class.
  Check that this is what is intended.
*** WARNING in OUTPUT command
  TECH13 option is not available for TYPE=MIXTURE with missing data.
  Request for TECH13 is ignored.
   3 WARNING(S) FOUND IN THE INPUT INSTRUCTIONS




L1_P_2_lpa_freeVar;

SUMMARY OF ANALYSIS

Number of groups                                                 1
Number of observations                                        1822

Number of dependent variables                                    6
Number of independent variables                                  0
Number of continuous latent variables                            0
Number of categorical latent variables                           1

Observed dependent variables

  Continuous
   DRIVES      COGNITION   AFFECT      SOCIAL      BIG_WORDS   WC

Categorical latent variables
   C


Estimator                                                      MLR
Information matrix                                        OBSERVED
Optimization Specifications for the Quasi-Newton Algorithm for
Continuous Outcomes
  Maximum number of iterations                                 100
  Convergence criterion                                  0.100D-05
Optimization Specifications for the EM Algorithm
  Maximum number of iterations                                 500
  Convergence criteria
    Loglikelihood change                                 0.100D-06
    Relative loglikelihood change                        0.100D-06
    Derivative                                           0.100D-05
Optimization Specifications for the M step of the EM Algorithm for
Categorical Latent variables
  Number of M step iterations                                    1
  M step convergence criterion                           0.100D-05
  Basis for M step termination                           ITERATION
Optimization Specifications for the M step of the EM Algorithm for
Censored, Binary or Ordered Categorical (Ordinal), Unordered
Categorical (Nominal) and Count Outcomes
  Number of M step iterations                                    1
  M step convergence criterion                           0.100D-05
  Basis for M step termination                           ITERATION
  Maximum value for logit thresholds                            15
  Minimum value for logit thresholds                           -15
  Minimum expected cell size for chi-square              0.100D-01
Maximum number of iterations for H1                           2000
Convergence criterion for H1                             0.100D-03
Optimization algorithm                                         EMA
Random Starts Specifications
  Number of initial stage random starts                       1000
  Number of final stage optimizations                           50
  Number of initial stage iterations                            50
  Initial stage convergence criterion                    0.100D+01
  Random starts scale                                    0.500D+01
  Random seed for generating random starts                       0

Input data file(s)
  mplus_analyses/FINAL_Runs/L1_prof_2_ml_lpa_freeVar_enum.dat
Input data format  FREE


SUMMARY OF DATA

     Number of missing data patterns             1
     Number of y missing data patterns           1
     Number of u missing data patterns           0


COVARIANCE COVERAGE OF DATA

Minimum covariance coverage value   0.100


     PROPORTION OF DATA PRESENT FOR Y


           Covariance Coverage
              DRIVES        COGNITIO      AFFECT        SOCIAL        BIG_WORD
              ________      ________      ________      ________      ________
 DRIVES         1.000
 COGNITIO       1.000         1.000
 AFFECT         1.000         1.000         1.000
 SOCIAL         1.000         1.000         1.000         1.000
 BIG_WORD       1.000         1.000         1.000         1.000         1.000
 WC             1.000         1.000         1.000         1.000         1.000


           Covariance Coverage
              WC
              ________
 WC             1.000


SAMPLE STATISTICS


     ESTIMATED SAMPLE STATISTICS


           Means
              DRIVES        COGNITIO      AFFECT        SOCIAL        BIG_WORD
              ________      ________      ________      ________      ________
                0.000         0.000         0.000         0.000         0.000


           Means
              WC
              ________
                0.000


           Covariances
              DRIVES        COGNITIO      AFFECT        SOCIAL        BIG_WORD
              ________      ________      ________      ________      ________
 DRIVES         1.000
 COGNITIO       0.029         1.000
 AFFECT         0.128         0.009         1.000
 SOCIAL         0.191        -0.134        -0.031         1.000
 BIG_WORD      -0.023         0.066        -0.123        -0.161         1.000
 WC             0.043         0.194        -0.206        -0.096         0.065


           Covariances
              WC
              ________
 WC             1.000


           Correlations
              DRIVES        COGNITIO      AFFECT        SOCIAL        BIG_WORD
              ________      ________      ________      ________      ________
 DRIVES         1.000
 COGNITIO       0.029         1.000
 AFFECT         0.128         0.009         1.000
 SOCIAL         0.191        -0.134        -0.031         1.000
 BIG_WORD      -0.023         0.066        -0.123        -0.161         1.000
 WC             0.043         0.194        -0.206        -0.096         0.065


           Correlations
              WC
              ________
 WC             1.000


     MAXIMUM LOG-LIKELIHOOD VALUE FOR THE UNRESTRICTED (H1) MODEL IS -15308.650


UNIVARIATE SAMPLE STATISTICS


     UNIVARIATE HIGHER-ORDER MOMENT DESCRIPTIVE STATISTICS

         Variable/         Mean/     Skewness/   Minimum/ % with                Percentiles
        Sample Size      Variance    Kurtosis    Maximum  Min/Max      20%/60%    40%/80%    Median

     DRIVES                0.000       0.379      -2.732    0.05%      -0.843     -0.297     -0.045
            1822.000       1.000       0.285       3.960    0.05%       0.195      0.807
     COGNITION             0.000       0.236      -3.272    0.05%      -0.820     -0.293     -0.056
            1822.000       1.000       0.544       4.861    0.05%       0.224      0.816
     AFFECT                0.000       0.711      -2.888    0.05%      -0.825     -0.309     -0.089
            1822.000       1.000       1.245       4.401    0.05%       0.131      0.732
     SOCIAL                0.000       0.462      -2.551    0.05%      -0.844     -0.315     -0.076
            1822.000       1.000       0.346       4.137    0.05%       0.168      0.803
     BIG_WORDS             0.000       0.308      -3.468    0.05%      -0.833     -0.294     -0.050
            1822.000       1.000       0.379       4.550    0.05%       0.200      0.826
     WC                    0.000       1.130      -1.936    0.05%      -0.801     -0.373     -0.158
            1822.000       1.000       2.133       4.950    0.05%       0.067      0.730

RANDOM STARTS RESULTS RANKED FROM THE BEST TO THE WORST LOGLIKELIHOOD VALUES


4 perturbed starting value run(s) did not converge or were rejected in the third stage.
Final stage loglikelihood values at local maxima, seeds, and initial stage start numbers:

          -15189.312  118958           994
          -15189.312  782200           84
          -15189.312  341041           34
          -15189.312  702492           718
          -15189.312  156536           245
          -15189.312  434915           552
          -15189.312  856612           700
          -15189.312  177936           726
          -15189.312  27071            15
          -15189.312  728038           177
          -15189.312  85114            385
          -15189.312  303634           169
          -15189.312  735928           916
          -15189.312  634782           979
          -15189.312  645664           39
          -15189.312  105435           265
          -15189.312  940533           764
          -15189.312  282464           283
          -15189.312  208620           965
          -15189.312  643311           888
          -15189.312  39810            966
          -15189.312  824126           287
          -15189.312  848890           95
          -15189.312  301428           885
          -15189.312  25127            107
          -15189.312  327475           518
          -15189.312  712531           631
          -15189.312  967237           48
          -15189.312  954354           840
          -15189.312  494209           904
          -15189.312  266038           672
          -15189.312  679832           302
          -15189.312  232559           136
          -15189.312  724087           925
          -15189.312  992389           77
          -15189.312  50887            389
          -15189.312  438144           271
          -15189.312  985387           381
          -15189.312  59963            670
          -15189.312  804616           868
          -15189.312  358488           264

9 perturbed starting value run(s) did not converge or were rejected in the third stage.



THE BEST LOGLIKELIHOOD VALUE HAS BEEN REPLICATED.  RERUN WITH AT LEAST TWICE THE
RANDOM STARTS TO CHECK THAT THE BEST LOGLIKELIHOOD IS STILL OBTAINED AND REPLICATED.


THE MODEL ESTIMATION TERMINATED NORMALLY



MODEL FIT INFORMATION

Number of Free Parameters                       25

Loglikelihood

          H0 Value                      -15189.312
          H0 Scaling Correction Factor      1.2403
            for MLR

Information Criteria

          Akaike (AIC)                   30428.625
          Bayesian (BIC)                 30566.317
          Sample-Size Adjusted BIC       30486.893
            (n* = (n + 2) / 24)



FINAL CLASS COUNTS AND PROPORTIONS FOR THE LATENT CLASSES
BASED ON THE ESTIMATED MODEL

    Latent
   Classes

       1       1101.04791          0.60431
       2        720.95209          0.39569


FINAL CLASS COUNTS AND PROPORTIONS FOR THE LATENT CLASSES
BASED ON ESTIMATED POSTERIOR PROBABILITIES

    Latent
   Classes

       1       1101.04791          0.60431
       2        720.95209          0.39569


FINAL CLASS COUNTS AND PROPORTIONS FOR THE LATENT CLASSES
BASED ON THEIR MOST LIKELY LATENT CLASS MEMBERSHIP

Class Counts and Proportions

    Latent
   Classes

       1             1200          0.65862
       2              622          0.34138


CLASSIFICATION QUALITY

     Entropy                         0.489


Average Latent Class Probabilities for Most Likely Latent Class Membership (Row)
by Latent Class (Column)

           1        2

    1   0.833    0.167
    2   0.163    0.837


Classification Probabilities for the Most Likely Latent Class Membership (Column)
by Latent Class (Row)

           1        2

    1   0.908    0.092
    2   0.278    0.722


Logits for the Classification Probabilities for the Most Likely Latent Class Membership (Column)
by Latent Class (Row)

              1        2

    1      2.291    0.000
    2     -0.957    0.000


MODEL RESULTS

                                                    Two-Tailed
                    Estimate       S.E.  Est./S.E.    P-Value

Latent Class 1

 Means
    DRIVES            -0.010      0.040     -0.244      0.807
    COGNITION         -0.190      0.051     -3.753      0.000
    AFFECT             0.184      0.048      3.799      0.000
    SOCIAL             0.136      0.047      2.900      0.004
    BIG_WORDS         -0.072      0.050     -1.445      0.149
    WC                -0.484      0.051     -9.576      0.000

 Variances
    DRIVES             1.193      0.068     17.652      0.000
    COGNITION          1.079      0.078     13.765      0.000
    AFFECT             1.291      0.087     14.769      0.000
    SOCIAL             1.157      0.059     19.697      0.000
    BIG_WORDS          1.143      0.081     14.175      0.000
    WC                 0.340      0.030     11.297      0.000

Latent Class 2

 Means
    DRIVES             0.015      0.046      0.325      0.745
    COGNITION          0.290      0.053      5.437      0.000
    AFFECT            -0.281      0.037     -7.683      0.000
    SOCIAL            -0.208      0.053     -3.905      0.000
    BIG_WORDS          0.110      0.058      1.902      0.057
    WC                 0.739      0.097      7.595      0.000

 Variances
    DRIVES             0.706      0.053     13.262      0.000
    COGNITION          0.740      0.075      9.807      0.000
    AFFECT             0.425      0.034     12.432      0.000
    SOCIAL             0.688      0.067     10.321      0.000
    BIG_WORDS          0.762      0.109      6.995      0.000
    WC                 1.104      0.097     11.328      0.000

Categorical Latent Variables

 Means
    C#1                0.423      0.205      2.061      0.039


QUALITY OF NUMERICAL RESULTS

     Condition Number for the Information Matrix              0.457E-03
       (ratio of smallest to largest eigenvalue)


STANDARDIZED MODEL RESULTS


STDYX Standardization

                                                    Two-Tailed
                    Estimate       S.E.  Est./S.E.    P-Value

Latent Class 1

 Means
    DRIVES            -0.009      0.037     -0.244      0.807
    COGNITION         -0.183      0.052     -3.515      0.000
    AFFECT             0.162      0.040      4.089      0.000
    SOCIAL             0.126      0.043      2.957      0.003
    BIG_WORDS         -0.067      0.048     -1.402      0.161
    WC                -0.830      0.119     -6.997      0.000

 Variances
    DRIVES             1.000      0.000    999.000    999.000
    COGNITION          1.000      0.000    999.000    999.000
    AFFECT             1.000      0.000    999.000    999.000
    SOCIAL             1.000      0.000    999.000    999.000
    BIG_WORDS          1.000      0.000    999.000    999.000
    WC                 1.000      0.000    999.000    999.000

Latent Class 2

 Means
    DRIVES             0.018      0.054      0.326      0.744
    COGNITION          0.337      0.059      5.742      0.000
    AFFECT            -0.431      0.064     -6.718      0.000
    SOCIAL            -0.250      0.071     -3.545      0.000
    BIG_WORDS          0.126      0.061      2.073      0.038
    WC                 0.704      0.073      9.622      0.000

 Variances
    DRIVES             1.000      0.000    999.000    999.000
    COGNITION          1.000      0.000    999.000    999.000
    AFFECT             1.000      0.000    999.000    999.000
    SOCIAL             1.000      0.000    999.000    999.000
    BIG_WORDS          1.000      0.000    999.000    999.000
    WC                 1.000      0.000    999.000    999.000


STDY Standardization

                                                    Two-Tailed
                    Estimate       S.E.  Est./S.E.    P-Value

Latent Class 1

 Means
    DRIVES            -0.009      0.037     -0.244      0.807
    COGNITION         -0.183      0.052     -3.515      0.000
    AFFECT             0.162      0.040      4.089      0.000
    SOCIAL             0.126      0.043      2.957      0.003
    BIG_WORDS         -0.067      0.048     -1.402      0.161
    WC                -0.830      0.119     -6.997      0.000

 Variances
    DRIVES             1.000      0.000    999.000    999.000
    COGNITION          1.000      0.000    999.000    999.000
    AFFECT             1.000      0.000    999.000    999.000
    SOCIAL             1.000      0.000    999.000    999.000
    BIG_WORDS          1.000      0.000    999.000    999.000
    WC                 1.000      0.000    999.000    999.000

Latent Class 2

 Means
    DRIVES             0.018      0.054      0.326      0.744
    COGNITION          0.337      0.059      5.742      0.000
    AFFECT            -0.431      0.064     -6.718      0.000
    SOCIAL            -0.250      0.071     -3.545      0.000
    BIG_WORDS          0.126      0.061      2.073      0.038
    WC                 0.704      0.073      9.622      0.000

 Variances
    DRIVES             1.000      0.000    999.000    999.000
    COGNITION          1.000      0.000    999.000    999.000
    AFFECT             1.000      0.000    999.000    999.000
    SOCIAL             1.000      0.000    999.000    999.000
    BIG_WORDS          1.000      0.000    999.000    999.000
    WC                 1.000      0.000    999.000    999.000


STD Standardization

                                                    Two-Tailed
                    Estimate       S.E.  Est./S.E.    P-Value

Latent Class 1

 Means
    DRIVES            -0.010      0.040     -0.244      0.807
    COGNITION         -0.190      0.051     -3.753      0.000
    AFFECT             0.184      0.048      3.799      0.000
    SOCIAL             0.136      0.047      2.900      0.004
    BIG_WORDS         -0.072      0.050     -1.445      0.149
    WC                -0.484      0.051     -9.576      0.000

 Variances
    DRIVES             1.193      0.068     17.652      0.000
    COGNITION          1.079      0.078     13.765      0.000
    AFFECT             1.291      0.087     14.769      0.000
    SOCIAL             1.157      0.059     19.697      0.000
    BIG_WORDS          1.143      0.081     14.175      0.000
    WC                 0.340      0.030     11.297      0.000

Latent Class 2

 Means
    DRIVES             0.015      0.046      0.325      0.745
    COGNITION          0.290      0.053      5.437      0.000
    AFFECT            -0.281      0.037     -7.683      0.000
    SOCIAL            -0.208      0.053     -3.905      0.000
    BIG_WORDS          0.110      0.058      1.902      0.057
    WC                 0.739      0.097      7.595      0.000

 Variances
    DRIVES             0.706      0.053     13.262      0.000
    COGNITION          0.740      0.075      9.807      0.000
    AFFECT             0.425      0.034     12.432      0.000
    SOCIAL             0.688      0.067     10.321      0.000
    BIG_WORDS          0.762      0.109      6.995      0.000
    WC                 1.104      0.097     11.328      0.000


R-SQUARE

Class 1

Class 2


MODEL MODIFICATION INDICES

NOTE:  Modification indices for direct effects of observed dependent variables
regressed on covariates may not be included.  To include these, request
MODINDICES (ALL).

Minimum M.I. value for printing the modification index     5.000

                                   M.I.     E.P.C.  Std E.P.C.  StdYX E.P.C.

CLASS 1


WITH Statements

AFFECT   WITH DRIVES              27.358     0.210      0.210        0.170
SOCIAL   WITH DRIVES              57.265     0.292      0.292        0.249
SOCIAL   WITH COGNITIO            12.882    -0.146     -0.146       -0.131
SOCIAL   WITH AFFECT               6.467    -0.100     -0.100       -0.082
BIG_WORD WITH AFFECT              17.027    -0.161     -0.161       -0.132
BIG_WORD WITH SOCIAL              38.729    -0.262     -0.262       -0.227
WC       WITH COGNITIO            10.724     0.081      0.081        0.134
WC       WITH AFFECT              25.645    -0.125     -0.125       -0.188

CLASS 2


WITH Statements

AFFECT   WITH DRIVES              17.728     0.138      0.138        0.251
AFFECT   WITH COGNITIO             7.917     0.080      0.080        0.142
SOCIAL   WITH DRIVES              44.947     0.266      0.266        0.382
SOCIAL   WITH COGNITIO            19.619    -0.159     -0.159       -0.223
SOCIAL   WITH AFFECT               7.345    -0.072     -0.072       -0.134
BIG_WORD WITH AFFECT               7.374    -0.076     -0.076       -0.133
BIG_WORD WITH SOCIAL              51.048    -0.379     -0.379       -0.523
WC       WITH DRIVES               9.581     0.175      0.175        0.198
WC       WITH COGNITIO            17.789     0.296      0.296        0.328
WC       WITH AFFECT               8.843    -0.109     -0.109       -0.159

Categorical Latent Variables

No modification indices above the minimum value.



TECHNICAL 7 OUTPUT


     SAMPLE STATISTICS WEIGHTED BY ESTIMATED CLASS PROBABILITIES FOR CLASS 1


           Means
              DRIVES        COGNITIO      AFFECT        SOCIAL        BIG_WORD
              ________      ________      ________      ________      ________
               -0.010        -0.190         0.184         0.136        -0.072


           Means
              WC
              ________
               -0.484


           Covariances
              DRIVES        COGNITIO      AFFECT        SOCIAL        BIG_WORD
              ________      ________      ________      ________      ________
 DRIVES         1.193
 COGNITIO       0.028         1.079
 AFFECT         0.182         0.074         1.291
 SOCIAL         0.246        -0.100        -0.088         1.157
 BIG_WORD      -0.036         0.052        -0.142        -0.178         1.143
 WC             0.020         0.044        -0.082         0.002         0.023


           Covariances
              WC
              ________
 WC             0.340


     SAMPLE STATISTICS WEIGHTED BY ESTIMATED CLASS PROBABILITIES FOR CLASS 2


           Means
              DRIVES        COGNITIO      AFFECT        SOCIAL        BIG_WORD
              ________      ________      ________      ________      ________
                0.015         0.290        -0.281        -0.208         0.110


           Means
              WC
              ________
                0.739


           Covariances
              DRIVES        COGNITIO      AFFECT        SOCIAL        BIG_WORD
              ________      ________      ________      ________      ________
 DRIVES         0.706
 COGNITIO       0.022         0.740
 AFFECT         0.054         0.043         0.425
 SOCIAL         0.114        -0.087        -0.041         0.688
 BIG_WORD      -0.007         0.034        -0.044        -0.098         0.762
 WC             0.059         0.068        -0.053         0.007        -0.005


           Covariances
              WC
              ________
 WC             1.104


TECHNICAL 11 OUTPUT

     Random Starts Specifications for the k-1 Class Analysis Model
        Number of initial stage random starts                1000
        Number of final stage optimizations                    50



     VUONG-LO-MENDELL-RUBIN LIKELIHOOD RATIO TEST FOR 1 (H0) VERSUS 2 CLASSES

          H0 Loglikelihood Value                       -15511.836
          2 Times the Loglikelihood Difference            645.047
          Difference in the Number of Parameters               13
          Mean                                             33.038
          Standard Deviation                               25.427
          P-Value                                          0.0000

     LO-MENDELL-RUBIN ADJUSTED LRT TEST

          Value                                           638.505
          P-Value                                          0.0000


TECHNICAL 14 OUTPUT

     Random Starts Specifications for the k-1 Class Analysis Model
        Number of initial stage random starts                1000
        Number of final stage optimizations                    50

     Random Starts Specification for the k-1 Class Model for Generated Data
        Number of initial stage random starts                1000
        Number of final stage optimizations                    50
     Random Starts Specification for the k Class Model for Generated Data
        Number of initial stage random starts                1000
        Number of final stage optimizations                    50
     Number of bootstrap draws requested                   Varies


     PARAMETRIC BOOTSTRAPPED LIKELIHOOD RATIO TEST FOR 1 (H0) VERSUS 2 CLASSES

          H0 Loglikelihood Value                       -15511.836
          2 Times the Loglikelihood Difference            645.047
          Difference in the Number of Parameters               13
          Approximate P-Value                              0.0000
          Successful Bootstrap Draws                            5

     WARNING:  OF THE 5 BOOTSTRAP DRAWS, 3 DRAWS HAD BOTH A SMALLER LRT VALUE THAN THE
     OBSERVED LRT VALUE AND NOT A REPLICATED BEST LOGLIKELIHOOD VALUE FOR THE 2-CLASS MODEL.
     THIS MEANS THAT THE P-VALUE MAY NOT BE TRUSTWORTHY DUE TO LOCAL MAXIMA.
     INCREASE THE NUMBER OF RANDOM STARTS USING THE LRTSTARTS OPTION.



     Beginning Time:  10:25:05
        Ending Time:  10:26:07
       Elapsed Time:  00:01:02



MUTHEN & MUTHEN
3463 Stoner Ave.
Los Angeles, CA  90066

Tel: (310) 391-9971
Fax: (310) 391-8971
Web: www.StatModel.com
Support: Support@StatModel.com

Copyright (c) 1998-2023 Muthen & Muthen
