Mplus VERSION 8.9 (Mac)
MUTHEN & MUTHEN
07/07/2023   9:51 PM

INPUT INSTRUCTIONS

  TITLE:
  L1_P_8_lpa_freeVar;
  DATA:
  FILE = "mplus_analyses/psych_processV2_WPS/L1_prof_8_ml_lpa_freeVar_enum.dat";

  VARIABLE:
  NAMES = drives cognition affect social big_words wps PCP_ID row_num;
   MISSING=.;
   CLASSES = c(8);
  DEFINE:
  STANDARDIZE drives cognition affect social big_words wps;
  ANALYSIS:
  TYPE = MIXTURE;
      ESTIMATOR=MLR;
      STARTS=1000 50;
      STITERATIONS=50;
      LRTSTARTS=1000 50 1000 50;
      PROCESSORS=4;
  MODEL:
  %OVERALL%
  %C#1%
  [drives cognition affect social big_words wps];
  drives cognition affect social big_words wps;
  %C#2%
  [drives cognition affect social big_words wps];
  drives cognition affect social big_words wps;
  %C#3%
  [drives cognition affect social big_words wps];
  drives cognition affect social big_words wps;
  %C#4%
  [drives cognition affect social big_words wps];
  drives cognition affect social big_words wps;
  %C#5%
  [drives cognition affect social big_words wps];
  drives cognition affect social big_words wps;
  %C#6%
  [drives cognition affect social big_words wps];
  drives cognition affect social big_words wps;
  %C#7%
  [drives cognition affect social big_words wps];
  drives cognition affect social big_words wps;
  %C#8%
  [drives cognition affect social big_words wps];
  drives cognition affect social big_words wps;
  PLOT:
  type = plot3;



*** WARNING in VARIABLE command
  Note that only the first 8 characters of variable names are used in the output.
  Shorten variable names to avoid any confusion.
*** WARNING in MODEL command
  All variables are uncorrelated with all other variables within class.
  Check that this is what is intended.
*** WARNING in PLOT command
  Note that only the first 8 characters of variable names are used in plots.
  If variable names are not unique within the first 8 characters, problems
  may occur.
   3 WARNING(S) FOUND IN THE INPUT INSTRUCTIONS




L1_P_8_lpa_freeVar;

SUMMARY OF ANALYSIS

Number of groups                                                 1
Number of observations                                        1669

Number of dependent variables                                    8
Number of independent variables                                  0
Number of continuous latent variables                            0
Number of categorical latent variables                           1

Observed dependent variables

  Continuous
   DRIVES      COGNITION   AFFECT      SOCIAL      BIG_WORDS   WPS
   PCP_ID      ROW_NUM

Categorical latent variables
   C


Estimator                                                      MLR
Information matrix                                        OBSERVED
Optimization Specifications for the Quasi-Newton Algorithm for
Continuous Outcomes
  Maximum number of iterations                                 100
  Convergence criterion                                  0.100D-05
Optimization Specifications for the EM Algorithm
  Maximum number of iterations                                 500
  Convergence criteria
    Loglikelihood change                                 0.100D-06
    Relative loglikelihood change                        0.100D-06
    Derivative                                           0.100D-05
Optimization Specifications for the M step of the EM Algorithm for
Categorical Latent variables
  Number of M step iterations                                    1
  M step convergence criterion                           0.100D-05
  Basis for M step termination                           ITERATION
Optimization Specifications for the M step of the EM Algorithm for
Censored, Binary or Ordered Categorical (Ordinal), Unordered
Categorical (Nominal) and Count Outcomes
  Number of M step iterations                                    1
  M step convergence criterion                           0.100D-05
  Basis for M step termination                           ITERATION
  Maximum value for logit thresholds                            15
  Minimum value for logit thresholds                           -15
  Minimum expected cell size for chi-square              0.100D-01
Maximum number of iterations for H1                           2000
Convergence criterion for H1                             0.100D-03
Optimization algorithm                                         EMA
Random Starts Specifications
  Number of initial stage random starts                       1000
  Number of final stage optimizations                           50
  Number of initial stage iterations                            50
  Initial stage convergence criterion                    0.100D+01
  Random starts scale                                    0.500D+01
  Random seed for generating random starts                       0

Input data file(s)
  mplus_analyses/psych_processV2_WPS/L1_prof_8_ml_lpa_freeVar_enum.dat
Input data format  FREE


SUMMARY OF DATA

     Number of missing data patterns             1
     Number of y missing data patterns           1
     Number of u missing data patterns           0


COVARIANCE COVERAGE OF DATA

Minimum covariance coverage value   0.100


     PROPORTION OF DATA PRESENT FOR Y


           Covariance Coverage
              DRIVES        COGNITIO      AFFECT        SOCIAL        BIG_WORD
              ________      ________      ________      ________      ________
 DRIVES         1.000
 COGNITIO       1.000         1.000
 AFFECT         1.000         1.000         1.000
 SOCIAL         1.000         1.000         1.000         1.000
 BIG_WORD       1.000         1.000         1.000         1.000         1.000
 WPS            1.000         1.000         1.000         1.000         1.000
 PCP_ID         1.000         1.000         1.000         1.000         1.000
 ROW_NUM        1.000         1.000         1.000         1.000         1.000


           Covariance Coverage
              WPS           PCP_ID        ROW_NUM
              ________      ________      ________
 WPS            1.000
 PCP_ID         1.000         1.000
 ROW_NUM        1.000         1.000         1.000



UNIVARIATE SAMPLE STATISTICS


     UNIVARIATE HIGHER-ORDER MOMENT DESCRIPTIVE STATISTICS

         Variable/         Mean/     Skewness/   Minimum/ % with                Percentiles
        Sample Size      Variance    Kurtosis    Maximum  Min/Max      20%/60%    40%/80%    Median

     DRIVES                0.000       0.359      -2.667    0.06%      -0.842     -0.284     -0.038
            1669.000       1.000       0.165       3.570    0.06%       0.179      0.792
     COGNITION             0.000       0.212      -3.224    0.06%      -0.832     -0.295     -0.043
            1669.000       1.000       0.288       4.467    0.06%       0.225      0.815
     AFFECT                0.000       0.664      -2.957    0.06%      -0.826     -0.317     -0.092
            1669.000       1.000       0.977       4.395    0.06%       0.152      0.739
     SOCIAL                0.000       0.461      -2.647    0.06%      -0.845     -0.331     -0.078
            1669.000       1.000       0.390       3.994    0.06%       0.174      0.792
     BIG_WORDS             0.000       0.322      -3.518    0.06%      -0.843     -0.291     -0.054
            1669.000       1.000       0.492       4.584    0.06%       0.183      0.838
     WPS                   0.000       0.909      -2.210    0.06%      -0.811     -0.383     -0.168
            1669.000       1.000       1.186       4.848    0.06%       0.084      0.748
     PCP_ID               88.168      -0.798       2.000    0.36%      58.000     90.000     96.000
            1669.000    1099.191      -0.056     142.000    0.42%     105.000    115.000
     ROW_NUM             886.984      -0.034       2.000    0.06%     387.000    724.000    891.000
            1669.000  240167.252      -1.159    1737.000    0.06%    1057.000   1392.000

RANDOM STARTS RESULTS RANKED FROM THE BEST TO THE WORST LOGLIKELIHOOD VALUES


636 perturbed starting value run(s) did not converge or were rejected in the third stage.
Final stage loglikelihood values at local maxima, seeds, and initial stage start numbers:

          -31365.474  424223           900
          -31365.474  804104           566
          -31365.474  331681           549
          -31365.474  301428           885
          -31365.474  781190           219
          -31365.474  378393           509
          -31365.474  468036           131
          -31373.214  297518           166
          -31373.214  845580           805
          -31373.214  499347           881
          -31373.214  7959             256
          -31373.214  928624           981
          -31389.068  182524           373
          -31389.068  415931           10
          -31448.780  758647           951
          -31585.145  12477            155

34 perturbed starting value run(s) did not converge or were rejected in the third stage.



THE BEST LOGLIKELIHOOD VALUE HAS BEEN REPLICATED.  RERUN WITH AT LEAST TWICE THE
RANDOM STARTS TO CHECK THAT THE BEST LOGLIKELIHOOD IS STILL OBTAINED AND REPLICATED.


THE MODEL ESTIMATION TERMINATED NORMALLY



MODEL FIT INFORMATION

Number of Free Parameters                      121

Loglikelihood

          H0 Value                      -31365.474
          H0 Scaling Correction Factor      1.2424
            for MLR

Information Criteria

          Akaike (AIC)                   62972.947
          Bayesian (BIC)                 63628.765
          Sample-Size Adjusted BIC       63244.365
            (n* = (n + 2) / 24)



FINAL CLASS COUNTS AND PROPORTIONS FOR THE LATENT CLASSES
BASED ON THE ESTIMATED MODEL

    Latent
   Classes

       1        161.68192          0.09687
       2        185.63216          0.11122
       3        254.26887          0.15235
       4         74.01492          0.04435
       5        299.32450          0.17934
       6        161.68620          0.09688
       7        306.06095          0.18338
       8        226.33048          0.13561


FINAL CLASS COUNTS AND PROPORTIONS FOR THE LATENT CLASSES
BASED ON ESTIMATED POSTERIOR PROBABILITIES

    Latent
   Classes

       1        161.68192          0.09687
       2        185.63216          0.11122
       3        254.26887          0.15235
       4         74.01492          0.04435
       5        299.32450          0.17934
       6        161.68620          0.09688
       7        306.06095          0.18338
       8        226.33048          0.13561


FINAL CLASS COUNTS AND PROPORTIONS FOR THE LATENT CLASSES
BASED ON THEIR MOST LIKELY LATENT CLASS MEMBERSHIP

Class Counts and Proportions

    Latent
   Classes

       1              164          0.09826
       2              185          0.11084
       3              256          0.15339
       4               74          0.04434
       5              296          0.17735
       6              161          0.09646
       7              305          0.18274
       8              228          0.13661


CLASSIFICATION QUALITY

     Entropy                         0.953


Average Latent Class Probabilities for Most Likely Latent Class Membership (Row)
by Latent Class (Column)

           1        2        3        4        5        6        7        8

    1   0.967    0.000    0.000    0.000    0.000    0.033    0.000    0.000
    2   0.000    0.935    0.000    0.000    0.041    0.024    0.000    0.000
    3   0.000    0.000    0.947    0.000    0.000    0.000    0.036    0.017
    4   0.000    0.000    0.000    1.000    0.000    0.000    0.000    0.000
    5   0.000    0.022    0.000    0.000    0.970    0.000    0.007    0.000
    6   0.019    0.037    0.000    0.000    0.000    0.944    0.000    0.000
    7   0.000    0.000    0.019    0.000    0.015    0.000    0.966    0.000
    8   0.000    0.000    0.027    0.000    0.000    0.000    0.000    0.973


Classification Probabilities for the Most Likely Latent Class Membership (Column)
by Latent Class (Row)

           1        2        3        4        5        6        7        8

    1   0.981    0.000    0.000    0.000    0.000    0.019    0.000    0.000
    2   0.000    0.932    0.000    0.000    0.036    0.032    0.000    0.000
    3   0.000    0.000    0.953    0.000    0.000    0.000    0.023    0.024
    4   0.000    0.000    0.000    1.000    0.000    0.000    0.000    0.000
    5   0.000    0.025    0.000    0.000    0.960    0.000    0.015    0.000
    6   0.033    0.027    0.000    0.000    0.000    0.940    0.000    0.000
    7   0.000    0.000    0.030    0.000    0.007    0.000    0.963    0.000
    8   0.000    0.000    0.020    0.000    0.000    0.000    0.000    0.980


Logits for the Classification Probabilities for the Most Likely Latent Class Membership (Column)
by Latent Class (Row)

              1        2        3        4        5        6        7        8

    1     13.796    0.000    0.000    0.000    0.000    9.853    0.000    0.000
    2      0.000   13.745    0.000    0.000   10.486   10.379    0.000    0.000
    3    -10.085  -10.085    3.683  -10.085  -10.085  -10.085   -0.048    0.000
    4      5.307    0.000    0.000   13.815    0.000    0.000    0.000    0.000
    5      0.000   10.146    0.000    0.000   13.774    0.000    9.609    0.000
    6     10.412   10.202    0.000    0.000    0.000   13.753    0.000    0.000
    7      0.000    0.000   10.312    0.000    8.843    0.000   13.778    0.000
    8    -13.796  -13.796   -3.915  -13.796  -13.796  -13.796  -13.796    0.000


MODEL RESULTS

                                                    Two-Tailed
                    Estimate       S.E.  Est./S.E.    P-Value

Latent Class 1

 Means
    DRIVES            -0.094      0.080     -1.169      0.243
    COGNITION         -0.314      0.092     -3.410      0.001
    AFFECT            -0.216      0.074     -2.936      0.003
    SOCIAL             0.158      0.080      1.979      0.048
    BIG_WORDS          0.592      0.088      6.700      0.000
    WPS                0.357      0.095      3.768      0.000
    PCP_ID            35.715      1.353     26.394      0.000
    ROW_NUM          194.437     11.322     17.173      0.000

 Variances
    DRIVES             0.973      0.121      8.040      0.000
    COGNITION          0.896      0.100      8.945      0.000
    AFFECT             0.765      0.107      7.133      0.000
    SOCIAL             0.892      0.110      8.073      0.000
    BIG_WORDS          1.167      0.153      7.637      0.000
    WPS                0.953      0.156      6.111      0.000
    PCP_ID            22.514      0.997     22.591      0.000
    ROW_NUM         5356.773    280.474     19.099      0.000

Latent Class 2

 Means
    DRIVES             0.196      0.113      1.728      0.084
    COGNITION          0.177      0.160      1.105      0.269
    AFFECT            -0.019      0.083     -0.233      0.816
    SOCIAL            -0.099      0.091     -1.085      0.278
    BIG_WORDS         -0.048      0.095     -0.510      0.610
    WPS                0.672      0.088      7.681      0.000
    PCP_ID            75.501      2.970     25.422      0.000
    ROW_NUM          545.772     29.678     18.390      0.000

 Variances
    DRIVES             1.190      0.119      9.974      0.000
    COGNITION          1.029      0.131      7.850      0.000
    AFFECT             0.952      0.133      7.170      0.000
    SOCIAL             0.949      0.142      6.678      0.000
    BIG_WORDS          1.173      0.122      9.645      0.000
    WPS                1.104      0.136      8.137      0.000
    PCP_ID            22.514      0.997     22.591      0.000
    ROW_NUM         5356.773    280.474     19.099      0.000

Latent Class 3

 Means
    DRIVES             0.004      0.061      0.057      0.954
    COGNITION         -0.204      0.056     -3.639      0.000
    AFFECT             0.192      0.066      2.907      0.004
    SOCIAL             0.154      0.060      2.572      0.010
    BIG_WORDS         -0.257      0.062     -4.130      0.000
    WPS               -0.613      0.046    -13.293      0.000
    PCP_ID           114.044      0.482    236.510      0.000
    ROW_NUM         1372.333      9.424    145.617      0.000

 Variances
    DRIVES             0.725      0.077      9.425      0.000
    COGNITION          0.696      0.081      8.579      0.000
    AFFECT             0.965      0.112      8.629      0.000
    SOCIAL             0.804      0.089      8.992      0.000
    BIG_WORDS          0.729      0.092      7.914      0.000
    WPS                0.396      0.041      9.586      0.000
    PCP_ID            22.514      0.997     22.591      0.000
    ROW_NUM         5356.773    280.474     19.099      0.000

Latent Class 4

 Means
    DRIVES            -0.100      0.102     -0.983      0.326
    COGNITION         -0.486      0.115     -4.224      0.000
    AFFECT            -0.250      0.090     -2.785      0.005
    SOCIAL            -0.262      0.087     -3.008      0.003
    BIG_WORDS          0.720      0.128      5.607      0.000
    WPS                0.296      0.135      2.201      0.028
    PCP_ID             5.680      0.265     21.413      0.000
    ROW_NUM           38.785      2.539     15.274      0.000

 Variances
    DRIVES             0.771      0.139      5.530      0.000
    COGNITION          0.979      0.155      6.309      0.000
    AFFECT             0.596      0.093      6.425      0.000
    SOCIAL             0.561      0.079      7.067      0.000
    BIG_WORDS          1.221      0.254      4.815      0.000
    WPS                1.341      0.209      6.420      0.000
    PCP_ID            22.514      0.997     22.591      0.000
    ROW_NUM         5356.773    280.474     19.099      0.000

Latent Class 5

 Means
    DRIVES            -0.026      0.065     -0.397      0.692
    COGNITION          0.212      0.083      2.560      0.010
    AFFECT             0.023      0.071      0.326      0.745
    SOCIAL             0.105      0.072      1.455      0.146
    BIG_WORDS          0.013      0.058      0.227      0.820
    WPS                0.393      0.066      5.976      0.000
    PCP_ID            91.635      0.795    115.249      0.000
    ROW_NUM          788.910     17.513     45.048      0.000

 Variances
    DRIVES             1.146      0.107     10.755      0.000
    COGNITION          0.898      0.097      9.272      0.000
    AFFECT             1.074      0.116      9.244      0.000
    SOCIAL             1.139      0.107     10.654      0.000
    BIG_WORDS          0.827      0.096      8.629      0.000
    WPS                1.038      0.112      9.253      0.000
    PCP_ID            22.514      0.997     22.591      0.000
    ROW_NUM         5356.773    280.474     19.099      0.000

Latent Class 6

 Means
    DRIVES             0.071      0.092      0.770      0.442
    COGNITION         -0.191      0.153     -1.243      0.214
    AFFECT             0.320      0.098      3.262      0.001
    SOCIAL             0.006      0.091      0.061      0.951
    BIG_WORDS          0.082      0.169      0.482      0.630
    WPS                0.300      0.134      2.236      0.025
    PCP_ID            56.080      2.899     19.345      0.000
    ROW_NUM          367.907     25.219     14.589      0.000

 Variances
    DRIVES             0.972      0.123      7.900      0.000
    COGNITION          1.520      0.221      6.867      0.000
    AFFECT             1.384      0.229      6.043      0.000
    SOCIAL             0.914      0.122      7.474      0.000
    BIG_WORDS          0.966      0.115      8.424      0.000
    WPS                1.167      0.147      7.933      0.000
    PCP_ID            22.514      0.997     22.591      0.000
    ROW_NUM         5356.773    280.474     19.099      0.000

Latent Class 7

 Means
    DRIVES            -0.181      0.059     -3.049      0.002
    COGNITION          0.040      0.057      0.693      0.488
    AFFECT            -0.249      0.066     -3.776      0.000
    SOCIAL             0.017      0.063      0.270      0.787
    BIG_WORDS         -0.005      0.059     -0.086      0.932
    WPS               -0.356      0.040     -9.012      0.000
    PCP_ID           104.678      0.256    409.610      0.000
    ROW_NUM         1093.005      9.063    120.607      0.000

 Variances
    DRIVES             0.921      0.084     11.010      0.000
    COGNITION          0.914      0.074     12.426      0.000
    AFFECT             0.991      0.089     11.171      0.000
    SOCIAL             1.023      0.101     10.159      0.000
    BIG_WORDS          0.914      0.099      9.267      0.000
    WPS                0.431      0.042     10.379      0.000
    PCP_ID            22.514      0.997     22.591      0.000
    ROW_NUM         5356.773    280.474     19.099      0.000

Latent Class 8

 Means
    DRIVES             0.164      0.075      2.183      0.029
    COGNITION          0.270      0.064      4.227      0.000
    AFFECT             0.115      0.059      1.953      0.051
    SOCIAL            -0.285      0.075     -3.803      0.000
    BIG_WORDS         -0.399      0.057     -6.981      0.000
    WPS               -0.467      0.053     -8.883      0.000
    PCP_ID           129.943      0.585    222.210      0.000
    ROW_NUM         1615.615      6.864    235.391      0.000

 Variances
    DRIVES             1.065      0.089     11.931      0.000
    COGNITION          0.898      0.112      7.995      0.000
    AFFECT             0.752      0.095      7.906      0.000
    SOCIAL             1.157      0.103     11.247      0.000
    BIG_WORDS          0.680      0.078      8.759      0.000
    WPS                0.544      0.061      8.850      0.000
    PCP_ID            22.514      0.997     22.591      0.000
    ROW_NUM         5356.773    280.474     19.099      0.000

Categorical Latent Variables

 Means
    C#1               -0.336      0.151     -2.220      0.026
    C#2               -0.198      0.114     -1.737      0.082
    C#3                0.116      0.104      1.120      0.263
    C#4               -1.118      0.137     -8.139      0.000
    C#5                0.280      0.123      2.269      0.023
    C#6               -0.336      0.132     -2.549      0.011
    C#7                0.302      0.102      2.972      0.003


QUALITY OF NUMERICAL RESULTS

     Condition Number for the Information Matrix              0.190E-06
       (ratio of smallest to largest eigenvalue)


PLOT INFORMATION

The following plots are available:

  Histograms (sample values)
  Scatterplots (sample values)
  Estimated overall and class-specific distributions

     Beginning Time:  21:51:00
        Ending Time:  21:51:58
       Elapsed Time:  00:00:58



MUTHEN & MUTHEN
3463 Stoner Ave.
Los Angeles, CA  90066

Tel: (310) 391-9971
Fax: (310) 391-8971
Web: www.StatModel.com
Support: Support@StatModel.com

Copyright (c) 1998-2023 Muthen & Muthen
