Mplus VERSION 8.9 (Mac)
MUTHEN & MUTHEN
07/07/2023   9:49 PM

INPUT INSTRUCTIONS

  TITLE:
  L1_P_6_lpa_freeVar;
  DATA:
  FILE = "mplus_analyses/psych_processV2_WPS/L1_prof_6_ml_lpa_freeVar_enum.dat";

  VARIABLE:
  NAMES = drives cognition affect social big_words wps PCP_ID row_num;
   MISSING=.;
   CLASSES = c(6);
  DEFINE:
  STANDARDIZE drives cognition affect social big_words wps;
  ANALYSIS:
  TYPE = MIXTURE;
      ESTIMATOR=MLR;
      STARTS=1000 50;
      STITERATIONS=50;
      LRTSTARTS=1000 50 1000 50;
      PROCESSORS=4;
  MODEL:
  %OVERALL%
  %C#1%
  [drives cognition affect social big_words wps];
  drives cognition affect social big_words wps;
  %C#2%
  [drives cognition affect social big_words wps];
  drives cognition affect social big_words wps;
  %C#3%
  [drives cognition affect social big_words wps];
  drives cognition affect social big_words wps;
  %C#4%
  [drives cognition affect social big_words wps];
  drives cognition affect social big_words wps;
  %C#5%
  [drives cognition affect social big_words wps];
  drives cognition affect social big_words wps;
  %C#6%
  [drives cognition affect social big_words wps];
  drives cognition affect social big_words wps;
  PLOT:
  type = plot3;



*** WARNING in VARIABLE command
  Note that only the first 8 characters of variable names are used in the output.
  Shorten variable names to avoid any confusion.
*** WARNING in MODEL command
  All variables are uncorrelated with all other variables within class.
  Check that this is what is intended.
*** WARNING in PLOT command
  Note that only the first 8 characters of variable names are used in plots.
  If variable names are not unique within the first 8 characters, problems
  may occur.
   3 WARNING(S) FOUND IN THE INPUT INSTRUCTIONS




L1_P_6_lpa_freeVar;

SUMMARY OF ANALYSIS

Number of groups                                                 1
Number of observations                                        1669

Number of dependent variables                                    8
Number of independent variables                                  0
Number of continuous latent variables                            0
Number of categorical latent variables                           1

Observed dependent variables

  Continuous
   DRIVES      COGNITION   AFFECT      SOCIAL      BIG_WORDS   WPS
   PCP_ID      ROW_NUM

Categorical latent variables
   C


Estimator                                                      MLR
Information matrix                                        OBSERVED
Optimization Specifications for the Quasi-Newton Algorithm for
Continuous Outcomes
  Maximum number of iterations                                 100
  Convergence criterion                                  0.100D-05
Optimization Specifications for the EM Algorithm
  Maximum number of iterations                                 500
  Convergence criteria
    Loglikelihood change                                 0.100D-06
    Relative loglikelihood change                        0.100D-06
    Derivative                                           0.100D-05
Optimization Specifications for the M step of the EM Algorithm for
Categorical Latent variables
  Number of M step iterations                                    1
  M step convergence criterion                           0.100D-05
  Basis for M step termination                           ITERATION
Optimization Specifications for the M step of the EM Algorithm for
Censored, Binary or Ordered Categorical (Ordinal), Unordered
Categorical (Nominal) and Count Outcomes
  Number of M step iterations                                    1
  M step convergence criterion                           0.100D-05
  Basis for M step termination                           ITERATION
  Maximum value for logit thresholds                            15
  Minimum value for logit thresholds                           -15
  Minimum expected cell size for chi-square              0.100D-01
Maximum number of iterations for H1                           2000
Convergence criterion for H1                             0.100D-03
Optimization algorithm                                         EMA
Random Starts Specifications
  Number of initial stage random starts                       1000
  Number of final stage optimizations                           50
  Number of initial stage iterations                            50
  Initial stage convergence criterion                    0.100D+01
  Random starts scale                                    0.500D+01
  Random seed for generating random starts                       0

Input data file(s)
  mplus_analyses/psych_processV2_WPS/L1_prof_6_ml_lpa_freeVar_enum.dat
Input data format  FREE


SUMMARY OF DATA

     Number of missing data patterns             1
     Number of y missing data patterns           1
     Number of u missing data patterns           0


COVARIANCE COVERAGE OF DATA

Minimum covariance coverage value   0.100


     PROPORTION OF DATA PRESENT FOR Y


           Covariance Coverage
              DRIVES        COGNITIO      AFFECT        SOCIAL        BIG_WORD
              ________      ________      ________      ________      ________
 DRIVES         1.000
 COGNITIO       1.000         1.000
 AFFECT         1.000         1.000         1.000
 SOCIAL         1.000         1.000         1.000         1.000
 BIG_WORD       1.000         1.000         1.000         1.000         1.000
 WPS            1.000         1.000         1.000         1.000         1.000
 PCP_ID         1.000         1.000         1.000         1.000         1.000
 ROW_NUM        1.000         1.000         1.000         1.000         1.000


           Covariance Coverage
              WPS           PCP_ID        ROW_NUM
              ________      ________      ________
 WPS            1.000
 PCP_ID         1.000         1.000
 ROW_NUM        1.000         1.000         1.000



UNIVARIATE SAMPLE STATISTICS


     UNIVARIATE HIGHER-ORDER MOMENT DESCRIPTIVE STATISTICS

         Variable/         Mean/     Skewness/   Minimum/ % with                Percentiles
        Sample Size      Variance    Kurtosis    Maximum  Min/Max      20%/60%    40%/80%    Median

     DRIVES                0.000       0.359      -2.667    0.06%      -0.842     -0.284     -0.038
            1669.000       1.000       0.165       3.570    0.06%       0.179      0.792
     COGNITION             0.000       0.212      -3.224    0.06%      -0.832     -0.295     -0.043
            1669.000       1.000       0.288       4.467    0.06%       0.225      0.815
     AFFECT                0.000       0.664      -2.957    0.06%      -0.826     -0.317     -0.092
            1669.000       1.000       0.977       4.395    0.06%       0.152      0.739
     SOCIAL                0.000       0.461      -2.647    0.06%      -0.845     -0.331     -0.078
            1669.000       1.000       0.390       3.994    0.06%       0.174      0.792
     BIG_WORDS             0.000       0.322      -3.518    0.06%      -0.843     -0.291     -0.054
            1669.000       1.000       0.492       4.584    0.06%       0.183      0.838
     WPS                   0.000       0.909      -2.210    0.06%      -0.811     -0.383     -0.168
            1669.000       1.000       1.186       4.848    0.06%       0.084      0.748
     PCP_ID               88.168      -0.798       2.000    0.36%      58.000     90.000     96.000
            1669.000    1099.191      -0.056     142.000    0.42%     105.000    115.000
     ROW_NUM             886.984      -0.034       2.000    0.06%     387.000    724.000    891.000
            1669.000  240167.252      -1.159    1737.000    0.06%    1057.000   1392.000

RANDOM STARTS RESULTS RANKED FROM THE BEST TO THE WORST LOGLIKELIHOOD VALUES


460 perturbed starting value run(s) did not converge or were rejected in the third stage.
Final stage loglikelihood values at local maxima, seeds, and initial stage start numbers:

          -31914.508  793035           187
          -31914.508  68850            462
          -31914.508  435506           988
          -31914.508  161421           519
          -31914.508  126371           526
          -31914.508  761633           50
          -31914.508  992389           77
          -31914.508  92091            649
          -31914.508  840031           276
          -31914.508  17359            227
          -31914.508  773195           849
          -31914.508  286735           175
          -31914.508  608496           4
          -31914.508  782821           272
          -31914.508  323588           826
          -31914.508  978781           497
          -31914.508  871438           561
          -31914.508  546943           865
          -31914.508  224151           973
          -31914.508  396614           918
          -31914.508  77571            980
          -31914.508  645052           910
          -31914.508  790452           303
          -31914.508  609089           241
          -31914.508  299977           956
          -31914.508  68985            17
          -31914.508  49293            707
          -31914.508  402224           91
          -31914.508  476498           179
          -31914.508  617243           237
          -31914.508  495490           990
          -31914.508  722748           346
          -31914.508  752476           614
          -31914.508  897782           545
          -31914.508  351807           617
          -31914.508  197223           332
          -31914.508  213189           605
          -31914.508  715255           523
          -31914.508  107446           12
          -31914.508  700270           855
          -31914.508  371246           101
          -31914.508  508482           446
          -31914.508  699810           571
          -31914.508  153394           429
          -31914.508  43523            297
          -31914.508  79945            395
          -31914.508  898745           466
          -31914.508  247912           537
          -31914.508  570681           777
          -31914.508  692169           308



THE BEST LOGLIKELIHOOD VALUE HAS BEEN REPLICATED.  RERUN WITH AT LEAST TWICE THE
RANDOM STARTS TO CHECK THAT THE BEST LOGLIKELIHOOD IS STILL OBTAINED AND REPLICATED.


THE MODEL ESTIMATION TERMINATED NORMALLY



MODEL FIT INFORMATION

Number of Free Parameters                       91

Loglikelihood

          H0 Value                      -31914.508
          H0 Scaling Correction Factor      1.1417
            for MLR

Information Criteria

          Akaike (AIC)                   64011.017
          Bayesian (BIC)                 64504.235
          Sample-Size Adjusted BIC       64215.141
            (n* = (n + 2) / 24)



FINAL CLASS COUNTS AND PROPORTIONS FOR THE LATENT CLASSES
BASED ON THE ESTIMATED MODEL

    Latent
   Classes

       1         75.67160          0.04534
       2        224.11924          0.13428
       3        365.60595          0.21906
       4        431.58522          0.25859
       5        343.65330          0.20590
       6        228.36470          0.13683


FINAL CLASS COUNTS AND PROPORTIONS FOR THE LATENT CLASSES
BASED ON ESTIMATED POSTERIOR PROBABILITIES

    Latent
   Classes

       1         75.67160          0.04534
       2        224.11924          0.13428
       3        365.60595          0.21906
       4        431.58522          0.25859
       5        343.65330          0.20590
       6        228.36470          0.13683


FINAL CLASS COUNTS AND PROPORTIONS FOR THE LATENT CLASSES
BASED ON THEIR MOST LIKELY LATENT CLASS MEMBERSHIP

Class Counts and Proportions

    Latent
   Classes

       1               74          0.04434
       2              228          0.13661
       3              362          0.21690
       4              441          0.26423
       5              340          0.20371
       6              224          0.13421


CLASSIFICATION QUALITY

     Entropy                         0.950


Average Latent Class Probabilities for Most Likely Latent Class Membership (Row)
by Latent Class (Column)

           1        2        3        4        5        6

    1   1.000    0.000    0.000    0.000    0.000    0.000
    2   0.007    0.964    0.000    0.000    0.000    0.029
    3   0.000    0.000    0.968    0.012    0.000    0.020
    4   0.000    0.000    0.023    0.951    0.026    0.000
    5   0.000    0.000    0.000    0.024    0.976    0.000
    6   0.000    0.020    0.023    0.000    0.000    0.958


Classification Probabilities for the Most Likely Latent Class Membership (Column)
by Latent Class (Row)

           1        2        3        4        5        6

    1   0.978    0.022    0.000    0.000    0.000    0.000
    2   0.000    0.980    0.000    0.000    0.000    0.020
    3   0.000    0.000    0.958    0.028    0.000    0.014
    4   0.000    0.000    0.010    0.971    0.019    0.000
    5   0.000    0.000    0.000    0.034    0.966    0.000
    6   0.000    0.029    0.032    0.000    0.000    0.939


Logits for the Classification Probabilities for the Most Likely Latent Class Membership (Column)
by Latent Class (Row)

              1        2        3        4        5        6

    1     13.793   10.003    0.000    0.000    0.000    0.000
    2     -9.814    3.914   -9.882   -9.882   -9.882    0.000
    3     -9.539   -9.539    4.234    0.691   -9.539    0.000
    4      0.000    0.000    9.223   13.786    9.827    0.000
    5      0.000    0.000    0.000   10.431   13.781    0.000
    6    -13.753   -3.482   -3.390  -13.753  -13.753    0.000


MODEL RESULTS

                                                    Two-Tailed
                    Estimate       S.E.  Est./S.E.    P-Value

Latent Class 1

 Means
    DRIVES            -0.107      0.101     -1.061      0.289
    COGNITION         -0.467      0.121     -3.869      0.000
    AFFECT            -0.257      0.090     -2.860      0.004
    SOCIAL            -0.263      0.086     -3.044      0.002
    BIG_WORDS          0.722      0.129      5.615      0.000
    WPS                0.316      0.152      2.084      0.037
    PCP_ID             6.130      0.563     10.894      0.000
    ROW_NUM           40.552      3.387     11.973      0.000

 Variances
    DRIVES             0.765      0.139      5.487      0.000
    COGNITION          0.992      0.158      6.268      0.000
    AFFECT             0.592      0.094      6.302      0.000
    SOCIAL             0.557      0.078      7.127      0.000
    BIG_WORDS          1.210      0.250      4.842      0.000
    WPS                1.389      0.280      4.954      0.000
    PCP_ID            40.955      1.527     26.817      0.000
    ROW_NUM        10366.025    333.214     31.109      0.000

Latent Class 2

 Means
    DRIVES            -0.042      0.069     -0.606      0.545
    COGNITION         -0.499      0.074     -6.782      0.000
    AFFECT            -0.121      0.071     -1.720      0.085
    SOCIAL             0.117      0.066      1.760      0.078
    BIG_WORDS          0.526      0.072      7.268      0.000
    WPS                0.193      0.077      2.494      0.013
    PCP_ID            39.957      0.980     40.785      0.000
    ROW_NUM          230.013      8.226     27.961      0.000

 Variances
    DRIVES             1.000      0.097     10.328      0.000
    COGNITION          0.954      0.082     11.671      0.000
    AFFECT             0.893      0.102      8.727      0.000
    SOCIAL             0.931      0.093     10.019      0.000
    BIG_WORDS          1.088      0.112      9.695      0.000
    WPS                0.880      0.157      5.612      0.000
    PCP_ID            40.955      1.527     26.817      0.000
    ROW_NUM        10366.025    333.214     31.109      0.000

Latent Class 3

 Means
    DRIVES            -0.056      0.061     -0.924      0.356
    COGNITION          0.222      0.052      4.249      0.000
    AFFECT            -0.025      0.061     -0.419      0.675
    SOCIAL             0.104      0.060      1.727      0.084
    BIG_WORDS         -0.045      0.052     -0.862      0.388
    WPS                0.329      0.059      5.585      0.000
    PCP_ID            90.463      0.486    185.962      0.000
    ROW_NUM          767.673      9.671     79.381      0.000

 Variances
    DRIVES             1.166      0.098     11.912      0.000
    COGNITION          0.912      0.067     13.655      0.000
    AFFECT             1.071      0.102     10.506      0.000
    SOCIAL             1.148      0.094     12.236      0.000
    BIG_WORDS          0.912      0.078     11.709      0.000
    WPS                1.041      0.096     10.814      0.000
    PCP_ID            40.955      1.527     26.817      0.000
    ROW_NUM        10366.025    333.214     31.109      0.000

Latent Class 4

 Means
    DRIVES            -0.128      0.047     -2.703      0.007
    COGNITION         -0.011      0.047     -0.237      0.813
    AFFECT            -0.175      0.060     -2.910      0.004
    SOCIAL             0.065      0.051      1.271      0.204
    BIG_WORDS         -0.040      0.048     -0.839      0.401
    WPS               -0.396      0.034    -11.533      0.000
    PCP_ID           106.813      0.368    290.594      0.000
    ROW_NUM         1166.895     11.628    100.352      0.000

 Variances
    DRIVES             0.841      0.063     13.407      0.000
    COGNITION          0.858      0.062     13.867      0.000
    AFFECT             0.984      0.102      9.653      0.000
    SOCIAL             0.917      0.078     11.755      0.000
    BIG_WORDS          0.835      0.077     10.818      0.000
    WPS                0.406      0.033     12.189      0.000
    PCP_ID            40.955      1.527     26.817      0.000
    ROW_NUM        10366.025    333.214     31.109      0.000

Latent Class 5

 Means
    DRIVES             0.135      0.053      2.535      0.011
    COGNITION          0.068      0.054      1.263      0.207
    AFFECT             0.200      0.059      3.379      0.001
    SOCIAL            -0.113      0.062     -1.823      0.068
    BIG_WORDS         -0.400      0.047     -8.503      0.000
    WPS               -0.560      0.041    -13.754      0.000
    PCP_ID           125.706      0.675    186.259      0.000
    ROW_NUM         1555.423      9.375    165.919      0.000

 Variances
    DRIVES             0.964      0.070     13.769      0.000
    COGNITION          0.887      0.086     10.290      0.000
    AFFECT             0.823      0.105      7.834      0.000
    SOCIAL             1.130      0.090     12.617      0.000
    BIG_WORDS          0.702      0.065     10.795      0.000
    WPS                0.511      0.048     10.737      0.000
    PCP_ID            40.955      1.527     26.817      0.000
    ROW_NUM        10366.025    333.214     31.109      0.000

Latent Class 6

 Means
    DRIVES             0.206      0.072      2.874      0.004
    COGNITION          0.208      0.081      2.556      0.011
    AFFECT             0.274      0.080      3.431      0.001
    SOCIAL            -0.145      0.064     -2.271      0.023
    BIG_WORDS         -0.006      0.073     -0.083      0.934
    WPS                0.770      0.079      9.779      0.000
    PCP_ID            67.266      1.102     61.024      0.000
    ROW_NUM          468.342     10.093     46.402      0.000

 Variances
    DRIVES             1.055      0.106      9.950      0.000
    COGNITION          1.181      0.131      9.027      0.000
    AFFECT             1.194      0.151      7.928      0.000
    SOCIAL             0.837      0.085      9.827      0.000
    BIG_WORDS          1.054      0.092     11.435      0.000
    WPS                1.176      0.121      9.747      0.000
    PCP_ID            40.955      1.527     26.817      0.000
    ROW_NUM        10366.025    333.214     31.109      0.000

Categorical Latent Variables

 Means
    C#1               -1.105      0.140     -7.908      0.000
    C#2               -0.019      0.107     -0.175      0.861
    C#3                0.471      0.092      5.099      0.000
    C#4                0.637      0.092      6.901      0.000
    C#5                0.409      0.096      4.256      0.000


QUALITY OF NUMERICAL RESULTS

     Condition Number for the Information Matrix              0.146E-06
       (ratio of smallest to largest eigenvalue)


PLOT INFORMATION

The following plots are available:

  Histograms (sample values)
  Scatterplots (sample values)
  Estimated overall and class-specific distributions

     Beginning Time:  21:49:15
        Ending Time:  21:49:59
       Elapsed Time:  00:00:44



MUTHEN & MUTHEN
3463 Stoner Ave.
Los Angeles, CA  90066

Tel: (310) 391-9971
Fax: (310) 391-8971
Web: www.StatModel.com
Support: Support@StatModel.com

Copyright (c) 1998-2023 Muthen & Muthen
