Mplus VERSION 8.9 (Mac)
MUTHEN & MUTHEN
07/07/2023   9:52 PM

INPUT INSTRUCTIONS

  TITLE:
  L1_P_9_lpa_freeVar;
  DATA:
  FILE = "mplus_analyses/psych_processV2_WPS/L1_prof_9_ml_lpa_freeVar_enum.dat";

  VARIABLE:
  NAMES = drives cognition affect social big_words wps PCP_ID row_num;
   MISSING=.;
   CLASSES = c(9);
  DEFINE:
  STANDARDIZE drives cognition affect social big_words wps;
  ANALYSIS:
  TYPE = MIXTURE;
      ESTIMATOR=MLR;
      STARTS=1000 50;
      STITERATIONS=50;
      LRTSTARTS=1000 50 1000 50;
      PROCESSORS=4;
  MODEL:
  %OVERALL%
  %C#1%
  [drives cognition affect social big_words wps];
  drives cognition affect social big_words wps;
  %C#2%
  [drives cognition affect social big_words wps];
  drives cognition affect social big_words wps;
  %C#3%
  [drives cognition affect social big_words wps];
  drives cognition affect social big_words wps;
  %C#4%
  [drives cognition affect social big_words wps];
  drives cognition affect social big_words wps;
  %C#5%
  [drives cognition affect social big_words wps];
  drives cognition affect social big_words wps;
  %C#6%
  [drives cognition affect social big_words wps];
  drives cognition affect social big_words wps;
  %C#7%
  [drives cognition affect social big_words wps];
  drives cognition affect social big_words wps;
  %C#8%
  [drives cognition affect social big_words wps];
  drives cognition affect social big_words wps;
  %C#9%
  [drives cognition affect social big_words wps];
  drives cognition affect social big_words wps;
  PLOT:
  type = plot3;



*** WARNING in VARIABLE command
  Note that only the first 8 characters of variable names are used in the output.
  Shorten variable names to avoid any confusion.
*** WARNING in MODEL command
  All variables are uncorrelated with all other variables within class.
  Check that this is what is intended.
*** WARNING in PLOT command
  Note that only the first 8 characters of variable names are used in plots.
  If variable names are not unique within the first 8 characters, problems
  may occur.
   3 WARNING(S) FOUND IN THE INPUT INSTRUCTIONS




L1_P_9_lpa_freeVar;

SUMMARY OF ANALYSIS

Number of groups                                                 1
Number of observations                                        1669

Number of dependent variables                                    8
Number of independent variables                                  0
Number of continuous latent variables                            0
Number of categorical latent variables                           1

Observed dependent variables

  Continuous
   DRIVES      COGNITION   AFFECT      SOCIAL      BIG_WORDS   WPS
   PCP_ID      ROW_NUM

Categorical latent variables
   C


Estimator                                                      MLR
Information matrix                                        OBSERVED
Optimization Specifications for the Quasi-Newton Algorithm for
Continuous Outcomes
  Maximum number of iterations                                 100
  Convergence criterion                                  0.100D-05
Optimization Specifications for the EM Algorithm
  Maximum number of iterations                                 500
  Convergence criteria
    Loglikelihood change                                 0.100D-06
    Relative loglikelihood change                        0.100D-06
    Derivative                                           0.100D-05
Optimization Specifications for the M step of the EM Algorithm for
Categorical Latent variables
  Number of M step iterations                                    1
  M step convergence criterion                           0.100D-05
  Basis for M step termination                           ITERATION
Optimization Specifications for the M step of the EM Algorithm for
Censored, Binary or Ordered Categorical (Ordinal), Unordered
Categorical (Nominal) and Count Outcomes
  Number of M step iterations                                    1
  M step convergence criterion                           0.100D-05
  Basis for M step termination                           ITERATION
  Maximum value for logit thresholds                            15
  Minimum value for logit thresholds                           -15
  Minimum expected cell size for chi-square              0.100D-01
Maximum number of iterations for H1                           2000
Convergence criterion for H1                             0.100D-03
Optimization algorithm                                         EMA
Random Starts Specifications
  Number of initial stage random starts                       1000
  Number of final stage optimizations                           50
  Number of initial stage iterations                            50
  Initial stage convergence criterion                    0.100D+01
  Random starts scale                                    0.500D+01
  Random seed for generating random starts                       0

Input data file(s)
  mplus_analyses/psych_processV2_WPS/L1_prof_9_ml_lpa_freeVar_enum.dat
Input data format  FREE


SUMMARY OF DATA

     Number of missing data patterns             1
     Number of y missing data patterns           1
     Number of u missing data patterns           0


COVARIANCE COVERAGE OF DATA

Minimum covariance coverage value   0.100


     PROPORTION OF DATA PRESENT FOR Y


           Covariance Coverage
              DRIVES        COGNITIO      AFFECT        SOCIAL        BIG_WORD
              ________      ________      ________      ________      ________
 DRIVES         1.000
 COGNITIO       1.000         1.000
 AFFECT         1.000         1.000         1.000
 SOCIAL         1.000         1.000         1.000         1.000
 BIG_WORD       1.000         1.000         1.000         1.000         1.000
 WPS            1.000         1.000         1.000         1.000         1.000
 PCP_ID         1.000         1.000         1.000         1.000         1.000
 ROW_NUM        1.000         1.000         1.000         1.000         1.000


           Covariance Coverage
              WPS           PCP_ID        ROW_NUM
              ________      ________      ________
 WPS            1.000
 PCP_ID         1.000         1.000
 ROW_NUM        1.000         1.000         1.000



UNIVARIATE SAMPLE STATISTICS


     UNIVARIATE HIGHER-ORDER MOMENT DESCRIPTIVE STATISTICS

         Variable/         Mean/     Skewness/   Minimum/ % with                Percentiles
        Sample Size      Variance    Kurtosis    Maximum  Min/Max      20%/60%    40%/80%    Median

     DRIVES                0.000       0.359      -2.667    0.06%      -0.842     -0.284     -0.038
            1669.000       1.000       0.165       3.570    0.06%       0.179      0.792
     COGNITION             0.000       0.212      -3.224    0.06%      -0.832     -0.295     -0.043
            1669.000       1.000       0.288       4.467    0.06%       0.225      0.815
     AFFECT                0.000       0.664      -2.957    0.06%      -0.826     -0.317     -0.092
            1669.000       1.000       0.977       4.395    0.06%       0.152      0.739
     SOCIAL                0.000       0.461      -2.647    0.06%      -0.845     -0.331     -0.078
            1669.000       1.000       0.390       3.994    0.06%       0.174      0.792
     BIG_WORDS             0.000       0.322      -3.518    0.06%      -0.843     -0.291     -0.054
            1669.000       1.000       0.492       4.584    0.06%       0.183      0.838
     WPS                   0.000       0.909      -2.210    0.06%      -0.811     -0.383     -0.168
            1669.000       1.000       1.186       4.848    0.06%       0.084      0.748
     PCP_ID               88.168      -0.798       2.000    0.36%      58.000     90.000     96.000
            1669.000    1099.191      -0.056     142.000    0.42%     105.000    115.000
     ROW_NUM             886.984      -0.034       2.000    0.06%     387.000    724.000    891.000
            1669.000  240167.252      -1.159    1737.000    0.06%    1057.000   1392.000

RANDOM STARTS RESULTS RANKED FROM THE BEST TO THE WORST LOGLIKELIHOOD VALUES


666 perturbed starting value run(s) did not converge or were rejected in the third stage.
Final stage loglikelihood values at local maxima, seeds, and initial stage start numbers:

          -31134.979  355254           796
          -31134.979  138695           783
          -31134.979  737601           891
          -31134.979  4091             548
          -31134.979  29591            633
          -31134.979  968846           970
          -31134.979  30098            209
          -31134.979  605161           409
          -31134.979  953843           651
          -31142.131  922596           456
          -31142.131  246261           38
          -31142.131  851945           18
          -31142.131  417035           149
          -31142.131  726744           939
          -31142.131  588923           606
          -31161.553  339073           841
          -31355.463  748692           204

33 perturbed starting value run(s) did not converge or were rejected in the third stage.



THE BEST LOGLIKELIHOOD VALUE HAS BEEN REPLICATED.  RERUN WITH AT LEAST TWICE THE
RANDOM STARTS TO CHECK THAT THE BEST LOGLIKELIHOOD IS STILL OBTAINED AND REPLICATED.


THE MODEL ESTIMATION TERMINATED NORMALLY



MODEL FIT INFORMATION

Number of Free Parameters                      136

Loglikelihood

          H0 Value                      -31134.979
          H0 Scaling Correction Factor      1.2727
            for MLR

Information Criteria

          Akaike (AIC)                   62541.957
          Bayesian (BIC)                 63279.075
          Sample-Size Adjusted BIC       62847.022
            (n* = (n + 2) / 24)



FINAL CLASS COUNTS AND PROPORTIONS FOR THE LATENT CLASSES
BASED ON THE ESTIMATED MODEL

    Latent
   Classes

       1        175.86858          0.10537
       2        160.92140          0.09642
       3        288.99496          0.17315
       4        161.77474          0.09693
       5        184.31910          0.11044
       6         74.00548          0.04434
       7        125.09891          0.07495
       8        262.73802          0.15742
       9        235.27883          0.14097


FINAL CLASS COUNTS AND PROPORTIONS FOR THE LATENT CLASSES
BASED ON ESTIMATED POSTERIOR PROBABILITIES

    Latent
   Classes

       1        175.86858          0.10537
       2        160.92140          0.09642
       3        288.99496          0.17315
       4        161.77474          0.09693
       5        184.31910          0.11044
       6         74.00548          0.04434
       7        125.09891          0.07495
       8        262.73802          0.15742
       9        235.27883          0.14097


FINAL CLASS COUNTS AND PROPORTIONS FOR THE LATENT CLASSES
BASED ON THEIR MOST LIKELY LATENT CLASS MEMBERSHIP

Class Counts and Proportions

    Latent
   Classes

       1              170          0.10186
       2              163          0.09766
       3              291          0.17436
       4              162          0.09706
       5              182          0.10905
       6               74          0.04434
       7              124          0.07430
       8              265          0.15878
       9              238          0.14260


CLASSIFICATION QUALITY

     Entropy                         0.950


Average Latent Class Probabilities for Most Likely Latent Class Membership (Row)
by Latent Class (Column)

           1        2        3        4        5        6        7        8        9

    1   0.949    0.000    0.014    0.000    0.000    0.000    0.000    0.037    0.000
    2   0.000    0.971    0.000    0.029    0.000    0.000    0.000    0.000    0.000
    3   0.015    0.000    0.965    0.000    0.020    0.000    0.000    0.000    0.000
    4   0.000    0.017    0.000    0.949    0.035    0.000    0.000    0.000    0.000
    5   0.000    0.000    0.032    0.018    0.950    0.000    0.000    0.000    0.000
    6   0.000    0.000    0.000    0.000    0.000    1.000    0.000    0.000    0.000
    7   0.000    0.000    0.000    0.000    0.000    0.000    0.951    0.000    0.049
    8   0.039    0.000    0.000    0.000    0.000    0.000    0.000    0.940    0.021
    9   0.000    0.000    0.000    0.000    0.000    0.000    0.030    0.031    0.939



Classification Probabilities for the Most Likely Latent Class Membership (Column)
by Latent Class (Row)

           1        2        3        4        5        6        7        8        9

    1   0.917    0.000    0.025    0.000    0.000    0.000    0.000    0.058    0.000
    2   0.000    0.983    0.000    0.017    0.000    0.000    0.000    0.000    0.000
    3   0.008    0.000    0.972    0.000    0.020    0.000    0.000    0.000    0.000
    4   0.000    0.029    0.000    0.950    0.020    0.000    0.000    0.000    0.000
    5   0.000    0.000    0.032    0.030    0.938    0.000    0.000    0.000    0.000
    6   0.000    0.000    0.000    0.000    0.000    1.000    0.000    0.000    0.000
    7   0.000    0.000    0.000    0.000    0.000    0.000    0.943    0.000    0.057
    8   0.024    0.000    0.000    0.000    0.000    0.000    0.000    0.948    0.028
    9   0.000    0.000    0.000    0.000    0.000    0.000    0.026    0.024    0.950



Logits for the Classification Probabilities for the Most Likely Latent Class Membership (Column)
by Latent Class (Row)

              1        2        3        4        5        6        7        8        9

    1     13.729    0.000   10.116    0.000    0.000    0.000    0.000   10.969    0.000
    2      0.000   13.799    0.000    9.727    0.000    0.000    0.000    0.000    0.000
    3      9.011    0.000   13.787    0.000    9.912    0.000    0.000    0.000    0.000
    4      0.000   10.292    0.000   13.764    9.925    0.000    0.000    0.000    0.000
    5      0.000    0.000   10.366   10.322   13.751    0.000    0.000    0.000    0.000
    6      0.000    4.304    0.000    0.000    0.000   13.815    0.000    0.000    0.000
    7    -10.951  -10.951  -10.951  -10.951  -10.951  -10.951    2.806  -10.951    0.000
    8     -0.147  -10.235  -10.235  -10.235  -10.235  -10.235  -10.235    3.528    0.000
    9    -13.764  -13.764  -13.764  -13.764  -13.764  -13.764   -3.612   -3.670    0.000



MODEL RESULTS

                                                    Two-Tailed
                    Estimate       S.E.  Est./S.E.    P-Value

Latent Class 1

 Means
    DRIVES            -0.357      0.081     -4.394      0.000
    COGNITION          0.125      0.081      1.543      0.123
    AFFECT             0.127      0.091      1.399      0.162
    SOCIAL            -0.346      0.083     -4.188      0.000
    BIG_WORDS         -0.200      0.081     -2.471      0.013
    WPS               -0.516      0.057     -8.998      0.000
    PCP_ID           102.553      0.384    266.965      0.000
    ROW_NUM         1015.824      8.839    114.929      0.000

 Variances
    DRIVES             0.778      0.115      6.772      0.000
    COGNITION          0.964      0.098      9.816      0.000
    AFFECT             0.998      0.118      8.436      0.000
    SOCIAL             0.670      0.091      7.372      0.000
    BIG_WORDS          0.998      0.160      6.244      0.000
    WPS                0.448      0.064      7.043      0.000
    PCP_ID            19.441      0.904     21.495      0.000
    ROW_NUM         4345.542    267.823     16.225      0.000

Latent Class 2

 Means
    DRIVES            -0.089      0.081     -1.097      0.273
    COGNITION         -0.312      0.091     -3.442      0.001
    AFFECT            -0.208      0.073     -2.845      0.004
    SOCIAL             0.156      0.077      2.013      0.044
    BIG_WORDS          0.589      0.088      6.712      0.000
    WPS                0.361      0.090      4.011      0.000
    PCP_ID            35.643      1.263     28.223      0.000
    ROW_NUM          193.849     10.611     18.268      0.000

 Variances
    DRIVES             0.971      0.121      8.006      0.000
    COGNITION          0.898      0.100      8.962      0.000
    AFFECT             0.769      0.113      6.804      0.000
    SOCIAL             0.890      0.110      8.126      0.000
    BIG_WORDS          1.170      0.153      7.652      0.000
    WPS                0.953      0.157      6.080      0.000
    PCP_ID            19.441      0.904     21.495      0.000
    ROW_NUM         4345.542    267.823     16.225      0.000

Latent Class 3

 Means
    DRIVES            -0.002      0.067     -0.031      0.975
    COGNITION          0.221      0.073      3.019      0.003
    AFFECT            -0.003      0.064     -0.044      0.965
    SOCIAL             0.130      0.068      1.910      0.056
    BIG_WORDS          0.035      0.062      0.567      0.571
    WPS                0.428      0.062      6.882      0.000
    PCP_ID            91.360      0.631    144.851      0.000
    ROW_NUM          782.310     14.184     55.156      0.000

 Variances
    DRIVES             1.158      0.109     10.659      0.000
    COGNITION          0.916      0.087     10.529      0.000
    AFFECT             1.067      0.113      9.464      0.000
    SOCIAL             1.137      0.108     10.544      0.000
    BIG_WORDS          0.836      0.090      9.246      0.000
    WPS                1.023      0.109      9.403      0.000
    PCP_ID            19.441      0.904     21.495      0.000
    ROW_NUM         4345.542    267.823     16.225      0.000

Latent Class 4

 Means
    DRIVES             0.065      0.091      0.713      0.476
    COGNITION         -0.185      0.144     -1.286      0.198
    AFFECT             0.312      0.097      3.220      0.001
    SOCIAL             0.005      0.095      0.048      0.962
    BIG_WORDS          0.092      0.168      0.550      0.583
    WPS                0.297      0.117      2.544      0.011
    PCP_ID            55.994      2.690     20.814      0.000
    ROW_NUM          367.129     23.325     15.740      0.000

 Variances
    DRIVES             0.972      0.128      7.616      0.000
    COGNITION          1.530      0.218      7.021      0.000
    AFFECT             1.387      0.229      6.059      0.000
    SOCIAL             0.914      0.123      7.458      0.000
    BIG_WORDS          0.969      0.117      8.302      0.000
    WPS                1.171      0.146      8.002      0.000
    PCP_ID            19.441      0.904     21.495      0.000
    ROW_NUM         4345.542    267.823     16.225      0.000

Latent Class 5

 Means
    DRIVES             0.198      0.115      1.731      0.083
    COGNITION          0.152      0.137      1.112      0.266
    AFFECT            -0.017      0.080     -0.210      0.834
    SOCIAL            -0.095      0.087     -1.084      0.278
    BIG_WORDS         -0.055      0.091     -0.602      0.547
    WPS                0.666      0.084      7.929      0.000
    PCP_ID            75.361      2.610     28.874      0.000
    ROW_NUM          544.295     25.981     20.950      0.000

 Variances
    DRIVES             1.191      0.118     10.063      0.000
    COGNITION          1.005      0.125      8.056      0.000
    AFFECT             0.957      0.136      7.039      0.000
    SOCIAL             0.956      0.136      7.020      0.000
    BIG_WORDS          1.161      0.115     10.109      0.000
    WPS                1.106      0.136      8.145      0.000
    PCP_ID            19.441      0.904     21.495      0.000
    ROW_NUM         4345.542    267.823     16.225      0.000

Latent Class 6

 Means
    DRIVES            -0.100      0.102     -0.983      0.326
    COGNITION         -0.486      0.115     -4.226      0.000
    AFFECT            -0.250      0.090     -2.786      0.005
    SOCIAL            -0.262      0.087     -3.007      0.003
    BIG_WORDS          0.720      0.128      5.607      0.000
    WPS                0.296      0.135      2.201      0.028
    PCP_ID             5.677      0.265     21.453      0.000
    ROW_NUM           38.776      2.537     15.282      0.000

 Variances
    DRIVES             0.771      0.139      5.531      0.000
    COGNITION          0.979      0.155      6.309      0.000
    AFFECT             0.596      0.093      6.427      0.000
    SOCIAL             0.561      0.079      7.067      0.000
    BIG_WORDS          1.221      0.254      4.815      0.000
    WPS                1.341      0.209      6.420      0.000
    PCP_ID            19.441      0.904     21.495      0.000
    ROW_NUM         4345.542    267.823     16.225      0.000

Latent Class 7

 Means
    DRIVES            -0.262      0.085     -3.078      0.002
    COGNITION          0.363      0.116      3.125      0.002
    AFFECT            -0.024      0.114     -0.209      0.834
    SOCIAL            -0.768      0.099     -7.774      0.000
    BIG_WORDS         -0.354      0.124     -2.843      0.004
    WPS               -0.401      0.107     -3.741      0.000
    PCP_ID           134.189      1.389     96.616      0.000
    ROW_NUM         1666.942     12.007    138.831      0.000

 Variances
    DRIVES             0.766      0.095      8.026      0.000
    COGNITION          1.064      0.192      5.555      0.000
    AFFECT             0.699      0.138      5.051      0.000
    SOCIAL             0.787      0.133      5.920      0.000
    BIG_WORDS          0.703      0.100      7.003      0.000
    WPS                0.658      0.092      7.153      0.000
    PCP_ID            19.441      0.904     21.495      0.000
    ROW_NUM         4345.542    267.823     16.225      0.000

Latent Class 8

 Means
    DRIVES            -0.022      0.061     -0.357      0.721
    COGNITION         -0.062      0.060     -1.032      0.302
    AFFECT            -0.370      0.075     -4.900      0.000
    SOCIAL             0.265      0.065      4.083      0.000
    BIG_WORDS          0.078      0.062      1.270      0.204
    WPS               -0.305      0.042     -7.269      0.000
    PCP_ID           108.441      0.409    264.874      0.000
    ROW_NUM         1233.770     13.098     94.197      0.000

 Variances
    DRIVES             0.860      0.089      9.618      0.000
    COGNITION          0.781      0.078     10.014      0.000
    AFFECT             0.846      0.095      8.884      0.000
    SOCIAL             0.965      0.101      9.525      0.000
    BIG_WORDS          0.700      0.064     10.984      0.000
    WPS                0.400      0.045      8.907      0.000
    PCP_ID            19.441      0.904     21.495      0.000
    ROW_NUM         4345.542    267.823     16.225      0.000

Latent Class 9

 Means
    DRIVES             0.325      0.067      4.886      0.000
    COGNITION         -0.114      0.061     -1.873      0.061
    AFFECT             0.354      0.065      5.426      0.000
    SOCIAL             0.258      0.081      3.181      0.001
    BIG_WORDS         -0.442      0.066     -6.695      0.000
    WPS               -0.653      0.062    -10.531      0.000
    PCP_ID           120.410      0.979    123.051      0.000
    ROW_NUM         1484.073     17.268     85.943      0.000

 Variances
    DRIVES             0.935      0.085     11.007      0.000
    COGNITION          0.707      0.073      9.647      0.000
    AFFECT             0.897      0.107      8.375      0.000
    SOCIAL             0.922      0.097      9.517      0.000
    BIG_WORDS          0.697      0.091      7.671      0.000
    WPS                0.396      0.055      7.239      0.000
    PCP_ID            19.441      0.904     21.495      0.000
    ROW_NUM         4345.542    267.823     16.225      0.000

Categorical Latent Variables

 Means
    C#1               -0.291      0.121     -2.399      0.016
    C#2               -0.380      0.154     -2.469      0.014
    C#3                0.206      0.115      1.783      0.075
    C#4               -0.375      0.135     -2.777      0.005
    C#5               -0.244      0.118     -2.073      0.038
    C#6               -1.157      0.140     -8.247      0.000
    C#7               -0.632      0.209     -3.021      0.003
    C#8                0.110      0.102      1.083      0.279


QUALITY OF NUMERICAL RESULTS

     Condition Number for the Information Matrix              0.413E-06
       (ratio of smallest to largest eigenvalue)


PLOT INFORMATION

The following plots are available:

  Histograms (sample values)
  Scatterplots (sample values)
  Estimated overall and class-specific distributions

     Beginning Time:  21:52:06
        Ending Time:  21:53:12
       Elapsed Time:  00:01:06



MUTHEN & MUTHEN
3463 Stoner Ave.
Los Angeles, CA  90066

Tel: (310) 391-9971
Fax: (310) 391-8971
Web: www.StatModel.com
Support: Support@StatModel.com

Copyright (c) 1998-2023 Muthen & Muthen
