Mplus VERSION 8.9 (Mac)
MUTHEN & MUTHEN
07/07/2023   9:57 PM

INPUT INSTRUCTIONS

  TITLE:
  L2_4_P_3_lpa_freeVar;
  DATA:
  FILE = "mplus_analyses/psych_processV2_WPS/L2_4_P_3_ml_lpa_freeVar.dat";

  VARIABLE:
  NAMES = drives cognition affect social big_words wps PCP_ID row_num;
   MISSING=.;
   IDVARIABLE IS row_num;
  CLASSES = BC(4) c(3);
  CLUSTER IS PCP_ID;
  WITHIN ARE drives cognition affect social big_words wps;
  BETWEEN ARE BC;
  DEFINE:
  STANDARDIZE drives cognition affect social big_words wps;
  ANALYSIS:
  TYPE = MIXTURE TWOLEVEL;
      ESTIMATOR=MLR;
      STARTS=1000 200;
      STITERATIONS=50;
      LRTSTARTS=1000 50 1000 50;
      PROCESSORS=4;
  MODEL:
  %WITHIN%
  %OVERALL%
  %BETWEEN%
  %OVERALL%
  c ON BC;
  MODEL c:
  %WITHIN%
  %C#1%
  [drives cognition affect social big_words wps];
  drives cognition affect social big_words wps;
  %C#2%
  [drives cognition affect social big_words wps];
  drives cognition affect social big_words wps;
  %C#3%
  [drives cognition affect social big_words wps];
  drives cognition affect social big_words wps;
  SAVEDATA:
  file=mlLpa_L2_4_L1_3.dat;
  save=cprob;
  TECH4 IS tech4.dat;
  PLOT:
  type = plot3;



*** WARNING in VARIABLE command
  Note that only the first 8 characters of variable names are used in the output.
  Shorten variable names to avoid any confusion.
*** WARNING in MODEL command
  Variable is uncorrelated with all other variables within class: DRIVES
*** WARNING in MODEL command
  Variable is uncorrelated with all other variables within class: COGNITION
*** WARNING in MODEL command
  Variable is uncorrelated with all other variables within class: AFFECT
*** WARNING in MODEL command
  Variable is uncorrelated with all other variables within class: SOCIAL
*** WARNING in MODEL command
  Variable is uncorrelated with all other variables within class: BIG_WORDS
*** WARNING in MODEL command
  Variable is uncorrelated with all other variables within class: WPS
*** WARNING in MODEL command
  At least one variable is uncorrelated with all other variables within class.
  Check that this is what is intended.
*** WARNING in PLOT command
  Note that only the first 8 characters of variable names are used in plots.
  If variable names are not unique within the first 8 characters, problems
  may occur.
   9 WARNING(S) FOUND IN THE INPUT INSTRUCTIONS




L2_4_P_3_lpa_freeVar;

SUMMARY OF ANALYSIS

Number of groups                                                 1
Number of observations                                        1669

Number of dependent variables                                    6
Number of independent variables                                  0
Number of continuous latent variables                            0
Number of categorical latent variables                           2

Observed dependent variables

  Continuous
   DRIVES      COGNITION   AFFECT      SOCIAL      BIG_WORDS   WPS

Categorical latent variables
   BC          C

Variables with special functions

  Cluster variable      PCP_ID
  ID variable           ROW_NUM

  Within variables
   DRIVES      COGNITIO    AFFECT      SOCIAL      BIG_WORD    WPS


Estimator                                                      MLR
Information matrix                                        OBSERVED
Optimization Specifications for the Quasi-Newton Algorithm for
Continuous Outcomes
  Maximum number of iterations                                 100
  Convergence criterion                                  0.100D-05
Optimization Specifications for the EM Algorithm
  Maximum number of iterations                                 500
  Convergence criteria
    Loglikelihood change                                 0.100D-02
    Relative loglikelihood change                        0.100D-05
    Derivative                                           0.100D-02
Optimization Specifications for the M step of the EM Algorithm for
Categorical Latent variables
  Number of M step iterations                                    1
  M step convergence criterion                           0.100D-02
  Basis for M step termination                           ITERATION
Optimization Specifications for the M step of the EM Algorithm for
Censored, Binary or Ordered Categorical (Ordinal), Unordered
Categorical (Nominal) and Count Outcomes
  Number of M step iterations                                    1
  M step convergence criterion                           0.100D-02
  Basis for M step termination                           ITERATION
  Maximum value for logit thresholds                            15
  Minimum value for logit thresholds                           -15
  Minimum expected cell size for chi-square              0.100D-01
Maximum number of iterations for H1                           2000
Convergence criterion for H1                             0.100D-03
Optimization algorithm                                         EMA
Integration Specifications
  Type                                                    STANDARD
  Number of integration points                                  15
  Dimensions of numerical integration                            0
  Adaptive quadrature                                           ON
Random Starts Specifications
  Number of initial stage random starts                       1000
  Number of final stage optimizations                          200
  Number of initial stage iterations                            50
  Initial stage convergence criterion                    0.100D+01
  Random starts scale                                    0.500D+01
  Random seed for generating random starts                       0
Parameterization                                             LOGIT
Cholesky                                                       OFF

Input data file(s)
  mplus_analyses/psych_processV2_WPS/L2_4_P_3_ml_lpa_freeVar.dat
Input data format  FREE


SUMMARY OF DATA

     Number of missing data patterns             1
     Number of y missing data patterns           1
     Number of u missing data patterns           0
     Number of clusters                        116



COVARIANCE COVERAGE OF DATA

Minimum covariance coverage value   0.100


     PROPORTION OF DATA PRESENT FOR Y


           Covariance Coverage
              DRIVES        COGNITIO      AFFECT        SOCIAL        BIG_WORD
              ________      ________      ________      ________      ________
 DRIVES         1.000
 COGNITIO       1.000         1.000
 AFFECT         1.000         1.000         1.000
 SOCIAL         1.000         1.000         1.000         1.000
 BIG_WORD       1.000         1.000         1.000         1.000         1.000
 WPS            1.000         1.000         1.000         1.000         1.000


           Covariance Coverage
              WPS
              ________
 WPS            1.000



UNIVARIATE SAMPLE STATISTICS


     UNIVARIATE HIGHER-ORDER MOMENT DESCRIPTIVE STATISTICS

         Variable/         Mean/     Skewness/   Minimum/ % with                Percentiles
        Sample Size      Variance    Kurtosis    Maximum  Min/Max      20%/60%    40%/80%    Median

     DRIVES                0.000       0.359      -2.667    0.06%      -0.842     -0.284     -0.038
            1669.000       1.000       0.165       3.570    0.06%       0.179      0.792
     COGNITION             0.000       0.212      -3.224    0.06%      -0.832     -0.295     -0.043
            1669.000       1.000       0.288       4.467    0.06%       0.225      0.815
     AFFECT                0.000       0.664      -2.957    0.06%      -0.826     -0.317     -0.092
            1669.000       1.000       0.977       4.395    0.06%       0.152      0.739
     SOCIAL                0.000       0.461      -2.647    0.06%      -0.845     -0.331     -0.078
            1669.000       1.000       0.390       3.994    0.06%       0.174      0.792
     BIG_WORDS             0.000       0.322      -3.518    0.06%      -0.843     -0.291     -0.054
            1669.000       1.000       0.492       4.584    0.06%       0.183      0.838
     WPS                   0.000       0.909      -2.210    0.06%      -0.811     -0.383     -0.168
            1669.000       1.000       1.186       4.848    0.06%       0.084      0.748

RANDOM STARTS RESULTS RANKED FROM THE BEST TO THE WORST LOGLIKELIHOOD VALUES


2 perturbed starting value run(s) did not converge or were rejected in the third stage.
Final stage loglikelihood values at local maxima, seeds, and initial stage start numbers:

          -13447.753  732596           320
          -13447.754  312587           775
          -13447.754  86651            993
          -13447.754  11397            944
          -13447.755  286735           175
          -13447.755  926283           269
          -13447.755  848890           95
          -13447.755  455617           242
          -13447.755  669639           699
          -13447.755  679832           302
          -13447.755  476498           179
          -13447.755  345726           461
          -13447.755  263049           454
          -13447.755  616917           261
          -13447.755  36714            201
          -13447.755  860102           495
          -13447.755  545140           278
          -13447.756  668003           647
          -13447.756  714997           399
          -13447.756  791396           243
          -13447.756  648035           836
          -13447.756  371737           532
          -13447.756  872743           374
          -13447.756  977800           853
          -13447.756  91231            727
          -13447.757  268217           83
          -13447.757  881886           608
          -13447.757  663090           906
          -13447.758  213189           605
          -13447.758  563002           360
          -13447.758  903420           5
          -13447.758  40340            188
          -13447.759  21345            199
          -13447.759  726035           191
          -13447.759  51375            148
          -13447.759  227563           63
          -13447.759  789985           67
          -13447.760  809240           543
          -13447.761  79945            395
          -13447.761  580539           786
          -13447.761  782200           84
          -13447.761  566739           575
          -13447.762  987560           985
          -13447.762  884242           957
          -13447.762  662983           666
          -13447.762  679448           937
          -13447.763  724519           333
          -13447.763  392766           331
          -13447.763  425149           878
          -13447.763  50983            834
          -13447.763  871438           561
          -13447.764  792993           859
          -13447.764  637345           19
          -13447.764  699554           427
          -13447.765  638611           524
          -13447.765  22362            365
          -13447.765  109357           765
          -13447.765  241299           912
          -13447.765  723775           97
          -13447.765  440841           118
          -13447.765  140442           500
          -13447.765  876943           650
          -13447.766  900921           984
          -13447.766  953843           651
          -13455.521  7195             697
          -13455.521  267983           228
          -13455.521  791285           416
          -13455.521  467561           819
          -13455.522  276696           676
          -13455.522  791678           974
          -13455.522  741484           441
          -13455.522  421731           886
          -13455.522  871722           355
          -13455.522  328661           813
          -13455.522  185071           370
          -13455.522  605358           321
          -13455.522  739214           807
          -13455.522  652266           490
          -13455.522  840078           203
          -13455.522  980970           894
          -13455.522  126371           526
          -13455.522  69413            472
          -13455.522  850112           922
          -13455.522  253358           2
          -13455.522  348637           749
          -13455.522  462821           745
          -13455.522  596257           405
          -13455.522  327475           518
          -13455.522  213532           503
          -13455.523  742609           531
          -13455.523  931874           141
          -13455.523  403801           762
          -13455.523  836066           372
          -13455.523  180889           920
          -13455.523  136842           58
          -13455.523  193042           316
          -13455.523  400319           887
          -13455.523  569338           755
          -13455.523  552272           654
          -13455.523  315029           471
          -13455.523  686482           215
          -13455.523  404042           675
          -13455.523  97158            205
          -13455.523  431271           943
          -13455.523  599729           658
          -13455.523  579138           706
          -13455.523  580181           691
          -13455.523  237332           661
          -13455.523  657994           788
          -13455.523  638577           769
          -13455.523  928287           197
          -13455.523  341519           653
          -13455.523  420910           928
          -13455.523  804616           868
          -13455.523  961454           665
          -13455.523  59963            670
          -13455.523  349360           464
          -13455.524  694303           282
          -13455.524  407168           44
          -13455.524  856612           700
          -13455.524  645052           910
          -13455.524  790059           469
          -13455.524  483369           270
          -13455.524  109946           771
          -13455.524  313407           132
          -13455.524  582296           452
          -13455.524  584397           428
          -13455.524  391368           802
          -13455.524  617658           660
          -13455.525  727176           861
          -13455.525  566687           597
          -13455.526  900268           327
          -13455.530  273992           349
          -13455.532  595759           997
          -13455.533  214681           824
          -13455.538  414284           158
          -13455.541  220492           743
          -13455.542  121425           511
          -13455.543  377584           630
          -13455.559  570908           98
          -13455.562  622173           992
          -13455.563  802928           892
          -13457.430  529455           268
          -13457.431  349562           359
          -13457.431  408713           450
          -13457.432  544048           87
          -13457.433  399380           436
          -13457.434  354624           448
          -13457.435  650354           577
          -13457.435  700349           401
          -13457.435  120506           45
          -13457.435  830529           279
          -13457.436  105656           909
          -13457.436  978061           488
          -13457.437  92564            583
          -13457.680  546943           865
          -13457.685  617243           237
          -13457.686  625191           350
          -13457.691  211281           292
          -13457.691  3307             735
          -13457.692  519357           559
          -13457.692  265218           924
          -13457.693  891347           504
          -13457.694  415931           10
          -13457.695  573096           20
          -13457.695  39810            966
          -13457.918  926762           704
          -13457.924  760531           550
          -13457.930  131063           843
          -13457.930  587946           120
          -13457.930  659773           663
          -13459.546  59674            240
          -13459.547  804660           260
          -13459.548  650371           14
          -13459.548  618000           190
          -13459.548  637095           207
          -13459.548  635245           121
          -13459.549  765586           709
          -13459.550  939870           655
          -13459.550  314034           513
          -13459.550  178031           720
          -13463.351  371246           101

18 perturbed starting value run(s) did not converge or were rejected in the third stage.



THE BEST LOGLIKELIHOOD VALUE HAS BEEN REPLICATED.  RERUN WITH AT LEAST TWICE THE
RANDOM STARTS TO CHECK THAT THE BEST LOGLIKELIHOOD IS STILL OBTAINED AND REPLICATED.

     ONE OR MORE MULTINOMIAL LOGIT PARAMETERS WERE FIXED TO AVOID SINGULARITY
     OF THE INFORMATION MATRIX.  THE SINGULARITY IS MOST LIKELY BECAUSE THE
     MODEL IS NOT IDENTIFIED, OR BECAUSE OF EMPTY CELLS IN THE JOINT
     DISTRIBUTION OF THE CATEGORICAL LATENT VARIABLES AND ANY INDEPENDENT
     VARIABLES.  THE FOLLOWING PARAMETERS WERE FIXED:
     Parameter 43, %BETWEEN%: C#2 ON BC#1
     Parameter 47, %BETWEEN%: C#2 ON BC#3


THE MODEL ESTIMATION TERMINATED NORMALLY



MODEL FIT INFORMATION

Number of Free Parameters                       47

Loglikelihood

          H0 Value                      -13447.753
          H0 Scaling Correction Factor      3.7741
            for MLR

Information Criteria

          Akaike (AIC)                   26989.506
          Bayesian (BIC)                 27244.245
          Sample-Size Adjusted BIC       27094.932
            (n* = (n + 2) / 24)



MODEL RESULTS USE THE LATENT CLASS VARIABLE ORDER

   BC  C


FINAL CLASS COUNTS AND PROPORTIONS FOR THE LATENT CLASS PATTERNS
BASED ON ESTIMATED POSTERIOR PROBABILITIES

  Latent Class
    Pattern

    1  1        253.50886          0.15189
    1  2          0.07035          0.00004
    1  3        158.51780          0.09498
    2  1         48.97355          0.02934
    2  2        393.11096          0.23554
    2  3         11.26356          0.00675
    3  1        463.52875          0.27773
    3  2          4.66219          0.00279
    3  3          4.57282          0.00274
    4  1         12.88901          0.00772
    4  2          0.00005          0.00000
    4  3        317.90210          0.19047


FINAL CLASS COUNTS AND PROPORTIONS FOR EACH LATENT CLASS VARIABLE
BASED ON ESTIMATED POSTERIOR PROBABILITIES

  Latent Class
    Variable    Class

    BC             1       412.09702          0.24691
                   2       453.34805          0.27163
                   3       472.76376          0.28326
                   4       330.79117          0.19820
    C              1       778.90021          0.46669
                   2       397.84357          0.23837
                   3       492.25629          0.29494


FINAL CLASS COUNTS AND PROPORTIONS FOR THE LATENT CLASS PATTERNS
BASED ON THEIR MOST LIKELY LATENT CLASS PATTERN

Class Counts and Proportions

  Latent Class
    Pattern

    1  1              286          0.17136
    1  2                0          0.00000
    1  3              134          0.08029
    2  1               31          0.01857
    2  2              422          0.25285
    2  3                3          0.00180
    3  1              449          0.26902
    3  2                2          0.00120
    3  3                3          0.00180
    4  1               10          0.00599
    4  2                0          0.00000
    4  3              329          0.19712


FINAL CLASS COUNTS AND PROPORTIONS FOR EACH LATENT CLASS VARIABLE
BASED ON THEIR MOST LIKELY LATENT CLASS PATTERN

  Latent Class
    Variable    Class

    BC             1             420          0.25165
                   2             456          0.27322
                   3             454          0.27202
                   4             339          0.20312
    C              1             776          0.46495
                   2             424          0.25404
                   3             469          0.28101


CLASSIFICATION QUALITY

     Entropy                         0.860


MODEL RESULTS

                                                    Two-Tailed
                    Estimate       S.E.  Est./S.E.    P-Value

Within Level

Latent Class Pattern 1 1

 Means
    DRIVES             0.042      0.110      0.385      0.700
    COGNITION         -0.197      0.109     -1.814      0.070
    AFFECT             0.407      0.075      5.398      0.000
    SOCIAL             0.108      0.121      0.899      0.369
    BIG_WORDS         -0.343      0.103     -3.337      0.001
    WPS               -0.653      0.099     -6.567      0.000

 Variances
    DRIVES             0.946      0.102      9.283      0.000
    COGNITION          0.796      0.074     10.781      0.000
    AFFECT             1.038      0.101     10.254      0.000
    SOCIAL             0.961      0.083     11.632      0.000
    BIG_WORDS          0.759      0.074     10.223      0.000
    WPS                0.297      0.044      6.680      0.000

Latent Class Pattern 1 2

 Means
    DRIVES            -0.364      0.129     -2.834      0.005
    COGNITION         -0.164      0.150     -1.092      0.275
    AFFECT            -0.857      0.076    -11.282      0.000
    SOCIAL             0.185      0.183      1.007      0.314
    BIG_WORDS          0.288      0.139      2.078      0.038
    WPS                0.206      0.203      1.014      0.310

 Variances
    DRIVES             1.008      0.108      9.306      0.000
    COGNITION          0.986      0.108      9.127      0.000
    AFFECT             0.421      0.044      9.568      0.000
    SOCIAL             1.363      0.197      6.908      0.000
    BIG_WORDS          0.995      0.153      6.501      0.000
    WPS                0.636      0.207      3.065      0.002

Latent Class Pattern 1 3

 Means
    DRIVES             0.227      0.096      2.359      0.018
    COGNITION          0.444      0.120      3.686      0.000
    AFFECT             0.048      0.079      0.615      0.538
    SOCIAL            -0.321      0.087     -3.705      0.000
    BIG_WORDS          0.310      0.126      2.469      0.014
    WPS                0.865      0.157      5.517      0.000

 Variances
    DRIVES             0.917      0.097      9.437      0.000
    COGNITION          1.054      0.122      8.621      0.000
    AFFECT             0.552      0.069      8.002      0.000
    SOCIAL             0.619      0.068      9.077      0.000
    BIG_WORDS          1.035      0.122      8.497      0.000
    WPS                0.949      0.090     10.569      0.000

Latent Class Pattern 2 1

 Means
    DRIVES             0.042      0.110      0.385      0.700
    COGNITION         -0.197      0.109     -1.814      0.070
    AFFECT             0.407      0.075      5.398      0.000
    SOCIAL             0.108      0.121      0.899      0.369
    BIG_WORDS         -0.343      0.103     -3.337      0.001
    WPS               -0.653      0.099     -6.567      0.000

 Variances
    DRIVES             0.946      0.102      9.283      0.000
    COGNITION          0.796      0.074     10.781      0.000
    AFFECT             1.038      0.101     10.254      0.000
    SOCIAL             0.961      0.083     11.632      0.000
    BIG_WORDS          0.759      0.074     10.223      0.000
    WPS                0.297      0.044      6.680      0.000

Latent Class Pattern 2 2

 Means
    DRIVES            -0.364      0.129     -2.834      0.005
    COGNITION         -0.164      0.150     -1.092      0.275
    AFFECT            -0.857      0.076    -11.282      0.000
    SOCIAL             0.185      0.183      1.007      0.314
    BIG_WORDS          0.288      0.139      2.078      0.038
    WPS                0.206      0.203      1.014      0.310

 Variances
    DRIVES             1.008      0.108      9.306      0.000
    COGNITION          0.986      0.108      9.127      0.000
    AFFECT             0.421      0.044      9.568      0.000
    SOCIAL             1.363      0.197      6.908      0.000
    BIG_WORDS          0.995      0.153      6.501      0.000
    WPS                0.636      0.207      3.065      0.002

Latent Class Pattern 2 3

 Means
    DRIVES             0.227      0.096      2.359      0.018
    COGNITION          0.444      0.120      3.686      0.000
    AFFECT             0.048      0.079      0.615      0.538
    SOCIAL            -0.321      0.087     -3.705      0.000
    BIG_WORDS          0.310      0.126      2.469      0.014
    WPS                0.865      0.157      5.517      0.000

 Variances
    DRIVES             0.917      0.097      9.437      0.000
    COGNITION          1.054      0.122      8.621      0.000
    AFFECT             0.552      0.069      8.002      0.000
    SOCIAL             0.619      0.068      9.077      0.000
    BIG_WORDS          1.035      0.122      8.497      0.000
    WPS                0.949      0.090     10.569      0.000

Latent Class Pattern 3 1

 Means
    DRIVES             0.042      0.110      0.385      0.700
    COGNITION         -0.197      0.109     -1.814      0.070
    AFFECT             0.407      0.075      5.398      0.000
    SOCIAL             0.108      0.121      0.899      0.369
    BIG_WORDS         -0.343      0.103     -3.337      0.001
    WPS               -0.653      0.099     -6.567      0.000

 Variances
    DRIVES             0.946      0.102      9.283      0.000
    COGNITION          0.796      0.074     10.781      0.000
    AFFECT             1.038      0.101     10.254      0.000
    SOCIAL             0.961      0.083     11.632      0.000
    BIG_WORDS          0.759      0.074     10.223      0.000
    WPS                0.297      0.044      6.680      0.000

Latent Class Pattern 3 2

 Means
    DRIVES            -0.364      0.129     -2.834      0.005
    COGNITION         -0.164      0.150     -1.092      0.275
    AFFECT            -0.857      0.076    -11.282      0.000
    SOCIAL             0.185      0.183      1.007      0.314
    BIG_WORDS          0.288      0.139      2.078      0.038
    WPS                0.206      0.203      1.014      0.310

 Variances
    DRIVES             1.008      0.108      9.306      0.000
    COGNITION          0.986      0.108      9.127      0.000
    AFFECT             0.421      0.044      9.568      0.000
    SOCIAL             1.363      0.197      6.908      0.000
    BIG_WORDS          0.995      0.153      6.501      0.000
    WPS                0.636      0.207      3.065      0.002

Latent Class Pattern 3 3

 Means
    DRIVES             0.227      0.096      2.359      0.018
    COGNITION          0.444      0.120      3.686      0.000
    AFFECT             0.048      0.079      0.615      0.538
    SOCIAL            -0.321      0.087     -3.705      0.000
    BIG_WORDS          0.310      0.126      2.469      0.014
    WPS                0.865      0.157      5.517      0.000

 Variances
    DRIVES             0.917      0.097      9.437      0.000
    COGNITION          1.054      0.122      8.621      0.000
    AFFECT             0.552      0.069      8.002      0.000
    SOCIAL             0.619      0.068      9.077      0.000
    BIG_WORDS          1.035      0.122      8.497      0.000
    WPS                0.949      0.090     10.569      0.000

Latent Class Pattern 4 1

 Means
    DRIVES             0.042      0.110      0.385      0.700
    COGNITION         -0.197      0.109     -1.814      0.070
    AFFECT             0.407      0.075      5.398      0.000
    SOCIAL             0.108      0.121      0.899      0.369
    BIG_WORDS         -0.343      0.103     -3.337      0.001
    WPS               -0.653      0.099     -6.567      0.000

 Variances
    DRIVES             0.946      0.102      9.283      0.000
    COGNITION          0.796      0.074     10.781      0.000
    AFFECT             1.038      0.101     10.254      0.000
    SOCIAL             0.961      0.083     11.632      0.000
    BIG_WORDS          0.759      0.074     10.223      0.000
    WPS                0.297      0.044      6.680      0.000

Latent Class Pattern 4 2

 Means
    DRIVES            -0.364      0.129     -2.834      0.005
    COGNITION         -0.164      0.150     -1.092      0.275
    AFFECT            -0.857      0.076    -11.282      0.000
    SOCIAL             0.185      0.183      1.007      0.314
    BIG_WORDS          0.288      0.139      2.078      0.038
    WPS                0.206      0.203      1.014      0.310

 Variances
    DRIVES             1.008      0.108      9.306      0.000
    COGNITION          0.986      0.108      9.127      0.000
    AFFECT             0.421      0.044      9.568      0.000
    SOCIAL             1.363      0.197      6.908      0.000
    BIG_WORDS          0.995      0.153      6.501      0.000
    WPS                0.636      0.207      3.065      0.002

Latent Class Pattern 4 3

 Means
    DRIVES             0.227      0.096      2.359      0.018
    COGNITION          0.444      0.120      3.686      0.000
    AFFECT             0.048      0.079      0.615      0.538
    SOCIAL            -0.321      0.087     -3.705      0.000
    BIG_WORDS          0.310      0.126      2.469      0.014
    WPS                0.865      0.157      5.517      0.000

 Variances
    DRIVES             0.917      0.097      9.437      0.000
    COGNITION          1.054      0.122      8.621      0.000
    AFFECT             0.552      0.069      8.002      0.000
    SOCIAL             0.619      0.068      9.077      0.000
    BIG_WORDS          1.035      0.122      8.497      0.000
    WPS                0.949      0.090     10.569      0.000

Between Level

Categorical Latent Variables

Within Level

 Intercepts
    C#1               -3.207      1.231     -2.605      0.009
    C#2              -15.577      2.332     -6.679      0.000

Between Level

 C#1        ON
    BC#1               3.676      0.969      3.791      0.000
    BC#2               4.675      1.805      2.591      0.010
    BC#3               7.825      1.464      5.345      0.000

 C#2        ON
    BC#1               7.851      0.000    999.000    999.000
    BC#2              19.127      2.470      7.743      0.000
    BC#3              15.594      0.000    999.000    999.000

 Means
    BC#1              -0.153      0.359     -0.427      0.670
    BC#2              -0.244      0.323     -0.755      0.450
    BC#3              -0.255      0.331     -0.772      0.440


QUALITY OF NUMERICAL RESULTS

     Condition Number for the Information Matrix              0.702E-04
       (ratio of smallest to largest eigenvalue)


C-SPECIFIC CLASSIFICATION RESULTS

Classification Quality for BC

     Entropy                         0.882

Average Latent Class Probabilities for Most Likely Latent Class Membership (Row)
by Latent Class (Column)

           1        2        3        4

    1   0.868    0.020    0.084    0.028
    2   0.016    0.968    0.012    0.004
    3   0.042    0.006    0.951    0.000
    4   0.061    0.003    0.000    0.936


Classification Probabilities for the Most Likely Latent Class Membership (Column)
by Latent Class (Row)

           1        2        3        4

    1   0.885    0.018    0.047    0.050
    2   0.018    0.974    0.006    0.002
    3   0.075    0.011    0.914    0.000
    4   0.035    0.005    0.001    0.959


Logits for the Classification Probabilities for the Most Likely Latent Class Membership (Column)
by Latent Class (Row)

              1        2        3        4

    1      2.864   -1.032   -0.077    0.000
    2      2.221    6.185    1.037    0.000
    3      5.869    3.970    8.370    0.000
    4     -3.311   -5.171   -7.269    0.000

Classification Quality for C

     Entropy                         0.796

Average Latent Class Probabilities for Most Likely Latent Class Membership (Row)
by Latent Class (Column)

           1        2        3

    1   0.919    0.018    0.063
    2   0.074    0.896    0.030
    3   0.073    0.009    0.918


Classification Probabilities for the Most Likely Latent Class Membership (Column)
by Latent Class (Row)

           1        2        3

    1   0.916    0.040    0.044
    2   0.035    0.955    0.010
    3   0.099    0.026    0.875


Logits for the Classification Probabilities for the Most Likely Latent Class Membership (Column)
by Latent Class (Row)

              1        2        3

    1      3.037   -0.088    0.000
    2      1.220    4.536    0.000
    3     -2.177   -3.524    0.000


SAMPLE STATISTICS FOR ESTIMATED FACTOR SCORES


     SAMPLE STATISTICS


           Means
              BC#1          BC#2          BC#3          C#1           C#2
              ________      ________      ________      ________      ________
               -0.153        -0.244        -0.255        -3.207       -15.577


           Means
              C_BC#1        C_BC#2        C_BC#3        C_C#1         C_C#2
              ________      ________      ________      ________      ________
               -0.153        -0.244        -0.255        -3.207       -15.577


           Covariances
              BC#1          BC#2          BC#3          C#1           C#2
              ________      ________      ________      ________      ________
 BC#1           0.000
 BC#2           0.000         0.000
 BC#3           0.000         0.000         0.000
 C#1            0.000         0.000         0.000         0.000
 C#2            0.000         0.000         0.000         0.000         0.000
 C_BC#1         0.000         0.000         0.000         0.000         0.000
 C_BC#2         0.000         0.000         0.000         0.000         0.000
 C_BC#3         0.000         0.000         0.000         0.000         0.000
 C_C#1          0.000         0.000         0.000         0.000         0.000
 C_C#2          0.000         0.000         0.000         0.000         0.000


           Covariances
              C_BC#1        C_BC#2        C_BC#3        C_C#1         C_C#2
              ________      ________      ________      ________      ________
 C_BC#1         0.000
 C_BC#2         0.000         0.000
 C_BC#3         0.000         0.000         0.000
 C_C#1          0.000         0.000         0.000         0.000
 C_C#2          0.000         0.000         0.000         0.000         0.000


           Correlations
              BC#1          BC#2          BC#3          C#1           C#2
              ________      ________      ________      ________      ________
 BC#1           1.000
 BC#2         999.000         1.000
 BC#3         999.000       999.000         1.000
 C#1          999.000       999.000       999.000         1.000
 C#2          999.000       999.000       999.000       999.000         1.000
 C_BC#1       999.000       999.000       999.000       999.000       999.000
 C_BC#2       999.000       999.000       999.000       999.000       999.000
 C_BC#3       999.000       999.000       999.000       999.000       999.000
 C_C#1        999.000       999.000       999.000       999.000       999.000
 C_C#2        999.000       999.000       999.000       999.000       999.000


           Correlations
              C_BC#1        C_BC#2        C_BC#3        C_C#1         C_C#2
              ________      ________      ________      ________      ________
 C_BC#1         1.000
 C_BC#2       999.000         1.000
 C_BC#3       999.000       999.000         1.000
 C_C#1        999.000       999.000       999.000         1.000
 C_C#2        999.000       999.000       999.000       999.000         1.000


PLOT INFORMATION

The following plots are available:

  Histograms (sample values, estimated factor scores)
  Scatterplots (sample values, estimated factor scores)
  Latent variable distribution plots

SAVEDATA INFORMATION


  Save file
    mlLpa_L2_4_L1_3.dat

  Order and format of variables

    DRIVES         F10.3
    COGNITIO       F10.3
    AFFECT         F10.3
    SOCIAL         F10.3
    BIG_WORD       F10.3
    WPS            F10.3
    BC#1           F10.3
    BC#2           F10.3
    BC#3           F10.3
    C#1            F10.3
    C#2            F10.3
    C_BC#1         F10.3
    C_BC#2         F10.3
    C_BC#3         F10.3
    C_C#1          F10.3
    C_C#2          F10.3
    CPROB1         F10.3
    CPROB2         F10.3
    CPROB3         F10.3
    CPROB4         F10.3
    CPROB5         F10.3
    CPROB6         F10.3
    CPROB7         F10.3
    CPROB8         F10.3
    CPROB9         F10.3
    CPROB10        F10.3
    CPROB11        F10.3
    CPROB12        F10.3
    BC             F10.3
    C              F10.3
    MLCJOINT       F10.3
    ROW_NUM        I5
    PCP_ID         I4

  Save file format
    31F10.3 I5 I4

  Save file record length    10000

  Save missing symbol        *


  Estimated Means and Covariance Matrix for the Latent Variables

  Save file
    tech4.dat
  Save format      Free

     Beginning Time:  21:57:25
        Ending Time:  21:58:50
       Elapsed Time:  00:01:25



MUTHEN & MUTHEN
3463 Stoner Ave.
Los Angeles, CA  90066

Tel: (310) 391-9971
Fax: (310) 391-8971
Web: www.StatModel.com
Support: Support@StatModel.com

Copyright (c) 1998-2023 Muthen & Muthen
