Mplus VERSION 8.7 (Mac)
MUTHEN & MUTHEN
05/09/2023   7:50 PM

INPUT INSTRUCTIONS

  TITLE: MD speech profiles
  DATA:
  FILE = "mplus_analyses/MD_profile_cmb_mPlus.dat";
  VARIABLE:
  NAMES = drives cognition affect social wc big_words wps provider_id;
  USEVARIABLES = drives cognition affect social wc wps big_words;
  MISSING=.;
  CLASSES = c(4);
  DEFINE:
  STANDARDIZE drives cognition affect social wc wps big_words;
  ANALYSIS:
  TYPE = MIXTURE;
  ESTIMATOR=MLR;
  STARTS=1000 50;
  STITERATIONS=50;
  LRTSTARTS=1000 50 1000 50;
  PROCESSORS=4;
  MODEL:
  %OVERALL%
  %C#1%
  [drives cognition affect social wc wps big_words];
  drives cognition affect social wc wps big_words;
  %C#2%
  [drives cognition affect social wc wps big_words];
  drives cognition affect social wc wps big_words;
  %C#3%
  [drives cognition affect social wc wps big_words];
  drives cognition affect social wc wps big_words;
  %C#4%
  [drives cognition affect social wc wps big_words];
  drives cognition affect social wc wps big_words;
  OUTPUT:



*** WARNING in VARIABLE command
  Note that only the first 8 characters of variable names are used in the output.
  Shorten variable names to avoid any confusion.
*** WARNING in MODEL command
  All variables are uncorrelated with all other variables within class.
  Check that this is what is intended.
   2 WARNING(S) FOUND IN THE INPUT INSTRUCTIONS



MD speech profiles

SUMMARY OF ANALYSIS

Number of groups                                                 1
Number of observations                                        1715

Number of dependent variables                                    7
Number of independent variables                                  0
Number of continuous latent variables                            0
Number of categorical latent variables                           1

Observed dependent variables

  Continuous
   DRIVES      COGNITION   AFFECT      SOCIAL      WC          WPS
   BIG_WORDS

Categorical latent variables
   C


Estimator                                                      MLR
Information matrix                                        OBSERVED
Optimization Specifications for the Quasi-Newton Algorithm for
Continuous Outcomes
  Maximum number of iterations                                 100
  Convergence criterion                                  0.100D-05
Optimization Specifications for the EM Algorithm
  Maximum number of iterations                                 500
  Convergence criteria
    Loglikelihood change                                 0.100D-06
    Relative loglikelihood change                        0.100D-06
    Derivative                                           0.100D-05
Optimization Specifications for the M step of the EM Algorithm for
Categorical Latent variables
  Number of M step iterations                                    1
  M step convergence criterion                           0.100D-05
  Basis for M step termination                           ITERATION
Optimization Specifications for the M step of the EM Algorithm for
Censored, Binary or Ordered Categorical (Ordinal), Unordered
Categorical (Nominal) and Count Outcomes
  Number of M step iterations                                    1
  M step convergence criterion                           0.100D-05
  Basis for M step termination                           ITERATION
  Maximum value for logit thresholds                            15
  Minimum value for logit thresholds                           -15
  Minimum expected cell size for chi-square              0.100D-01
Maximum number of iterations for H1                           2000
Convergence criterion for H1                             0.100D-03
Optimization algorithm                                         EMA
Random Starts Specifications
  Number of initial stage random starts                       1000
  Number of final stage optimizations                           50
  Number of initial stage iterations                            50
  Initial stage convergence criterion                    0.100D+01
  Random starts scale                                    0.500D+01
  Random seed for generating random starts                       0

Input data file(s)
  mplus_analyses/MD_profile_cmb_mPlus.dat
Input data format  FREE


SUMMARY OF DATA

     Number of missing data patterns             1
     Number of y missing data patterns           1
     Number of u missing data patterns           0


COVARIANCE COVERAGE OF DATA

Minimum covariance coverage value   0.100


     PROPORTION OF DATA PRESENT FOR Y


           Covariance Coverage
              DRIVES        COGNITIO      AFFECT        SOCIAL        WC
              ________      ________      ________      ________      ________
 DRIVES         1.000
 COGNITIO       1.000         1.000
 AFFECT         1.000         1.000         1.000
 SOCIAL         1.000         1.000         1.000         1.000
 WC             1.000         1.000         1.000         1.000         1.000
 WPS            1.000         1.000         1.000         1.000         1.000
 BIG_WORD       1.000         1.000         1.000         1.000         1.000


           Covariance Coverage
              WPS           BIG_WORD
              ________      ________
 WPS            1.000
 BIG_WORD       1.000         1.000



UNIVARIATE SAMPLE STATISTICS


     UNIVARIATE HIGHER-ORDER MOMENT DESCRIPTIVE STATISTICS

         Variable/         Mean/     Skewness/   Minimum/ % with                Percentiles
        Sample Size      Variance    Kurtosis    Maximum  Min/Max      20%/60%    40%/80%    Median

     DRIVES                0.000       0.361      -2.660    0.06%      -0.843     -0.287     -0.043
            1715.000       1.000       0.137       3.550    0.06%       0.174      0.798
     COGNITION             0.000       0.197      -3.231    0.06%      -0.834     -0.291     -0.044
            1715.000       1.000       0.278       4.476    0.06%       0.230      0.816
     AFFECT                0.000       0.659      -2.973    0.06%      -0.825     -0.315     -0.090
            1715.000       1.000       0.982       4.403    0.06%       0.156      0.744
     SOCIAL                0.000       0.472      -2.655    0.06%      -0.840     -0.321     -0.072
            1715.000       1.000       0.430       4.035    0.06%       0.172      0.789
     WC                    0.000       1.186      -1.853    0.06%      -0.803     -0.380     -0.173
            1715.000       1.000       2.208       4.751    0.06%       0.059      0.712
     WPS                   0.000       0.911      -2.215    0.06%      -0.812     -0.383     -0.169
            1715.000       1.000       1.182       4.839    0.06%       0.083      0.741
     BIG_WORDS             0.000       0.310      -3.528    0.06%      -0.843     -0.292     -0.061
            1715.000       1.000       0.443       4.566    0.06%       0.189      0.856

RANDOM STARTS RESULTS RANKED FROM THE BEST TO THE WORST LOGLIKELIHOOD VALUES


68 perturbed starting value run(s) did not converge or were rejected in the third stage.
Final stage loglikelihood values at local maxima, seeds, and initial stage start numbers:

          -16287.154  402224           91
          -16287.154  988761           475
          -16287.154  625191           350
          -16287.154  96617            955
          -16287.154  830529           279
          -16287.154  288738           940
          -16287.154  579138           706
          -16287.154  852283           616
          -16287.154  114433           708
          -16287.154  228459           947
          -16287.154  22075            659
          -16287.154  606576           151
          -16287.154  67009            564
          -16287.154  74518            927
          -16287.154  291149           536
          -16287.154  267983           228
          -16287.154  284109           82
          -16287.154  648555           113
          -16287.154  495366           964
          -16287.154  283492           435
          -16287.154  126371           526
          -16287.154  970689           266
          -16287.154  922042           492
          -16287.154  809240           543
          -16287.154  562716           300
          -16287.154  655497           376
          -16287.154  298553           773

23 perturbed starting value run(s) did not converge or were rejected in the third stage.



THE BEST LOGLIKELIHOOD VALUE HAS BEEN REPLICATED.  RERUN WITH AT LEAST TWICE THE
RANDOM STARTS TO CHECK THAT THE BEST LOGLIKELIHOOD IS STILL OBTAINED AND REPLICATED.


THE MODEL ESTIMATION TERMINATED NORMALLY



MODEL FIT INFORMATION

Number of Free Parameters                       59

Loglikelihood

          H0 Value                      -16287.154
          H0 Scaling Correction Factor      1.2165
            for MLR

Information Criteria

          Akaike (AIC)                   32692.308
          Bayesian (BIC)                 33013.691
          Sample-Size Adjusted BIC       32826.255
            (n* = (n + 2) / 24)



FINAL CLASS COUNTS AND PROPORTIONS FOR THE LATENT CLASSES
BASED ON THE ESTIMATED MODEL

    Latent
   Classes

       1        370.71393          0.21616
       2        333.98719          0.19474
       3        495.11156          0.28869
       4        515.18732          0.30040


FINAL CLASS COUNTS AND PROPORTIONS FOR THE LATENT CLASSES
BASED ON ESTIMATED POSTERIOR PROBABILITIES

    Latent
   Classes

       1        370.71393          0.21616
       2        333.98719          0.19474
       3        495.11156          0.28869
       4        515.18732          0.30040


FINAL CLASS COUNTS AND PROPORTIONS FOR THE LATENT CLASSES
BASED ON THEIR MOST LIKELY LATENT CLASS MEMBERSHIP

Class Counts and Proportions

    Latent
   Classes

       1              382          0.22274
       2              286          0.16676
       3              487          0.28397
       4              560          0.32653


CLASSIFICATION QUALITY

     Entropy                         0.566


Average Latent Class Probabilities for Most Likely Latent Class Membership (Row)
by Latent Class (Column)

           1        2        3        4

    1   0.786    0.003    0.103    0.107
    2   0.000    0.843    0.092    0.066
    3   0.058    0.103    0.725    0.114
    4   0.075    0.074    0.136    0.714


Classification Probabilities for the Most Likely Latent Class Membership (Column)
by Latent Class (Row)

           1        2        3        4

    1   0.810    0.000    0.076    0.114
    2   0.004    0.722    0.151    0.124
    3   0.080    0.053    0.713    0.154
    4   0.079    0.036    0.108    0.777


Logits for the Classification Probabilities for the Most Likely Latent Class Membership (Column)
by Latent Class (Row)

              1        2        3        4

    1      1.963   -9.160   -0.403    0.000
    2     -3.455    1.761    0.194    0.000
    3     -0.659   -1.069    1.532    0.000
    4     -2.282   -3.058   -1.976    0.000


MODEL RESULTS

                                                    Two-Tailed
                    Estimate       S.E.  Est./S.E.    P-Value

Latent Class 1

 Means
    DRIVES            -0.182      0.104     -1.745      0.081
    COGNITION         -0.598      0.080     -7.490      0.000
    AFFECT             0.581      0.112      5.173      0.000
    SOCIAL             0.235      0.084      2.800      0.005
    WC                -0.764      0.089     -8.587      0.000
    WPS               -0.906      0.121     -7.509      0.000
    BIG_WORDS         -0.565      0.138     -4.093      0.000

 Variances
    DRIVES             1.049      0.159      6.584      0.000
    COGNITION          0.686      0.082      8.396      0.000
    AFFECT             1.498      0.169      8.849      0.000
    SOCIAL             1.137      0.147      7.756      0.000
    WC                 0.218      0.036      5.999      0.000
    WPS                0.265      0.053      5.041      0.000
    BIG_WORDS          0.820      0.140      5.871      0.000

Latent Class 2

 Means
    DRIVES             0.096      0.076      1.254      0.210
    COGNITION          0.538      0.081      6.673      0.000
    AFFECT            -0.421      0.051     -8.241      0.000
    SOCIAL            -0.338      0.087     -3.901      0.000
    WC                 1.067      0.185      5.771      0.000
    WPS                1.087      0.140      7.756      0.000
    BIG_WORDS          0.401      0.106      3.790      0.000

 Variances
    DRIVES             0.845      0.090      9.403      0.000
    COGNITION          0.867      0.109      7.937      0.000
    AFFECT             0.425      0.053      7.973      0.000
    SOCIAL             0.689      0.108      6.373      0.000
    WC                 1.495      0.156      9.606      0.000
    WPS                1.200      0.134      8.975      0.000
    BIG_WORDS          0.877      0.119      7.382      0.000

Latent Class 3

 Means
    DRIVES             0.091      0.091      1.005      0.315
    COGNITION          0.072      0.130      0.553      0.580
    AFFECT            -0.086      0.116     -0.741      0.459
    SOCIAL             0.052      0.121      0.433      0.665
    WC                -0.431      0.140     -3.073      0.002
    WPS                0.314      0.180      1.741      0.082
    BIG_WORDS          0.385      0.105      3.671      0.000

 Variances
    DRIVES             1.410      0.152      9.276      0.000
    COGNITION          1.253      0.124     10.112      0.000
    AFFECT             1.063      0.193      5.498      0.000
    SOCIAL             1.258      0.127      9.939      0.000
    WC                 0.315      0.055      5.683      0.000
    WPS                0.571      0.076      7.522      0.000
    BIG_WORDS          1.169      0.107     10.971      0.000

Latent Class 4

 Means
    DRIVES            -0.019      0.065     -0.285      0.776
    COGNITION          0.012      0.082      0.148      0.882
    AFFECT            -0.063      0.090     -0.695      0.487
    SOCIAL            -0.001      0.082     -0.006      0.995
    WC                 0.272      0.148      1.832      0.067
    WPS               -0.355      0.087     -4.071      0.000
    BIG_WORDS         -0.224      0.062     -3.647      0.000

 Variances
    DRIVES             0.633      0.088      7.201      0.000
    COGNITION          0.619      0.057     10.861      0.000
    AFFECT             0.585      0.080      7.271      0.000
    SOCIAL             0.738      0.108      6.851      0.000
    WC                 0.489      0.093      5.254      0.000
    WPS                0.235      0.037      6.424      0.000
    BIG_WORDS          0.520      0.056      9.313      0.000

Categorical Latent Variables

 Means
    C#1               -0.329      0.362     -0.908      0.364
    C#2               -0.433      0.225     -1.925      0.054
    C#3               -0.040      0.295     -0.135      0.893


QUALITY OF NUMERICAL RESULTS

     Condition Number for the Information Matrix              0.268E-03
       (ratio of smallest to largest eigenvalue)


     Beginning Time:  19:50:35
        Ending Time:  19:50:55
       Elapsed Time:  00:00:20



MUTHEN & MUTHEN
3463 Stoner Ave.
Los Angeles, CA  90066

Tel: (310) 391-9971
Fax: (310) 391-8971
Web: www.StatModel.com
Support: Support@StatModel.com

Copyright (c) 1998-2021 Muthen & Muthen
