Mplus VERSION 8.7 (Mac)
MUTHEN & MUTHEN
05/17/2023  11:41 AM

INPUT INSTRUCTIONS

  TITLE:
  P5_lpa__freeVarenum;
  DATA:
  FILE = "mplus_analyses/prof_5_ml_lpa_freeVar_enum.dat";

  VARIABLE:
  NAMES = drives cognition affect social wc big_words wps provider_id;
   MISSING=.;
   CLASSES = c(5);
  DEFINE:
  STANDARDIZE drives cognition affect social wc wps big_words;
  ANALYSIS:
  TYPE = MIXTURE;
      ESTIMATOR=MLR;
      STARTS=1000 50;
      STITERATIONS=50;
      LRTSTARTS=1000 50 1000 50;
      PROCESSORS=4;
  MODEL:
  %OVERALL%
  %C#1%
  [drives cognition affect social wc wps big_words];
  drives cognition affect social wc wps big_words;
  %C#2%
  [drives cognition affect social wc wps big_words];
  drives cognition affect social wc wps big_words;
  %C#3%
  [drives cognition affect social wc wps big_words];
  drives cognition affect social wc wps big_words;
  %C#4%
  [drives cognition affect social wc wps big_words];
  drives cognition affect social wc wps big_words;
  %C#5%
  [drives cognition affect social wc wps big_words];
  drives cognition affect social wc wps big_words;
  PLOT:
  type = plot3;



*** WARNING in VARIABLE command
  Note that only the first 8 characters of variable names are used in the output.
  Shorten variable names to avoid any confusion.
*** WARNING in MODEL command
  All variables are uncorrelated with all other variables within class.
  Check that this is what is intended.
*** WARNING in PLOT command
  Note that only the first 8 characters of variable names are used in plots.
  If variable names are not unique within the first 8 characters, problems
  may occur.
   3 WARNING(S) FOUND IN THE INPUT INSTRUCTIONS




P5_lpa__freeVarenum;

SUMMARY OF ANALYSIS

Number of groups                                                 1
Number of observations                                        1670

Number of dependent variables                                    8
Number of independent variables                                  0
Number of continuous latent variables                            0
Number of categorical latent variables                           1

Observed dependent variables

  Continuous
   DRIVES      COGNITION   AFFECT      SOCIAL      WC          BIG_WORDS
   WPS         PROVIDER_I

Categorical latent variables
   C


Estimator                                                      MLR
Information matrix                                        OBSERVED
Optimization Specifications for the Quasi-Newton Algorithm for
Continuous Outcomes
  Maximum number of iterations                                 100
  Convergence criterion                                  0.100D-05
Optimization Specifications for the EM Algorithm
  Maximum number of iterations                                 500
  Convergence criteria
    Loglikelihood change                                 0.100D-06
    Relative loglikelihood change                        0.100D-06
    Derivative                                           0.100D-05
Optimization Specifications for the M step of the EM Algorithm for
Categorical Latent variables
  Number of M step iterations                                    1
  M step convergence criterion                           0.100D-05
  Basis for M step termination                           ITERATION
Optimization Specifications for the M step of the EM Algorithm for
Censored, Binary or Ordered Categorical (Ordinal), Unordered
Categorical (Nominal) and Count Outcomes
  Number of M step iterations                                    1
  M step convergence criterion                           0.100D-05
  Basis for M step termination                           ITERATION
  Maximum value for logit thresholds                            15
  Minimum value for logit thresholds                           -15
  Minimum expected cell size for chi-square              0.100D-01
Maximum number of iterations for H1                           2000
Convergence criterion for H1                             0.100D-03
Optimization algorithm                                         EMA
Random Starts Specifications
  Number of initial stage random starts                       1000
  Number of final stage optimizations                           50
  Number of initial stage iterations                            50
  Initial stage convergence criterion                    0.100D+01
  Random starts scale                                    0.500D+01
  Random seed for generating random starts                       0

Input data file(s)
  mplus_analyses/prof_5_ml_lpa_freeVar_enum.dat
Input data format  FREE


SUMMARY OF DATA

     Number of missing data patterns             1
     Number of y missing data patterns           1
     Number of u missing data patterns           0


COVARIANCE COVERAGE OF DATA

Minimum covariance coverage value   0.100


     PROPORTION OF DATA PRESENT FOR Y


           Covariance Coverage
              DRIVES        COGNITIO      AFFECT        SOCIAL        WC
              ________      ________      ________      ________      ________
 DRIVES         1.000
 COGNITIO       1.000         1.000
 AFFECT         1.000         1.000         1.000
 SOCIAL         1.000         1.000         1.000         1.000
 WC             1.000         1.000         1.000         1.000         1.000
 BIG_WORD       1.000         1.000         1.000         1.000         1.000
 WPS            1.000         1.000         1.000         1.000         1.000
 PROVIDER       1.000         1.000         1.000         1.000         1.000


           Covariance Coverage
              BIG_WORD      WPS           PROVIDER
              ________      ________      ________
 BIG_WORD       1.000
 WPS            1.000         1.000
 PROVIDER       1.000         1.000         1.000



UNIVARIATE SAMPLE STATISTICS


     UNIVARIATE HIGHER-ORDER MOMENT DESCRIPTIVE STATISTICS

         Variable/         Mean/     Skewness/   Minimum/ % with                Percentiles
        Sample Size      Variance    Kurtosis    Maximum  Min/Max      20%/60%    40%/80%    Median

     DRIVES                0.000       0.358      -2.668    0.06%      -0.842     -0.284     -0.039
            1670.000       1.000       0.166       3.571    0.06%       0.179      0.792
     COGNITION             0.000       0.212      -3.225    0.06%      -0.832     -0.296     -0.044
            1670.000       1.000       0.290       4.468    0.06%       0.225      0.815
     AFFECT                0.000       0.663      -2.958    0.06%      -0.826     -0.317     -0.092
            1670.000       1.000       0.978       4.396    0.06%       0.162      0.739
     SOCIAL                0.000       0.460      -2.644    0.06%      -0.844     -0.329     -0.077
            1670.000       1.000       0.387       3.992    0.06%       0.175      0.792
     WC                    0.000       1.218      -1.854    0.06%      -0.801     -0.370     -0.167
            1670.000       1.000       2.407       4.876    0.06%       0.057      0.714
     BIG_WORDS             0.000       0.326      -3.514    0.06%      -0.843     -0.292     -0.055
            1670.000       1.000       0.490       4.575    0.06%       0.188      0.835
     WPS                   0.000       0.954      -2.197    0.06%      -0.809     -0.383     -0.170
            1670.000       1.000       1.419       4.965    0.06%       0.080      0.745
     PROVIDER_ID          88.160      -0.797       2.000    0.36%      58.000     90.000     96.000
            1670.000    1098.636      -0.056     142.000    0.42%     105.000    115.000

RANDOM STARTS RESULTS RANKED FROM THE BEST TO THE WORST LOGLIKELIHOOD VALUES


370 perturbed starting value run(s) did not converge or were rejected in the third stage.
Final stage loglikelihood values at local maxima, seeds, and initial stage start numbers:

          -23642.469  588923           606
          -23642.469  650354           577
          -23642.469  635245           121
          -23642.469  922596           456
          -23642.469  654136           167
          -23642.469  848331           137
          -23642.469  817298           967
          -23642.469  366706           29
          -23642.469  288738           940
          -23642.469  634782           979
          -23642.469  695155           150
          -23642.469  644297           340
          -23642.469  957392           79
          -23642.469  195763           358
          -23642.469  802928           892
          -23642.469  728038           177
          -23642.469  241197           747
          -23642.469  903420           5
          -23642.469  40327            971
          -23642.469  4091             548
          -23642.469  355254           796
          -23642.469  778953           635
          -23642.469  264521           929
          -23642.469  476498           179
          -23642.469  777045           377
          -23642.469  809240           543
          -23642.469  175199           247
          -23642.469  297518           166
          -23642.469  790452           303
          -23642.469  134830           780

20 perturbed starting value run(s) did not converge or were rejected in the third stage.



THE BEST LOGLIKELIHOOD VALUE HAS BEEN REPLICATED.  RERUN WITH AT LEAST TWICE THE
RANDOM STARTS TO CHECK THAT THE BEST LOGLIKELIHOOD IS STILL OBTAINED AND REPLICATED.


THE MODEL ESTIMATION TERMINATED NORMALLY



MODEL FIT INFORMATION

Number of Free Parameters                       80

Loglikelihood

          H0 Value                      -23642.469
          H0 Scaling Correction Factor      1.1820
            for MLR

Information Criteria

          Akaike (AIC)                   47444.938
          Bayesian (BIC)                 47878.585
          Sample-Size Adjusted BIC       47624.436
            (n* = (n + 2) / 24)



FINAL CLASS COUNTS AND PROPORTIONS FOR THE LATENT CLASSES
BASED ON THE ESTIMATED MODEL

    Latent
   Classes

       1        378.13204          0.22643
       2        214.12296          0.12822
       3        569.24091          0.34086
       4        167.33381          0.10020
       5        341.17029          0.20429


FINAL CLASS COUNTS AND PROPORTIONS FOR THE LATENT CLASSES
BASED ON ESTIMATED POSTERIOR PROBABILITIES

    Latent
   Classes

       1        378.13204          0.22643
       2        214.12296          0.12822
       3        569.24091          0.34086
       4        167.33381          0.10020
       5        341.17029          0.20429


FINAL CLASS COUNTS AND PROPORTIONS FOR THE LATENT CLASSES
BASED ON THEIR MOST LIKELY LATENT CLASS MEMBERSHIP

Class Counts and Proportions

    Latent
   Classes

       1              375          0.22455
       2              209          0.12515
       3              602          0.36048
       4              168          0.10060
       5              316          0.18922


CLASSIFICATION QUALITY

     Entropy                         0.771


Average Latent Class Probabilities for Most Likely Latent Class Membership (Row)
by Latent Class (Column)

           1        2        3        4        5

    1   0.858    0.033    0.038    0.009    0.062
    2   0.055    0.847    0.025    0.072    0.001
    3   0.036    0.014    0.861    0.000    0.089
    4   0.019    0.095    0.000    0.885    0.000
    5   0.063    0.000    0.100    0.000    0.836


Classification Probabilities for the Most Likely Latent Class Membership (Column)
by Latent Class (Row)

           1        2        3        4        5

    1   0.850    0.031    0.058    0.009    0.053
    2   0.059    0.827    0.040    0.075    0.000
    3   0.025    0.009    0.910    0.000    0.056
    4   0.021    0.090    0.000    0.889    0.000
    5   0.068    0.000    0.157    0.000    0.775


Logits for the Classification Probabilities for the Most Likely Latent Class Membership (Column)
by Latent Class (Row)

              1        2        3        4        5

    1      2.780   -0.545    0.088   -1.809    0.000
    2      6.787    9.435    6.415    7.030    0.000
    3     -0.805   -1.796    2.793   -8.651    0.000
    4      9.953   11.408    2.498   13.698    0.000
    5     -2.434   -7.615   -1.597  -10.565    0.000


MODEL RESULTS

                                                    Two-Tailed
                    Estimate       S.E.  Est./S.E.    P-Value

Latent Class 1

 Means
    DRIVES             0.085      0.069      1.229      0.219
    COGNITION          0.531      0.064      8.352      0.000
    AFFECT            -0.270      0.064     -4.255      0.000
    SOCIAL            -0.164      0.078     -2.095      0.036
    WC                 0.087      0.067      1.299      0.194
    BIG_WORDS          0.229      0.065      3.538      0.000
    WPS                1.034      0.089     11.601      0.000
    PROVIDER_I        83.278      1.410     59.077      0.000

 Variances
    DRIVES             1.208      0.111     10.890      0.000
    COGNITION          1.033      0.091     11.398      0.000
    AFFECT             0.713      0.081      8.851      0.000
    SOCIAL             1.059      0.132      8.046      0.000
    WC                 0.739      0.073     10.139      0.000
    BIG_WORDS          1.118      0.090     12.377      0.000
    WPS                0.933      0.100      9.326      0.000
    PROVIDER_I       223.569     13.018     17.173      0.000

Latent Class 2

 Means
    DRIVES             0.133      0.106      1.257      0.209
    COGNITION         -0.643      0.086     -7.476      0.000
    AFFECT             0.363      0.149      2.443      0.015
    SOCIAL             0.278      0.096      2.889      0.004
    WC                -0.778      0.129     -6.019      0.000
    BIG_WORDS          0.064      0.147      0.436      0.663
    WPS               -0.161      0.088     -1.827      0.068
    PROVIDER_I        51.866      3.898     13.306      0.000

 Variances
    DRIVES             1.244      0.190      6.548      0.000
    COGNITION          0.934      0.102      9.177      0.000
    AFFECT             1.604      0.247      6.490      0.000
    SOCIAL             1.094      0.141      7.738      0.000
    WC                 0.294      0.062      4.749      0.000
    BIG_WORDS          1.206      0.139      8.689      0.000
    WPS                0.415      0.053      7.838      0.000
    PROVIDER_I       223.569     13.018     17.173      0.000

Latent Class 3

 Means
    DRIVES            -0.097      0.052     -1.871      0.061
    COGNITION         -0.295      0.065     -4.534      0.000
    AFFECT             0.317      0.067      4.740      0.000
    SOCIAL             0.197      0.053      3.680      0.000
    WC                -0.386      0.060     -6.477      0.000
    BIG_WORDS         -0.387      0.046     -8.379      0.000
    WPS               -0.731      0.046    -15.764      0.000
    PROVIDER_I       108.502      0.990    109.557      0.000

 Variances
    DRIVES             0.986      0.075     13.109      0.000
    COGNITION          0.638      0.074      8.590      0.000
    AFFECT             1.155      0.100     11.559      0.000
    SOCIAL             1.040      0.085     12.219      0.000
    WC                 0.293      0.038      7.721      0.000
    BIG_WORDS          0.759      0.062     12.271      0.000
    WPS                0.259      0.022     11.718      0.000
    PROVIDER_I       223.569     13.018     17.173      0.000

Latent Class 4

 Means
    DRIVES            -0.163      0.076     -2.137      0.033
    COGNITION         -0.250      0.107     -2.346      0.019
    AFFECT            -0.316      0.071     -4.441      0.000
    SOCIAL            -0.158      0.095     -1.671      0.095
    WC                 0.073      0.108      0.679      0.497
    BIG_WORDS          0.836      0.093      8.945      0.000
    WPS                0.532      0.141      3.788      0.000
    PROVIDER_I        23.329      3.749      6.224      0.000

 Variances
    DRIVES             0.696      0.085      8.138      0.000
    COGNITION          0.883      0.106      8.334      0.000
    AFFECT             0.467      0.070      6.646      0.000
    SOCIAL             0.586      0.074      7.904      0.000
    WC                 0.907      0.159      5.718      0.000
    BIG_WORDS          0.889      0.150      5.935      0.000
    WPS                1.247      0.228      5.477      0.000
    PROVIDER_I       223.569     13.018     17.173      0.000

Latent Class 5

 Means
    DRIVES             0.064      0.063      1.021      0.307
    COGNITION          0.429      0.074      5.761      0.000
    AFFECT            -0.302      0.059     -5.110      0.000
    SOCIAL            -0.243      0.094     -2.597      0.009
    WC                 1.000      0.137      7.322      0.000
    BIG_WORDS         -0.058      0.062     -0.934      0.350
    WPS               -0.087      0.065     -1.342      0.179
    PROVIDER_I       114.206      1.306     87.472      0.000

 Variances
    DRIVES             0.737      0.079      9.318      0.000
    COGNITION          0.734      0.098      7.529      0.000
    AFFECT             0.471      0.045     10.581      0.000
    SOCIAL             0.799      0.105      7.636      0.000
    WC                 1.317      0.153      8.586      0.000
    BIG_WORDS          0.539      0.059      9.064      0.000
    WPS                0.318      0.030     10.654      0.000
    PROVIDER_I       223.569     13.018     17.173      0.000

Categorical Latent Variables

 Means
    C#1                0.103      0.175      0.589      0.556
    C#2               -0.466      0.207     -2.249      0.025
    C#3                0.512      0.228      2.243      0.025
    C#4               -0.712      0.269     -2.648      0.008


QUALITY OF NUMERICAL RESULTS

     Condition Number for the Information Matrix              0.245E-02
       (ratio of smallest to largest eigenvalue)


PLOT INFORMATION

The following plots are available:

  Histograms (sample values)
  Scatterplots (sample values)
  Estimated overall and class-specific distributions

     Beginning Time:  11:41:42
        Ending Time:  11:42:07
       Elapsed Time:  00:00:25



MUTHEN & MUTHEN
3463 Stoner Ave.
Los Angeles, CA  90066

Tel: (310) 391-9971
Fax: (310) 391-8971
Web: www.StatModel.com
Support: Support@StatModel.com

Copyright (c) 1998-2021 Muthen & Muthen
