Mplus VERSION 8.7 (Mac)
MUTHEN & MUTHEN
05/16/2023   1:05 PM

INPUT INSTRUCTIONS

  TITLE:
  P8_lpa_enum;
  DATA:
  FILE = "mplus_analyses/prof_8_ml_lpa_enum.dat";

  VARIABLE:
  NAMES = drives cognition affect social wc big_words wps provider_id;
   MISSING=.;
   CLASSES = c(8);
  DEFINE:
  STANDARDIZE drives cognition affect social wc wps big_words;
  ANALYSIS:
  TYPE = MIXTURE;
      ESTIMATOR=MLR;
      STARTS=1000 50;
      STITERATIONS=50;
      LRTSTARTS=1000 50 1000 50;
      PROCESSORS=4;
  MODEL:
  %OVERALL%
  %C#1%
  [drives cognition affect social wc wps big_words];
  !drives cognition affect social wc wps big_words;
  %C#2%
  [drives cognition affect social wc wps big_words];
  !drives cognition affect social wc wps big_words;
  %C#3%
  [drives cognition affect social wc wps big_words];
  !drives cognition affect social wc wps big_words;
  %C#4%
  [drives cognition affect social wc wps big_words];
  !drives cognition affect social wc wps big_words;
  %C#5%
  [drives cognition affect social wc wps big_words];
  !drives cognition affect social wc wps big_words;
  %C#6%
  [drives cognition affect social wc wps big_words];
  !drives cognition affect social wc wps big_words;
  %C#7%
  [drives cognition affect social wc wps big_words];
  !drives cognition affect social wc wps big_words;
  %C#8%
  [drives cognition affect social wc wps big_words];
  !drives cognition affect social wc wps big_words;
  PLOT:
  type = plot3;



*** WARNING in VARIABLE command
  Note that only the first 8 characters of variable names are used in the output.
  Shorten variable names to avoid any confusion.
*** WARNING in MODEL command
  All variables are uncorrelated with all other variables within class.
  Check that this is what is intended.
*** WARNING in PLOT command
  Note that only the first 8 characters of variable names are used in plots.
  If variable names are not unique within the first 8 characters, problems
  may occur.
   3 WARNING(S) FOUND IN THE INPUT INSTRUCTIONS




P8_lpa_enum;

SUMMARY OF ANALYSIS

Number of groups                                                 1
Number of observations                                        1670

Number of dependent variables                                    8
Number of independent variables                                  0
Number of continuous latent variables                            0
Number of categorical latent variables                           1

Observed dependent variables

  Continuous
   DRIVES      COGNITION   AFFECT      SOCIAL      WC          BIG_WORDS
   WPS         PROVIDER_I

Categorical latent variables
   C


Estimator                                                      MLR
Information matrix                                        OBSERVED
Optimization Specifications for the Quasi-Newton Algorithm for
Continuous Outcomes
  Maximum number of iterations                                 100
  Convergence criterion                                  0.100D-05
Optimization Specifications for the EM Algorithm
  Maximum number of iterations                                 500
  Convergence criteria
    Loglikelihood change                                 0.100D-06
    Relative loglikelihood change                        0.100D-06
    Derivative                                           0.100D-05
Optimization Specifications for the M step of the EM Algorithm for
Categorical Latent variables
  Number of M step iterations                                    1
  M step convergence criterion                           0.100D-05
  Basis for M step termination                           ITERATION
Optimization Specifications for the M step of the EM Algorithm for
Censored, Binary or Ordered Categorical (Ordinal), Unordered
Categorical (Nominal) and Count Outcomes
  Number of M step iterations                                    1
  M step convergence criterion                           0.100D-05
  Basis for M step termination                           ITERATION
  Maximum value for logit thresholds                            15
  Minimum value for logit thresholds                           -15
  Minimum expected cell size for chi-square              0.100D-01
Maximum number of iterations for H1                           2000
Convergence criterion for H1                             0.100D-03
Optimization algorithm                                         EMA
Random Starts Specifications
  Number of initial stage random starts                       1000
  Number of final stage optimizations                           50
  Number of initial stage iterations                            50
  Initial stage convergence criterion                    0.100D+01
  Random starts scale                                    0.500D+01
  Random seed for generating random starts                       0

Input data file(s)
  mplus_analyses/prof_8_ml_lpa_enum.dat
Input data format  FREE


SUMMARY OF DATA

     Number of missing data patterns             1
     Number of y missing data patterns           1
     Number of u missing data patterns           0


COVARIANCE COVERAGE OF DATA

Minimum covariance coverage value   0.100


     PROPORTION OF DATA PRESENT FOR Y


           Covariance Coverage
              DRIVES        COGNITIO      AFFECT        SOCIAL        WC
              ________      ________      ________      ________      ________
 DRIVES         1.000
 COGNITIO       1.000         1.000
 AFFECT         1.000         1.000         1.000
 SOCIAL         1.000         1.000         1.000         1.000
 WC             1.000         1.000         1.000         1.000         1.000
 BIG_WORD       1.000         1.000         1.000         1.000         1.000
 WPS            1.000         1.000         1.000         1.000         1.000
 PROVIDER       1.000         1.000         1.000         1.000         1.000


           Covariance Coverage
              BIG_WORD      WPS           PROVIDER
              ________      ________      ________
 BIG_WORD       1.000
 WPS            1.000         1.000
 PROVIDER       1.000         1.000         1.000



UNIVARIATE SAMPLE STATISTICS


     UNIVARIATE HIGHER-ORDER MOMENT DESCRIPTIVE STATISTICS

         Variable/         Mean/     Skewness/   Minimum/ % with                Percentiles
        Sample Size      Variance    Kurtosis    Maximum  Min/Max      20%/60%    40%/80%    Median

     DRIVES                0.000       0.358      -2.668    0.06%      -0.842     -0.284     -0.039
            1670.000       1.000       0.166       3.571    0.06%       0.179      0.792
     COGNITION             0.000       0.212      -3.225    0.06%      -0.832     -0.296     -0.044
            1670.000       1.000       0.290       4.468    0.06%       0.225      0.815
     AFFECT                0.000       0.663      -2.958    0.06%      -0.826     -0.317     -0.092
            1670.000       1.000       0.978       4.396    0.06%       0.162      0.739
     SOCIAL                0.000       0.460      -2.644    0.06%      -0.844     -0.329     -0.077
            1670.000       1.000       0.387       3.992    0.06%       0.175      0.792
     WC                    0.000       1.218      -1.854    0.06%      -0.801     -0.370     -0.167
            1670.000       1.000       2.407       4.876    0.06%       0.057      0.714
     BIG_WORDS             0.000       0.326      -3.514    0.06%      -0.843     -0.292     -0.055
            1670.000       1.000       0.490       4.575    0.06%       0.188      0.835
     WPS                   0.000       0.954      -2.197    0.06%      -0.809     -0.383     -0.170
            1670.000       1.000       1.419       4.965    0.06%       0.080      0.745
     PROVIDER_ID          88.160      -0.797       2.000    0.36%      58.000     90.000     96.000
            1670.000    1098.636      -0.056     142.000    0.42%     105.000    115.000

RANDOM STARTS RESULTS RANKED FROM THE BEST TO THE WORST LOGLIKELIHOOD VALUES

Final stage loglikelihood values at local maxima, seeds, and initial stage start numbers:

          -23695.304  488125           368
          -23695.304  237332           661
          -23695.304  62835            642
          -23695.304  535804           111
          -23695.304  402224           91
          -23695.304  793487           595
          -23695.304  437181           135
          -23695.304  580181           691
          -23695.304  817298           967
          -23702.339  98068            998
          -23703.882  966014           37
          -23703.882  323588           826
          -23703.882  775881           778
          -23703.882  443917           60
          -23703.882  951709           348
          -23703.882  579995           183
          -23703.882  344422           296
          -23705.438  737601           891
          -23705.438  281462           285
          -23705.438  192071           142
          -23705.438  791285           416
          -23706.768  691041           590
          -23708.492  458181           189
          -23711.565  551639           55

26 perturbed starting value run(s) did not converge or were rejected in the third stage.



THE BEST LOGLIKELIHOOD VALUE HAS BEEN REPLICATED.  RERUN WITH AT LEAST TWICE THE
RANDOM STARTS TO CHECK THAT THE BEST LOGLIKELIHOOD IS STILL OBTAINED AND REPLICATED.


THE MODEL ESTIMATION TERMINATED NORMALLY



MODEL FIT INFORMATION

Number of Free Parameters                       79

Loglikelihood

          H0 Value                      -23695.304
          H0 Scaling Correction Factor      1.2573
            for MLR

Information Criteria

          Akaike (AIC)                   47548.608
          Bayesian (BIC)                 47976.833
          Sample-Size Adjusted BIC       47725.862
            (n* = (n + 2) / 24)



FINAL CLASS COUNTS AND PROPORTIONS FOR THE LATENT CLASSES
BASED ON THE ESTIMATED MODEL

    Latent
   Classes

       1         62.83109          0.03762
       2         28.77039          0.01723
       3        189.18355          0.11328
       4        231.68991          0.13874
       5        720.91686          0.43169
       6         77.49141          0.04640
       7         94.39994          0.05653
       8        264.71686          0.15851


FINAL CLASS COUNTS AND PROPORTIONS FOR THE LATENT CLASSES
BASED ON ESTIMATED POSTERIOR PROBABILITIES

    Latent
   Classes

       1         62.83109          0.03762
       2         28.77039          0.01723
       3        189.18355          0.11328
       4        231.68991          0.13874
       5        720.91686          0.43169
       6         77.49141          0.04640
       7         94.39994          0.05653
       8        264.71686          0.15851


FINAL CLASS COUNTS AND PROPORTIONS FOR THE LATENT CLASSES
BASED ON THEIR MOST LIKELY LATENT CLASS MEMBERSHIP

Class Counts and Proportions

    Latent
   Classes

       1               56          0.03353
       2               29          0.01737
       3              154          0.09222
       4              237          0.14192
       5              765          0.45808
       6               72          0.04311
       7               93          0.05569
       8              264          0.15808


CLASSIFICATION QUALITY

     Entropy                         0.820


Average Latent Class Probabilities for Most Likely Latent Class Membership (Row)
by Latent Class (Column)

           1        2        3        4        5        6        7        8

    1   0.881    0.005    0.000    0.089    0.000    0.000    0.000    0.025
    2   0.022    0.890    0.000    0.000    0.000    0.000    0.000    0.088
    3   0.000    0.000    0.811    0.000    0.181    0.000    0.008    0.000
    4   0.045    0.000    0.000    0.883    0.010    0.000    0.040    0.020
    5   0.000    0.000    0.078    0.005    0.855    0.014    0.012    0.035
    6   0.000    0.000    0.000    0.000    0.079    0.906    0.000    0.015
    7   0.000    0.000    0.046    0.088    0.083    0.000    0.761    0.022
    8   0.008    0.010    0.000    0.021    0.087    0.005    0.013    0.855


Classification Probabilities for the Most Likely Latent Class Membership (Column)
by Latent Class (Row)

           1        2        3        4        5        6        7        8

    1   0.785    0.010    0.000    0.170    0.000    0.000    0.000    0.034
    2   0.009    0.897    0.000    0.000    0.000    0.000    0.000    0.094
    3   0.000    0.000    0.660    0.000    0.317    0.000    0.023    0.000
    4   0.021    0.000    0.000    0.904    0.016    0.000    0.036    0.024
    5   0.000    0.000    0.039    0.003    0.908    0.008    0.011    0.032
    6   0.000    0.000    0.000    0.000    0.141    0.842    0.000    0.018
    7   0.000    0.000    0.013    0.101    0.099    0.000    0.749    0.037
    8   0.005    0.010    0.000    0.018    0.102    0.004    0.008    0.853


Logits for the Classification Probabilities for the Most Likely Latent Class Membership (Column)
by Latent Class (Row)

              1        2        3        4        5        6        7        8

    1      3.137   -1.202  -10.437    1.608   -6.601  -10.437   -6.937    0.000
    2     -2.314    2.261  -11.446  -10.305  -11.446  -10.654  -11.446    0.000
    3     -5.587   -5.587    7.813    0.270    7.078   -1.196    4.449    0.000
    4     -0.110  -10.080   -7.695    3.634   -0.429  -10.080    0.397    0.000
    5    -10.366  -10.366    0.197   -2.237    3.353   -1.394   -1.089    0.000
    6     -8.677   -8.739   -8.277   -8.524    2.074    3.864   -9.779    0.000
    7     -6.019  -10.513   -1.005    1.013    0.990   -9.379    3.013    0.000
    8     -5.066   -4.487  -11.891   -3.841   -2.126   -5.348   -4.716    0.000


MODEL RESULTS

                                                    Two-Tailed
                    Estimate       S.E.  Est./S.E.    P-Value

Latent Class 1

 Means
    DRIVES             0.000      0.162      0.003      0.998
    COGNITION         -0.123      0.149     -0.820      0.412
    AFFECT            -0.383      0.116     -3.314      0.001
    SOCIAL            -0.146      0.101     -1.449      0.147
    WC                 0.517      0.398      1.301      0.193
    BIG_WORDS          1.068      0.158      6.772      0.000
    WPS                1.301      0.387      3.358      0.001
    PROVIDER_I        21.048      2.795      7.530      0.000

 Variances
    DRIVES             0.976      0.037     26.337      0.000
    COGNITION          0.838      0.031     27.024      0.000
    AFFECT             0.715      0.046     15.545      0.000
    SOCIAL             0.973      0.038     25.893      0.000
    WC                 0.543      0.025     21.661      0.000
    BIG_WORDS          0.832      0.035     24.064      0.000
    WPS                0.331      0.017     19.507      0.000
    PROVIDER_I       255.087     12.540     20.342      0.000

Latent Class 2

 Means
    DRIVES             0.241      0.186      1.292      0.196
    COGNITION          0.893      0.211      4.234      0.000
    AFFECT            -0.491      0.133     -3.700      0.000
    SOCIAL            -0.288      0.180     -1.603      0.109
    WC                 1.049      0.329      3.186      0.001
    BIG_WORDS          0.977      0.233      4.196      0.000
    WPS                3.216      0.308     10.437      0.000
    PROVIDER_I        68.592      7.931      8.649      0.000

 Variances
    DRIVES             0.976      0.037     26.337      0.000
    COGNITION          0.838      0.031     27.024      0.000
    AFFECT             0.715      0.046     15.545      0.000
    SOCIAL             0.973      0.038     25.893      0.000
    WC                 0.543      0.025     21.661      0.000
    BIG_WORDS          0.832      0.035     24.064      0.000
    WPS                0.331      0.017     19.507      0.000
    PROVIDER_I       255.087     12.540     20.342      0.000

Latent Class 3

 Means
    DRIVES            -0.251      0.101     -2.479      0.013
    COGNITION         -0.487      0.097     -5.037      0.000
    AFFECT             0.910      0.198      4.603      0.000
    SOCIAL             0.057      0.109      0.523      0.601
    WC                -0.542      0.074     -7.303      0.000
    BIG_WORDS         -0.731      0.105     -6.962      0.000
    WPS               -1.094      0.069    -15.817      0.000
    PROVIDER_I       113.164      1.319     85.826      0.000

 Variances
    DRIVES             0.976      0.037     26.337      0.000
    COGNITION          0.838      0.031     27.024      0.000
    AFFECT             0.715      0.046     15.545      0.000
    SOCIAL             0.973      0.038     25.893      0.000
    WC                 0.543      0.025     21.661      0.000
    BIG_WORDS          0.832      0.035     24.064      0.000
    WPS                0.331      0.017     19.507      0.000
    PROVIDER_I       255.087     12.540     20.342      0.000

Latent Class 4

 Means
    DRIVES            -0.139      0.104     -1.345      0.179
    COGNITION         -0.579      0.094     -6.168      0.000
    AFFECT            -0.205      0.092     -2.219      0.027
    SOCIAL             0.077      0.097      0.799      0.425
    WC                -0.520      0.084     -6.203      0.000
    BIG_WORDS          0.442      0.171      2.585      0.010
    WPS               -0.156      0.110     -1.415      0.157
    PROVIDER_I        36.399      3.142     11.583      0.000

 Variances
    DRIVES             0.976      0.037     26.337      0.000
    COGNITION          0.838      0.031     27.024      0.000
    AFFECT             0.715      0.046     15.545      0.000
    SOCIAL             0.973      0.038     25.893      0.000
    WC                 0.543      0.025     21.661      0.000
    BIG_WORDS          0.832      0.035     24.064      0.000
    WPS                0.331      0.017     19.507      0.000
    PROVIDER_I       255.087     12.540     20.342      0.000

Latent Class 5

 Means
    DRIVES            -0.016      0.047     -0.333      0.739
    COGNITION          0.084      0.049      1.709      0.088
    AFFECT            -0.189      0.057     -3.351      0.001
    SOCIAL             0.073      0.051      1.432      0.152
    WC                 0.010      0.052      0.201      0.841
    BIG_WORDS         -0.146      0.048     -3.080      0.002
    WPS               -0.336      0.054     -6.253      0.000
    PROVIDER_I       107.059      0.970    110.388      0.000

 Variances
    DRIVES             0.976      0.037     26.337      0.000
    COGNITION          0.838      0.031     27.024      0.000
    AFFECT             0.715      0.046     15.545      0.000
    SOCIAL             0.973      0.038     25.893      0.000
    WC                 0.543      0.025     21.661      0.000
    BIG_WORDS          0.832      0.035     24.064      0.000
    WPS                0.331      0.017     19.507      0.000
    PROVIDER_I       255.087     12.540     20.342      0.000

Latent Class 6

 Means
    DRIVES             0.116      0.107      1.082      0.279
    COGNITION          0.610      0.113      5.377      0.000
    AFFECT            -0.432      0.069     -6.226      0.000
    SOCIAL            -0.388      0.111     -3.503      0.000
    WC                 2.593      0.238     10.906      0.000
    BIG_WORDS          0.144      0.112      1.285      0.199
    WPS                0.159      0.087      1.823      0.068
    PROVIDER_I       117.250      1.888     62.097      0.000

 Variances
    DRIVES             0.976      0.037     26.337      0.000
    COGNITION          0.838      0.031     27.024      0.000
    AFFECT             0.715      0.046     15.545      0.000
    SOCIAL             0.973      0.038     25.893      0.000
    WC                 0.543      0.025     21.661      0.000
    BIG_WORDS          0.832      0.035     24.064      0.000
    WPS                0.331      0.017     19.507      0.000
    PROVIDER_I       255.087     12.540     20.342      0.000

Latent Class 7

 Means
    DRIVES             0.422      0.181      2.329      0.020
    COGNITION         -0.421      0.255     -1.649      0.099
    AFFECT             1.583      0.431      3.670      0.000
    SOCIAL             0.312      0.181      1.724      0.085
    WC                -0.865      0.078    -11.131      0.000
    BIG_WORDS         -0.243      0.169     -1.440      0.150
    WPS               -0.251      0.123     -2.050      0.040
    PROVIDER_I        67.940      5.934     11.449      0.000

 Variances
    DRIVES             0.976      0.037     26.337      0.000
    COGNITION          0.838      0.031     27.024      0.000
    AFFECT             0.715      0.046     15.545      0.000
    SOCIAL             0.973      0.038     25.893      0.000
    WC                 0.543      0.025     21.661      0.000
    BIG_WORDS          0.832      0.035     24.064      0.000
    WPS                0.331      0.017     19.507      0.000
    PROVIDER_I       255.087     12.540     20.342      0.000

Latent Class 8

 Means
    DRIVES             0.133      0.080      1.675      0.094
    COGNITION          0.529      0.077      6.829      0.000
    AFFECT            -0.249      0.066     -3.789      0.000
    SOCIAL            -0.239      0.077     -3.119      0.002
    WC                 0.127      0.077      1.643      0.100
    BIG_WORDS          0.219      0.082      2.669      0.008
    WPS                1.217      0.086     14.142      0.000
    PROVIDER_I        80.876      1.506     53.700      0.000

 Variances
    DRIVES             0.976      0.037     26.337      0.000
    COGNITION          0.838      0.031     27.024      0.000
    AFFECT             0.715      0.046     15.545      0.000
    SOCIAL             0.973      0.038     25.893      0.000
    WC                 0.543      0.025     21.661      0.000
    BIG_WORDS          0.832      0.035     24.064      0.000
    WPS                0.331      0.017     19.507      0.000
    PROVIDER_I       255.087     12.540     20.342      0.000

Categorical Latent Variables

 Means
    C#1               -1.438      0.405     -3.552      0.000
    C#2               -2.219      0.315     -7.047      0.000
    C#3               -0.336      0.289     -1.164      0.244
    C#4               -0.133      0.155     -0.860      0.390
    C#5                1.002      0.106      9.483      0.000
    C#6               -1.228      0.204     -6.025      0.000
    C#7               -1.031      0.296     -3.486      0.000


QUALITY OF NUMERICAL RESULTS

     Condition Number for the Information Matrix              0.122E-04
       (ratio of smallest to largest eigenvalue)


PLOT INFORMATION

The following plots are available:

  Histograms (sample values)
  Scatterplots (sample values)
  Estimated overall and class-specific distributions

     Beginning Time:  13:05:46
        Ending Time:  13:06:36
       Elapsed Time:  00:00:50



MUTHEN & MUTHEN
3463 Stoner Ave.
Los Angeles, CA  90066

Tel: (310) 391-9971
Fax: (310) 391-8971
Web: www.StatModel.com
Support: Support@StatModel.com

Copyright (c) 1998-2021 Muthen & Muthen
