Mplus VERSION 8.7 (Mac)
MUTHEN & MUTHEN
05/17/2023  11:41 AM

INPUT INSTRUCTIONS

  TITLE:
  P3_lpa__freeVarenum;
  DATA:
  FILE = "mplus_analyses/prof_3_ml_lpa_freeVar_enum.dat";

  VARIABLE:
  NAMES = drives cognition affect social wc big_words wps provider_id;
   MISSING=.;
   CLASSES = c(3);
  DEFINE:
  STANDARDIZE drives cognition affect social wc wps big_words;
  ANALYSIS:
  TYPE = MIXTURE;
      ESTIMATOR=MLR;
      STARTS=1000 50;
      STITERATIONS=50;
      LRTSTARTS=1000 50 1000 50;
      PROCESSORS=4;
  MODEL:
  %OVERALL%
  %C#1%
  [drives cognition affect social wc wps big_words];
  drives cognition affect social wc wps big_words;
  %C#2%
  [drives cognition affect social wc wps big_words];
  drives cognition affect social wc wps big_words;
  %C#3%
  [drives cognition affect social wc wps big_words];
  drives cognition affect social wc wps big_words;
  PLOT:
  type = plot3;



*** WARNING in VARIABLE command
  Note that only the first 8 characters of variable names are used in the output.
  Shorten variable names to avoid any confusion.
*** WARNING in MODEL command
  All variables are uncorrelated with all other variables within class.
  Check that this is what is intended.
*** WARNING in PLOT command
  Note that only the first 8 characters of variable names are used in plots.
  If variable names are not unique within the first 8 characters, problems
  may occur.
   3 WARNING(S) FOUND IN THE INPUT INSTRUCTIONS




P3_lpa__freeVarenum;

SUMMARY OF ANALYSIS

Number of groups                                                 1
Number of observations                                        1670

Number of dependent variables                                    8
Number of independent variables                                  0
Number of continuous latent variables                            0
Number of categorical latent variables                           1

Observed dependent variables

  Continuous
   DRIVES      COGNITION   AFFECT      SOCIAL      WC          BIG_WORDS
   WPS         PROVIDER_I

Categorical latent variables
   C


Estimator                                                      MLR
Information matrix                                        OBSERVED
Optimization Specifications for the Quasi-Newton Algorithm for
Continuous Outcomes
  Maximum number of iterations                                 100
  Convergence criterion                                  0.100D-05
Optimization Specifications for the EM Algorithm
  Maximum number of iterations                                 500
  Convergence criteria
    Loglikelihood change                                 0.100D-06
    Relative loglikelihood change                        0.100D-06
    Derivative                                           0.100D-05
Optimization Specifications for the M step of the EM Algorithm for
Categorical Latent variables
  Number of M step iterations                                    1
  M step convergence criterion                           0.100D-05
  Basis for M step termination                           ITERATION
Optimization Specifications for the M step of the EM Algorithm for
Censored, Binary or Ordered Categorical (Ordinal), Unordered
Categorical (Nominal) and Count Outcomes
  Number of M step iterations                                    1
  M step convergence criterion                           0.100D-05
  Basis for M step termination                           ITERATION
  Maximum value for logit thresholds                            15
  Minimum value for logit thresholds                           -15
  Minimum expected cell size for chi-square              0.100D-01
Maximum number of iterations for H1                           2000
Convergence criterion for H1                             0.100D-03
Optimization algorithm                                         EMA
Random Starts Specifications
  Number of initial stage random starts                       1000
  Number of final stage optimizations                           50
  Number of initial stage iterations                            50
  Initial stage convergence criterion                    0.100D+01
  Random starts scale                                    0.500D+01
  Random seed for generating random starts                       0

Input data file(s)
  mplus_analyses/prof_3_ml_lpa_freeVar_enum.dat
Input data format  FREE


SUMMARY OF DATA

     Number of missing data patterns             1
     Number of y missing data patterns           1
     Number of u missing data patterns           0


COVARIANCE COVERAGE OF DATA

Minimum covariance coverage value   0.100


     PROPORTION OF DATA PRESENT FOR Y


           Covariance Coverage
              DRIVES        COGNITIO      AFFECT        SOCIAL        WC
              ________      ________      ________      ________      ________
 DRIVES         1.000
 COGNITIO       1.000         1.000
 AFFECT         1.000         1.000         1.000
 SOCIAL         1.000         1.000         1.000         1.000
 WC             1.000         1.000         1.000         1.000         1.000
 BIG_WORD       1.000         1.000         1.000         1.000         1.000
 WPS            1.000         1.000         1.000         1.000         1.000
 PROVIDER       1.000         1.000         1.000         1.000         1.000


           Covariance Coverage
              BIG_WORD      WPS           PROVIDER
              ________      ________      ________
 BIG_WORD       1.000
 WPS            1.000         1.000
 PROVIDER       1.000         1.000         1.000



UNIVARIATE SAMPLE STATISTICS


     UNIVARIATE HIGHER-ORDER MOMENT DESCRIPTIVE STATISTICS

         Variable/         Mean/     Skewness/   Minimum/ % with                Percentiles
        Sample Size      Variance    Kurtosis    Maximum  Min/Max      20%/60%    40%/80%    Median

     DRIVES                0.000       0.358      -2.668    0.06%      -0.842     -0.284     -0.039
            1670.000       1.000       0.166       3.571    0.06%       0.179      0.792
     COGNITION             0.000       0.212      -3.225    0.06%      -0.832     -0.296     -0.044
            1670.000       1.000       0.290       4.468    0.06%       0.225      0.815
     AFFECT                0.000       0.663      -2.958    0.06%      -0.826     -0.317     -0.092
            1670.000       1.000       0.978       4.396    0.06%       0.162      0.739
     SOCIAL                0.000       0.460      -2.644    0.06%      -0.844     -0.329     -0.077
            1670.000       1.000       0.387       3.992    0.06%       0.175      0.792
     WC                    0.000       1.218      -1.854    0.06%      -0.801     -0.370     -0.167
            1670.000       1.000       2.407       4.876    0.06%       0.057      0.714
     BIG_WORDS             0.000       0.326      -3.514    0.06%      -0.843     -0.292     -0.055
            1670.000       1.000       0.490       4.575    0.06%       0.188      0.835
     WPS                   0.000       0.954      -2.197    0.06%      -0.809     -0.383     -0.170
            1670.000       1.000       1.419       4.965    0.06%       0.080      0.745
     PROVIDER_ID          88.160      -0.797       2.000    0.36%      58.000     90.000     96.000
            1670.000    1098.636      -0.056     142.000    0.42%     105.000    115.000

RANDOM STARTS RESULTS RANKED FROM THE BEST TO THE WORST LOGLIKELIHOOD VALUES


27 perturbed starting value run(s) did not converge or were rejected in the third stage.
Final stage loglikelihood values at local maxima, seeds, and initial stage start numbers:

          -23999.156  134830           780
          -23999.156  208797           931
          -23999.156  347222           533
          -23999.156  534483           290
          -23999.156  996231           310
          -23999.156  391949           295
          -23999.156  497522           502
          -23999.156  327475           518
          -23999.156  533738           11
          -23999.156  341960           685
          -23999.156  574412           679
          -23999.156  29591            633
          -23999.156  544009           842
          -23999.156  978781           497
          -23999.156  284384           600
          -23999.156  751153           110
          -23999.156  349263           263
          -23999.156  266340           683
          -23999.156  67009            564
          -23999.156  694303           282
          -23999.156  662718           460
          -23999.156  170118           238
          -23999.156  157351           579
          -23999.156  345070           114
          -23999.156  417035           149
          -23999.156  534864           307
          -23999.156  15715            274
          -23999.156  299700           932

22 perturbed starting value run(s) did not converge or were rejected in the third stage.



THE BEST LOGLIKELIHOOD VALUE HAS BEEN REPLICATED.  RERUN WITH AT LEAST TWICE THE
RANDOM STARTS TO CHECK THAT THE BEST LOGLIKELIHOOD IS STILL OBTAINED AND REPLICATED.


THE MODEL ESTIMATION TERMINATED NORMALLY



MODEL FIT INFORMATION

Number of Free Parameters                       48

Loglikelihood

          H0 Value                      -23999.156
          H0 Scaling Correction Factor      1.3362
            for MLR

Information Criteria

          Akaike (AIC)                   48094.312
          Bayesian (BIC)                 48354.500
          Sample-Size Adjusted BIC       48202.010
            (n* = (n + 2) / 24)



FINAL CLASS COUNTS AND PROPORTIONS FOR THE LATENT CLASSES
BASED ON THE ESTIMATED MODEL

    Latent
   Classes

       1        379.75354          0.22740
       2        752.02087          0.45031
       3        538.22559          0.32229


FINAL CLASS COUNTS AND PROPORTIONS FOR THE LATENT CLASSES
BASED ON ESTIMATED POSTERIOR PROBABILITIES

    Latent
   Classes

       1        379.75354          0.22740
       2        752.02087          0.45031
       3        538.22559          0.32229


FINAL CLASS COUNTS AND PROPORTIONS FOR THE LATENT CLASSES
BASED ON THEIR MOST LIKELY LATENT CLASS MEMBERSHIP

Class Counts and Proportions

    Latent
   Classes

       1              378          0.22635
       2              786          0.47066
       3              506          0.30299


CLASSIFICATION QUALITY

     Entropy                         0.738


Average Latent Class Probabilities for Most Likely Latent Class Membership (Row)
by Latent Class (Column)

           1        2        3

    1   0.910    0.035    0.055
    2   0.019    0.880    0.100
    3   0.041    0.092    0.867


Classification Probabilities for the Most Likely Latent Class Membership (Column)
by Latent Class (Row)

           1        2        3

    1   0.906    0.040    0.054
    2   0.018    0.920    0.062
    3   0.039    0.146    0.815


Logits for the Classification Probabilities for the Most Likely Latent Class Membership (Column)
by Latent Class (Row)

              1        2        3

    1      2.816   -0.297    0.000
    2     -1.250    2.695    0.000
    3     -3.052   -1.717    0.000


MODEL RESULTS

                                                    Two-Tailed
                    Estimate       S.E.  Est./S.E.    P-Value

Latent Class 1

 Means
    DRIVES             0.008      0.061      0.124      0.901
    COGNITION         -0.427      0.071     -6.027      0.000
    AFFECT             0.001      0.084      0.008      0.994
    SOCIAL            -0.012      0.062     -0.188      0.851
    WC                -0.363      0.080     -4.513      0.000
    BIG_WORDS          0.509      0.074      6.834      0.000
    WPS                0.285      0.100      2.857      0.004
    PROVIDER_I        39.818      1.908     20.866      0.000

 Variances
    DRIVES             1.000      0.097     10.307      0.000
    COGNITION          0.972      0.085     11.427      0.000
    AFFECT             1.006      0.184      5.475      0.000
    SOCIAL             0.873      0.076     11.460      0.000
    WC                 0.624      0.103      6.036      0.000
    BIG_WORDS          1.185      0.104     11.425      0.000
    WPS                0.899      0.154      5.831      0.000
    PROVIDER_I       395.213     27.791     14.221      0.000

Latent Class 2

 Means
    DRIVES            -0.057      0.047     -1.231      0.218
    COGNITION         -0.207      0.070     -2.965      0.003
    AFFECT             0.274      0.072      3.830      0.000
    SOCIAL             0.170      0.051      3.343      0.001
    WC                -0.291      0.075     -3.865      0.000
    BIG_WORDS         -0.374      0.039     -9.685      0.000
    WPS               -0.617      0.055    -11.278      0.000
    PROVIDER_I       106.189      1.376     77.200      0.000

 Variances
    DRIVES             0.980      0.078     12.547      0.000
    COGNITION          0.698      0.074      9.414      0.000
    AFFECT             1.155      0.108     10.666      0.000
    SOCIAL             1.043      0.074     14.162      0.000
    WC                 0.414      0.060      6.916      0.000
    BIG_WORDS          0.708      0.051     13.842      0.000
    WPS                0.296      0.030      9.795      0.000
    PROVIDER_I       395.213     27.791     14.221      0.000

Latent Class 3

 Means
    DRIVES             0.075      0.059      1.260      0.208
    COGNITION          0.590      0.057     10.333      0.000
    AFFECT            -0.383      0.048     -8.058      0.000
    SOCIAL            -0.229      0.074     -3.076      0.002
    WC                 0.662      0.093      7.144      0.000
    BIG_WORDS          0.163      0.085      1.927      0.054
    WPS                0.661      0.151      4.381      0.000
    PROVIDER_I        97.077      2.884     33.665      0.000

 Variances
    DRIVES             1.018      0.100     10.209      0.000
    COGNITION          0.905      0.073     12.353      0.000
    AFFECT             0.528      0.050     10.469      0.000
    SOCIAL             0.937      0.113      8.274      0.000
    WC                 1.435      0.137     10.490      0.000
    BIG_WORDS          0.873      0.087     10.067      0.000
    WPS                1.028      0.114      8.988      0.000
    PROVIDER_I       395.213     27.791     14.221      0.000

Categorical Latent Variables

 Means
    C#1               -0.349      0.135     -2.593      0.010
    C#2                0.334      0.211      1.587      0.112


QUALITY OF NUMERICAL RESULTS

     Condition Number for the Information Matrix              0.125E-03
       (ratio of smallest to largest eigenvalue)


PLOT INFORMATION

The following plots are available:

  Histograms (sample values)
  Scatterplots (sample values)
  Estimated overall and class-specific distributions

     Beginning Time:  11:41:04
        Ending Time:  11:41:16
       Elapsed Time:  00:00:12



MUTHEN & MUTHEN
3463 Stoner Ave.
Los Angeles, CA  90066

Tel: (310) 391-9971
Fax: (310) 391-8971
Web: www.StatModel.com
Support: Support@StatModel.com

Copyright (c) 1998-2021 Muthen & Muthen
