Mplus VERSION 8.7 (Mac)
MUTHEN & MUTHEN
05/16/2023   1:05 PM

INPUT INSTRUCTIONS

  TITLE:
  P7_lpa_enum;
  DATA:
  FILE = "mplus_analyses/prof_7_ml_lpa_enum.dat";

  VARIABLE:
  NAMES = drives cognition affect social wc big_words wps provider_id;
   MISSING=.;
   CLASSES = c(7);
  DEFINE:
  STANDARDIZE drives cognition affect social wc wps big_words;
  ANALYSIS:
  TYPE = MIXTURE;
      ESTIMATOR=MLR;
      STARTS=1000 50;
      STITERATIONS=50;
      LRTSTARTS=1000 50 1000 50;
      PROCESSORS=4;
  MODEL:
  %OVERALL%
  %C#1%
  [drives cognition affect social wc wps big_words];
  !drives cognition affect social wc wps big_words;
  %C#2%
  [drives cognition affect social wc wps big_words];
  !drives cognition affect social wc wps big_words;
  %C#3%
  [drives cognition affect social wc wps big_words];
  !drives cognition affect social wc wps big_words;
  %C#4%
  [drives cognition affect social wc wps big_words];
  !drives cognition affect social wc wps big_words;
  %C#5%
  [drives cognition affect social wc wps big_words];
  !drives cognition affect social wc wps big_words;
  %C#6%
  [drives cognition affect social wc wps big_words];
  !drives cognition affect social wc wps big_words;
  %C#7%
  [drives cognition affect social wc wps big_words];
  !drives cognition affect social wc wps big_words;
  PLOT:
  type = plot3;



*** WARNING in VARIABLE command
  Note that only the first 8 characters of variable names are used in the output.
  Shorten variable names to avoid any confusion.
*** WARNING in MODEL command
  All variables are uncorrelated with all other variables within class.
  Check that this is what is intended.
*** WARNING in PLOT command
  Note that only the first 8 characters of variable names are used in plots.
  If variable names are not unique within the first 8 characters, problems
  may occur.
   3 WARNING(S) FOUND IN THE INPUT INSTRUCTIONS




P7_lpa_enum;

SUMMARY OF ANALYSIS

Number of groups                                                 1
Number of observations                                        1670

Number of dependent variables                                    8
Number of independent variables                                  0
Number of continuous latent variables                            0
Number of categorical latent variables                           1

Observed dependent variables

  Continuous
   DRIVES      COGNITION   AFFECT      SOCIAL      WC          BIG_WORDS
   WPS         PROVIDER_I

Categorical latent variables
   C


Estimator                                                      MLR
Information matrix                                        OBSERVED
Optimization Specifications for the Quasi-Newton Algorithm for
Continuous Outcomes
  Maximum number of iterations                                 100
  Convergence criterion                                  0.100D-05
Optimization Specifications for the EM Algorithm
  Maximum number of iterations                                 500
  Convergence criteria
    Loglikelihood change                                 0.100D-06
    Relative loglikelihood change                        0.100D-06
    Derivative                                           0.100D-05
Optimization Specifications for the M step of the EM Algorithm for
Categorical Latent variables
  Number of M step iterations                                    1
  M step convergence criterion                           0.100D-05
  Basis for M step termination                           ITERATION
Optimization Specifications for the M step of the EM Algorithm for
Censored, Binary or Ordered Categorical (Ordinal), Unordered
Categorical (Nominal) and Count Outcomes
  Number of M step iterations                                    1
  M step convergence criterion                           0.100D-05
  Basis for M step termination                           ITERATION
  Maximum value for logit thresholds                            15
  Minimum value for logit thresholds                           -15
  Minimum expected cell size for chi-square              0.100D-01
Maximum number of iterations for H1                           2000
Convergence criterion for H1                             0.100D-03
Optimization algorithm                                         EMA
Random Starts Specifications
  Number of initial stage random starts                       1000
  Number of final stage optimizations                           50
  Number of initial stage iterations                            50
  Initial stage convergence criterion                    0.100D+01
  Random starts scale                                    0.500D+01
  Random seed for generating random starts                       0

Input data file(s)
  mplus_analyses/prof_7_ml_lpa_enum.dat
Input data format  FREE


SUMMARY OF DATA

     Number of missing data patterns             1
     Number of y missing data patterns           1
     Number of u missing data patterns           0


COVARIANCE COVERAGE OF DATA

Minimum covariance coverage value   0.100


     PROPORTION OF DATA PRESENT FOR Y


           Covariance Coverage
              DRIVES        COGNITIO      AFFECT        SOCIAL        WC
              ________      ________      ________      ________      ________
 DRIVES         1.000
 COGNITIO       1.000         1.000
 AFFECT         1.000         1.000         1.000
 SOCIAL         1.000         1.000         1.000         1.000
 WC             1.000         1.000         1.000         1.000         1.000
 BIG_WORD       1.000         1.000         1.000         1.000         1.000
 WPS            1.000         1.000         1.000         1.000         1.000
 PROVIDER       1.000         1.000         1.000         1.000         1.000


           Covariance Coverage
              BIG_WORD      WPS           PROVIDER
              ________      ________      ________
 BIG_WORD       1.000
 WPS            1.000         1.000
 PROVIDER       1.000         1.000         1.000



UNIVARIATE SAMPLE STATISTICS


     UNIVARIATE HIGHER-ORDER MOMENT DESCRIPTIVE STATISTICS

         Variable/         Mean/     Skewness/   Minimum/ % with                Percentiles
        Sample Size      Variance    Kurtosis    Maximum  Min/Max      20%/60%    40%/80%    Median

     DRIVES                0.000       0.358      -2.668    0.06%      -0.842     -0.284     -0.039
            1670.000       1.000       0.166       3.571    0.06%       0.179      0.792
     COGNITION             0.000       0.212      -3.225    0.06%      -0.832     -0.296     -0.044
            1670.000       1.000       0.290       4.468    0.06%       0.225      0.815
     AFFECT                0.000       0.663      -2.958    0.06%      -0.826     -0.317     -0.092
            1670.000       1.000       0.978       4.396    0.06%       0.162      0.739
     SOCIAL                0.000       0.460      -2.644    0.06%      -0.844     -0.329     -0.077
            1670.000       1.000       0.387       3.992    0.06%       0.175      0.792
     WC                    0.000       1.218      -1.854    0.06%      -0.801     -0.370     -0.167
            1670.000       1.000       2.407       4.876    0.06%       0.057      0.714
     BIG_WORDS             0.000       0.326      -3.514    0.06%      -0.843     -0.292     -0.055
            1670.000       1.000       0.490       4.575    0.06%       0.188      0.835
     WPS                   0.000       0.954      -2.197    0.06%      -0.809     -0.383     -0.170
            1670.000       1.000       1.419       4.965    0.06%       0.080      0.745
     PROVIDER_ID          88.160      -0.797       2.000    0.36%      58.000     90.000     96.000
            1670.000    1098.636      -0.056     142.000    0.42%     105.000    115.000

RANDOM STARTS RESULTS RANKED FROM THE BEST TO THE WORST LOGLIKELIHOOD VALUES

Final stage loglikelihood values at local maxima, seeds, and initial stage start numbers:

          -23759.970  783110           72
          -23759.970  301428           885
          -23759.970  369602           146
          -23759.970  351622           551
          -23759.970  371246           101
          -23759.970  741484           441
          -23759.970  782179           835
          -23759.970  113138           585
          -23759.970  484687           306
          -23759.970  488125           368
          -23759.970  98068            998
          -23759.970  316165           299
          -23759.970  351807           617
          -23759.970  848163           47
          -23759.970  677720           681
          -23759.970  436892           565
          -23759.970  178031           720
          -23760.503  508445           946
          -23760.503  354624           448
          -23760.503  742688           594
          -23760.503  717754           180
          -23767.967  432513           803
          -23778.692  715561           125
          -23778.692  253358           2
          -23778.692  387701           275
          -23778.692  345726           461

24 perturbed starting value run(s) did not converge or were rejected in the third stage.



THE BEST LOGLIKELIHOOD VALUE HAS BEEN REPLICATED.  RERUN WITH AT LEAST TWICE THE
RANDOM STARTS TO CHECK THAT THE BEST LOGLIKELIHOOD IS STILL OBTAINED AND REPLICATED.


THE MODEL ESTIMATION TERMINATED NORMALLY



MODEL FIT INFORMATION

Number of Free Parameters                       70

Loglikelihood

          H0 Value                      -23759.970
          H0 Scaling Correction Factor      1.6242
            for MLR

Information Criteria

          Akaike (AIC)                   47659.940
          Bayesian (BIC)                 48039.381
          Sample-Size Adjusted BIC       47817.001
            (n* = (n + 2) / 24)



FINAL CLASS COUNTS AND PROPORTIONS FOR THE LATENT CLASSES
BASED ON THE ESTIMATED MODEL

    Latent
   Classes

       1        176.62002          0.10576
       2        752.18986          0.45041
       3         40.05563          0.02399
       4        254.96724          0.15267
       5        252.26675          0.15106
       6        116.64489          0.06985
       7         77.25561          0.04626


FINAL CLASS COUNTS AND PROPORTIONS FOR THE LATENT CLASSES
BASED ON ESTIMATED POSTERIOR PROBABILITIES

    Latent
   Classes

       1        176.62002          0.10576
       2        752.18986          0.45041
       3         40.05563          0.02399
       4        254.96724          0.15267
       5        252.26675          0.15106
       6        116.64489          0.06985
       7         77.25561          0.04626


FINAL CLASS COUNTS AND PROPORTIONS FOR THE LATENT CLASSES
BASED ON THEIR MOST LIKELY LATENT CLASS MEMBERSHIP

Class Counts and Proportions

    Latent
   Classes

       1              147          0.08802
       2              800          0.47904
       3               38          0.02275
       4              249          0.14910
       5              254          0.15210
       6              110          0.06587
       7               72          0.04311


CLASSIFICATION QUALITY

     Entropy                         0.810


Average Latent Class Probabilities for Most Likely Latent Class Membership (Row)
by Latent Class (Column)

           1        2        3        4        5        6        7

    1   0.785    0.205    0.000    0.000    0.000    0.010    0.000
    2   0.071    0.856    0.000    0.039    0.004    0.016    0.013
    3   0.000    0.000    0.902    0.066    0.032    0.000    0.000
    4   0.000    0.087    0.016    0.850    0.022    0.018    0.007
    5   0.000    0.006    0.007    0.025    0.914    0.047    0.000
    6   0.040    0.070    0.000    0.019    0.093    0.778    0.000
    7   0.000    0.082    0.000    0.015    0.000    0.000    0.902


Classification Probabilities for the Most Likely Latent Class Membership (Column)
by Latent Class (Row)

           1        2        3        4        5        6        7

    1   0.653    0.321    0.000    0.000    0.000    0.025    0.000
    2   0.040    0.911    0.000    0.029    0.002    0.010    0.008
    3   0.000    0.000    0.856    0.098    0.046    0.000    0.000
    4   0.000    0.123    0.010    0.830    0.025    0.008    0.004
    5   0.000    0.012    0.005    0.022    0.921    0.041    0.000
    6   0.013    0.112    0.000    0.039    0.103    0.734    0.000
    7   0.000    0.138    0.000    0.021    0.000    0.000    0.841


Logits for the Classification Probabilities for the Most Likely Latent Class Membership (Column)
by Latent Class (Row)

              1        2        3        4        5        6        7

    1      9.121    8.410   -4.269    1.416    0.804    5.861    0.000
    2      1.623    4.748   -8.974    1.296   -1.318    0.256    0.000
    3     -1.698   -0.639   11.962    9.793    9.045   -0.353    0.000
    4     -6.215    3.368    0.844    5.278    1.760    0.660    0.000
    5      0.905    9.407    8.472    9.986   13.733   10.611    0.000
    6      8.395   10.552   -0.863    9.500   10.466   12.433    0.000
    7    -11.926   -1.809  -11.039   -3.677  -12.026  -13.642    0.000


MODEL RESULTS

                                                    Two-Tailed
                    Estimate       S.E.  Est./S.E.    P-Value

Latent Class 1

 Means
    DRIVES            -0.257      0.105     -2.450      0.014
    COGNITION         -0.503      0.108     -4.666      0.000
    AFFECT             0.987      0.231      4.275      0.000
    SOCIAL             0.052      0.120      0.432      0.666
    WC                -0.558      0.088     -6.367      0.000
    BIG_WORDS         -0.741      0.109     -6.800      0.000
    WPS               -1.080      0.069    -15.699      0.000
    PROVIDER_I       112.676      2.036     55.338      0.000

 Variances
    DRIVES             0.970      0.038     25.578      0.000
    COGNITION          0.837      0.038     22.308      0.000
    AFFECT             0.742      0.136      5.473      0.000
    SOCIAL             0.969      0.038     25.829      0.000
    WC                 0.548      0.031     17.394      0.000
    BIG_WORDS          0.830      0.046     18.070      0.000
    WPS                0.388      0.046      8.517      0.000
    PROVIDER_I       267.669     26.367     10.152      0.000

Latent Class 2

 Means
    DRIVES            -0.018      0.047     -0.369      0.712
    COGNITION          0.082      0.052      1.557      0.119
    AFFECT            -0.173      0.080     -2.150      0.032
    SOCIAL             0.073      0.052      1.409      0.159
    WC                 0.000      0.051      0.010      0.992
    BIG_WORDS         -0.152      0.052     -2.914      0.004
    WPS               -0.331      0.069     -4.762      0.000
    PROVIDER_I       106.869      1.404     76.133      0.000

 Variances
    DRIVES             0.970      0.038     25.578      0.000
    COGNITION          0.837      0.038     22.308      0.000
    AFFECT             0.742      0.136      5.473      0.000
    SOCIAL             0.969      0.038     25.829      0.000
    WC                 0.548      0.031     17.394      0.000
    BIG_WORDS          0.830      0.046     18.070      0.000
    WPS                0.388      0.046      8.517      0.000
    PROVIDER_I       267.669     26.367     10.152      0.000

Latent Class 3

 Means
    DRIVES             0.204      0.142      1.437      0.151
    COGNITION          0.562      0.518      1.085      0.278
    AFFECT            -0.359      0.124     -2.888      0.004
    SOCIAL            -0.432      0.162     -2.658      0.008
    WC                 1.155      0.277      4.175      0.000
    BIG_WORDS          1.107      0.294      3.768      0.000
    WPS                2.710      0.632      4.290      0.000
    PROVIDER_I        42.785     31.299      1.367      0.172

 Variances
    DRIVES             0.970      0.038     25.578      0.000
    COGNITION          0.837      0.038     22.308      0.000
    AFFECT             0.742      0.136      5.473      0.000
    SOCIAL             0.969      0.038     25.829      0.000
    WC                 0.548      0.031     17.394      0.000
    BIG_WORDS          0.830      0.046     18.070      0.000
    WPS                0.388      0.046      8.517      0.000
    PROVIDER_I       267.669     26.367     10.152      0.000

Latent Class 4

 Means
    DRIVES             0.134      0.084      1.600      0.110
    COGNITION          0.574      0.106      5.410      0.000
    AFFECT            -0.264      0.095     -2.773      0.006
    SOCIAL            -0.248      0.091     -2.720      0.007
    WC                 0.153      0.147      1.038      0.299
    BIG_WORDS          0.269      0.120      2.232      0.026
    WPS                1.297      0.278      4.670      0.000
    PROVIDER_I        80.902      1.677     48.245      0.000

 Variances
    DRIVES             0.970      0.038     25.578      0.000
    COGNITION          0.837      0.038     22.308      0.000
    AFFECT             0.742      0.136      5.473      0.000
    SOCIAL             0.969      0.038     25.829      0.000
    WC                 0.548      0.031     17.394      0.000
    BIG_WORDS          0.830      0.046     18.070      0.000
    WPS                0.388      0.046      8.517      0.000
    PROVIDER_I       267.669     26.367     10.152      0.000

Latent Class 5

 Means
    DRIVES            -0.174      0.123     -1.415      0.157
    COGNITION         -0.492      0.139     -3.531      0.000
    AFFECT            -0.293      0.092     -3.176      0.001
    SOCIAL             0.038      0.088      0.433      0.665
    WC                -0.344      0.161     -2.133      0.033
    BIG_WORDS          0.604      0.227      2.660      0.008
    WPS                0.069      0.160      0.430      0.668
    PROVIDER_I        32.316      5.168      6.254      0.000

 Variances
    DRIVES             0.970      0.038     25.578      0.000
    COGNITION          0.837      0.038     22.308      0.000
    AFFECT             0.742      0.136      5.473      0.000
    SOCIAL             0.969      0.038     25.829      0.000
    WC                 0.548      0.031     17.394      0.000
    BIG_WORDS          0.830      0.046     18.070      0.000
    WPS                0.388      0.046      8.517      0.000
    PROVIDER_I       267.669     26.367     10.152      0.000

Latent Class 6

 Means
    DRIVES             0.440      0.155      2.834      0.005
    COGNITION         -0.552      0.398     -1.386      0.166
    AFFECT             1.235      1.054      1.172      0.241
    SOCIAL             0.318      0.168      1.887      0.059
    WC                -0.867      0.080    -10.801      0.000
    BIG_WORDS         -0.262      0.182     -1.439      0.150
    WPS               -0.253      0.147     -1.724      0.085
    PROVIDER_I        63.467     10.875      5.836      0.000

 Variances
    DRIVES             0.970      0.038     25.578      0.000
    COGNITION          0.837      0.038     22.308      0.000
    AFFECT             0.742      0.136      5.473      0.000
    SOCIAL             0.969      0.038     25.829      0.000
    WC                 0.548      0.031     17.394      0.000
    BIG_WORDS          0.830      0.046     18.070      0.000
    WPS                0.388      0.046      8.517      0.000
    PROVIDER_I       267.669     26.367     10.152      0.000

Latent Class 7

 Means
    DRIVES             0.113      0.107      1.056      0.291
    COGNITION          0.607      0.114      5.325      0.000
    AFFECT            -0.431      0.069     -6.241      0.000
    SOCIAL            -0.386      0.112     -3.463      0.001
    WC                 2.602      0.232     11.226      0.000
    BIG_WORDS          0.140      0.112      1.247      0.213
    WPS                0.158      0.088      1.791      0.073
    PROVIDER_I       117.064      1.966     59.538      0.000

 Variances
    DRIVES             0.970      0.038     25.578      0.000
    COGNITION          0.837      0.038     22.308      0.000
    AFFECT             0.742      0.136      5.473      0.000
    SOCIAL             0.969      0.038     25.829      0.000
    WC                 0.548      0.031     17.394      0.000
    BIG_WORDS          0.830      0.046     18.070      0.000
    WPS                0.388      0.046      8.517      0.000
    PROVIDER_I       267.669     26.367     10.152      0.000

Categorical Latent Variables

 Means
    C#1                0.827      0.341      2.427      0.015
    C#2                2.276      0.201     11.304      0.000
    C#3               -0.657      0.351     -1.870      0.061
    C#4                1.194      0.228      5.244      0.000
    C#5                1.183      0.288      4.105      0.000
    C#6                0.412      0.496      0.830      0.407


QUALITY OF NUMERICAL RESULTS

     Condition Number for the Information Matrix              0.263E-03
       (ratio of smallest to largest eigenvalue)


PLOT INFORMATION

The following plots are available:

  Histograms (sample values)
  Scatterplots (sample values)
  Estimated overall and class-specific distributions

     Beginning Time:  13:05:01
        Ending Time:  13:05:42
       Elapsed Time:  00:00:41



MUTHEN & MUTHEN
3463 Stoner Ave.
Los Angeles, CA  90066

Tel: (310) 391-9971
Fax: (310) 391-8971
Web: www.StatModel.com
Support: Support@StatModel.com

Copyright (c) 1998-2021 Muthen & Muthen
