Mplus VERSION 8.7 (Mac)
MUTHEN & MUTHEN
05/17/2023  11:41 AM

INPUT INSTRUCTIONS

  TITLE:
  P4_lpa__freeVarenum;
  DATA:
  FILE = "mplus_analyses/prof_4_ml_lpa_freeVar_enum.dat";

  VARIABLE:
  NAMES = drives cognition affect social wc big_words wps provider_id;
   MISSING=.;
   CLASSES = c(4);
  DEFINE:
  STANDARDIZE drives cognition affect social wc wps big_words;
  ANALYSIS:
  TYPE = MIXTURE;
      ESTIMATOR=MLR;
      STARTS=1000 50;
      STITERATIONS=50;
      LRTSTARTS=1000 50 1000 50;
      PROCESSORS=4;
  MODEL:
  %OVERALL%
  %C#1%
  [drives cognition affect social wc wps big_words];
  drives cognition affect social wc wps big_words;
  %C#2%
  [drives cognition affect social wc wps big_words];
  drives cognition affect social wc wps big_words;
  %C#3%
  [drives cognition affect social wc wps big_words];
  drives cognition affect social wc wps big_words;
  %C#4%
  [drives cognition affect social wc wps big_words];
  drives cognition affect social wc wps big_words;
  PLOT:
  type = plot3;



*** WARNING in VARIABLE command
  Note that only the first 8 characters of variable names are used in the output.
  Shorten variable names to avoid any confusion.
*** WARNING in MODEL command
  All variables are uncorrelated with all other variables within class.
  Check that this is what is intended.
*** WARNING in PLOT command
  Note that only the first 8 characters of variable names are used in plots.
  If variable names are not unique within the first 8 characters, problems
  may occur.
   3 WARNING(S) FOUND IN THE INPUT INSTRUCTIONS




P4_lpa__freeVarenum;

SUMMARY OF ANALYSIS

Number of groups                                                 1
Number of observations                                        1670

Number of dependent variables                                    8
Number of independent variables                                  0
Number of continuous latent variables                            0
Number of categorical latent variables                           1

Observed dependent variables

  Continuous
   DRIVES      COGNITION   AFFECT      SOCIAL      WC          BIG_WORDS
   WPS         PROVIDER_I

Categorical latent variables
   C


Estimator                                                      MLR
Information matrix                                        OBSERVED
Optimization Specifications for the Quasi-Newton Algorithm for
Continuous Outcomes
  Maximum number of iterations                                 100
  Convergence criterion                                  0.100D-05
Optimization Specifications for the EM Algorithm
  Maximum number of iterations                                 500
  Convergence criteria
    Loglikelihood change                                 0.100D-06
    Relative loglikelihood change                        0.100D-06
    Derivative                                           0.100D-05
Optimization Specifications for the M step of the EM Algorithm for
Categorical Latent variables
  Number of M step iterations                                    1
  M step convergence criterion                           0.100D-05
  Basis for M step termination                           ITERATION
Optimization Specifications for the M step of the EM Algorithm for
Censored, Binary or Ordered Categorical (Ordinal), Unordered
Categorical (Nominal) and Count Outcomes
  Number of M step iterations                                    1
  M step convergence criterion                           0.100D-05
  Basis for M step termination                           ITERATION
  Maximum value for logit thresholds                            15
  Minimum value for logit thresholds                           -15
  Minimum expected cell size for chi-square              0.100D-01
Maximum number of iterations for H1                           2000
Convergence criterion for H1                             0.100D-03
Optimization algorithm                                         EMA
Random Starts Specifications
  Number of initial stage random starts                       1000
  Number of final stage optimizations                           50
  Number of initial stage iterations                            50
  Initial stage convergence criterion                    0.100D+01
  Random starts scale                                    0.500D+01
  Random seed for generating random starts                       0

Input data file(s)
  mplus_analyses/prof_4_ml_lpa_freeVar_enum.dat
Input data format  FREE


SUMMARY OF DATA

     Number of missing data patterns             1
     Number of y missing data patterns           1
     Number of u missing data patterns           0


COVARIANCE COVERAGE OF DATA

Minimum covariance coverage value   0.100


     PROPORTION OF DATA PRESENT FOR Y


           Covariance Coverage
              DRIVES        COGNITIO      AFFECT        SOCIAL        WC
              ________      ________      ________      ________      ________
 DRIVES         1.000
 COGNITIO       1.000         1.000
 AFFECT         1.000         1.000         1.000
 SOCIAL         1.000         1.000         1.000         1.000
 WC             1.000         1.000         1.000         1.000         1.000
 BIG_WORD       1.000         1.000         1.000         1.000         1.000
 WPS            1.000         1.000         1.000         1.000         1.000
 PROVIDER       1.000         1.000         1.000         1.000         1.000


           Covariance Coverage
              BIG_WORD      WPS           PROVIDER
              ________      ________      ________
 BIG_WORD       1.000
 WPS            1.000         1.000
 PROVIDER       1.000         1.000         1.000



UNIVARIATE SAMPLE STATISTICS


     UNIVARIATE HIGHER-ORDER MOMENT DESCRIPTIVE STATISTICS

         Variable/         Mean/     Skewness/   Minimum/ % with                Percentiles
        Sample Size      Variance    Kurtosis    Maximum  Min/Max      20%/60%    40%/80%    Median

     DRIVES                0.000       0.358      -2.668    0.06%      -0.842     -0.284     -0.039
            1670.000       1.000       0.166       3.571    0.06%       0.179      0.792
     COGNITION             0.000       0.212      -3.225    0.06%      -0.832     -0.296     -0.044
            1670.000       1.000       0.290       4.468    0.06%       0.225      0.815
     AFFECT                0.000       0.663      -2.958    0.06%      -0.826     -0.317     -0.092
            1670.000       1.000       0.978       4.396    0.06%       0.162      0.739
     SOCIAL                0.000       0.460      -2.644    0.06%      -0.844     -0.329     -0.077
            1670.000       1.000       0.387       3.992    0.06%       0.175      0.792
     WC                    0.000       1.218      -1.854    0.06%      -0.801     -0.370     -0.167
            1670.000       1.000       2.407       4.876    0.06%       0.057      0.714
     BIG_WORDS             0.000       0.326      -3.514    0.06%      -0.843     -0.292     -0.055
            1670.000       1.000       0.490       4.575    0.06%       0.188      0.835
     WPS                   0.000       0.954      -2.197    0.06%      -0.809     -0.383     -0.170
            1670.000       1.000       1.419       4.965    0.06%       0.080      0.745
     PROVIDER_ID          88.160      -0.797       2.000    0.36%      58.000     90.000     96.000
            1670.000    1098.636      -0.056     142.000    0.42%     105.000    115.000

RANDOM STARTS RESULTS RANKED FROM THE BEST TO THE WORST LOGLIKELIHOOD VALUES


60 perturbed starting value run(s) did not converge or were rejected in the third stage.
Final stage loglikelihood values at local maxima, seeds, and initial stage start numbers:

          -23804.430  495366           964
          -23804.430  46437            153
          -23804.430  848163           47
          -23804.430  840031           276
          -23804.430  435287           623
          -23804.430  30098            209
          -23804.430  414828           322
          -23804.430  779820           877
          -23804.430  246575           291
          -23804.430  350608           334
          -23804.430  727176           861
          -23804.430  662718           460
          -23804.430  468036           131
          -23804.430  407168           44
          -23804.430  775881           778
          -23804.430  264521           929
          -23804.430  364676           27
          -23804.430  211281           292
          -23804.430  518828           432
          -23804.430  190339           102
          -23804.430  631413           439
          -23804.430  794236           127
          -23804.430  605358           321
          -23804.430  646573           741
          -23804.430  791396           243
          -23804.430  466971           109

24 perturbed starting value run(s) did not converge or were rejected in the third stage.



THE BEST LOGLIKELIHOOD VALUE HAS BEEN REPLICATED.  RERUN WITH AT LEAST TWICE THE
RANDOM STARTS TO CHECK THAT THE BEST LOGLIKELIHOOD IS STILL OBTAINED AND REPLICATED.


THE MODEL ESTIMATION TERMINATED NORMALLY



MODEL FIT INFORMATION

Number of Free Parameters                       64

Loglikelihood

          H0 Value                      -23804.430
          H0 Scaling Correction Factor      1.3538
            for MLR

Information Criteria

          Akaike (AIC)                   47736.860
          Bayesian (BIC)                 48083.777
          Sample-Size Adjusted BIC       47880.459
            (n* = (n + 2) / 24)



FINAL CLASS COUNTS AND PROPORTIONS FOR THE LATENT CLASSES
BASED ON THE ESTIMATED MODEL

    Latent
   Classes

       1        328.08705          0.19646
       2        355.12172          0.21265
       3        373.91136          0.22390
       4        612.87986          0.36699


FINAL CLASS COUNTS AND PROPORTIONS FOR THE LATENT CLASSES
BASED ON ESTIMATED POSTERIOR PROBABILITIES

    Latent
   Classes

       1        328.08705          0.19646
       2        355.12172          0.21265
       3        373.91136          0.22390
       4        612.87986          0.36699


FINAL CLASS COUNTS AND PROPORTIONS FOR THE LATENT CLASSES
BASED ON THEIR MOST LIKELY LATENT CLASS MEMBERSHIP

Class Counts and Proportions

    Latent
   Classes

       1              327          0.19581
       2              344          0.20599
       3              356          0.21317
       4              643          0.38503


CLASSIFICATION QUALITY

     Entropy                         0.743


Average Latent Class Probabilities for Most Likely Latent Class Membership (Row)
by Latent Class (Column)

           1        2        3        4

    1   0.924    0.052    0.001    0.023
    2   0.050    0.845    0.064    0.042
    3   0.000    0.069    0.818    0.113
    4   0.014    0.036    0.094    0.857


Classification Probabilities for the Most Likely Latent Class Membership (Column)
by Latent Class (Row)

           1        2        3        4

    1   0.921    0.052    0.000    0.027
    2   0.048    0.818    0.069    0.064
    3   0.001    0.059    0.778    0.162
    4   0.012    0.023    0.066    0.899


Logits for the Classification Probabilities for the Most Likely Latent Class Membership (Column)
by Latent Class (Row)

              1        2        3        4

    1      3.537    0.670   -4.975    0.000
    2     -0.295    2.541    0.073    0.000
    3     -5.042   -1.018    1.570    0.000
    4     -4.294   -3.645   -2.617    0.000


MODEL RESULTS

                                                    Two-Tailed
                    Estimate       S.E.  Est./S.E.    P-Value

Latent Class 1

 Means
    DRIVES            -0.040      0.064     -0.619      0.536
    COGNITION         -0.511      0.060     -8.441      0.000
    AFFECT            -0.033      0.107     -0.306      0.760
    SOCIAL             0.035      0.060      0.587      0.557
    WC                -0.381      0.090     -4.224      0.000
    BIG_WORDS          0.501      0.075      6.725      0.000
    WPS                0.150      0.080      1.869      0.062
    PROVIDER_I        35.622      2.046     17.408      0.000

 Variances
    DRIVES             0.959      0.104      9.213      0.000
    COGNITION          0.925      0.070     13.214      0.000
    AFFECT             0.970      0.224      4.327      0.000
    SOCIAL             0.868      0.080     10.824      0.000
    WC                 0.626      0.135      4.627      0.000
    BIG_WORDS          1.168      0.109     10.702      0.000
    WPS                0.769      0.131      5.887      0.000
    PROVIDER_I       306.060     33.656      9.094      0.000

Latent Class 2

 Means
    DRIVES             0.125      0.077      1.612      0.107
    COGNITION          0.563      0.075      7.551      0.000
    AFFECT            -0.298      0.097     -3.088      0.002
    SOCIAL            -0.192      0.117     -1.635      0.102
    WC                 0.174      0.180      0.965      0.335
    BIG_WORDS          0.302      0.113      2.667      0.008
    WPS                1.165      0.215      5.427      0.000
    PROVIDER_I        81.655      2.970     27.492      0.000

 Variances
    DRIVES             1.207      0.153      7.901      0.000
    COGNITION          1.067      0.128      8.350      0.000
    AFFECT             0.711      0.164      4.339      0.000
    SOCIAL             1.042      0.178      5.869      0.000
    WC                 0.881      0.161      5.485      0.000
    BIG_WORDS          1.132      0.095     11.893      0.000
    WPS                0.954      0.120      7.925      0.000
    PROVIDER_I       306.060     33.656      9.094      0.000

Latent Class 3

 Means
    DRIVES             0.045      0.061      0.728      0.466
    COGNITION          0.386      0.085      4.521      0.000
    AFFECT            -0.275      0.063     -4.340      0.000
    SOCIAL            -0.228      0.087     -2.635      0.008
    WC                 0.917      0.145      6.331      0.000
    BIG_WORDS         -0.089      0.073     -1.230      0.219
    WPS               -0.123      0.077     -1.598      0.110
    PROVIDER_I       113.084      1.307     86.540      0.000

 Variances
    DRIVES             0.712      0.081      8.781      0.000
    COGNITION          0.680      0.110      6.154      0.000
    AFFECT             0.467      0.044     10.583      0.000
    SOCIAL             0.790      0.094      8.415      0.000
    WC                 1.264      0.178      7.108      0.000
    BIG_WORDS          0.517      0.072      7.226      0.000
    WPS                0.318      0.031     10.162      0.000
    PROVIDER_I       306.060     33.656      9.094      0.000

Latent Class 4

 Means
    DRIVES            -0.078      0.058     -1.338      0.181
    COGNITION         -0.288      0.083     -3.476      0.001
    AFFECT             0.358      0.073      4.879      0.000
    SOCIAL             0.232      0.058      3.999      0.000
    WC                -0.456      0.070     -6.525      0.000
    BIG_WORDS         -0.389      0.049     -7.907      0.000
    WPS               -0.680      0.071     -9.593      0.000
    PROVIDER_I       104.848      2.236     46.897      0.000

 Variances
    DRIVES             1.060      0.128      8.295      0.000
    COGNITION          0.700      0.132      5.306      0.000
    AFFECT             1.282      0.137      9.342      0.000
    SOCIAL             1.067      0.090     11.844      0.000
    WC                 0.292      0.035      8.331      0.000
    BIG_WORDS          0.784      0.068     11.506      0.000
    WPS                0.296      0.052      5.660      0.000
    PROVIDER_I       306.060     33.656      9.094      0.000

Categorical Latent Variables

 Means
    C#1               -0.625      0.136     -4.595      0.000
    C#2               -0.546      0.234     -2.330      0.020
    C#3               -0.494      0.214     -2.308      0.021


QUALITY OF NUMERICAL RESULTS

     Condition Number for the Information Matrix              0.553E-02
       (ratio of smallest to largest eigenvalue)


PLOT INFORMATION

The following plots are available:

  Histograms (sample values)
  Scatterplots (sample values)
  Estimated overall and class-specific distributions

     Beginning Time:  11:41:18
        Ending Time:  11:41:39
       Elapsed Time:  00:00:21



MUTHEN & MUTHEN
3463 Stoner Ave.
Los Angeles, CA  90066

Tel: (310) 391-9971
Fax: (310) 391-8971
Web: www.StatModel.com
Support: Support@StatModel.com

Copyright (c) 1998-2021 Muthen & Muthen
