Mplus VERSION 8.7 (Mac)
MUTHEN & MUTHEN
05/17/2023  11:45 AM

INPUT INSTRUCTIONS

  TITLE:
  P10_lpa__freeVarenum;
  DATA:
  FILE = "mplus_analyses/prof_10_ml_lpa_freeVar_enum.dat";

  VARIABLE:
  NAMES = drives cognition affect social wc big_words wps provider_id;
   MISSING=.;
   CLASSES = c(10);
  DEFINE:
  STANDARDIZE drives cognition affect social wc wps big_words;
  ANALYSIS:
  TYPE = MIXTURE;
      ESTIMATOR=MLR;
      STARTS=1000 50;
      STITERATIONS=50;
      LRTSTARTS=1000 50 1000 50;
      PROCESSORS=4;
  MODEL:
  %OVERALL%
  %C#1%
  [drives cognition affect social wc wps big_words];
  drives cognition affect social wc wps big_words;
  %C#2%
  [drives cognition affect social wc wps big_words];
  drives cognition affect social wc wps big_words;
  %C#3%
  [drives cognition affect social wc wps big_words];
  drives cognition affect social wc wps big_words;
  %C#4%
  [drives cognition affect social wc wps big_words];
  drives cognition affect social wc wps big_words;
  %C#5%
  [drives cognition affect social wc wps big_words];
  drives cognition affect social wc wps big_words;
  %C#6%
  [drives cognition affect social wc wps big_words];
  drives cognition affect social wc wps big_words;
  %C#7%
  [drives cognition affect social wc wps big_words];
  drives cognition affect social wc wps big_words;
  %C#8%
  [drives cognition affect social wc wps big_words];
  drives cognition affect social wc wps big_words;
  %C#9%
  [drives cognition affect social wc wps big_words];
  drives cognition affect social wc wps big_words;
  %C#10%
  [drives cognition affect social wc wps big_words];
  drives cognition affect social wc wps big_words;
  PLOT:
  type = plot3;



*** WARNING in VARIABLE command
  Note that only the first 8 characters of variable names are used in the output.
  Shorten variable names to avoid any confusion.
*** WARNING in MODEL command
  All variables are uncorrelated with all other variables within class.
  Check that this is what is intended.
*** WARNING in PLOT command
  Note that only the first 8 characters of variable names are used in plots.
  If variable names are not unique within the first 8 characters, problems
  may occur.
   3 WARNING(S) FOUND IN THE INPUT INSTRUCTIONS




P10_lpa__freeVarenum;

SUMMARY OF ANALYSIS

Number of groups                                                 1
Number of observations                                        1670

Number of dependent variables                                    8
Number of independent variables                                  0
Number of continuous latent variables                            0
Number of categorical latent variables                           1

Observed dependent variables

  Continuous
   DRIVES      COGNITION   AFFECT      SOCIAL      WC          BIG_WORDS
   WPS         PROVIDER_I

Categorical latent variables
   C


Estimator                                                      MLR
Information matrix                                        OBSERVED
Optimization Specifications for the Quasi-Newton Algorithm for
Continuous Outcomes
  Maximum number of iterations                                 100
  Convergence criterion                                  0.100D-05
Optimization Specifications for the EM Algorithm
  Maximum number of iterations                                 500
  Convergence criteria
    Loglikelihood change                                 0.100D-06
    Relative loglikelihood change                        0.100D-06
    Derivative                                           0.100D-05
Optimization Specifications for the M step of the EM Algorithm for
Categorical Latent variables
  Number of M step iterations                                    1
  M step convergence criterion                           0.100D-05
  Basis for M step termination                           ITERATION
Optimization Specifications for the M step of the EM Algorithm for
Censored, Binary or Ordered Categorical (Ordinal), Unordered
Categorical (Nominal) and Count Outcomes
  Number of M step iterations                                    1
  M step convergence criterion                           0.100D-05
  Basis for M step termination                           ITERATION
  Maximum value for logit thresholds                            15
  Minimum value for logit thresholds                           -15
  Minimum expected cell size for chi-square              0.100D-01
Maximum number of iterations for H1                           2000
Convergence criterion for H1                             0.100D-03
Optimization algorithm                                         EMA
Random Starts Specifications
  Number of initial stage random starts                       1000
  Number of final stage optimizations                           50
  Number of initial stage iterations                            50
  Initial stage convergence criterion                    0.100D+01
  Random starts scale                                    0.500D+01
  Random seed for generating random starts                       0

Input data file(s)
  mplus_analyses/prof_10_ml_lpa_freeVar_enum.dat
Input data format  FREE


SUMMARY OF DATA

     Number of missing data patterns             1
     Number of y missing data patterns           1
     Number of u missing data patterns           0


COVARIANCE COVERAGE OF DATA

Minimum covariance coverage value   0.100


     PROPORTION OF DATA PRESENT FOR Y


           Covariance Coverage
              DRIVES        COGNITIO      AFFECT        SOCIAL        WC
              ________      ________      ________      ________      ________
 DRIVES         1.000
 COGNITIO       1.000         1.000
 AFFECT         1.000         1.000         1.000
 SOCIAL         1.000         1.000         1.000         1.000
 WC             1.000         1.000         1.000         1.000         1.000
 BIG_WORD       1.000         1.000         1.000         1.000         1.000
 WPS            1.000         1.000         1.000         1.000         1.000
 PROVIDER       1.000         1.000         1.000         1.000         1.000


           Covariance Coverage
              BIG_WORD      WPS           PROVIDER
              ________      ________      ________
 BIG_WORD       1.000
 WPS            1.000         1.000
 PROVIDER       1.000         1.000         1.000



UNIVARIATE SAMPLE STATISTICS


     UNIVARIATE HIGHER-ORDER MOMENT DESCRIPTIVE STATISTICS

         Variable/         Mean/     Skewness/   Minimum/ % with                Percentiles
        Sample Size      Variance    Kurtosis    Maximum  Min/Max      20%/60%    40%/80%    Median

     DRIVES                0.000       0.358      -2.668    0.06%      -0.842     -0.284     -0.039
            1670.000       1.000       0.166       3.571    0.06%       0.179      0.792
     COGNITION             0.000       0.212      -3.225    0.06%      -0.832     -0.296     -0.044
            1670.000       1.000       0.290       4.468    0.06%       0.225      0.815
     AFFECT                0.000       0.663      -2.958    0.06%      -0.826     -0.317     -0.092
            1670.000       1.000       0.978       4.396    0.06%       0.162      0.739
     SOCIAL                0.000       0.460      -2.644    0.06%      -0.844     -0.329     -0.077
            1670.000       1.000       0.387       3.992    0.06%       0.175      0.792
     WC                    0.000       1.218      -1.854    0.06%      -0.801     -0.370     -0.167
            1670.000       1.000       2.407       4.876    0.06%       0.057      0.714
     BIG_WORDS             0.000       0.326      -3.514    0.06%      -0.843     -0.292     -0.055
            1670.000       1.000       0.490       4.575    0.06%       0.188      0.835
     WPS                   0.000       0.954      -2.197    0.06%      -0.809     -0.383     -0.170
            1670.000       1.000       1.419       4.965    0.06%       0.080      0.745
     PROVIDER_ID          88.160      -0.797       2.000    0.36%      58.000     90.000     96.000
            1670.000    1098.636      -0.056     142.000    0.42%     105.000    115.000

RANDOM STARTS RESULTS RANKED FROM THE BEST TO THE WORST LOGLIKELIHOOD VALUES


688 perturbed starting value run(s) did not converge or were rejected in the third stage.
Final stage loglikelihood values at local maxima, seeds, and initial stage start numbers:

          -23247.784  131856           90
          -23247.784  479273           156
          -23247.784  948615           140
          -23247.784  888905           444
          -23247.784  845580           805
          -23247.784  617658           660
          -23247.784  195763           358
          -23247.784  74518            927
          -23250.233  947714           573
          -23256.006  373505           88
          -23256.148  226322           478
          -23260.257  626087           314
          -23261.070  626891           32
          -23261.747  499150           216
          -23265.065  21345            199
          -23267.726  246261           38
          -23289.959  663090           906

33 perturbed starting value run(s) did not converge or were rejected in the third stage.



THE BEST LOGLIKELIHOOD VALUE HAS BEEN REPLICATED.  RERUN WITH AT LEAST TWICE THE
RANDOM STARTS TO CHECK THAT THE BEST LOGLIKELIHOOD IS STILL OBTAINED AND REPLICATED.


THE MODEL ESTIMATION TERMINATED NORMALLY



MODEL FIT INFORMATION

Number of Free Parameters                      160

Loglikelihood

          H0 Value                      -23247.784
          H0 Scaling Correction Factor      1.1664
            for MLR

Information Criteria

          Akaike (AIC)                   46815.567
          Bayesian (BIC)                 47682.860
          Sample-Size Adjusted BIC       47174.563
            (n* = (n + 2) / 24)



FINAL CLASS COUNTS AND PROPORTIONS FOR THE LATENT CLASSES
BASED ON THE ESTIMATED MODEL

    Latent
   Classes

       1        166.77321          0.09986
       2         90.34789          0.05410
       3        348.88168          0.20891
       4         75.36553          0.04513
       5        112.80727          0.06755
       6         83.91221          0.05025
       7        224.14123          0.13422
       8        243.48654          0.14580
       9        212.38660          0.12718
      10        111.89784          0.06700


FINAL CLASS COUNTS AND PROPORTIONS FOR THE LATENT CLASSES
BASED ON ESTIMATED POSTERIOR PROBABILITIES

    Latent
   Classes

       1        166.77321          0.09986
       2         90.34789          0.05410
       3        348.88168          0.20891
       4         75.36553          0.04513
       5        112.80727          0.06755
       6         83.91221          0.05025
       7        224.14123          0.13422
       8        243.48654          0.14580
       9        212.38660          0.12718
      10        111.89784          0.06700


FINAL CLASS COUNTS AND PROPORTIONS FOR THE LATENT CLASSES
BASED ON THEIR MOST LIKELY LATENT CLASS MEMBERSHIP

Class Counts and Proportions

    Latent
   Classes

       1              170          0.10180
       2               88          0.05269
       3              379          0.22695
       4               82          0.04910
       5              107          0.06407
       6               85          0.05090
       7              215          0.12874
       8              224          0.13413
       9              211          0.12635
      10              109          0.06527


CLASSIFICATION QUALITY

     Entropy                         0.785


Average Latent Class Probabilities for Most Likely Latent Class Membership (Row)
by Latent Class (Column)

           1        2        3        4        5        6        7        8        9

    1   0.821    0.063    0.000    0.001    0.000    0.000    0.023    0.000    0.035
    2   0.108    0.824    0.000    0.001    0.002    0.000    0.053    0.000    0.004
    3   0.000    0.000    0.776    0.012    0.053    0.014    0.059    0.084    0.002
    4   0.001    0.006    0.052    0.759    0.012    0.009    0.093    0.031    0.037
    5   0.000    0.003    0.127    0.007    0.842    0.003    0.017    0.002    0.000
    6   0.000    0.000    0.059    0.005    0.001    0.810    0.003    0.115    0.006
    7   0.012    0.026    0.054    0.014    0.007    0.003    0.757    0.061    0.066
    8   0.000    0.000    0.090    0.004    0.000    0.029    0.041    0.806    0.030
    9   0.039    0.002    0.000    0.015    0.000    0.008    0.055    0.025    0.856
   10   0.061    0.003    0.000    0.000    0.000    0.000    0.000    0.000    0.004

          10

    1   0.056
    2   0.008
    3   0.000
    4   0.000
    5   0.000
    6   0.000
    7   0.000
    8   0.000
    9   0.001
   10   0.931


Classification Probabilities for the Most Likely Latent Class Membership (Column)
by Latent Class (Row)

           1        2        3        4        5        6        7        8        9

    1   0.837    0.057    0.000    0.001    0.000    0.000    0.016    0.000    0.049
    2   0.119    0.803    0.000    0.005    0.004    0.000    0.061    0.000    0.004
    3   0.000    0.000    0.842    0.012    0.039    0.014    0.034    0.058    0.000
    4   0.002    0.001    0.063    0.826    0.010    0.006    0.040    0.012    0.042
    5   0.000    0.001    0.178    0.008    0.798    0.001    0.013    0.000    0.000
    6   0.000    0.000    0.061    0.009    0.004    0.821    0.008    0.078    0.020
    7   0.017    0.021    0.100    0.034    0.008    0.001    0.726    0.041    0.052
    8   0.000    0.000    0.131    0.010    0.001    0.040    0.054    0.742    0.022
    9   0.028    0.002    0.003    0.014    0.000    0.002    0.067    0.031    0.850
   10   0.086    0.006    0.000    0.000    0.000    0.000    0.000    0.000    0.001

          10

    1   0.040
    2   0.003
    3   0.000
    4   0.000
    5   0.000
    6   0.000
    7   0.000
    8   0.000
    9   0.002
   10   0.907


Logits for the Classification Probabilities for the Most Likely Latent Class Membership (Column)
by Latent Class (Row)

              1        2        3        4        5        6        7        8        9

    1      3.040    0.355   -5.072   -4.258  -10.598  -10.598   -0.932   -7.029    0.201
    2      3.543    5.452   -2.653    0.449    0.131   -8.144    2.874   -8.144    0.181
    3      5.213    4.581   13.644    9.414   10.567    9.578   10.420   10.968    5.253
    4      7.763    6.860   11.043   13.624    9.183    8.623   10.597    9.366   10.638
    5      2.380    7.169   12.090    9.033   13.590    6.662    9.476    0.918    0.000
    6      0.000    0.000   11.022    9.076    8.193   13.618    8.987   11.258    9.904
    7      9.751    9.937   11.516   10.438    8.992    7.145   13.495   10.619   10.854
    8      5.370    3.160   11.784    9.253    6.654   10.603   10.893   13.517    9.988
    9      2.492   -0.308    0.300    1.837   -4.961   -0.005    3.375    2.612    5.915
   10     -2.361   -4.987  -13.718  -13.718  -13.718  -13.718  -13.718  -13.718   -6.868

             10

    1      0.000
    2      0.000
    3      0.000
    4      0.000
    5      0.000
    6      0.000
    7      0.000
    8      0.000
    9      0.000
   10      0.000


MODEL RESULTS

                                                    Two-Tailed
                    Estimate       S.E.  Est./S.E.    P-Value

Latent Class 1

 Means
    DRIVES            -0.116      0.108     -1.074      0.283
    COGNITION         -0.554      0.094     -5.871      0.000
    AFFECT            -0.146      0.135     -1.082      0.279
    SOCIAL             0.146      0.112      1.303      0.193
    WC                -0.251      0.081     -3.101      0.002
    BIG_WORDS          0.516      0.118      4.359      0.000
    WPS                0.164      0.084      1.950      0.051
    PROVIDER_I        45.099      2.019     22.337      0.000

 Variances
    DRIVES             0.728      0.102      7.140      0.000
    COGNITION          0.762      0.094      8.083      0.000
    AFFECT             0.691      0.120      5.774      0.000
    SOCIAL             0.706      0.082      8.590      0.000
    WC                 0.295      0.050      5.935      0.000
    BIG_WORDS          0.900      0.162      5.568      0.000
    WPS                0.400      0.063      6.381      0.000
    PROVIDER_I       153.020     13.982     10.944      0.000

Latent Class 2

 Means
    DRIVES             0.280      0.174      1.611      0.107
    COGNITION         -0.647      0.135     -4.789      0.000
    AFFECT             0.799      0.196      4.078      0.000
    SOCIAL             0.308      0.177      1.745      0.081
    WC                -1.139      0.088    -12.898      0.000
    BIG_WORDS         -0.232      0.198     -1.174      0.240
    WPS               -0.464      0.117     -3.951      0.000
    PROVIDER_I        52.277      4.102     12.744      0.000

 Variances
    DRIVES             1.568      0.238      6.585      0.000
    COGNITION          1.117      0.158      7.079      0.000
    AFFECT             2.002      0.331      6.047      0.000
    SOCIAL             1.467      0.227      6.448      0.000
    WC                 0.144      0.035      4.075      0.000
    BIG_WORDS          1.372      0.283      4.846      0.000
    WPS                0.394      0.093      4.238      0.000
    PROVIDER_I       153.020     13.982     10.944      0.000

Latent Class 3

 Means
    DRIVES             0.051      0.101      0.505      0.614
    COGNITION         -0.155      0.092     -1.677      0.093
    AFFECT             0.214      0.114      1.870      0.062
    SOCIAL             0.121      0.088      1.376      0.169
    WC                -0.096      0.157     -0.611      0.541
    BIG_WORDS         -0.272      0.067     -4.082      0.000
    WPS               -0.712      0.087     -8.169      0.000
    PROVIDER_I       112.185      1.245     90.088      0.000

 Variances
    DRIVES             0.780      0.109      7.137      0.000
    COGNITION          0.505      0.059      8.558      0.000
    AFFECT             0.681      0.118      5.790      0.000
    SOCIAL             0.809      0.112      7.248      0.000
    WC                 0.255      0.082      3.110      0.002
    BIG_WORDS          0.667      0.079      8.401      0.000
    WPS                0.120      0.021      5.746      0.000
    PROVIDER_I       153.020     13.982     10.944      0.000

Latent Class 4

 Means
    DRIVES            -1.466      0.114    -12.845      0.000
    COGNITION         -0.141      0.167     -0.840      0.401
    AFFECT            -1.036      0.196     -5.297      0.000
    SOCIAL            -0.768      0.173     -4.434      0.000
    WC                -0.585      0.119     -4.938      0.000
    BIG_WORDS          0.274      0.196      1.402      0.161
    WPS               -0.007      0.167     -0.041      0.968
    PROVIDER_I        95.511      1.725     55.366      0.000

 Variances
    DRIVES             0.277      0.058      4.762      0.000
    COGNITION          1.099      0.173      6.359      0.000
    AFFECT             0.531      0.170      3.114      0.002
    SOCIAL             0.669      0.161      4.161      0.000
    WC                 0.274      0.069      3.980      0.000
    BIG_WORDS          1.591      0.397      4.013      0.000
    WPS                0.415      0.141      2.945      0.003
    PROVIDER_I       153.020     13.982     10.944      0.000

Latent Class 5

 Means
    DRIVES            -0.388      0.126     -3.080      0.002
    COGNITION         -0.691      0.140     -4.938      0.000
    AFFECT             0.922      0.184      5.009      0.000
    SOCIAL             0.095      0.139      0.681      0.496
    WC                -0.804      0.098     -8.190      0.000
    BIG_WORDS         -0.845      0.137     -6.176      0.000
    WPS               -1.313      0.106    -12.374      0.000
    PROVIDER_I       114.110      1.997     57.141      0.000

 Variances
    DRIVES             0.821      0.170      4.816      0.000
    COGNITION          0.561      0.084      6.693      0.000
    AFFECT             1.286      0.211      6.104      0.000
    SOCIAL             1.099      0.265      4.149      0.000
    WC                 0.122      0.036      3.357      0.001
    BIG_WORDS          0.651      0.142      4.592      0.000
    WPS                0.105      0.028      3.730      0.000
    PROVIDER_I       153.020     13.982     10.944      0.000

Latent Class 6

 Means
    DRIVES            -0.328      0.138     -2.372      0.018
    COGNITION          0.871      0.134      6.501      0.000
    AFFECT            -0.270      0.091     -2.974      0.003
    SOCIAL            -1.212      0.102    -11.934      0.000
    WC                 1.275      0.258      4.950      0.000
    BIG_WORDS          0.183      0.138      1.323      0.186
    WPS                0.060      0.139      0.431      0.666
    PROVIDER_I       127.538      4.934     25.850      0.000

 Variances
    DRIVES             0.517      0.115      4.516      0.000
    COGNITION          0.847      0.217      3.910      0.000
    AFFECT             0.411      0.061      6.716      0.000
    SOCIAL             0.205      0.036      5.771      0.000
    WC                 2.274      0.336      6.774      0.000
    BIG_WORDS          0.576      0.120      4.784      0.000
    WPS                0.454      0.078      5.798      0.000
    PROVIDER_I       153.020     13.982     10.944      0.000

Latent Class 7

 Means
    DRIVES             0.416      0.120      3.466      0.001
    COGNITION          0.260      0.106      2.452      0.014
    AFFECT             0.250      0.128      1.950      0.051
    SOCIAL             0.563      0.115      4.879      0.000
    WC                -0.537      0.146     -3.676      0.000
    BIG_WORDS         -0.198      0.084     -2.347      0.019
    WPS                0.097      0.104      0.924      0.355
    PROVIDER_I        89.888      2.373     37.882      0.000

 Variances
    DRIVES             1.255      0.163      7.675      0.000
    COGNITION          1.072      0.113      9.507      0.000
    AFFECT             1.271      0.165      7.680      0.000
    SOCIAL             1.318      0.143      9.209      0.000
    WC                 0.315      0.083      3.778      0.000
    BIG_WORDS          0.741      0.089      8.366      0.000
    WPS                0.415      0.058      7.159      0.000
    PROVIDER_I       153.020     13.982     10.944      0.000

Latent Class 8

 Means
    DRIVES             0.254      0.083      3.052      0.002
    COGNITION          0.235      0.099      2.373      0.018
    AFFECT            -0.372      0.127     -2.940      0.003
    SOCIAL             0.150      0.132      1.141      0.254
    WC                 0.982      0.250      3.930      0.000
    BIG_WORDS         -0.119      0.154     -0.775      0.439
    WPS               -0.014      0.158     -0.089      0.929
    PROVIDER_I       109.666      1.452     75.526      0.000

 Variances
    DRIVES             0.751      0.095      7.935      0.000
    COGNITION          0.662      0.083      8.017      0.000
    AFFECT             0.521      0.080      6.539      0.000
    SOCIAL             0.556      0.160      3.483      0.000
    WC                 0.915      0.300      3.053      0.002
    BIG_WORDS          0.556      0.120      4.640      0.000
    WPS                0.304      0.062      4.883      0.000
    PROVIDER_I       153.020     13.982     10.944      0.000

Latent Class 9

 Means
    DRIVES             0.075      0.085      0.891      0.373
    COGNITION          0.611      0.085      7.171      0.000
    AFFECT            -0.266      0.075     -3.555      0.000
    SOCIAL            -0.363      0.089     -4.069      0.000
    WC                 0.372      0.090      4.112      0.000
    BIG_WORDS          0.334      0.098      3.409      0.001
    WPS                1.506      0.095     15.799      0.000
    PROVIDER_I        78.166      1.768     44.223      0.000

 Variances
    DRIVES             0.811      0.106      7.662      0.000
    COGNITION          0.961      0.109      8.783      0.000
    AFFECT             0.530      0.074      7.118      0.000
    SOCIAL             0.731      0.121      6.025      0.000
    WC                 0.810      0.124      6.539      0.000
    BIG_WORDS          1.079      0.103     10.491      0.000
    WPS                0.843      0.121      6.949      0.000
    PROVIDER_I       153.020     13.982     10.944      0.000

Latent Class 10

 Means
    DRIVES            -0.118      0.093     -1.271      0.204
    COGNITION         -0.222      0.108     -2.051      0.040
    AFFECT            -0.309      0.084     -3.655      0.000
    SOCIAL            -0.279      0.081     -3.442      0.001
    WC                 0.075      0.113      0.660      0.509
    BIG_WORDS          0.817      0.107      7.629      0.000
    WPS                0.612      0.125      4.905      0.000
    PROVIDER_I        14.472      1.617      8.950      0.000

 Variances
    DRIVES             0.772      0.114      6.769      0.000
    COGNITION          1.013      0.137      7.383      0.000
    AFFECT             0.526      0.081      6.502      0.000
    SOCIAL             0.543      0.063      8.606      0.000
    WC                 1.186      0.147      8.094      0.000
    BIG_WORDS          1.038      0.200      5.188      0.000
    WPS                1.583      0.217      7.290      0.000
    PROVIDER_I       153.020     13.982     10.944      0.000

Categorical Latent Variables

 Means
    C#1                0.399      0.180      2.219      0.026
    C#2               -0.214      0.223     -0.959      0.337
    C#3                1.137      0.175      6.505      0.000
    C#4               -0.395      0.232     -1.702      0.089
    C#5                0.008      0.372      0.022      0.983
    C#6               -0.288      0.254     -1.132      0.258
    C#7                0.695      0.188      3.700      0.000
    C#8                0.777      0.290      2.684      0.007
    C#9                0.641      0.158      4.050      0.000


QUALITY OF NUMERICAL RESULTS

     Condition Number for the Information Matrix              0.804E-05
       (ratio of smallest to largest eigenvalue)


PLOT INFORMATION

The following plots are available:

  Histograms (sample values)
  Scatterplots (sample values)
  Estimated overall and class-specific distributions

     Beginning Time:  11:45:51
        Ending Time:  11:47:05
       Elapsed Time:  00:01:14



MUTHEN & MUTHEN
3463 Stoner Ave.
Los Angeles, CA  90066

Tel: (310) 391-9971
Fax: (310) 391-8971
Web: www.StatModel.com
Support: Support@StatModel.com

Copyright (c) 1998-2021 Muthen & Muthen
