Mplus VERSION 8.7 (Mac)
MUTHEN & MUTHEN
05/17/2023  11:43 AM

INPUT INSTRUCTIONS

  TITLE:
  P8_lpa__freeVarenum;
  DATA:
  FILE = "mplus_analyses/prof_8_ml_lpa_freeVar_enum.dat";

  VARIABLE:
  NAMES = drives cognition affect social wc big_words wps provider_id;
   MISSING=.;
   CLASSES = c(8);
  DEFINE:
  STANDARDIZE drives cognition affect social wc wps big_words;
  ANALYSIS:
  TYPE = MIXTURE;
      ESTIMATOR=MLR;
      STARTS=1000 50;
      STITERATIONS=50;
      LRTSTARTS=1000 50 1000 50;
      PROCESSORS=4;
  MODEL:
  %OVERALL%
  %C#1%
  [drives cognition affect social wc wps big_words];
  drives cognition affect social wc wps big_words;
  %C#2%
  [drives cognition affect social wc wps big_words];
  drives cognition affect social wc wps big_words;
  %C#3%
  [drives cognition affect social wc wps big_words];
  drives cognition affect social wc wps big_words;
  %C#4%
  [drives cognition affect social wc wps big_words];
  drives cognition affect social wc wps big_words;
  %C#5%
  [drives cognition affect social wc wps big_words];
  drives cognition affect social wc wps big_words;
  %C#6%
  [drives cognition affect social wc wps big_words];
  drives cognition affect social wc wps big_words;
  %C#7%
  [drives cognition affect social wc wps big_words];
  drives cognition affect social wc wps big_words;
  %C#8%
  [drives cognition affect social wc wps big_words];
  drives cognition affect social wc wps big_words;
  PLOT:
  type = plot3;



*** WARNING in VARIABLE command
  Note that only the first 8 characters of variable names are used in the output.
  Shorten variable names to avoid any confusion.
*** WARNING in MODEL command
  All variables are uncorrelated with all other variables within class.
  Check that this is what is intended.
*** WARNING in PLOT command
  Note that only the first 8 characters of variable names are used in plots.
  If variable names are not unique within the first 8 characters, problems
  may occur.
   3 WARNING(S) FOUND IN THE INPUT INSTRUCTIONS




P8_lpa__freeVarenum;

SUMMARY OF ANALYSIS

Number of groups                                                 1
Number of observations                                        1670

Number of dependent variables                                    8
Number of independent variables                                  0
Number of continuous latent variables                            0
Number of categorical latent variables                           1

Observed dependent variables

  Continuous
   DRIVES      COGNITION   AFFECT      SOCIAL      WC          BIG_WORDS
   WPS         PROVIDER_I

Categorical latent variables
   C


Estimator                                                      MLR
Information matrix                                        OBSERVED
Optimization Specifications for the Quasi-Newton Algorithm for
Continuous Outcomes
  Maximum number of iterations                                 100
  Convergence criterion                                  0.100D-05
Optimization Specifications for the EM Algorithm
  Maximum number of iterations                                 500
  Convergence criteria
    Loglikelihood change                                 0.100D-06
    Relative loglikelihood change                        0.100D-06
    Derivative                                           0.100D-05
Optimization Specifications for the M step of the EM Algorithm for
Categorical Latent variables
  Number of M step iterations                                    1
  M step convergence criterion                           0.100D-05
  Basis for M step termination                           ITERATION
Optimization Specifications for the M step of the EM Algorithm for
Censored, Binary or Ordered Categorical (Ordinal), Unordered
Categorical (Nominal) and Count Outcomes
  Number of M step iterations                                    1
  M step convergence criterion                           0.100D-05
  Basis for M step termination                           ITERATION
  Maximum value for logit thresholds                            15
  Minimum value for logit thresholds                           -15
  Minimum expected cell size for chi-square              0.100D-01
Maximum number of iterations for H1                           2000
Convergence criterion for H1                             0.100D-03
Optimization algorithm                                         EMA
Random Starts Specifications
  Number of initial stage random starts                       1000
  Number of final stage optimizations                           50
  Number of initial stage iterations                            50
  Initial stage convergence criterion                    0.100D+01
  Random starts scale                                    0.500D+01
  Random seed for generating random starts                       0

Input data file(s)
  mplus_analyses/prof_8_ml_lpa_freeVar_enum.dat
Input data format  FREE


SUMMARY OF DATA

     Number of missing data patterns             1
     Number of y missing data patterns           1
     Number of u missing data patterns           0


COVARIANCE COVERAGE OF DATA

Minimum covariance coverage value   0.100


     PROPORTION OF DATA PRESENT FOR Y


           Covariance Coverage
              DRIVES        COGNITIO      AFFECT        SOCIAL        WC
              ________      ________      ________      ________      ________
 DRIVES         1.000
 COGNITIO       1.000         1.000
 AFFECT         1.000         1.000         1.000
 SOCIAL         1.000         1.000         1.000         1.000
 WC             1.000         1.000         1.000         1.000         1.000
 BIG_WORD       1.000         1.000         1.000         1.000         1.000
 WPS            1.000         1.000         1.000         1.000         1.000
 PROVIDER       1.000         1.000         1.000         1.000         1.000


           Covariance Coverage
              BIG_WORD      WPS           PROVIDER
              ________      ________      ________
 BIG_WORD       1.000
 WPS            1.000         1.000
 PROVIDER       1.000         1.000         1.000



UNIVARIATE SAMPLE STATISTICS


     UNIVARIATE HIGHER-ORDER MOMENT DESCRIPTIVE STATISTICS

         Variable/         Mean/     Skewness/   Minimum/ % with                Percentiles
        Sample Size      Variance    Kurtosis    Maximum  Min/Max      20%/60%    40%/80%    Median

     DRIVES                0.000       0.358      -2.668    0.06%      -0.842     -0.284     -0.039
            1670.000       1.000       0.166       3.571    0.06%       0.179      0.792
     COGNITION             0.000       0.212      -3.225    0.06%      -0.832     -0.296     -0.044
            1670.000       1.000       0.290       4.468    0.06%       0.225      0.815
     AFFECT                0.000       0.663      -2.958    0.06%      -0.826     -0.317     -0.092
            1670.000       1.000       0.978       4.396    0.06%       0.162      0.739
     SOCIAL                0.000       0.460      -2.644    0.06%      -0.844     -0.329     -0.077
            1670.000       1.000       0.387       3.992    0.06%       0.175      0.792
     WC                    0.000       1.218      -1.854    0.06%      -0.801     -0.370     -0.167
            1670.000       1.000       2.407       4.876    0.06%       0.057      0.714
     BIG_WORDS             0.000       0.326      -3.514    0.06%      -0.843     -0.292     -0.055
            1670.000       1.000       0.490       4.575    0.06%       0.188      0.835
     WPS                   0.000       0.954      -2.197    0.06%      -0.809     -0.383     -0.170
            1670.000       1.000       1.419       4.965    0.06%       0.080      0.745
     PROVIDER_ID          88.160      -0.797       2.000    0.36%      58.000     90.000     96.000
            1670.000    1098.636      -0.056     142.000    0.42%     105.000    115.000

RANDOM STARTS RESULTS RANKED FROM THE BEST TO THE WORST LOGLIKELIHOOD VALUES


546 perturbed starting value run(s) did not converge or were rejected in the third stage.
Final stage loglikelihood values at local maxima, seeds, and initial stage start numbers:

          -23369.193  80438            246
          -23369.193  926797           406
          -23369.193  561664           392
          -23369.193  966014           37
          -23369.193  89970            223
          -23369.193  657994           788
          -23369.193  782179           835
          -23369.193  783165           170
          -23369.193  268217           83
          -23369.193  131856           90
          -23369.193  125727           899
          -23369.193  288738           940
          -23369.193  857122           889
          -23369.193  418686           338
          -23369.193  51375            148
          -23369.193  581196           921
          -23369.193  950604           172
          -23369.193  319144           176
          -23369.193  391949           295
          -23369.193  497522           502
          -23369.193  592219           119
          -23369.193  722748           346
          -23369.193  903633           553
          -23369.193  589483           950
          -23369.193  92564            583

25 perturbed starting value run(s) did not converge or were rejected in the third stage.



THE BEST LOGLIKELIHOOD VALUE HAS BEEN REPLICATED.  RERUN WITH AT LEAST TWICE THE
RANDOM STARTS TO CHECK THAT THE BEST LOGLIKELIHOOD IS STILL OBTAINED AND REPLICATED.


THE MODEL ESTIMATION TERMINATED NORMALLY



MODEL FIT INFORMATION

Number of Free Parameters                      128

Loglikelihood

          H0 Value                      -23369.193
          H0 Scaling Correction Factor      1.2392
            for MLR

Information Criteria

          Akaike (AIC)                   46994.387
          Bayesian (BIC)                 47688.221
          Sample-Size Adjusted BIC       47281.583
            (n* = (n + 2) / 24)



FINAL CLASS COUNTS AND PROPORTIONS FOR THE LATENT CLASSES
BASED ON THE ESTIMATED MODEL

    Latent
   Classes

       1        230.01992          0.13774
       2         72.94085          0.04368
       3        130.43895          0.07811
       4        154.98416          0.09280
       5        424.17032          0.25399
       6        199.68101          0.11957
       7        234.59291          0.14047
       8        223.17187          0.13364


FINAL CLASS COUNTS AND PROPORTIONS FOR THE LATENT CLASSES
BASED ON ESTIMATED POSTERIOR PROBABILITIES

    Latent
   Classes

       1        230.01992          0.13774
       2         72.94085          0.04368
       3        130.43895          0.07811
       4        154.98416          0.09280
       5        424.17032          0.25399
       6        199.68101          0.11957
       7        234.59291          0.14047
       8        223.17187          0.13364


FINAL CLASS COUNTS AND PROPORTIONS FOR THE LATENT CLASSES
BASED ON THEIR MOST LIKELY LATENT CLASS MEMBERSHIP

Class Counts and Proportions

    Latent
   Classes

       1              233          0.13952
       2               77          0.04611
       3              128          0.07665
       4              144          0.08623
       5              445          0.26647
       6              183          0.10958
       7              230          0.13772
       8              230          0.13772


CLASSIFICATION QUALITY

     Entropy                         0.778


Average Latent Class Probabilities for Most Likely Latent Class Membership (Row)
by Latent Class (Column)

           1        2        3        4        5        6        7        8

    1   0.830    0.009    0.000    0.003    0.121    0.036    0.000    0.001
    2   0.031    0.765    0.000    0.012    0.063    0.076    0.048    0.007
    3   0.000    0.000    0.912    0.000    0.000    0.000    0.007    0.081
    4   0.003    0.004    0.000    0.818    0.133    0.010    0.032    0.000
    5   0.064    0.011    0.000    0.065    0.790    0.051    0.017    0.000
    6   0.028    0.013    0.000    0.009    0.091    0.759    0.063    0.036
    7   0.000    0.015    0.003    0.021    0.015    0.053    0.863    0.030
    8   0.000    0.001    0.057    0.000    0.001    0.045    0.033    0.863


Classification Probabilities for the Most Likely Latent Class Membership (Column)
by Latent Class (Row)

           1        2        3        4        5        6        7        8

    1   0.841    0.010    0.000    0.002    0.124    0.022    0.000    0.000
    2   0.029    0.807    0.000    0.008    0.070    0.033    0.048    0.005
    3   0.000    0.000    0.895    0.000    0.000    0.000    0.005    0.100
    4   0.005    0.006    0.000    0.760    0.188    0.011    0.031    0.000
    5   0.066    0.011    0.000    0.045    0.829    0.039    0.008    0.000
    6   0.042    0.029    0.000    0.007    0.114    0.696    0.061    0.051
    7   0.000    0.016    0.004    0.020    0.032    0.049    0.846    0.032
    8   0.001    0.002    0.046    0.000    0.001    0.030    0.031    0.889


Logits for the Classification Probabilities for the Most Likely Latent Class Membership (Column)
by Latent Class (Row)

              1        2        3        4        5        6        7        8

    1      7.947    3.540   -5.695    1.887    6.037    4.299   -4.716    0.000
    2      1.848    5.165   -6.975    0.507    2.717    1.980    2.346    0.000
    3    -11.517   -9.927    2.187  -11.517  -11.517  -10.242   -3.057    0.000
    4      6.205    6.442   -2.231   11.310    9.910    7.083    8.114    0.000
    5      5.072    3.310   -6.030    4.685    7.598    4.546    3.004    0.000
    6     -0.212   -0.570   -8.631   -1.927    0.791    2.604    0.165    0.000
    7     -4.795   -0.724   -2.093   -0.490    0.006    0.427    3.266    0.000
    8     -7.000   -5.911   -2.954  -13.698   -7.274   -3.400   -3.361    0.000


MODEL RESULTS

                                                    Two-Tailed
                    Estimate       S.E.  Est./S.E.    P-Value

Latent Class 1

 Means
    DRIVES            -0.239      0.115     -2.087      0.037
    COGNITION         -0.529      0.100     -5.283      0.000
    AFFECT             0.686      0.153      4.489      0.000
    SOCIAL             0.116      0.103      1.123      0.261
    WC                -0.608      0.132     -4.620      0.000
    BIG_WORDS         -0.592      0.145     -4.082      0.000
    WPS               -1.109      0.111     -9.988      0.000
    PROVIDER_I       112.895      1.860     60.696      0.000

 Variances
    DRIVES             0.901      0.133      6.781      0.000
    COGNITION          0.530      0.073      7.235      0.000
    AFFECT             1.173      0.248      4.727      0.000
    SOCIAL             0.922      0.177      5.195      0.000
    WC                 0.188      0.043      4.422      0.000
    BIG_WORDS          0.836      0.132      6.348      0.000
    WPS                0.139      0.025      5.476      0.000
    PROVIDER_I       174.355     12.319     14.153      0.000

Latent Class 2

 Means
    DRIVES            -1.477      0.122    -12.064      0.000
    COGNITION         -0.114      0.167     -0.683      0.495
    AFFECT            -1.035      0.187     -5.529      0.000
    SOCIAL            -0.792      0.167     -4.733      0.000
    WC                -0.583      0.117     -4.977      0.000
    BIG_WORDS          0.289      0.200      1.444      0.149
    WPS                0.016      0.158      0.101      0.920
    PROVIDER_I        95.168      1.720     55.316      0.000

 Variances
    DRIVES             0.271      0.061      4.402      0.000
    COGNITION          1.094      0.180      6.091      0.000
    AFFECT             0.539      0.159      3.388      0.001
    SOCIAL             0.646      0.145      4.439      0.000
    WC                 0.267      0.066      4.066      0.000
    BIG_WORDS          1.601      0.418      3.834      0.000
    WPS                0.409      0.140      2.921      0.003
    PROVIDER_I       174.355     12.319     14.153      0.000

Latent Class 3

 Means
    DRIVES            -0.163      0.086     -1.891      0.059
    COGNITION         -0.206      0.095     -2.172      0.030
    AFFECT            -0.337      0.079     -4.264      0.000
    SOCIAL            -0.216      0.082     -2.636      0.008
    WC                 0.099      0.106      0.936      0.349
    BIG_WORDS          0.852      0.096      8.848      0.000
    WPS                0.607      0.123      4.940      0.000
    PROVIDER_I        18.035      2.797      6.448      0.000

 Variances
    DRIVES             0.736      0.107      6.855      0.000
    COGNITION          0.929      0.131      7.109      0.000
    AFFECT             0.462      0.073      6.317      0.000
    SOCIAL             0.540      0.061      8.795      0.000
    WC                 1.043      0.158      6.591      0.000
    BIG_WORDS          0.951      0.179      5.324      0.000
    WPS                1.414      0.228      6.215      0.000
    PROVIDER_I       174.355     12.319     14.153      0.000

Latent Class 4

 Means
    DRIVES             0.119      0.151      0.791      0.429
    COGNITION          0.688      0.152      4.539      0.000
    AFFECT            -0.384      0.090     -4.248      0.000
    SOCIAL            -0.527      0.283     -1.863      0.062
    WC                 1.502      0.188      8.007      0.000
    BIG_WORDS          0.206      0.120      1.721      0.085
    WPS                0.206      0.104      1.977      0.048
    PROVIDER_I       118.522      4.391     26.990      0.000

 Variances
    DRIVES             0.815      0.122      6.691      0.000
    COGNITION          0.819      0.144      5.671      0.000
    AFFECT             0.442      0.071      6.206      0.000
    SOCIAL             0.749      0.168      4.468      0.000
    WC                 1.835      0.407      4.514      0.000
    BIG_WORDS          0.616      0.102      6.031      0.000
    WPS                0.412      0.100      4.103      0.000
    PROVIDER_I       174.355     12.319     14.153      0.000

Latent Class 5

 Means
    DRIVES             0.087      0.117      0.743      0.457
    COGNITION          0.038      0.099      0.386      0.700
    AFFECT            -0.057      0.122     -0.469      0.639
    SOCIAL             0.102      0.140      0.729      0.466
    WC                 0.283      0.166      1.709      0.087
    BIG_WORDS         -0.249      0.069     -3.626      0.000
    WPS               -0.421      0.178     -2.366      0.018
    PROVIDER_I       110.830      2.678     41.390      0.000

 Variances
    DRIVES             0.684      0.105      6.496      0.000
    COGNITION          0.592      0.078      7.548      0.000
    AFFECT             0.629      0.094      6.691      0.000
    SOCIAL             0.807      0.112      7.205      0.000
    WC                 0.420      0.071      5.892      0.000
    BIG_WORDS          0.506      0.073      6.933      0.000
    WPS                0.190      0.052      3.675      0.000
    PROVIDER_I       174.355     12.319     14.153      0.000

Latent Class 6

 Means
    DRIVES             0.530      0.133      3.979      0.000
    COGNITION          0.235      0.131      1.790      0.073
    AFFECT             0.300      0.340      0.883      0.377
    SOCIAL             0.630      0.157      4.016      0.000
    WC                -0.661      0.369     -1.789      0.074
    BIG_WORDS         -0.228      0.106     -2.158      0.031
    WPS                0.053      0.197      0.270      0.787
    PROVIDER_I        88.362      5.279     16.739      0.000

 Variances
    DRIVES             1.400      0.237      5.900      0.000
    COGNITION          1.157      0.251      4.610      0.000
    AFFECT             1.335      0.379      3.525      0.000
    SOCIAL             1.344      0.159      8.445      0.000
    WC                 0.276      0.197      1.399      0.162
    BIG_WORDS          0.773      0.115      6.733      0.000
    WPS                0.450      0.091      4.952      0.000
    PROVIDER_I       174.355     12.319     14.153      0.000

Latent Class 7

 Means
    DRIVES             0.076      0.078      0.967      0.333
    COGNITION          0.555      0.079      6.985      0.000
    AFFECT            -0.275      0.079     -3.490      0.000
    SOCIAL            -0.301      0.164     -1.833      0.067
    WC                 0.365      0.074      4.947      0.000
    BIG_WORDS          0.302      0.104      2.909      0.004
    WPS                1.425      0.101     14.074      0.000
    PROVIDER_I        78.495      2.463     31.874      0.000

 Variances
    DRIVES             0.786      0.095      8.256      0.000
    COGNITION          0.947      0.110      8.612      0.000
    AFFECT             0.524      0.068      7.687      0.000
    SOCIAL             0.758      0.294      2.576      0.010
    WC                 0.747      0.100      7.483      0.000
    BIG_WORDS          1.052      0.102     10.352      0.000
    WPS                0.850      0.123      6.919      0.000
    PROVIDER_I       174.355     12.319     14.153      0.000

Latent Class 8

 Means
    DRIVES             0.023      0.086      0.262      0.793
    COGNITION         -0.642      0.081     -7.947      0.000
    AFFECT             0.225      0.143      1.572      0.116
    SOCIAL             0.191      0.095      2.002      0.045
    WC                -0.615      0.110     -5.591      0.000
    BIG_WORDS          0.235      0.137      1.721      0.085
    WPS               -0.105      0.095     -1.111      0.267
    PROVIDER_I        47.168      2.312     20.397      0.000

 Variances
    DRIVES             1.022      0.127      8.036      0.000
    COGNITION          0.878      0.098      9.005      0.000
    AFFECT             1.359      0.246      5.527      0.000
    SOCIAL             1.007      0.120      8.381      0.000
    WC                 0.363      0.046      7.949      0.000
    BIG_WORDS          1.197      0.126      9.531      0.000
    WPS                0.439      0.056      7.798      0.000
    PROVIDER_I       174.355     12.319     14.153      0.000

Categorical Latent Variables

 Means
    C#1                0.030      0.317      0.095      0.924
    C#2               -1.118      0.228     -4.894      0.000
    C#3               -0.537      0.203     -2.644      0.008
    C#4               -0.365      0.336     -1.086      0.277
    C#5                0.642      0.174      3.685      0.000
    C#6               -0.111      0.333     -0.334      0.738
    C#7                0.050      0.176      0.283      0.777


QUALITY OF NUMERICAL RESULTS

     Condition Number for the Information Matrix              0.144E-02
       (ratio of smallest to largest eigenvalue)


PLOT INFORMATION

The following plots are available:

  Histograms (sample values)
  Scatterplots (sample values)
  Estimated overall and class-specific distributions

     Beginning Time:  11:43:36
        Ending Time:  11:44:35
       Elapsed Time:  00:00:59



MUTHEN & MUTHEN
3463 Stoner Ave.
Los Angeles, CA  90066

Tel: (310) 391-9971
Fax: (310) 391-8971
Web: www.StatModel.com
Support: Support@StatModel.com

Copyright (c) 1998-2021 Muthen & Muthen
