Mplus VERSION 8.7 (Mac)
MUTHEN & MUTHEN
05/19/2023   9:35 PM

INPUT INSTRUCTIONS

  TITLE:
  P9_lpa__freeVarenum;
  DATA:
  FILE = "mplus_analyses/cmbd_vars/prof_9_ml_lpa_freeVar_enum.dat";

  VARIABLE:
  NAMES = drives cognition affect analytic clout authentic wc big_words PCP_ID;
   MISSING=.;
   CLASSES = c(9);
  DEFINE:
  STANDARDIZE drives, cognition, affect, analytic, clout, authentic, wc, big_words;
  ANALYSIS:
  TYPE = MIXTURE;
      ESTIMATOR=MLR;
      STARTS=1000 50;
      STITERATIONS=50;
      LRTSTARTS=1000 50 1000 50;
      PROCESSORS=4;
  MODEL:
  %OVERALL%
  %C#1%
  [drives, cognition, affect, analytic, clout, authentic, wc, big_words];
  drives, cognition, affect, analytic, clout, authentic, wc, big_words;
  %C#2%
  [drives, cognition, affect, analytic, clout, authentic, wc, big_words];
  drives, cognition, affect, analytic, clout, authentic, wc, big_words;
  %C#3%
  [drives, cognition, affect, analytic, clout, authentic, wc, big_words];
  drives, cognition, affect, analytic, clout, authentic, wc, big_words;
  %C#4%
  [drives, cognition, affect, analytic, clout, authentic, wc, big_words];
  drives, cognition, affect, analytic, clout, authentic, wc, big_words;
  %C#5%
  [drives, cognition, affect, analytic, clout, authentic, wc, big_words];
  drives, cognition, affect, analytic, clout, authentic, wc, big_words;
  %C#6%
  [drives, cognition, affect, analytic, clout, authentic, wc, big_words];
  drives, cognition, affect, analytic, clout, authentic, wc, big_words;
  %C#7%
  [drives, cognition, affect, analytic, clout, authentic, wc, big_words];
  drives, cognition, affect, analytic, clout, authentic, wc, big_words;
  %C#8%
  [drives, cognition, affect, analytic, clout, authentic, wc, big_words];
  drives, cognition, affect, analytic, clout, authentic, wc, big_words;
  %C#9%
  [drives, cognition, affect, analytic, clout, authentic, wc, big_words];
  drives, cognition, affect, analytic, clout, authentic, wc, big_words;
  PLOT:
  type = plot3;



*** WARNING in VARIABLE command
  Note that only the first 8 characters of variable names are used in the output.
  Shorten variable names to avoid any confusion.
*** WARNING in MODEL command
  All variables are uncorrelated with all other variables within class.
  Check that this is what is intended.
*** WARNING in PLOT command
  Note that only the first 8 characters of variable names are used in plots.
  If variable names are not unique within the first 8 characters, problems
  may occur.
   3 WARNING(S) FOUND IN THE INPUT INSTRUCTIONS




P9_lpa__freeVarenum;

SUMMARY OF ANALYSIS

Number of groups                                                 1
Number of observations                                        1672

Number of dependent variables                                    9
Number of independent variables                                  0
Number of continuous latent variables                            0
Number of categorical latent variables                           1

Observed dependent variables

  Continuous
   DRIVES      COGNITION   AFFECT      ANALYTIC    CLOUT       AUTHENTIC
   WC          BIG_WORDS   PCP_ID

Categorical latent variables
   C


Estimator                                                      MLR
Information matrix                                        OBSERVED
Optimization Specifications for the Quasi-Newton Algorithm for
Continuous Outcomes
  Maximum number of iterations                                 100
  Convergence criterion                                  0.100D-05
Optimization Specifications for the EM Algorithm
  Maximum number of iterations                                 500
  Convergence criteria
    Loglikelihood change                                 0.100D-06
    Relative loglikelihood change                        0.100D-06
    Derivative                                           0.100D-05
Optimization Specifications for the M step of the EM Algorithm for
Categorical Latent variables
  Number of M step iterations                                    1
  M step convergence criterion                           0.100D-05
  Basis for M step termination                           ITERATION
Optimization Specifications for the M step of the EM Algorithm for
Censored, Binary or Ordered Categorical (Ordinal), Unordered
Categorical (Nominal) and Count Outcomes
  Number of M step iterations                                    1
  M step convergence criterion                           0.100D-05
  Basis for M step termination                           ITERATION
  Maximum value for logit thresholds                            15
  Minimum value for logit thresholds                           -15
  Minimum expected cell size for chi-square              0.100D-01
Maximum number of iterations for H1                           2000
Convergence criterion for H1                             0.100D-03
Optimization algorithm                                         EMA
Random Starts Specifications
  Number of initial stage random starts                       1000
  Number of final stage optimizations                           50
  Number of initial stage iterations                            50
  Initial stage convergence criterion                    0.100D+01
  Random starts scale                                    0.500D+01
  Random seed for generating random starts                       0

Input data file(s)
  mplus_analyses/cmbd_vars/prof_9_ml_lpa_freeVar_enum.dat
Input data format  FREE


SUMMARY OF DATA

     Number of missing data patterns             1
     Number of y missing data patterns           1
     Number of u missing data patterns           0


COVARIANCE COVERAGE OF DATA

Minimum covariance coverage value   0.100


     PROPORTION OF DATA PRESENT FOR Y


           Covariance Coverage
              DRIVES        COGNITIO      AFFECT        ANALYTIC      CLOUT
              ________      ________      ________      ________      ________
 DRIVES         1.000
 COGNITIO       1.000         1.000
 AFFECT         1.000         1.000         1.000
 ANALYTIC       1.000         1.000         1.000         1.000
 CLOUT          1.000         1.000         1.000         1.000         1.000
 AUTHENTI       1.000         1.000         1.000         1.000         1.000
 WC             1.000         1.000         1.000         1.000         1.000
 BIG_WORD       1.000         1.000         1.000         1.000         1.000
 PCP_ID         1.000         1.000         1.000         1.000         1.000


           Covariance Coverage
              AUTHENTI      WC            BIG_WORD      PCP_ID
              ________      ________      ________      ________
 AUTHENTI       1.000
 WC             1.000         1.000
 BIG_WORD       1.000         1.000         1.000
 PCP_ID         1.000         1.000         1.000         1.000



UNIVARIATE SAMPLE STATISTICS


     UNIVARIATE HIGHER-ORDER MOMENT DESCRIPTIVE STATISTICS

         Variable/         Mean/     Skewness/   Minimum/ % with                Percentiles
        Sample Size      Variance    Kurtosis    Maximum  Min/Max      20%/60%    40%/80%    Median

     DRIVES                0.000       0.596      -2.614    0.06%      -0.834     -0.276     -0.050
            1672.000       1.000       1.535       6.182    0.06%       0.163      0.774
     COGNITION             0.000       0.216      -3.222    0.06%      -0.836     -0.300     -0.046
            1672.000       1.000       0.286       4.465    0.06%       0.225      0.814
     AFFECT                0.000       0.639      -3.231    0.06%      -0.823     -0.317     -0.083
            1672.000       1.000       0.992       4.381    0.06%       0.161      0.746
     ANALYTIC              0.000       1.350      -1.279    1.67%      -0.818     -0.476     -0.258
            1672.000       1.000       2.045       5.202    0.06%      -0.029      0.703
     CLOUT                 0.000      -1.716      -5.773    0.06%      -0.610      0.087      0.305
            1672.000       1.000       3.556       0.973    6.88%       0.502      0.791
     AUTHENTIC             0.000       0.159      -2.584    0.06%      -0.867     -0.326     -0.042
            1672.000       1.000      -0.318       3.354    0.06%       0.245      0.889
     WC                    0.000       1.215      -2.015    0.06%      -0.800     -0.370     -0.169
            1672.000       1.000       2.403       4.875    0.06%       0.057      0.716
     BIG_WORDS             0.000       0.356      -3.516    0.06%      -0.841     -0.290     -0.060
            1672.000       1.000       0.509       4.567    0.06%       0.183      0.842
     PCP_ID               88.139      -0.796       2.000    0.36%      58.000     90.000     96.000
            1672.000    1098.246      -0.058     142.000    0.42%     105.000    115.000

RANDOM STARTS RESULTS RANKED FROM THE BEST TO THE WORST LOGLIKELIHOOD VALUES


610 perturbed starting value run(s) did not converge or were rejected in the third stage.
Final stage loglikelihood values at local maxima, seeds, and initial stage start numbers:

          -25178.138  824126           287
          -25178.138  551340           766
          -25178.138  499150           216
          -25178.138  246261           38
          -25178.138  569131           26
          -25182.425  781190           219
          -25184.058  319575           499
          -25185.093  279850           555
          -25186.457  126371           526
          -25189.548  804561           59
          -25191.553  723035           538
          -25191.553  488581           688
          -25198.207  699834           723
          -25200.159  319144           176
          -25201.582  118421           139

35 perturbed starting value run(s) did not converge or were rejected in the third stage.



THE BEST LOGLIKELIHOOD VALUE HAS BEEN REPLICATED.  RERUN WITH AT LEAST TWICE THE
RANDOM STARTS TO CHECK THAT THE BEST LOGLIKELIHOOD IS STILL OBTAINED AND REPLICATED.


THE MODEL ESTIMATION TERMINATED NORMALLY



MODEL FIT INFORMATION

Number of Free Parameters                      162

Loglikelihood

          H0 Value                      -25178.138
          H0 Scaling Correction Factor      1.2741
            for MLR

Information Criteria

          Akaike (AIC)                   50680.277
          Bayesian (BIC)                 51558.605
          Sample-Size Adjusted BIC       51043.953
            (n* = (n + 2) / 24)



FINAL CLASS COUNTS AND PROPORTIONS FOR THE LATENT CLASSES
BASED ON THE ESTIMATED MODEL

    Latent
   Classes

       1        233.50464          0.13966
       2        241.07156          0.14418
       3        199.10864          0.11908
       4         66.61289          0.03984
       5        338.54638          0.20248
       6        147.77791          0.08838
       7        183.82374          0.10994
       8        116.69659          0.06979
       9        144.85764          0.08664


FINAL CLASS COUNTS AND PROPORTIONS FOR THE LATENT CLASSES
BASED ON ESTIMATED POSTERIOR PROBABILITIES

    Latent
   Classes

       1        233.50464          0.13966
       2        241.07156          0.14418
       3        199.10864          0.11908
       4         66.61289          0.03984
       5        338.54638          0.20248
       6        147.77791          0.08838
       7        183.82374          0.10994
       8        116.69659          0.06979
       9        144.85764          0.08664


FINAL CLASS COUNTS AND PROPORTIONS FOR THE LATENT CLASSES
BASED ON THEIR MOST LIKELY LATENT CLASS MEMBERSHIP

Class Counts and Proportions

    Latent
   Classes

       1              213          0.12739
       2              265          0.15849
       3              208          0.12440
       4               69          0.04127
       5              372          0.22249
       6              142          0.08493
       7              168          0.10048
       8              108          0.06459
       9              127          0.07596


CLASSIFICATION QUALITY

     Entropy                         0.750


Average Latent Class Probabilities for Most Likely Latent Class Membership (Row)
by Latent Class (Column)

           1        2        3        4        5        6        7        8        9

    1   0.810    0.041    0.028    0.005    0.032    0.000    0.034    0.009    0.041
    2   0.064    0.781    0.005    0.009    0.103    0.008    0.003    0.001    0.026
    3   0.032    0.013    0.844    0.023    0.011    0.005    0.000    0.053    0.019
    4   0.018    0.054    0.074    0.848    0.001    0.000    0.000    0.001    0.005
    5   0.066    0.042    0.011    0.000    0.744    0.041    0.049    0.006    0.041
    6   0.002    0.005    0.000    0.000    0.056    0.800    0.062    0.031    0.044
    7   0.025    0.000    0.002    0.000    0.052    0.046    0.833    0.019    0.023
    8   0.009    0.001    0.052    0.000    0.011    0.014    0.043    0.844    0.026
    9   0.048    0.021    0.007    0.000    0.058    0.052    0.032    0.020    0.763



Classification Probabilities for the Most Likely Latent Class Membership (Column)
by Latent Class (Row)

           1        2        3        4        5        6        7        8        9

    1   0.739    0.073    0.028    0.005    0.106    0.001    0.018    0.004    0.026
    2   0.036    0.858    0.011    0.015    0.065    0.003    0.000    0.001    0.011
    3   0.030    0.007    0.882    0.026    0.021    0.000    0.001    0.028    0.004
    4   0.017    0.034    0.071    0.878    0.000    0.000    0.000    0.000    0.000
    5   0.020    0.081    0.007    0.000    0.818    0.024    0.026    0.003    0.022
    6   0.000    0.014    0.007    0.000    0.103    0.768    0.052    0.010    0.045
    7   0.039    0.004    0.000    0.000    0.099    0.048    0.761    0.025    0.022
    8   0.016    0.002    0.095    0.001    0.018    0.038    0.027    0.782    0.021
    9   0.060    0.048    0.027    0.003    0.104    0.043    0.027    0.019    0.669



Logits for the Classification Probabilities for the Most Likely Latent Class Membership (Column)
by Latent Class (Row)

              1        2        3        4        5        6        7        8        9

    1      3.352    1.034    0.095   -1.605    1.406   -3.255   -0.344   -1.823    0.000
    2      1.215    4.374    0.000    0.351    1.794   -1.376   -9.289   -2.807    0.000
    3      1.912    0.483    5.300    1.763    1.575   -3.029   -1.164    1.849    0.000
    4      3.573    4.284    5.009    7.530   -3.639   -2.603   -6.156   -6.156    0.000
    5     -0.084    1.307   -1.140   -5.185    3.622    0.077    0.163   -1.868    0.000
    6     -5.480   -1.140   -1.891   -6.744    0.836    2.845    0.153   -1.457    0.000
    7      0.580   -1.617   -3.854   -7.186    1.503    0.783    3.542    0.129    0.000
    8     -0.286   -2.268    1.490   -3.697   -0.179    0.576    0.245    3.598    0.000
    9     -2.405   -2.638   -3.223   -5.543   -1.857   -2.748   -3.209   -3.542    0.000



MODEL RESULTS

                                                    Two-Tailed
                    Estimate       S.E.  Est./S.E.    P-Value

Latent Class 1

 Means
    DRIVES             0.042      0.103      0.408      0.683
    COGNITION         -0.516      0.086     -6.016      0.000
    AFFECT             0.141      0.118      1.196      0.232
    ANALYTIC           0.771      0.138      5.606      0.000
    CLOUT              0.469      0.062      7.582      0.000
    AUTHENTIC         -0.353      0.107     -3.304      0.001
    WC                -0.111      0.128     -0.863      0.388
    BIG_WORDS         -0.080      0.091     -0.880      0.379
    PCP_ID           102.860      2.036     50.526      0.000

 Variances
    DRIVES             0.839      0.153      5.481      0.000
    COGNITION          0.433      0.049      8.777      0.000
    AFFECT             0.746      0.148      5.034      0.000
    ANALYTIC           0.857      0.121      7.106      0.000
    CLOUT              0.105      0.021      5.111      0.000
    AUTHENTIC          0.696      0.093      7.465      0.000
    WC                 0.481      0.110      4.388      0.000
    BIG_WORDS          0.853      0.128      6.663      0.000
    PCP_ID           437.659     28.018     15.621      0.000

Latent Class 2

 Means
    DRIVES             0.361      0.103      3.493      0.000
    COGNITION         -0.307      0.128     -2.395      0.017
    AFFECT             0.218      0.115      1.902      0.057
    ANALYTIC          -0.494      0.104     -4.732      0.000
    CLOUT              0.824      0.030     27.754      0.000
    AUTHENTIC         -0.585      0.103     -5.707      0.000
    WC                -0.511      0.094     -5.412      0.000
    BIG_WORDS         -0.432      0.081     -5.304      0.000
    PCP_ID           101.916      2.043     49.892      0.000

 Variances
    DRIVES             1.169      0.132      8.867      0.000
    COGNITION          0.692      0.156      4.442      0.000
    AFFECT             1.252      0.147      8.512      0.000
    ANALYTIC           0.199      0.063      3.130      0.002
    CLOUT              0.017      0.005      3.185      0.001
    AUTHENTIC          0.899      0.128      7.003      0.000
    WC                 0.247      0.078      3.158      0.002
    BIG_WORDS          0.731      0.084      8.686      0.000
    PCP_ID           437.659     28.018     15.621      0.000

Latent Class 3

 Means
    DRIVES            -0.100      0.086     -1.168      0.243
    COGNITION         -0.523      0.081     -6.428      0.000
    AFFECT            -0.195      0.078     -2.493      0.013
    ANALYTIC           0.706      0.120      5.895      0.000
    CLOUT              0.416      0.057      7.323      0.000
    AUTHENTIC          0.009      0.081      0.105      0.916
    WC                -0.132      0.084     -1.578      0.115
    BIG_WORDS          0.518      0.091      5.680      0.000
    PCP_ID            33.526      2.056     16.306      0.000

 Variances
    DRIVES             0.723      0.079      9.118      0.000
    COGNITION          0.664      0.084      7.928      0.000
    AFFECT             0.674      0.079      8.520      0.000
    ANALYTIC           1.355      0.213      6.361      0.000
    CLOUT              0.132      0.024      5.509      0.000
    AUTHENTIC          0.682      0.082      8.365      0.000
    WC                 0.748      0.113      6.604      0.000
    BIG_WORDS          0.862      0.132      6.522      0.000
    PCP_ID           437.659     28.018     15.621      0.000

Latent Class 4

 Means
    DRIVES             0.405      0.227      1.784      0.074
    COGNITION         -1.372      0.165     -8.302      0.000
    AFFECT            -0.061      0.164     -0.373      0.709
    ANALYTIC           0.580      0.210      2.765      0.006
    CLOUT              0.941      0.014     68.925      0.000
    AUTHENTIC         -0.622      0.171     -3.639      0.000
    WC                -1.011      0.157     -6.435      0.000
    BIG_WORDS          0.332      0.166      1.993      0.046
    PCP_ID            48.243      4.557     10.587      0.000

 Variances
    DRIVES             2.341      0.819      2.858      0.004
    COGNITION          0.586      0.169      3.469      0.001
    AFFECT             1.197      0.330      3.626      0.000
    ANALYTIC           1.243      0.333      3.737      0.000
    CLOUT              0.002      0.001      1.894      0.058
    AUTHENTIC          0.930      0.231      4.029      0.000
    WC                 0.258      0.099      2.590      0.010
    BIG_WORDS          1.054      0.166      6.356      0.000
    PCP_ID           437.659     28.018     15.621      0.000

Latent Class 5

 Means
    DRIVES             0.189      0.114      1.662      0.096
    COGNITION          0.359      0.094      3.826      0.000
    AFFECT            -0.106      0.075     -1.411      0.158
    ANALYTIC          -0.647      0.086     -7.533      0.000
    CLOUT              0.261      0.090      2.901      0.004
    AUTHENTIC         -0.111      0.119     -0.934      0.350
    WC                 0.339      0.125      2.711      0.007
    BIG_WORDS         -0.334      0.065     -5.128      0.000
    PCP_ID           101.595      2.302     44.142      0.000

 Variances
    DRIVES             0.876      0.126      6.953      0.000
    COGNITION          0.647      0.093      6.946      0.000
    AFFECT             0.650      0.067      9.663      0.000
    ANALYTIC           0.122      0.038      3.185      0.001
    CLOUT              0.174      0.030      5.791      0.000
    AUTHENTIC          0.748      0.082      9.062      0.000
    WC                 0.629      0.079      7.958      0.000
    BIG_WORDS          0.577      0.076      7.592      0.000
    PCP_ID           437.659     28.018     15.621      0.000

Latent Class 6

 Means
    DRIVES            -0.517      0.155     -3.335      0.001
    COGNITION          1.022      0.154      6.653      0.000
    AFFECT            -0.382      0.122     -3.146      0.002
    ANALYTIC          -0.769      0.073    -10.508      0.000
    CLOUT             -1.476      0.227     -6.489      0.000
    AUTHENTIC          1.149      0.143      8.033      0.000
    WC                -0.066      0.139     -0.473      0.636
    BIG_WORDS          0.091      0.150      0.606      0.545
    PCP_ID            93.552      2.553     36.643      0.000

 Variances
    DRIVES             0.887      0.202      4.391      0.000
    COGNITION          0.972      0.162      5.996      0.000
    AFFECT             0.828      0.101      8.204      0.000
    ANALYTIC           0.107      0.037      2.923      0.003
    CLOUT              1.955      0.260      7.534      0.000
    AUTHENTIC          0.660      0.138      4.790      0.000
    WC                 0.503      0.120      4.197      0.000
    BIG_WORDS          1.141      0.230      4.967      0.000
    PCP_ID           437.659     28.018     15.621      0.000

Latent Class 7

 Means
    DRIVES            -0.094      0.086     -1.087      0.277
    COGNITION          0.565      0.093      6.065      0.000
    AFFECT            -0.335      0.068     -4.912      0.000
    ANALYTIC           0.006      0.105      0.055      0.956
    CLOUT             -0.878      0.146     -5.994      0.000
    AUTHENTIC          0.086      0.097      0.881      0.378
    WC                 1.316      0.141      9.321      0.000
    BIG_WORDS          0.158      0.095      1.668      0.095
    PCP_ID           113.436      2.286     49.632      0.000

 Variances
    DRIVES             0.573      0.083      6.934      0.000
    COGNITION          0.708      0.144      4.917      0.000
    AFFECT             0.400      0.055      7.301      0.000
    ANALYTIC           0.487      0.083      5.845      0.000
    CLOUT              0.869      0.111      7.836      0.000
    AUTHENTIC          0.632      0.066      9.646      0.000
    WC                 1.867      0.216      8.650      0.000
    BIG_WORDS          0.602      0.093      6.475      0.000
    PCP_ID           437.659     28.018     15.621      0.000

Latent Class 8

 Means
    DRIVES            -0.002      0.158     -0.011      0.991
    COGNITION          0.325      0.107      3.039      0.002
    AFFECT            -0.087      0.114     -0.767      0.443
    ANALYTIC           1.002      0.177      5.650      0.000
    CLOUT             -1.010      0.137     -7.394      0.000
    AUTHENTIC          0.581      0.106      5.491      0.000
    WC                 0.053      0.128      0.414      0.679
    BIG_WORDS          1.094      0.140      7.842      0.000
    PCP_ID            55.691      5.746      9.691      0.000

 Variances
    DRIVES             1.220      0.203      5.998      0.000
    COGNITION          0.621      0.099      6.263      0.000
    AFFECT             0.794      0.173      4.582      0.000
    ANALYTIC           1.532      0.241      6.349      0.000
    CLOUT              0.909      0.142      6.403      0.000
    AUTHENTIC          0.726      0.144      5.041      0.000
    WC                 0.895      0.151      5.937      0.000
    BIG_WORDS          1.237      0.235      5.267      0.000
    PCP_ID           437.659     28.018     15.621      0.000

Latent Class 9

 Means
    DRIVES            -0.511      0.138     -3.706      0.000
    COGNITION         -0.169      0.158     -1.068      0.286
    AFFECT             0.840      0.333      2.519      0.012
    ANALYTIC          -0.177      0.137     -1.295      0.195
    CLOUT             -0.309      0.128     -2.422      0.015
    AUTHENTIC          0.327      0.173      1.885      0.059
    WC                -0.762      0.144     -5.289      0.000
    BIG_WORDS         -0.413      0.213     -1.934      0.053
    PCP_ID            91.966      4.299     21.392      0.000

 Variances
    DRIVES             0.572      0.114      5.030      0.000
    COGNITION          0.899      0.178      5.058      0.000
    AFFECT             2.074      0.334      6.217      0.000
    ANALYTIC           0.522      0.123      4.226      0.000
    CLOUT              0.520      0.093      5.567      0.000
    AUTHENTIC          1.037      0.165      6.276      0.000
    WC                 0.133      0.074      1.786      0.074
    BIG_WORDS          0.832      0.246      3.378      0.001
    PCP_ID           437.659     28.018     15.621      0.000

Categorical Latent Variables

 Means
    C#1                0.477      0.408      1.169      0.242
    C#2                0.509      0.360      1.415      0.157
    C#3                0.318      0.341      0.932      0.351
    C#4               -0.777      0.375     -2.071      0.038
    C#5                0.849      0.356      2.385      0.017
    C#6                0.020      0.372      0.054      0.957
    C#7                0.238      0.379      0.628      0.530
    C#8               -0.216      0.365     -0.592      0.554


QUALITY OF NUMERICAL RESULTS

     Condition Number for the Information Matrix              0.660E-06
       (ratio of smallest to largest eigenvalue)


PLOT INFORMATION

The following plots are available:

  Histograms (sample values)
  Scatterplots (sample values)
  Estimated overall and class-specific distributions

     Beginning Time:  21:35:47
        Ending Time:  21:37:25
       Elapsed Time:  00:01:38



MUTHEN & MUTHEN
3463 Stoner Ave.
Los Angeles, CA  90066

Tel: (310) 391-9971
Fax: (310) 391-8971
Web: www.StatModel.com
Support: Support@StatModel.com

Copyright (c) 1998-2021 Muthen & Muthen
