Mplus VERSION 8.7 (Mac)
MUTHEN & MUTHEN
05/19/2023   9:41 PM

INPUT INSTRUCTIONS

  TITLE:
  L22_P4_lpa__freeVarenum_L2;
  DATA:
  FILE = "mplus_analyses/cmbd_vars/prof_4_ml_lpa_freeVar_enumL2_2.dat";

  VARIABLE:
  NAMES = drives cognition affect analytic clout authentic wc big_words PCP_ID;
   MISSING=.;
   CLASSES = BC(2) c(4);
  CLUSTER IS PCP_ID;
  WITHIN ARE drives, cognition, affect, analytic, clout, authentic, wc, big_words;
  BETWEEN ARE BC;
  DEFINE:
  STANDARDIZE drives, cognition, affect, analytic, clout, authentic, wc, big_words;
  ANALYSIS:
  TYPE = MIXTURE TWOLEVEL;
      ESTIMATOR=MLR;
      STARTS=1000 200;
      STITERATIONS=50;
      LRTSTARTS=1000 50 1000 50;
      PROCESSORS=4;
  MODEL:
  %WITHIN%
  %OVERALL%
  %BETWEEN%
  %OVERALL%
  c ON BC;
  MODEL c:
  %WITHIN%
  %C#1%
  [drives, cognition, affect, analytic, clout, authentic, wc, big_words];
  drives, cognition, affect, analytic, clout, authentic, wc, big_words;
  %C#2%
  [drives, cognition, affect, analytic, clout, authentic, wc, big_words];
  drives, cognition, affect, analytic, clout, authentic, wc, big_words;
  %C#3%
  [drives, cognition, affect, analytic, clout, authentic, wc, big_words];
  drives, cognition, affect, analytic, clout, authentic, wc, big_words;
  %C#4%
  [drives, cognition, affect, analytic, clout, authentic, wc, big_words];
  drives, cognition, affect, analytic, clout, authentic, wc, big_words;
  SAVEDATA:
  file=mlLpa_4L1_2L2.dat; save=cprob; TECH4 IS tech4.dat;
  PLOT:
  type = plot3;



*** WARNING in VARIABLE command
  Note that only the first 8 characters of variable names are used in the output.
  Shorten variable names to avoid any confusion.
*** WARNING in MODEL command
  Variable is uncorrelated with all other variables within class: DRIVES
*** WARNING in MODEL command
  Variable is uncorrelated with all other variables within class: COGNITION
*** WARNING in MODEL command
  Variable is uncorrelated with all other variables within class: AFFECT
*** WARNING in MODEL command
  Variable is uncorrelated with all other variables within class: ANALYTIC
*** WARNING in MODEL command
  Variable is uncorrelated with all other variables within class: CLOUT
*** WARNING in MODEL command
  Variable is uncorrelated with all other variables within class: AUTHENTIC
*** WARNING in MODEL command
  Variable is uncorrelated with all other variables within class: WC
*** WARNING in MODEL command
  Variable is uncorrelated with all other variables within class: BIG_WORDS
*** WARNING in MODEL command
  At least one variable is uncorrelated with all other variables within class.
  Check that this is what is intended.
*** WARNING in PLOT command
  Note that only the first 8 characters of variable names are used in plots.
  If variable names are not unique within the first 8 characters, problems
  may occur.
  11 WARNING(S) FOUND IN THE INPUT INSTRUCTIONS




L22_P4_lpa__freeVarenum_L2;

SUMMARY OF ANALYSIS

Number of groups                                                 1
Number of observations                                        1672

Number of dependent variables                                    8
Number of independent variables                                  0
Number of continuous latent variables                            0
Number of categorical latent variables                           2

Observed dependent variables

  Continuous
   DRIVES      COGNITION   AFFECT      ANALYTIC    CLOUT       AUTHENTIC
   WC          BIG_WORDS

Categorical latent variables
   BC          C

Variables with special functions

  Cluster variable      PCP_ID

  Within variables
   DRIVES      COGNITIO    AFFECT      ANALYTIC    CLOUT       AUTHENTI
   WC          BIG_WORD


Estimator                                                      MLR
Information matrix                                        OBSERVED
Optimization Specifications for the Quasi-Newton Algorithm for
Continuous Outcomes
  Maximum number of iterations                                 100
  Convergence criterion                                  0.100D-05
Optimization Specifications for the EM Algorithm
  Maximum number of iterations                                 500
  Convergence criteria
    Loglikelihood change                                 0.100D-02
    Relative loglikelihood change                        0.100D-05
    Derivative                                           0.100D-02
Optimization Specifications for the M step of the EM Algorithm for
Categorical Latent variables
  Number of M step iterations                                    1
  M step convergence criterion                           0.100D-02
  Basis for M step termination                           ITERATION
Optimization Specifications for the M step of the EM Algorithm for
Censored, Binary or Ordered Categorical (Ordinal), Unordered
Categorical (Nominal) and Count Outcomes
  Number of M step iterations                                    1
  M step convergence criterion                           0.100D-02
  Basis for M step termination                           ITERATION
  Maximum value for logit thresholds                            15
  Minimum value for logit thresholds                           -15
  Minimum expected cell size for chi-square              0.100D-01
Maximum number of iterations for H1                           2000
Convergence criterion for H1                             0.100D-03
Optimization algorithm                                         EMA
Integration Specifications
  Type                                                    STANDARD
  Number of integration points                                  15
  Dimensions of numerical integration                            0
  Adaptive quadrature                                           ON
Random Starts Specifications
  Number of initial stage random starts                       1000
  Number of final stage optimizations                          200
  Number of initial stage iterations                            50
  Initial stage convergence criterion                    0.100D+01
  Random starts scale                                    0.500D+01
  Random seed for generating random starts                       0
Parameterization                                             LOGIT
Cholesky                                                       OFF

Input data file(s)
  mplus_analyses/cmbd_vars/prof_4_ml_lpa_freeVar_enumL2_2.dat
Input data format  FREE


SUMMARY OF DATA

     Number of missing data patterns             1
     Number of y missing data patterns           1
     Number of u missing data patterns           0
     Number of clusters                        116



COVARIANCE COVERAGE OF DATA

Minimum covariance coverage value   0.100


     PROPORTION OF DATA PRESENT FOR Y


           Covariance Coverage
              DRIVES        COGNITIO      AFFECT        ANALYTIC      CLOUT
              ________      ________      ________      ________      ________
 DRIVES         1.000
 COGNITIO       1.000         1.000
 AFFECT         1.000         1.000         1.000
 ANALYTIC       1.000         1.000         1.000         1.000
 CLOUT          1.000         1.000         1.000         1.000         1.000
 AUTHENTI       1.000         1.000         1.000         1.000         1.000
 WC             1.000         1.000         1.000         1.000         1.000
 BIG_WORD       1.000         1.000         1.000         1.000         1.000


           Covariance Coverage
              AUTHENTI      WC            BIG_WORD
              ________      ________      ________
 AUTHENTI       1.000
 WC             1.000         1.000
 BIG_WORD       1.000         1.000         1.000



UNIVARIATE SAMPLE STATISTICS


     UNIVARIATE HIGHER-ORDER MOMENT DESCRIPTIVE STATISTICS

         Variable/         Mean/     Skewness/   Minimum/ % with                Percentiles
        Sample Size      Variance    Kurtosis    Maximum  Min/Max      20%/60%    40%/80%    Median

     DRIVES                0.000       0.596      -2.614    0.06%      -0.834     -0.276     -0.050
            1672.000       1.000       1.535       6.182    0.06%       0.163      0.774
     COGNITION             0.000       0.216      -3.222    0.06%      -0.836     -0.300     -0.046
            1672.000       1.000       0.286       4.465    0.06%       0.225      0.814
     AFFECT                0.000       0.639      -3.231    0.06%      -0.823     -0.317     -0.083
            1672.000       1.000       0.992       4.381    0.06%       0.161      0.746
     ANALYTIC              0.000       1.350      -1.279    1.67%      -0.818     -0.476     -0.258
            1672.000       1.000       2.045       5.202    0.06%      -0.029      0.703
     CLOUT                 0.000      -1.716      -5.773    0.06%      -0.610      0.087      0.305
            1672.000       1.000       3.556       0.973    6.88%       0.502      0.791
     AUTHENTIC             0.000       0.159      -2.584    0.06%      -0.867     -0.326     -0.042
            1672.000       1.000      -0.318       3.354    0.06%       0.245      0.889
     WC                    0.000       1.215      -2.015    0.06%      -0.800     -0.370     -0.169
            1672.000       1.000       2.403       4.875    0.06%       0.057      0.716
     BIG_WORDS             0.000       0.356      -3.516    0.06%      -0.841     -0.290     -0.060
            1672.000       1.000       0.509       4.567    0.06%       0.183      0.842

RANDOM STARTS RESULTS RANKED FROM THE BEST TO THE WORST LOGLIKELIHOOD VALUES


8 perturbed starting value run(s) did not converge or were rejected in the third stage.
Final stage loglikelihood values at local maxima, seeds, and initial stage start numbers:

          -17373.933  876943           650
          -17373.934  922596           456
          -17373.934  701525           239
          -17373.938  574942           558
          -17373.940  404426           344
          -17373.941  824126           287
          -17373.941  134830           780
          -17373.943  260953           589
          -17373.943  61587            400
          -17373.943  848590           694
          -17373.944  754100           56
          -17373.944  246794           801
          -17373.944  547702           767
          -17373.946  414284           158
          -17373.948  865906           641
          -17373.949  696773           80
          -17373.949  474357           789
          -17373.949  736574           414
          -17373.949  791396           243
          -17373.950  404510           442
          -17373.950  648035           836
          -17373.950  180889           920
          -17373.951  887676           22
          -17373.951  605358           321
          -17373.951  68985            17
          -17373.951  467561           819
          -17373.951  650354           577
          -17373.952  652266           490
          -17373.952  800454           751
          -17373.952  112586           494
          -17373.952  318177           748
          -17373.952  917702           693
          -17373.952  168762           200
          -17373.952  195763           358
          -17373.952  455617           242
          -17373.952  402224           91
          -17373.953  476393           705
          -17373.953  526324           178
          -17373.953  728038           177
          -17373.953  355674           540
          -17373.953  670281           721
          -17373.953  77571            980
          -17373.953  70118            104
          -17373.953  991329           182
          -17373.953  973369           202
          -17373.953  490123           995
          -17373.953  519357           559
          -17373.953  475420           71
          -17373.953  393232           152
          -17373.953  851945           18
          -17373.953  926283           269
          -17373.953  714455           476
          -17373.953  188498           258
          -17373.953  301428           885
          -17373.953  900631           774
          -17373.953  268896           124
          -17373.953  521575           313
          -17380.481  760599           832
          -17380.481  848163           47
          -17380.481  72866            692
          -17380.482  303834           798
          -17380.484  14262            781
          -17380.484  373815           618
          -17380.488  843555           952
          -17380.489  438144           271
          -17380.493  140442           500
          -17380.493  545140           278
          -17380.493  533738           11
          -17380.493  3307             735
          -17380.494  489927           520
          -17380.494  278661           674
          -17380.494  252346           528
          -17380.494  195873           6
          -17380.494  231400           738

126 perturbed starting value run(s) did not converge or were rejected in the third stage.



THE BEST LOGLIKELIHOOD VALUE HAS BEEN REPLICATED.  RERUN WITH AT LEAST TWICE THE
RANDOM STARTS TO CHECK THAT THE BEST LOGLIKELIHOOD IS STILL OBTAINED AND REPLICATED.


THE MODEL ESTIMATION TERMINATED NORMALLY



MODEL FIT INFORMATION

Number of Free Parameters                       71

Loglikelihood

          H0 Value                      -17373.933
          H0 Scaling Correction Factor      3.4076
            for MLR

Information Criteria

          Akaike (AIC)                   34889.866
          Bayesian (BIC)                 35274.812
          Sample-Size Adjusted BIC       35049.255
            (n* = (n + 2) / 24)



MODEL RESULTS USE THE LATENT CLASS VARIABLE ORDER

   BC  C


FINAL CLASS COUNTS AND PROPORTIONS FOR THE LATENT CLASS PATTERNS
BASED ON ESTIMATED POSTERIOR PROBABILITIES

  Latent Class
    Pattern

    1  1        433.47787          0.25926
    1  2          0.07598          0.00005
    1  3         80.23623          0.04799
    1  4        232.84867          0.13926
    2  1         20.18171          0.01207
    2  2        464.89918          0.27805
    2  3        288.05599          0.17228
    2  4        152.22436          0.09104


FINAL CLASS COUNTS AND PROPORTIONS FOR EACH LATENT CLASS VARIABLE
BASED ON ESTIMATED POSTERIOR PROBABILITIES

  Latent Class
    Variable    Class

    BC             1       746.63879          0.44655
                   2       925.36127          0.55345
    C              1       453.65958          0.27133
                   2       464.97516          0.27810
                   3       368.29224          0.22027
                   4       385.07303          0.23031


FINAL CLASS COUNTS AND PROPORTIONS FOR THE LATENT CLASS PATTERNS
BASED ON THEIR MOST LIKELY LATENT CLASS PATTERN

Class Counts and Proportions

  Latent Class
    Pattern

    1  1              431          0.25778
    1  2                1          0.00060
    1  3               74          0.04426
    1  4              246          0.14713
    2  1               10          0.00598
    2  2              481          0.28768
    2  3              267          0.15969
    2  4              162          0.09689


FINAL CLASS COUNTS AND PROPORTIONS FOR EACH LATENT CLASS VARIABLE
BASED ON THEIR MOST LIKELY LATENT CLASS PATTERN

  Latent Class
    Variable    Class

    BC             1             752          0.44976
                   2             920          0.55024
    C              1             441          0.26376
                   2             482          0.28828
                   3             341          0.20395
                   4             408          0.24402


CLASSIFICATION QUALITY

     Entropy                         0.826


MODEL RESULTS

                                                    Two-Tailed
                    Estimate       S.E.  Est./S.E.    P-Value

Within Level

Latent Class Pattern 1 1

 Means
    DRIVES            -0.009      0.097     -0.097      0.923
    COGNITION         -0.422      0.105     -4.014      0.000
    AFFECT            -0.018      0.117     -0.151      0.880
    ANALYTIC           1.031      0.118      8.755      0.000
    CLOUT              0.133      0.100      1.324      0.185
    AUTHENTIC         -0.019      0.102     -0.185      0.853
    WC                 0.068      0.133      0.508      0.612
    BIG_WORDS          0.417      0.118      3.541      0.000

 Variances
    DRIVES             0.807      0.087      9.261      0.000
    COGNITION          0.700      0.087      8.025      0.000
    AFFECT             0.839      0.125      6.728      0.000
    ANALYTIC           1.205      0.115     10.433      0.000
    CLOUT              0.355      0.075      4.710      0.000
    AUTHENTIC          0.774      0.070     11.069      0.000
    WC                 0.883      0.168      5.256      0.000
    BIG_WORDS          1.048      0.137      7.673      0.000

Latent Class Pattern 1 2

 Means
    DRIVES             0.042      0.133      0.314      0.753
    COGNITION          0.329      0.093      3.517      0.000
    AFFECT            -0.082      0.138     -0.592      0.554
    ANALYTIC          -0.699      0.075     -9.323      0.000
    CLOUT              0.270      0.099      2.730      0.006
    AUTHENTIC         -0.048      0.141     -0.342      0.733
    WC                 0.148      0.108      1.371      0.170
    BIG_WORDS         -0.362      0.108     -3.344      0.001

 Variances
    DRIVES             0.853      0.106      8.016      0.000
    COGNITION          0.717      0.082      8.755      0.000
    AFFECT             0.764      0.097      7.915      0.000
    ANALYTIC           0.112      0.038      2.972      0.003
    CLOUT              0.228      0.050      4.607      0.000
    AUTHENTIC          0.879      0.086     10.243      0.000
    WC                 0.720      0.159      4.518      0.000
    BIG_WORDS          0.635      0.096      6.626      0.000

Latent Class Pattern 1 3

 Means
    DRIVES            -0.344      0.102     -3.357      0.001
    COGNITION          0.732      0.107      6.863      0.000
    AFFECT            -0.199      0.127     -1.567      0.117
    ANALYTIC          -0.280      0.113     -2.479      0.013
    CLOUT             -1.310      0.173     -7.551      0.000
    AUTHENTIC          0.611      0.131      4.679      0.000
    WC                 0.364      0.168      2.172      0.030
    BIG_WORDS          0.208      0.135      1.536      0.124

 Variances
    DRIVES             0.849      0.085     10.038      0.000
    COGNITION          0.860      0.097      8.901      0.000
    AFFECT             0.983      0.222      4.433      0.000
    ANALYTIC           0.468      0.084      5.573      0.000
    CLOUT              1.327      0.203      6.553      0.000
    AUTHENTIC          0.890      0.086     10.374      0.000
    WC                 1.723      0.299      5.762      0.000
    BIG_WORDS          1.040      0.166      6.275      0.000

Latent Class Pattern 1 4

 Means
    DRIVES             0.290      0.110      2.640      0.008
    COGNITION         -0.600      0.087     -6.904      0.000
    AFFECT             0.310      0.127      2.451      0.014
    ANALYTIC          -0.104      0.103     -1.011      0.312
    CLOUT              0.771      0.028     27.530      0.000
    AUTHENTIC         -0.504      0.099     -5.071      0.000
    WC                -0.606      0.071     -8.493      0.000
    BIG_WORDS         -0.253      0.100     -2.530      0.011

 Variances
    DRIVES             1.349      0.211      6.397      0.000
    COGNITION          0.616      0.065      9.542      0.000
    AFFECT             1.348      0.168      8.046      0.000
    ANALYTIC           0.412      0.066      6.214      0.000
    CLOUT              0.034      0.007      4.627      0.000
    AUTHENTIC          0.903      0.091      9.877      0.000
    WC                 0.257      0.037      7.001      0.000
    BIG_WORDS          0.878      0.086     10.152      0.000

Latent Class Pattern 2 1

 Means
    DRIVES            -0.009      0.097     -0.097      0.923
    COGNITION         -0.422      0.105     -4.014      0.000
    AFFECT            -0.018      0.117     -0.151      0.880
    ANALYTIC           1.031      0.118      8.755      0.000
    CLOUT              0.133      0.100      1.324      0.185
    AUTHENTIC         -0.019      0.102     -0.185      0.853
    WC                 0.068      0.133      0.508      0.612
    BIG_WORDS          0.417      0.118      3.541      0.000

 Variances
    DRIVES             0.807      0.087      9.261      0.000
    COGNITION          0.700      0.087      8.025      0.000
    AFFECT             0.839      0.125      6.728      0.000
    ANALYTIC           1.205      0.115     10.433      0.000
    CLOUT              0.355      0.075      4.710      0.000
    AUTHENTIC          0.774      0.070     11.069      0.000
    WC                 0.883      0.168      5.256      0.000
    BIG_WORDS          1.048      0.137      7.673      0.000

Latent Class Pattern 2 2

 Means
    DRIVES             0.042      0.133      0.314      0.753
    COGNITION          0.329      0.093      3.517      0.000
    AFFECT            -0.082      0.138     -0.592      0.554
    ANALYTIC          -0.699      0.075     -9.323      0.000
    CLOUT              0.270      0.099      2.730      0.006
    AUTHENTIC         -0.048      0.141     -0.342      0.733
    WC                 0.148      0.108      1.371      0.170
    BIG_WORDS         -0.362      0.108     -3.344      0.001

 Variances
    DRIVES             0.853      0.106      8.016      0.000
    COGNITION          0.717      0.082      8.755      0.000
    AFFECT             0.764      0.097      7.915      0.000
    ANALYTIC           0.112      0.038      2.972      0.003
    CLOUT              0.228      0.050      4.607      0.000
    AUTHENTIC          0.879      0.086     10.243      0.000
    WC                 0.720      0.159      4.518      0.000
    BIG_WORDS          0.635      0.096      6.626      0.000

Latent Class Pattern 2 3

 Means
    DRIVES            -0.344      0.102     -3.357      0.001
    COGNITION          0.732      0.107      6.863      0.000
    AFFECT            -0.199      0.127     -1.567      0.117
    ANALYTIC          -0.280      0.113     -2.479      0.013
    CLOUT             -1.310      0.173     -7.551      0.000
    AUTHENTIC          0.611      0.131      4.679      0.000
    WC                 0.364      0.168      2.172      0.030
    BIG_WORDS          0.208      0.135      1.536      0.124

 Variances
    DRIVES             0.849      0.085     10.038      0.000
    COGNITION          0.860      0.097      8.901      0.000
    AFFECT             0.983      0.222      4.433      0.000
    ANALYTIC           0.468      0.084      5.573      0.000
    CLOUT              1.327      0.203      6.553      0.000
    AUTHENTIC          0.890      0.086     10.374      0.000
    WC                 1.723      0.299      5.762      0.000
    BIG_WORDS          1.040      0.166      6.275      0.000

Latent Class Pattern 2 4

 Means
    DRIVES             0.290      0.110      2.640      0.008
    COGNITION         -0.600      0.087     -6.904      0.000
    AFFECT             0.310      0.127      2.451      0.014
    ANALYTIC          -0.104      0.103     -1.011      0.312
    CLOUT              0.771      0.028     27.530      0.000
    AUTHENTIC         -0.504      0.099     -5.071      0.000
    WC                -0.606      0.071     -8.493      0.000
    BIG_WORDS         -0.253      0.100     -2.530      0.011

 Variances
    DRIVES             1.349      0.211      6.397      0.000
    COGNITION          0.616      0.065      9.542      0.000
    AFFECT             1.348      0.168      8.046      0.000
    ANALYTIC           0.412      0.066      6.214      0.000
    CLOUT              0.034      0.007      4.627      0.000
    AUTHENTIC          0.903      0.091      9.877      0.000
    WC                 0.257      0.037      7.001      0.000
    BIG_WORDS          0.878      0.086     10.152      0.000

Between Level

Categorical Latent Variables

Within Level

 Intercepts
    C#1               -2.021      0.839     -2.409      0.016
    C#2                1.116      0.337      3.316      0.001
    C#3                0.638      0.454      1.406      0.160

Between Level

 C#1        ON
    BC#1               2.642      1.062      2.489      0.013

 C#2        ON
    BC#1              -9.140     26.636     -0.343      0.731

 C#3        ON
    BC#1              -1.703      0.947     -1.798      0.072

 Means
    BC#1               0.014      0.278      0.052      0.959


QUALITY OF NUMERICAL RESULTS

     Condition Number for the Information Matrix              0.294E-08
       (ratio of smallest to largest eigenvalue)


C-SPECIFIC CLASSIFICATION RESULTS

Classification Quality for BC

     Entropy                         0.932

Average Latent Class Probabilities for Most Likely Latent Class Membership (Row)
by Latent Class (Column)

           1        2

    1   0.972    0.028
    2   0.017    0.983


Classification Probabilities for the Most Likely Latent Class Membership (Column)
by Latent Class (Row)

           1        2

    1   0.979    0.021
    2   0.023    0.977


Logits for the Classification Probabilities for the Most Likely Latent Class Membership (Column)
by Latent Class (Row)

              1        2

    1      3.830    0.000
    2     -3.752    0.000

Classification Quality for C

     Entropy                         0.763

Average Latent Class Probabilities for Most Likely Latent Class Membership (Row)
by Latent Class (Column)

           1        2        3        4

    1   0.898    0.004    0.047    0.050
    2   0.013    0.855    0.082    0.050
    3   0.047    0.058    0.893    0.002
    4   0.086    0.076    0.009    0.829


Classification Probabilities for the Most Likely Latent Class Membership (Column)
by Latent Class (Row)

           1        2        3        4

    1   0.873    0.014    0.035    0.077
    2   0.004    0.887    0.043    0.067
    3   0.057    0.107    0.827    0.010
    4   0.057    0.063    0.002    0.878


Logits for the Classification Probabilities for the Most Likely Latent Class Membership (Column)
by Latent Class (Row)

              1        2        3        4

    1      2.424   -1.709   -0.783    0.000
    2     -2.781    2.587   -0.448    0.000
    3      1.752    2.382    4.429    0.000
    4     -2.735   -2.641   -6.140    0.000


SAMPLE STATISTICS FOR ESTIMATED FACTOR SCORES


     SAMPLE STATISTICS


           Means
              BC#1          C#1           C#2           C#3           C_BC#1
              ________      ________      ________      ________      ________
                0.014        -2.021         1.116         0.638         0.014


           Means
              C_C#1         C_C#2         C_C#3
              ________      ________      ________
               -2.021         1.116         0.638


           Covariances
              BC#1          C#1           C#2           C#3           C_BC#1
              ________      ________      ________      ________      ________
 BC#1           0.000
 C#1            0.000         0.000
 C#2            0.000         0.000         0.000
 C#3            0.000         0.000         0.000         0.000
 C_BC#1         0.000         0.000         0.000         0.000         0.000
 C_C#1          0.000         0.000         0.000         0.000         0.000
 C_C#2          0.000         0.000         0.000         0.000         0.000
 C_C#3          0.000         0.000         0.000         0.000         0.000


           Covariances
              C_C#1         C_C#2         C_C#3
              ________      ________      ________
 C_C#1          0.000
 C_C#2          0.000         0.000
 C_C#3          0.000         0.000         0.000


           Correlations
              BC#1          C#1           C#2           C#3           C_BC#1
              ________      ________      ________      ________      ________
 BC#1           1.000
 C#1          999.000         1.000
 C#2          999.000       999.000         1.000
 C#3          999.000       999.000       999.000         1.000
 C_BC#1       999.000       999.000       999.000       999.000         1.000
 C_C#1        999.000       999.000       999.000       999.000       999.000
 C_C#2        999.000       999.000       999.000       999.000       999.000
 C_C#3        999.000       999.000       999.000       999.000       999.000


           Correlations
              C_C#1         C_C#2         C_C#3
              ________      ________      ________
 C_C#1          1.000
 C_C#2        999.000         1.000
 C_C#3        999.000       999.000         1.000


PLOT INFORMATION

The following plots are available:

  Histograms (sample values, estimated factor scores)
  Scatterplots (sample values, estimated factor scores)
  Latent variable distribution plots

SAVEDATA INFORMATION


  Save file
    mlLpa_4L1_2L2.dat

  Order and format of variables

    DRIVES         F10.3
    COGNITIO       F10.3
    AFFECT         F10.3
    ANALYTIC       F10.3
    CLOUT          F10.3
    AUTHENTI       F10.3
    WC             F10.3
    BIG_WORD       F10.3
    BC#1           F10.3
    C#1            F10.3
    C#2            F10.3
    C#3            F10.3
    C_BC#1         F10.3
    C_C#1          F10.3
    C_C#2          F10.3
    C_C#3          F10.3
    CPROB1         F10.3
    CPROB2         F10.3
    CPROB3         F10.3
    CPROB4         F10.3
    CPROB5         F10.3
    CPROB6         F10.3
    CPROB7         F10.3
    CPROB8         F10.3
    BC             F10.3
    C              F10.3
    MLCJOINT       F10.3
    PCP_ID         I4

  Save file format
    27F10.3 I4

  Save file record length    10000

  Save missing symbol        *


  Estimated Means and Covariance Matrix for the Latent Variables

  Save file
    tech4.dat
  Save format      Free

     Beginning Time:  21:41:01
        Ending Time:  21:42:18
       Elapsed Time:  00:01:17



MUTHEN & MUTHEN
3463 Stoner Ave.
Los Angeles, CA  90066

Tel: (310) 391-9971
Fax: (310) 391-8971
Web: www.StatModel.com
Support: Support@StatModel.com

Copyright (c) 1998-2021 Muthen & Muthen
