Mplus VERSION 8.7 (Mac)
MUTHEN & MUTHEN
05/19/2023   9:37 PM

INPUT INSTRUCTIONS

  TITLE:
  P10_lpa__freeVarenum;
  DATA:
  FILE = "mplus_analyses/cmbd_vars/prof_10_ml_lpa_freeVar_enum.dat";

  VARIABLE:
  NAMES = drives cognition affect analytic clout authentic wc big_words PCP_ID;
   MISSING=.;
   CLASSES = c(10);
  DEFINE:
  STANDARDIZE drives, cognition, affect, analytic, clout, authentic, wc, big_words;
  ANALYSIS:
  TYPE = MIXTURE;
      ESTIMATOR=MLR;
      STARTS=1000 50;
      STITERATIONS=50;
      LRTSTARTS=1000 50 1000 50;
      PROCESSORS=4;
  MODEL:
  %OVERALL%
  %C#1%
  [drives, cognition, affect, analytic, clout, authentic, wc, big_words];
  drives, cognition, affect, analytic, clout, authentic, wc, big_words;
  %C#2%
  [drives, cognition, affect, analytic, clout, authentic, wc, big_words];
  drives, cognition, affect, analytic, clout, authentic, wc, big_words;
  %C#3%
  [drives, cognition, affect, analytic, clout, authentic, wc, big_words];
  drives, cognition, affect, analytic, clout, authentic, wc, big_words;
  %C#4%
  [drives, cognition, affect, analytic, clout, authentic, wc, big_words];
  drives, cognition, affect, analytic, clout, authentic, wc, big_words;
  %C#5%
  [drives, cognition, affect, analytic, clout, authentic, wc, big_words];
  drives, cognition, affect, analytic, clout, authentic, wc, big_words;
  %C#6%
  [drives, cognition, affect, analytic, clout, authentic, wc, big_words];
  drives, cognition, affect, analytic, clout, authentic, wc, big_words;
  %C#7%
  [drives, cognition, affect, analytic, clout, authentic, wc, big_words];
  drives, cognition, affect, analytic, clout, authentic, wc, big_words;
  %C#8%
  [drives, cognition, affect, analytic, clout, authentic, wc, big_words];
  drives, cognition, affect, analytic, clout, authentic, wc, big_words;
  %C#9%
  [drives, cognition, affect, analytic, clout, authentic, wc, big_words];
  drives, cognition, affect, analytic, clout, authentic, wc, big_words;
  %C#10%
  [drives, cognition, affect, analytic, clout, authentic, wc, big_words];
  drives, cognition, affect, analytic, clout, authentic, wc, big_words;
  PLOT:
  type = plot3;



*** WARNING in VARIABLE command
  Note that only the first 8 characters of variable names are used in the output.
  Shorten variable names to avoid any confusion.
*** WARNING in MODEL command
  All variables are uncorrelated with all other variables within class.
  Check that this is what is intended.
*** WARNING in PLOT command
  Note that only the first 8 characters of variable names are used in plots.
  If variable names are not unique within the first 8 characters, problems
  may occur.
   3 WARNING(S) FOUND IN THE INPUT INSTRUCTIONS




P10_lpa__freeVarenum;

SUMMARY OF ANALYSIS

Number of groups                                                 1
Number of observations                                        1672

Number of dependent variables                                    9
Number of independent variables                                  0
Number of continuous latent variables                            0
Number of categorical latent variables                           1

Observed dependent variables

  Continuous
   DRIVES      COGNITION   AFFECT      ANALYTIC    CLOUT       AUTHENTIC
   WC          BIG_WORDS   PCP_ID

Categorical latent variables
   C


Estimator                                                      MLR
Information matrix                                        OBSERVED
Optimization Specifications for the Quasi-Newton Algorithm for
Continuous Outcomes
  Maximum number of iterations                                 100
  Convergence criterion                                  0.100D-05
Optimization Specifications for the EM Algorithm
  Maximum number of iterations                                 500
  Convergence criteria
    Loglikelihood change                                 0.100D-06
    Relative loglikelihood change                        0.100D-06
    Derivative                                           0.100D-05
Optimization Specifications for the M step of the EM Algorithm for
Categorical Latent variables
  Number of M step iterations                                    1
  M step convergence criterion                           0.100D-05
  Basis for M step termination                           ITERATION
Optimization Specifications for the M step of the EM Algorithm for
Censored, Binary or Ordered Categorical (Ordinal), Unordered
Categorical (Nominal) and Count Outcomes
  Number of M step iterations                                    1
  M step convergence criterion                           0.100D-05
  Basis for M step termination                           ITERATION
  Maximum value for logit thresholds                            15
  Minimum value for logit thresholds                           -15
  Minimum expected cell size for chi-square              0.100D-01
Maximum number of iterations for H1                           2000
Convergence criterion for H1                             0.100D-03
Optimization algorithm                                         EMA
Random Starts Specifications
  Number of initial stage random starts                       1000
  Number of final stage optimizations                           50
  Number of initial stage iterations                            50
  Initial stage convergence criterion                    0.100D+01
  Random starts scale                                    0.500D+01
  Random seed for generating random starts                       0

Input data file(s)
  mplus_analyses/cmbd_vars/prof_10_ml_lpa_freeVar_enum.dat
Input data format  FREE


SUMMARY OF DATA

     Number of missing data patterns             1
     Number of y missing data patterns           1
     Number of u missing data patterns           0


COVARIANCE COVERAGE OF DATA

Minimum covariance coverage value   0.100


     PROPORTION OF DATA PRESENT FOR Y


           Covariance Coverage
              DRIVES        COGNITIO      AFFECT        ANALYTIC      CLOUT
              ________      ________      ________      ________      ________
 DRIVES         1.000
 COGNITIO       1.000         1.000
 AFFECT         1.000         1.000         1.000
 ANALYTIC       1.000         1.000         1.000         1.000
 CLOUT          1.000         1.000         1.000         1.000         1.000
 AUTHENTI       1.000         1.000         1.000         1.000         1.000
 WC             1.000         1.000         1.000         1.000         1.000
 BIG_WORD       1.000         1.000         1.000         1.000         1.000
 PCP_ID         1.000         1.000         1.000         1.000         1.000


           Covariance Coverage
              AUTHENTI      WC            BIG_WORD      PCP_ID
              ________      ________      ________      ________
 AUTHENTI       1.000
 WC             1.000         1.000
 BIG_WORD       1.000         1.000         1.000
 PCP_ID         1.000         1.000         1.000         1.000



UNIVARIATE SAMPLE STATISTICS


     UNIVARIATE HIGHER-ORDER MOMENT DESCRIPTIVE STATISTICS

         Variable/         Mean/     Skewness/   Minimum/ % with                Percentiles
        Sample Size      Variance    Kurtosis    Maximum  Min/Max      20%/60%    40%/80%    Median

     DRIVES                0.000       0.596      -2.614    0.06%      -0.834     -0.276     -0.050
            1672.000       1.000       1.535       6.182    0.06%       0.163      0.774
     COGNITION             0.000       0.216      -3.222    0.06%      -0.836     -0.300     -0.046
            1672.000       1.000       0.286       4.465    0.06%       0.225      0.814
     AFFECT                0.000       0.639      -3.231    0.06%      -0.823     -0.317     -0.083
            1672.000       1.000       0.992       4.381    0.06%       0.161      0.746
     ANALYTIC              0.000       1.350      -1.279    1.67%      -0.818     -0.476     -0.258
            1672.000       1.000       2.045       5.202    0.06%      -0.029      0.703
     CLOUT                 0.000      -1.716      -5.773    0.06%      -0.610      0.087      0.305
            1672.000       1.000       3.556       0.973    6.88%       0.502      0.791
     AUTHENTIC             0.000       0.159      -2.584    0.06%      -0.867     -0.326     -0.042
            1672.000       1.000      -0.318       3.354    0.06%       0.245      0.889
     WC                    0.000       1.215      -2.015    0.06%      -0.800     -0.370     -0.169
            1672.000       1.000       2.403       4.875    0.06%       0.057      0.716
     BIG_WORDS             0.000       0.356      -3.516    0.06%      -0.841     -0.290     -0.060
            1672.000       1.000       0.509       4.567    0.06%       0.183      0.842
     PCP_ID               88.139      -0.796       2.000    0.36%      58.000     90.000     96.000
            1672.000    1098.246      -0.058     142.000    0.42%     105.000    115.000

RANDOM STARTS RESULTS RANKED FROM THE BEST TO THE WORST LOGLIKELIHOOD VALUES


646 perturbed starting value run(s) did not converge or were rejected in the third stage.
Final stage loglikelihood values at local maxima, seeds, and initial stage start numbers:

          -25109.550  299977           956
          -25119.459  467561           819
          -25120.343  51375            148
          -25120.913  12477            155
          -25123.662  964570           701
          -25129.704  85734            411

44 perturbed starting value run(s) did not converge or were rejected in the third stage.



     WARNING:  THE BEST LOGLIKELIHOOD VALUE WAS NOT REPLICATED.  THE
     SOLUTION MAY NOT BE TRUSTWORTHY DUE TO LOCAL MAXIMA.  INCREASE THE
     NUMBER OF RANDOM STARTS.


THE MODEL ESTIMATION TERMINATED NORMALLY



MODEL FIT INFORMATION

Number of Free Parameters                      180

Loglikelihood

          H0 Value                      -25109.550
          H0 Scaling Correction Factor      1.2496
            for MLR

Information Criteria

          Akaike (AIC)                   50579.100
          Bayesian (BIC)                 51555.019
          Sample-Size Adjusted BIC       50983.185
            (n* = (n + 2) / 24)



FINAL CLASS COUNTS AND PROPORTIONS FOR THE LATENT CLASSES
BASED ON THE ESTIMATED MODEL

    Latent
   Classes

       1         83.22978          0.04978
       2        142.36838          0.08515
       3         96.61658          0.05779
       4        210.05900          0.12563
       5        114.38100          0.06841
       6        173.93310          0.10403
       7        326.14293          0.19506
       8        231.71712          0.13859
       9         67.21329          0.04020
      10        226.33883          0.13537


FINAL CLASS COUNTS AND PROPORTIONS FOR THE LATENT CLASSES
BASED ON ESTIMATED POSTERIOR PROBABILITIES

    Latent
   Classes

       1         83.22978          0.04978
       2        142.36838          0.08515
       3         96.61658          0.05779
       4        210.05900          0.12563
       5        114.38100          0.06841
       6        173.93310          0.10403
       7        326.14293          0.19506
       8        231.71712          0.13859
       9         67.21329          0.04020
      10        226.33883          0.13537


FINAL CLASS COUNTS AND PROPORTIONS FOR THE LATENT CLASSES
BASED ON THEIR MOST LIKELY LATENT CLASS MEMBERSHIP

Class Counts and Proportions

    Latent
   Classes

       1               77          0.04605
       2              137          0.08194
       3               89          0.05323
       4              220          0.13158
       5              105          0.06280
       6              156          0.09330
       7              352          0.21053
       8              264          0.15789
       9               69          0.04127
      10              203          0.12141


CLASSIFICATION QUALITY

     Entropy                         0.760


Average Latent Class Probabilities for Most Likely Latent Class Membership (Row)
by Latent Class (Column)

           1        2        3        4        5        6        7        8        9

    1   0.835    0.019    0.024    0.059    0.009    0.036    0.012    0.002    0.000
    2   0.021    0.804    0.031    0.001    0.031    0.057    0.051    0.004    0.000
    3   0.023    0.042    0.735    0.021    0.038    0.055    0.032    0.001    0.000
    4   0.046    0.003    0.009    0.857    0.010    0.001    0.013    0.009    0.022
    5   0.011    0.033    0.039    0.010    0.759    0.018    0.069    0.021    0.000
    6   0.007    0.044    0.027    0.002    0.012    0.846    0.044    0.000    0.000
    7   0.003    0.039    0.021    0.010    0.027    0.047    0.750    0.037    0.000
    8   0.001    0.007    0.005    0.004    0.026    0.004    0.101    0.769    0.008
    9   0.001    0.000    0.002    0.076    0.004    0.000    0.000    0.045    0.857
   10   0.002    0.000    0.029    0.019    0.028    0.033    0.039    0.037    0.005

          10

    1   0.004
    2   0.000
    3   0.053
    4   0.030
    5   0.039
    6   0.017
    7   0.065
    8   0.075
    9   0.016
   10   0.808


Classification Probabilities for the Most Likely Latent Class Membership (Column)
by Latent Class (Row)

           1        2        3        4        5        6        7        8        9

    1   0.772    0.034    0.024    0.122    0.014    0.013    0.013    0.002    0.001
    2   0.010    0.774    0.027    0.005    0.025    0.049    0.098    0.014    0.000
    3   0.019    0.043    0.677    0.020    0.042    0.043    0.077    0.014    0.001
    4   0.022    0.000    0.009    0.898    0.005    0.002    0.016    0.006    0.025
    5   0.006    0.037    0.030    0.019    0.697    0.016    0.084    0.060    0.002
    6   0.016    0.045    0.028    0.001    0.011    0.759    0.096    0.005    0.000
    7   0.003    0.021    0.009    0.009    0.022    0.021    0.809    0.082    0.000
    8   0.001    0.003    0.000    0.009    0.010    0.000    0.057    0.876    0.013
    9   0.000    0.000    0.000    0.072    0.001    0.000    0.000    0.033    0.880
   10   0.001    0.000    0.021    0.029    0.018    0.012    0.101    0.087    0.005

          10

    1   0.004
    2   0.000
    3   0.062
    4   0.018
    5   0.050
    6   0.038
    7   0.024
    8   0.032
    9   0.015
   10   0.725


Logits for the Classification Probabilities for the Most Likely Latent Class Membership (Column)
by Latent Class (Row)

              1        2        3        4        5        6        7        8        9

    1      5.176    2.056    1.709    3.331    1.190    1.083    1.064   -0.619   -1.895
    2      3.952    8.284    4.911    3.175    4.838    5.515    6.213    4.263   -1.765
    3     -1.156   -0.355    2.394   -1.104   -0.385   -0.364    0.223   -1.481   -3.777
    4      0.180   -3.813   -0.719    3.904   -1.261   -2.322   -0.121   -1.178    0.316
    5     -2.110   -0.285   -0.522   -0.981    2.639   -1.145    0.529    0.181   -3.116
    6     -0.890    0.155   -0.310   -3.379   -1.237    2.984    0.915   -1.971   -8.069
    7     -2.143   -0.123   -1.035   -1.040   -0.096   -0.134    3.506    1.213   -5.610
    8     -3.884   -2.501   -4.510   -1.318   -1.201  -10.377    0.567    3.306   -0.873
    9     -9.597   -6.507   -9.597    1.593   -3.355   -9.597   -8.298    0.798    4.091
   10     -6.239   -8.401   -3.541   -3.213   -3.698   -4.099   -1.969   -2.119   -5.029

             10

    1      0.000
    2      0.000
    3      0.000
    4      0.000
    5      0.000
    6      0.000
    7      0.000
    8      0.000
    9      0.000
   10      0.000


MODEL RESULTS

                                                    Two-Tailed
                    Estimate       S.E.  Est./S.E.    P-Value

Latent Class 1

 Means
    DRIVES             0.248      0.166      1.496      0.135
    COGNITION          0.521      0.168      3.096      0.002
    AFFECT             0.064      0.148      0.432      0.666
    ANALYTIC           0.606      0.209      2.899      0.004
    CLOUT             -1.160      0.232     -5.010      0.000
    AUTHENTIC          0.493      0.127      3.874      0.000
    WC                -0.039      0.199     -0.197      0.843
    BIG_WORDS          1.167      0.211      5.533      0.000
    PCP_ID            43.376      5.520      7.858      0.000

 Variances
    DRIVES             1.157      0.256      4.521      0.000
    COGNITION          0.569      0.096      5.919      0.000
    AFFECT             0.776      0.208      3.723      0.000
    ANALYTIC           1.011      0.224      4.519      0.000
    CLOUT              1.098      0.178      6.164      0.000
    AUTHENTIC          0.786      0.211      3.721      0.000
    WC                 0.868      0.291      2.987      0.003
    BIG_WORDS          1.480      0.375      3.945      0.000
    PCP_ID           397.042     24.579     16.154      0.000

Latent Class 2

 Means
    DRIVES            -0.480      0.152     -3.149      0.002
    COGNITION          1.080      0.142      7.589      0.000
    AFFECT            -0.339      0.116     -2.920      0.003
    ANALYTIC          -0.776      0.060    -12.868      0.000
    CLOUT             -1.510      0.213     -7.106      0.000
    AUTHENTIC          1.148      0.141      8.142      0.000
    WC                -0.060      0.136     -0.442      0.659
    BIG_WORDS          0.065      0.140      0.462      0.644
    PCP_ID            93.620      2.644     35.413      0.000

 Variances
    DRIVES             0.901      0.193      4.671      0.000
    COGNITION          0.928      0.166      5.598      0.000
    AFFECT             0.804      0.100      8.071      0.000
    ANALYTIC           0.106      0.030      3.530      0.000
    CLOUT              1.940      0.263      7.385      0.000
    AUTHENTIC          0.675      0.138      4.900      0.000
    WC                 0.528      0.127      4.153      0.000
    BIG_WORDS          1.107      0.237      4.672      0.000
    PCP_ID           397.042     24.579     16.154      0.000

Latent Class 3

 Means
    DRIVES            -0.890      0.259     -3.429      0.001
    COGNITION         -0.307      0.151     -2.034      0.042
    AFFECT            -0.559      0.239     -2.339      0.019
    ANALYTIC           0.984      0.313      3.141      0.002
    CLOUT             -0.378      0.145     -2.609      0.009
    AUTHENTIC          0.800      0.137      5.846      0.000
    WC                -0.063      0.200     -0.315      0.753
    BIG_WORDS          0.246      0.209      1.177      0.239
    PCP_ID            93.587      2.589     36.149      0.000

 Variances
    DRIVES             0.447      0.202      2.209      0.027
    COGNITION          0.724      0.139      5.219      0.000
    AFFECT             0.740      0.175      4.226      0.000
    ANALYTIC           1.857      0.325      5.711      0.000
    CLOUT              0.411      0.102      4.033      0.000
    AUTHENTIC          0.596      0.136      4.392      0.000
    WC                 0.667      0.195      3.419      0.001
    BIG_WORDS          1.144      0.234      4.895      0.000
    PCP_ID           397.042     24.579     16.154      0.000

Latent Class 4

 Means
    DRIVES            -0.084      0.084     -1.006      0.314
    COGNITION         -0.533      0.077     -6.928      0.000
    AFFECT            -0.181      0.084     -2.169      0.030
    ANALYTIC           0.712      0.110      6.443      0.000
    CLOUT              0.400      0.070      5.743      0.000
    AUTHENTIC          0.020      0.082      0.243      0.808
    WC                -0.117      0.098     -1.198      0.231
    BIG_WORDS          0.502      0.086      5.839      0.000
    PCP_ID            34.555      2.226     15.523      0.000

 Variances
    DRIVES             0.727      0.074      9.830      0.000
    COGNITION          0.632      0.073      8.655      0.000
    AFFECT             0.694      0.083      8.349      0.000
    ANALYTIC           1.373      0.177      7.758      0.000
    CLOUT              0.140      0.033      4.219      0.000
    AUTHENTIC          0.680      0.077      8.885      0.000
    WC                 0.758      0.146      5.200      0.000
    BIG_WORDS          0.856      0.122      7.040      0.000
    PCP_ID           397.042     24.579     16.154      0.000

Latent Class 5

 Means
    DRIVES            -0.370      0.131     -2.834      0.005
    COGNITION         -0.100      0.167     -0.602      0.547
    AFFECT             1.267      0.327      3.876      0.000
    ANALYTIC          -0.290      0.122     -2.385      0.017
    CLOUT             -0.265      0.131     -2.019      0.044
    AUTHENTIC          0.205      0.167      1.226      0.220
    WC                -0.834      0.108     -7.725      0.000
    BIG_WORDS         -0.521      0.190     -2.735      0.006
    PCP_ID            91.941      4.894     18.787      0.000

 Variances
    DRIVES             0.554      0.129      4.290      0.000
    COGNITION          0.929      0.171      5.421      0.000
    AFFECT             1.645      0.412      3.995      0.000
    ANALYTIC           0.455      0.097      4.714      0.000
    CLOUT              0.561      0.091      6.176      0.000
    AUTHENTIC          1.080      0.185      5.848      0.000
    WC                 0.095      0.050      1.888      0.059
    BIG_WORDS          0.651      0.228      2.859      0.004
    PCP_ID           397.042     24.579     16.154      0.000

Latent Class 6

 Means
    DRIVES            -0.048      0.089     -0.536      0.592
    COGNITION          0.603      0.089      6.762      0.000
    AFFECT            -0.324      0.068     -4.734      0.000
    ANALYTIC          -0.019      0.086     -0.221      0.825
    CLOUT             -0.909      0.147     -6.182      0.000
    AUTHENTIC          0.031      0.098      0.314      0.754
    WC                 1.349      0.145      9.318      0.000
    BIG_WORDS          0.175      0.092      1.910      0.056
    PCP_ID           114.353      2.331     49.064      0.000

 Variances
    DRIVES             0.581      0.092      6.298      0.000
    COGNITION          0.677      0.127      5.333      0.000
    AFFECT             0.397      0.057      6.970      0.000
    ANALYTIC           0.457      0.058      7.827      0.000
    CLOUT              0.897      0.112      8.009      0.000
    AUTHENTIC          0.592      0.070      8.443      0.000
    WC                 1.926      0.214      9.004      0.000
    BIG_WORDS          0.621      0.090      6.929      0.000
    PCP_ID           397.042     24.579     16.154      0.000

Latent Class 7

 Means
    DRIVES             0.183      0.102      1.795      0.073
    COGNITION          0.360      0.091      3.951      0.000
    AFFECT            -0.120      0.075     -1.611      0.107
    ANALYTIC          -0.654      0.071     -9.226      0.000
    CLOUT              0.257      0.079      3.252      0.001
    AUTHENTIC         -0.106      0.110     -0.968      0.333
    WC                 0.348      0.108      3.235      0.001
    BIG_WORDS         -0.342      0.064     -5.297      0.000
    PCP_ID           101.942      2.184     46.678      0.000

 Variances
    DRIVES             0.879      0.127      6.910      0.000
    COGNITION          0.646      0.084      7.679      0.000
    AFFECT             0.635      0.063      9.999      0.000
    ANALYTIC           0.117      0.031      3.778      0.000
    CLOUT              0.174      0.027      6.400      0.000
    AUTHENTIC          0.741      0.077      9.588      0.000
    WC                 0.623      0.079      7.874      0.000
    BIG_WORDS          0.586      0.079      7.443      0.000
    PCP_ID           397.042     24.579     16.154      0.000

Latent Class 8

 Means
    DRIVES             0.351      0.100      3.518      0.000
    COGNITION         -0.295      0.110     -2.672      0.008
    AFFECT             0.172      0.115      1.492      0.136
    ANALYTIC          -0.521      0.083     -6.247      0.000
    CLOUT              0.828      0.029     28.981      0.000
    AUTHENTIC         -0.551      0.102     -5.408      0.000
    WC                -0.512      0.094     -5.428      0.000
    BIG_WORDS         -0.436      0.081     -5.414      0.000
    PCP_ID           102.044      2.069     49.317      0.000

 Variances
    DRIVES             1.206      0.134      8.987      0.000
    COGNITION          0.713      0.132      5.385      0.000
    AFFECT             1.241      0.161      7.685      0.000
    ANALYTIC           0.181      0.050      3.619      0.000
    CLOUT              0.016      0.005      3.299      0.001
    AUTHENTIC          0.964      0.130      7.405      0.000
    WC                 0.252      0.070      3.616      0.000
    BIG_WORDS          0.723      0.086      8.400      0.000
    PCP_ID           397.042     24.579     16.154      0.000

Latent Class 9

 Means
    DRIVES             0.396      0.228      1.735      0.083
    COGNITION         -1.368      0.163     -8.374      0.000
    AFFECT            -0.059      0.161     -0.366      0.714
    ANALYTIC           0.575      0.204      2.817      0.005
    CLOUT              0.940      0.013     74.721      0.000
    AUTHENTIC         -0.616      0.165     -3.726      0.000
    WC                -1.006      0.146     -6.901      0.000
    BIG_WORDS          0.324      0.162      2.000      0.045
    PCP_ID            48.010      4.460     10.765      0.000

 Variances
    DRIVES             2.329      0.791      2.946      0.003
    COGNITION          0.589      0.170      3.463      0.001
    AFFECT             1.200      0.310      3.870      0.000
    ANALYTIC           1.232      0.327      3.767      0.000
    CLOUT              0.003      0.001      2.118      0.034
    AUTHENTIC          0.925      0.226      4.095      0.000
    WC                 0.260      0.092      2.845      0.004
    BIG_WORDS          1.056      0.163      6.467      0.000
    PCP_ID           397.042     24.579     16.154      0.000

Latent Class 10

 Means
    DRIVES             0.151      0.098      1.541      0.123
    COGNITION         -0.469      0.082     -5.729      0.000
    AFFECT             0.221      0.108      2.042      0.041
    ANALYTIC           0.651      0.125      5.222      0.000
    CLOUT              0.502      0.049     10.195      0.000
    AUTHENTIC         -0.491      0.128     -3.834      0.000
    WC                -0.106      0.126     -0.841      0.400
    BIG_WORDS         -0.070      0.100     -0.697      0.486
    PCP_ID           104.285      2.448     42.603      0.000

 Variances
    DRIVES             0.784      0.149      5.249      0.000
    COGNITION          0.400      0.042      9.531      0.000
    AFFECT             0.729      0.127      5.759      0.000
    ANALYTIC           0.725      0.122      5.951      0.000
    CLOUT              0.096      0.016      6.097      0.000
    AUTHENTIC          0.564      0.124      4.558      0.000
    WC                 0.465      0.106      4.386      0.000
    BIG_WORDS          0.838      0.132      6.334      0.000
    PCP_ID           397.042     24.579     16.154      0.000

Categorical Latent Variables

 Means
    C#1               -1.000      0.276     -3.619      0.000
    C#2               -0.464      0.250     -1.852      0.064
    C#3               -0.851      0.355     -2.395      0.017
    C#4               -0.075      0.195     -0.382      0.702
    C#5               -0.682      0.337     -2.027      0.043
    C#6               -0.263      0.201     -1.310      0.190
    C#7                0.365      0.197      1.855      0.064
    C#8                0.023      0.193      0.122      0.903
    C#9               -1.214      0.239     -5.087      0.000


QUALITY OF NUMERICAL RESULTS

     Condition Number for the Information Matrix              0.202E-04
       (ratio of smallest to largest eigenvalue)


PLOT INFORMATION

The following plots are available:

  Histograms (sample values)
  Scatterplots (sample values)
  Estimated overall and class-specific distributions

     Beginning Time:  21:37:32
        Ending Time:  21:39:19
       Elapsed Time:  00:01:47



MUTHEN & MUTHEN
3463 Stoner Ave.
Los Angeles, CA  90066

Tel: (310) 391-9971
Fax: (310) 391-8971
Web: www.StatModel.com
Support: Support@StatModel.com

Copyright (c) 1998-2021 Muthen & Muthen
