Mplus VERSION 8.7 (Mac)
MUTHEN & MUTHEN
05/19/2023   9:47 PM

INPUT INSTRUCTIONS

  TITLE:
  L25_P4_lpa__freeVarenum_L2;
  DATA:
  FILE = "mplus_analyses/cmbd_vars/prof_4_ml_lpa_freeVar_enumL2_5.dat";

  VARIABLE:
  NAMES = drives cognition affect analytic clout authentic wc big_words PCP_ID;
   MISSING=.;
   CLASSES = BC(5) c(4);
  CLUSTER IS PCP_ID;
  WITHIN ARE drives, cognition, affect, analytic, clout, authentic, wc, big_words;
  BETWEEN ARE BC;
  DEFINE:
  STANDARDIZE drives, cognition, affect, analytic, clout, authentic, wc, big_words;
  ANALYSIS:
  TYPE = MIXTURE TWOLEVEL;
      ESTIMATOR=MLR;
      STARTS=1000 200;
      STITERATIONS=50;
      LRTSTARTS=1000 50 1000 50;
      PROCESSORS=4;
  MODEL:
  %WITHIN%
  %OVERALL%
  %BETWEEN%
  %OVERALL%
  c ON BC;
  MODEL c:
  %WITHIN%
  %C#1%
  [drives, cognition, affect, analytic, clout, authentic, wc, big_words];
  drives, cognition, affect, analytic, clout, authentic, wc, big_words;
  %C#2%
  [drives, cognition, affect, analytic, clout, authentic, wc, big_words];
  drives, cognition, affect, analytic, clout, authentic, wc, big_words;
  %C#3%
  [drives, cognition, affect, analytic, clout, authentic, wc, big_words];
  drives, cognition, affect, analytic, clout, authentic, wc, big_words;
  %C#4%
  [drives, cognition, affect, analytic, clout, authentic, wc, big_words];
  drives, cognition, affect, analytic, clout, authentic, wc, big_words;
  SAVEDATA:
  file=mlLpa_4L1_5L2.dat; save=cprob; TECH4 IS tech4.dat;
  PLOT:
  type = plot3;



*** WARNING in VARIABLE command
  Note that only the first 8 characters of variable names are used in the output.
  Shorten variable names to avoid any confusion.
*** WARNING in MODEL command
  Variable is uncorrelated with all other variables within class: DRIVES
*** WARNING in MODEL command
  Variable is uncorrelated with all other variables within class: COGNITION
*** WARNING in MODEL command
  Variable is uncorrelated with all other variables within class: AFFECT
*** WARNING in MODEL command
  Variable is uncorrelated with all other variables within class: ANALYTIC
*** WARNING in MODEL command
  Variable is uncorrelated with all other variables within class: CLOUT
*** WARNING in MODEL command
  Variable is uncorrelated with all other variables within class: AUTHENTIC
*** WARNING in MODEL command
  Variable is uncorrelated with all other variables within class: WC
*** WARNING in MODEL command
  Variable is uncorrelated with all other variables within class: BIG_WORDS
*** WARNING in MODEL command
  At least one variable is uncorrelated with all other variables within class.
  Check that this is what is intended.
*** WARNING in PLOT command
  Note that only the first 8 characters of variable names are used in plots.
  If variable names are not unique within the first 8 characters, problems
  may occur.
  11 WARNING(S) FOUND IN THE INPUT INSTRUCTIONS




L25_P4_lpa__freeVarenum_L2;

SUMMARY OF ANALYSIS

Number of groups                                                 1
Number of observations                                        1672

Number of dependent variables                                    8
Number of independent variables                                  0
Number of continuous latent variables                            0
Number of categorical latent variables                           2

Observed dependent variables

  Continuous
   DRIVES      COGNITION   AFFECT      ANALYTIC    CLOUT       AUTHENTIC
   WC          BIG_WORDS

Categorical latent variables
   BC          C

Variables with special functions

  Cluster variable      PCP_ID

  Within variables
   DRIVES      COGNITIO    AFFECT      ANALYTIC    CLOUT       AUTHENTI
   WC          BIG_WORD


Estimator                                                      MLR
Information matrix                                        OBSERVED
Optimization Specifications for the Quasi-Newton Algorithm for
Continuous Outcomes
  Maximum number of iterations                                 100
  Convergence criterion                                  0.100D-05
Optimization Specifications for the EM Algorithm
  Maximum number of iterations                                 500
  Convergence criteria
    Loglikelihood change                                 0.100D-02
    Relative loglikelihood change                        0.100D-05
    Derivative                                           0.100D-02
Optimization Specifications for the M step of the EM Algorithm for
Categorical Latent variables
  Number of M step iterations                                    1
  M step convergence criterion                           0.100D-02
  Basis for M step termination                           ITERATION
Optimization Specifications for the M step of the EM Algorithm for
Censored, Binary or Ordered Categorical (Ordinal), Unordered
Categorical (Nominal) and Count Outcomes
  Number of M step iterations                                    1
  M step convergence criterion                           0.100D-02
  Basis for M step termination                           ITERATION
  Maximum value for logit thresholds                            15
  Minimum value for logit thresholds                           -15
  Minimum expected cell size for chi-square              0.100D-01
Maximum number of iterations for H1                           2000
Convergence criterion for H1                             0.100D-03
Optimization algorithm                                         EMA
Integration Specifications
  Type                                                    STANDARD
  Number of integration points                                  15
  Dimensions of numerical integration                            0
  Adaptive quadrature                                           ON
Random Starts Specifications
  Number of initial stage random starts                       1000
  Number of final stage optimizations                          200
  Number of initial stage iterations                            50
  Initial stage convergence criterion                    0.100D+01
  Random starts scale                                    0.500D+01
  Random seed for generating random starts                       0
Parameterization                                             LOGIT
Cholesky                                                       OFF

Input data file(s)
  mplus_analyses/cmbd_vars/prof_4_ml_lpa_freeVar_enumL2_5.dat
Input data format  FREE


SUMMARY OF DATA

     Number of missing data patterns             1
     Number of y missing data patterns           1
     Number of u missing data patterns           0
     Number of clusters                        116



COVARIANCE COVERAGE OF DATA

Minimum covariance coverage value   0.100


     PROPORTION OF DATA PRESENT FOR Y


           Covariance Coverage
              DRIVES        COGNITIO      AFFECT        ANALYTIC      CLOUT
              ________      ________      ________      ________      ________
 DRIVES         1.000
 COGNITIO       1.000         1.000
 AFFECT         1.000         1.000         1.000
 ANALYTIC       1.000         1.000         1.000         1.000
 CLOUT          1.000         1.000         1.000         1.000         1.000
 AUTHENTI       1.000         1.000         1.000         1.000         1.000
 WC             1.000         1.000         1.000         1.000         1.000
 BIG_WORD       1.000         1.000         1.000         1.000         1.000


           Covariance Coverage
              AUTHENTI      WC            BIG_WORD
              ________      ________      ________
 AUTHENTI       1.000
 WC             1.000         1.000
 BIG_WORD       1.000         1.000         1.000



UNIVARIATE SAMPLE STATISTICS


     UNIVARIATE HIGHER-ORDER MOMENT DESCRIPTIVE STATISTICS

         Variable/         Mean/     Skewness/   Minimum/ % with                Percentiles
        Sample Size      Variance    Kurtosis    Maximum  Min/Max      20%/60%    40%/80%    Median

     DRIVES                0.000       0.596      -2.614    0.06%      -0.834     -0.276     -0.050
            1672.000       1.000       1.535       6.182    0.06%       0.163      0.774
     COGNITION             0.000       0.216      -3.222    0.06%      -0.836     -0.300     -0.046
            1672.000       1.000       0.286       4.465    0.06%       0.225      0.814
     AFFECT                0.000       0.639      -3.231    0.06%      -0.823     -0.317     -0.083
            1672.000       1.000       0.992       4.381    0.06%       0.161      0.746
     ANALYTIC              0.000       1.350      -1.279    1.67%      -0.818     -0.476     -0.258
            1672.000       1.000       2.045       5.202    0.06%      -0.029      0.703
     CLOUT                 0.000      -1.716      -5.773    0.06%      -0.610      0.087      0.305
            1672.000       1.000       3.556       0.973    6.88%       0.502      0.791
     AUTHENTIC             0.000       0.159      -2.584    0.06%      -0.867     -0.326     -0.042
            1672.000       1.000      -0.318       3.354    0.06%       0.245      0.889
     WC                    0.000       1.215      -2.015    0.06%      -0.800     -0.370     -0.169
            1672.000       1.000       2.403       4.875    0.06%       0.057      0.716
     BIG_WORDS             0.000       0.356      -3.516    0.06%      -0.841     -0.290     -0.060
            1672.000       1.000       0.509       4.567    0.06%       0.183      0.842

RANDOM STARTS RESULTS RANKED FROM THE BEST TO THE WORST LOGLIKELIHOOD VALUES


8 perturbed starting value run(s) did not converge or were rejected in the third stage.
Final stage loglikelihood values at local maxima, seeds, and initial stage start numbers:

          -17182.191  637095           207
          -17182.191  749635           420
          -17182.192  455410           999
          -17182.193  3607             873
          -17182.193  584397           428
          -17182.193  865906           641
          -17182.193  887676           22
          -17182.193  728038           177
          -17182.193  94610            884
          -17182.193  81233            825
          -17182.193  291112           645
          -17182.193  462821           745
          -17182.193  547702           767
          -17182.194  379729           512
          -17182.194  224151           973
          -17182.194  471438           252
          -17182.194  76337            76
          -17182.194  87586            871
          -17182.194  804104           566
          -17182.194  967237           48
          -17182.194  876943           650
          -17182.195  791396           243
          -17182.195  714455           476
          -17182.197  534483           290
          -17182.251  691234           250
          -17182.257  476393           705
          -17182.260  51375            148
          -17182.261  329127           185
          -17182.261  188498           258
          -17183.215  814975           129
          -17183.216  595619           779
          -17183.216  211281           292
          -17183.216  471040           403
          -17183.217  752148           822
          -17183.217  349263           263
          -17183.217  968846           970
          -17183.217  455617           242
          -17183.218  438144           271
          -17183.218  824126           287
          -17183.218  502157           799
          -17183.218  153053           378
          -17183.218  539389           544
          -17183.218  947714           573
          -17183.218  650354           577
          -17183.219  622290           880
          -17183.219  858804           534
          -17183.219  791285           416
          -17183.222  267983           228
          -17183.222  536551           696
          -17183.222  605358           321
          -17183.290  177175           851
          -17183.774  736574           414
          -17183.775  140849           515
          -17183.775  479273           156
          -17183.777  195763           358
          -17183.778  794236           127
          -17183.804  609089           241
          -17183.808  402224           91
          -17183.811  392418           28
          -17190.697  415931           10
          -17190.697  495490           990
          -17190.697  977800           853
          -17190.699  991329           182
          -17190.700  146900           391
          -17190.959  107446           12
          -17190.959  3307             735
          -17190.959  490123           995
          -17191.060  443917           60
          -17191.062  63231            935
          -17191.062  576726           280
          -17191.287  252949           487
          -17191.292  148918           682
          -17191.292  339073           841
          -17191.684  92689            304
          -17191.684  592219           119
          -17192.773  268896           124
          -17192.774  875667           367
          -17192.882  168762           200
          -17192.883  973369           202
          -17193.037  475420           71
          -17193.037  70118            104
          -17193.037  921023           782
          -17193.920  208620           965
          -17193.921  997222           229
          -17193.922  46502            714
          -17193.924  160326           546
          -17194.255  782200           84
          -17194.255  582296           452
          -17194.255  965994           396
          -17194.255  654136           167
          -17194.256  121425           511
          -17196.870  96617            955
          -17196.871  848163           47
          -17196.872  303634           169
          -17197.788  105656           909
          -17198.789  7195             697
          -17200.519  22874            588
          -17202.139  252346           528
          -17202.437  72662            729

101 perturbed starting value run(s) did not converge or were rejected in the third stage.



THE BEST LOGLIKELIHOOD VALUE HAS BEEN REPLICATED.  RERUN WITH AT LEAST TWICE THE
RANDOM STARTS TO CHECK THAT THE BEST LOGLIKELIHOOD IS STILL OBTAINED AND REPLICATED.

     THE STANDARD ERRORS OF THE MODEL PARAMETER ESTIMATES MAY NOT BE
     TRUSTWORTHY FOR SOME PARAMETERS DUE TO A NON-POSITIVE DEFINITE
     FIRST-ORDER DERIVATIVE PRODUCT MATRIX.  THIS MAY BE DUE TO THE STARTING
     VALUES BUT MAY ALSO BE AN INDICATION OF MODEL NONIDENTIFICATION.  THE
     CONDITION NUMBER IS       0.223D-10.  PROBLEM INVOLVING THE FOLLOWING PARAMETER:
     Parameter 79, %BETWEEN%: C#2 ON BC#3


THE MODEL ESTIMATION TERMINATED NORMALLY



MODEL FIT INFORMATION

Number of Free Parameters                       83

Loglikelihood

          H0 Value                      -17182.191
          H0 Scaling Correction Factor      3.1852
            for MLR

Information Criteria

          Akaike (AIC)                   34530.381
          Bayesian (BIC)                 34980.389
          Sample-Size Adjusted BIC       34716.710
            (n* = (n + 2) / 24)



MODEL RESULTS USE THE LATENT CLASS VARIABLE ORDER

   BC  C


FINAL CLASS COUNTS AND PROPORTIONS FOR THE LATENT CLASS PATTERNS
BASED ON ESTIMATED POSTERIOR PROBABILITIES

  Latent Class
    Pattern

    1  1         27.38539          0.01638
    1  2         22.16817          0.01326
    1  3        199.21022          0.11914
    1  4         14.82513          0.00887
    2  1          5.94832          0.00356
    2  2        161.88359          0.09682
    2  3         71.85046          0.04297
    2  4          4.40516          0.00263
    3  1        350.00928          0.20934
    3  2          0.00540          0.00000
    3  3         37.22020          0.02226
    3  4         52.66647          0.03150
    4  1         50.35661          0.03012
    4  2         11.22376          0.00671
    4  3         13.59988          0.00813
    4  4        193.48331          0.11572
    5  1          1.91236          0.00114
    5  2        283.62524          0.16963
    5  3         42.78158          0.02559
    5  4        127.43946          0.07622


FINAL CLASS COUNTS AND PROPORTIONS FOR EACH LATENT CLASS VARIABLE
BASED ON ESTIMATED POSTERIOR PROBABILITIES

  Latent Class
    Variable    Class

    BC             1       263.58893          0.15765
                   2       244.08754          0.14599
                   3       439.90137          0.26310
                   4       268.66354          0.16068
                   5       455.75864          0.27258
    C              1       435.61194          0.26053
                   2       478.90616          0.28643
                   3       364.66235          0.21810
                   4       392.81952          0.23494


FINAL CLASS COUNTS AND PROPORTIONS FOR THE LATENT CLASS PATTERNS
BASED ON THEIR MOST LIKELY LATENT CLASS PATTERN

Class Counts and Proportions

  Latent Class
    Pattern

    1  1               25          0.01495
    1  2               25          0.01495
    1  3              213          0.12739
    1  4               19          0.01136
    2  1                3          0.00179
    2  2              180          0.10766
    2  3               61          0.03648
    2  4                3          0.00179
    3  1              359          0.21471
    3  2                2          0.00120
    3  3               27          0.01615
    3  4               59          0.03529
    4  1               41          0.02452
    4  2               10          0.00598
    4  3               13          0.00778
    4  4              199          0.11902
    5  1                0          0.00000
    5  2              271          0.16208
    5  3               36          0.02153
    5  4              126          0.07536


FINAL CLASS COUNTS AND PROPORTIONS FOR EACH LATENT CLASS VARIABLE
BASED ON THEIR MOST LIKELY LATENT CLASS PATTERN

  Latent Class
    Variable    Class

    BC             1             282          0.16866
                   2             247          0.14773
                   3             447          0.26734
                   4             263          0.15730
                   5             433          0.25897
    C              1             428          0.25598
                   2             488          0.29187
                   3             350          0.20933
                   4             406          0.24282


CLASSIFICATION QUALITY

     Entropy                         0.856


MODEL RESULTS

                                                    Two-Tailed
                    Estimate       S.E.  Est./S.E.    P-Value

Within Level

Latent Class Pattern 1 1

 Means
    DRIVES            -0.017      0.100     -0.171      0.864
    COGNITION         -0.411      0.115     -3.567      0.000
    AFFECT             0.018      0.121      0.145      0.885
    ANALYTIC           1.073      0.124      8.637      0.000
    CLOUT              0.130      0.108      1.207      0.228
    AUTHENTIC          0.015      0.113      0.135      0.893
    WC                 0.067      0.143      0.469      0.639
    BIG_WORDS          0.418      0.131      3.188      0.001

 Variances
    DRIVES             0.802      0.087      9.224      0.000
    COGNITION          0.712      0.093      7.684      0.000
    AFFECT             0.878      0.126      6.980      0.000
    ANALYTIC           1.162      0.110     10.590      0.000
    CLOUT              0.349      0.078      4.466      0.000
    AUTHENTIC          0.811      0.076     10.703      0.000
    WC                 0.861      0.163      5.267      0.000
    BIG_WORDS          1.035      0.148      7.013      0.000

Latent Class Pattern 1 2

 Means
    DRIVES             0.040      0.130      0.309      0.758
    COGNITION          0.330      0.087      3.777      0.000
    AFFECT            -0.115      0.149     -0.772      0.440
    ANALYTIC          -0.690      0.072     -9.527      0.000
    CLOUT              0.251      0.139      1.807      0.071
    AUTHENTIC         -0.051      0.156     -0.326      0.744
    WC                 0.163      0.119      1.366      0.172
    BIG_WORDS         -0.343      0.108     -3.164      0.002

 Variances
    DRIVES             0.834      0.102      8.194      0.000
    COGNITION          0.761      0.098      7.760      0.000
    AFFECT             0.756      0.107      7.060      0.000
    ANALYTIC           0.122      0.042      2.911      0.004
    CLOUT              0.248      0.094      2.638      0.008
    AUTHENTIC          0.870      0.084     10.382      0.000
    WC                 0.749      0.165      4.543      0.000
    BIG_WORDS          0.643      0.099      6.487      0.000

Latent Class Pattern 1 3

 Means
    DRIVES            -0.342      0.114     -2.994      0.003
    COGNITION          0.693      0.120      5.781      0.000
    AFFECT            -0.175      0.153     -1.143      0.253
    ANALYTIC          -0.267      0.127     -2.102      0.036
    CLOUT             -1.320      0.213     -6.189      0.000
    AUTHENTIC          0.635      0.138      4.596      0.000
    WC                 0.348      0.198      1.760      0.078
    BIG_WORDS          0.202      0.170      1.186      0.236

 Variances
    DRIVES             0.868      0.094      9.203      0.000
    COGNITION          0.882      0.113      7.829      0.000
    AFFECT             1.023      0.231      4.438      0.000
    ANALYTIC           0.479      0.101      4.738      0.000
    CLOUT              1.317      0.192      6.859      0.000
    AUTHENTIC          0.868      0.074     11.666      0.000
    WC                 1.739      0.328      5.302      0.000
    BIG_WORDS          1.106      0.177      6.231      0.000

Latent Class Pattern 1 4

 Means
    DRIVES             0.287      0.117      2.460      0.014
    COGNITION         -0.590      0.095     -6.187      0.000
    AFFECT             0.283      0.129      2.194      0.028
    ANALYTIC          -0.101      0.120     -0.837      0.403
    CLOUT              0.774      0.025     30.755      0.000
    AUTHENTIC         -0.545      0.100     -5.471      0.000
    WC                -0.596      0.069     -8.576      0.000
    BIG_WORDS         -0.233      0.109     -2.129      0.033

 Variances
    DRIVES             1.351      0.185      7.292      0.000
    COGNITION          0.606      0.069      8.810      0.000
    AFFECT             1.287      0.154      8.351      0.000
    ANALYTIC           0.440      0.098      4.473      0.000
    CLOUT              0.034      0.006      5.252      0.000
    AUTHENTIC          0.815      0.087      9.379      0.000
    WC                 0.270      0.036      7.450      0.000
    BIG_WORDS          0.870      0.104      8.384      0.000

Latent Class Pattern 2 1

 Means
    DRIVES            -0.017      0.100     -0.171      0.864
    COGNITION         -0.411      0.115     -3.567      0.000
    AFFECT             0.018      0.121      0.145      0.885
    ANALYTIC           1.073      0.124      8.637      0.000
    CLOUT              0.130      0.108      1.207      0.228
    AUTHENTIC          0.015      0.113      0.135      0.893
    WC                 0.067      0.143      0.469      0.639
    BIG_WORDS          0.418      0.131      3.188      0.001

 Variances
    DRIVES             0.802      0.087      9.224      0.000
    COGNITION          0.712      0.093      7.684      0.000
    AFFECT             0.878      0.126      6.980      0.000
    ANALYTIC           1.162      0.110     10.590      0.000
    CLOUT              0.349      0.078      4.466      0.000
    AUTHENTIC          0.811      0.076     10.703      0.000
    WC                 0.861      0.163      5.267      0.000
    BIG_WORDS          1.035      0.148      7.013      0.000

Latent Class Pattern 2 2

 Means
    DRIVES             0.040      0.130      0.309      0.758
    COGNITION          0.330      0.087      3.777      0.000
    AFFECT            -0.115      0.149     -0.772      0.440
    ANALYTIC          -0.690      0.072     -9.527      0.000
    CLOUT              0.251      0.139      1.807      0.071
    AUTHENTIC         -0.051      0.156     -0.326      0.744
    WC                 0.163      0.119      1.366      0.172
    BIG_WORDS         -0.343      0.108     -3.164      0.002

 Variances
    DRIVES             0.834      0.102      8.194      0.000
    COGNITION          0.761      0.098      7.760      0.000
    AFFECT             0.756      0.107      7.060      0.000
    ANALYTIC           0.122      0.042      2.911      0.004
    CLOUT              0.248      0.094      2.638      0.008
    AUTHENTIC          0.870      0.084     10.382      0.000
    WC                 0.749      0.165      4.543      0.000
    BIG_WORDS          0.643      0.099      6.487      0.000

Latent Class Pattern 2 3

 Means
    DRIVES            -0.342      0.114     -2.994      0.003
    COGNITION          0.693      0.120      5.781      0.000
    AFFECT            -0.175      0.153     -1.143      0.253
    ANALYTIC          -0.267      0.127     -2.102      0.036
    CLOUT             -1.320      0.213     -6.189      0.000
    AUTHENTIC          0.635      0.138      4.596      0.000
    WC                 0.348      0.198      1.760      0.078
    BIG_WORDS          0.202      0.170      1.186      0.236

 Variances
    DRIVES             0.868      0.094      9.203      0.000
    COGNITION          0.882      0.113      7.829      0.000
    AFFECT             1.023      0.231      4.438      0.000
    ANALYTIC           0.479      0.101      4.738      0.000
    CLOUT              1.317      0.192      6.859      0.000
    AUTHENTIC          0.868      0.074     11.666      0.000
    WC                 1.739      0.328      5.302      0.000
    BIG_WORDS          1.106      0.177      6.231      0.000

Latent Class Pattern 2 4

 Means
    DRIVES             0.287      0.117      2.460      0.014
    COGNITION         -0.590      0.095     -6.187      0.000
    AFFECT             0.283      0.129      2.194      0.028
    ANALYTIC          -0.101      0.120     -0.837      0.403
    CLOUT              0.774      0.025     30.755      0.000
    AUTHENTIC         -0.545      0.100     -5.471      0.000
    WC                -0.596      0.069     -8.576      0.000
    BIG_WORDS         -0.233      0.109     -2.129      0.033

 Variances
    DRIVES             1.351      0.185      7.292      0.000
    COGNITION          0.606      0.069      8.810      0.000
    AFFECT             1.287      0.154      8.351      0.000
    ANALYTIC           0.440      0.098      4.473      0.000
    CLOUT              0.034      0.006      5.252      0.000
    AUTHENTIC          0.815      0.087      9.379      0.000
    WC                 0.270      0.036      7.450      0.000
    BIG_WORDS          0.870      0.104      8.384      0.000

Latent Class Pattern 3 1

 Means
    DRIVES            -0.017      0.100     -0.171      0.864
    COGNITION         -0.411      0.115     -3.567      0.000
    AFFECT             0.018      0.121      0.145      0.885
    ANALYTIC           1.073      0.124      8.637      0.000
    CLOUT              0.130      0.108      1.207      0.228
    AUTHENTIC          0.015      0.113      0.135      0.893
    WC                 0.067      0.143      0.469      0.639
    BIG_WORDS          0.418      0.131      3.188      0.001

 Variances
    DRIVES             0.802      0.087      9.224      0.000
    COGNITION          0.712      0.093      7.684      0.000
    AFFECT             0.878      0.126      6.980      0.000
    ANALYTIC           1.162      0.110     10.590      0.000
    CLOUT              0.349      0.078      4.466      0.000
    AUTHENTIC          0.811      0.076     10.703      0.000
    WC                 0.861      0.163      5.267      0.000
    BIG_WORDS          1.035      0.148      7.013      0.000

Latent Class Pattern 3 2

 Means
    DRIVES             0.040      0.130      0.309      0.758
    COGNITION          0.330      0.087      3.777      0.000
    AFFECT            -0.115      0.149     -0.772      0.440
    ANALYTIC          -0.690      0.072     -9.527      0.000
    CLOUT              0.251      0.139      1.807      0.071
    AUTHENTIC         -0.051      0.156     -0.326      0.744
    WC                 0.163      0.119      1.366      0.172
    BIG_WORDS         -0.343      0.108     -3.164      0.002

 Variances
    DRIVES             0.834      0.102      8.194      0.000
    COGNITION          0.761      0.098      7.760      0.000
    AFFECT             0.756      0.107      7.060      0.000
    ANALYTIC           0.122      0.042      2.911      0.004
    CLOUT              0.248      0.094      2.638      0.008
    AUTHENTIC          0.870      0.084     10.382      0.000
    WC                 0.749      0.165      4.543      0.000
    BIG_WORDS          0.643      0.099      6.487      0.000

Latent Class Pattern 3 3

 Means
    DRIVES            -0.342      0.114     -2.994      0.003
    COGNITION          0.693      0.120      5.781      0.000
    AFFECT            -0.175      0.153     -1.143      0.253
    ANALYTIC          -0.267      0.127     -2.102      0.036
    CLOUT             -1.320      0.213     -6.189      0.000
    AUTHENTIC          0.635      0.138      4.596      0.000
    WC                 0.348      0.198      1.760      0.078
    BIG_WORDS          0.202      0.170      1.186      0.236

 Variances
    DRIVES             0.868      0.094      9.203      0.000
    COGNITION          0.882      0.113      7.829      0.000
    AFFECT             1.023      0.231      4.438      0.000
    ANALYTIC           0.479      0.101      4.738      0.000
    CLOUT              1.317      0.192      6.859      0.000
    AUTHENTIC          0.868      0.074     11.666      0.000
    WC                 1.739      0.328      5.302      0.000
    BIG_WORDS          1.106      0.177      6.231      0.000

Latent Class Pattern 3 4

 Means
    DRIVES             0.287      0.117      2.460      0.014
    COGNITION         -0.590      0.095     -6.187      0.000
    AFFECT             0.283      0.129      2.194      0.028
    ANALYTIC          -0.101      0.120     -0.837      0.403
    CLOUT              0.774      0.025     30.755      0.000
    AUTHENTIC         -0.545      0.100     -5.471      0.000
    WC                -0.596      0.069     -8.576      0.000
    BIG_WORDS         -0.233      0.109     -2.129      0.033

 Variances
    DRIVES             1.351      0.185      7.292      0.000
    COGNITION          0.606      0.069      8.810      0.000
    AFFECT             1.287      0.154      8.351      0.000
    ANALYTIC           0.440      0.098      4.473      0.000
    CLOUT              0.034      0.006      5.252      0.000
    AUTHENTIC          0.815      0.087      9.379      0.000
    WC                 0.270      0.036      7.450      0.000
    BIG_WORDS          0.870      0.104      8.384      0.000

Latent Class Pattern 4 1

 Means
    DRIVES            -0.017      0.100     -0.171      0.864
    COGNITION         -0.411      0.115     -3.567      0.000
    AFFECT             0.018      0.121      0.145      0.885
    ANALYTIC           1.073      0.124      8.637      0.000
    CLOUT              0.130      0.108      1.207      0.228
    AUTHENTIC          0.015      0.113      0.135      0.893
    WC                 0.067      0.143      0.469      0.639
    BIG_WORDS          0.418      0.131      3.188      0.001

 Variances
    DRIVES             0.802      0.087      9.224      0.000
    COGNITION          0.712      0.093      7.684      0.000
    AFFECT             0.878      0.126      6.980      0.000
    ANALYTIC           1.162      0.110     10.590      0.000
    CLOUT              0.349      0.078      4.466      0.000
    AUTHENTIC          0.811      0.076     10.703      0.000
    WC                 0.861      0.163      5.267      0.000
    BIG_WORDS          1.035      0.148      7.013      0.000

Latent Class Pattern 4 2

 Means
    DRIVES             0.040      0.130      0.309      0.758
    COGNITION          0.330      0.087      3.777      0.000
    AFFECT            -0.115      0.149     -0.772      0.440
    ANALYTIC          -0.690      0.072     -9.527      0.000
    CLOUT              0.251      0.139      1.807      0.071
    AUTHENTIC         -0.051      0.156     -0.326      0.744
    WC                 0.163      0.119      1.366      0.172
    BIG_WORDS         -0.343      0.108     -3.164      0.002

 Variances
    DRIVES             0.834      0.102      8.194      0.000
    COGNITION          0.761      0.098      7.760      0.000
    AFFECT             0.756      0.107      7.060      0.000
    ANALYTIC           0.122      0.042      2.911      0.004
    CLOUT              0.248      0.094      2.638      0.008
    AUTHENTIC          0.870      0.084     10.382      0.000
    WC                 0.749      0.165      4.543      0.000
    BIG_WORDS          0.643      0.099      6.487      0.000

Latent Class Pattern 4 3

 Means
    DRIVES            -0.342      0.114     -2.994      0.003
    COGNITION          0.693      0.120      5.781      0.000
    AFFECT            -0.175      0.153     -1.143      0.253
    ANALYTIC          -0.267      0.127     -2.102      0.036
    CLOUT             -1.320      0.213     -6.189      0.000
    AUTHENTIC          0.635      0.138      4.596      0.000
    WC                 0.348      0.198      1.760      0.078
    BIG_WORDS          0.202      0.170      1.186      0.236

 Variances
    DRIVES             0.868      0.094      9.203      0.000
    COGNITION          0.882      0.113      7.829      0.000
    AFFECT             1.023      0.231      4.438      0.000
    ANALYTIC           0.479      0.101      4.738      0.000
    CLOUT              1.317      0.192      6.859      0.000
    AUTHENTIC          0.868      0.074     11.666      0.000
    WC                 1.739      0.328      5.302      0.000
    BIG_WORDS          1.106      0.177      6.231      0.000

Latent Class Pattern 4 4

 Means
    DRIVES             0.287      0.117      2.460      0.014
    COGNITION         -0.590      0.095     -6.187      0.000
    AFFECT             0.283      0.129      2.194      0.028
    ANALYTIC          -0.101      0.120     -0.837      0.403
    CLOUT              0.774      0.025     30.755      0.000
    AUTHENTIC         -0.545      0.100     -5.471      0.000
    WC                -0.596      0.069     -8.576      0.000
    BIG_WORDS         -0.233      0.109     -2.129      0.033

 Variances
    DRIVES             1.351      0.185      7.292      0.000
    COGNITION          0.606      0.069      8.810      0.000
    AFFECT             1.287      0.154      8.351      0.000
    ANALYTIC           0.440      0.098      4.473      0.000
    CLOUT              0.034      0.006      5.252      0.000
    AUTHENTIC          0.815      0.087      9.379      0.000
    WC                 0.270      0.036      7.450      0.000
    BIG_WORDS          0.870      0.104      8.384      0.000

Latent Class Pattern 5 1

 Means
    DRIVES            -0.017      0.100     -0.171      0.864
    COGNITION         -0.411      0.115     -3.567      0.000
    AFFECT             0.018      0.121      0.145      0.885
    ANALYTIC           1.073      0.124      8.637      0.000
    CLOUT              0.130      0.108      1.207      0.228
    AUTHENTIC          0.015      0.113      0.135      0.893
    WC                 0.067      0.143      0.469      0.639
    BIG_WORDS          0.418      0.131      3.188      0.001

 Variances
    DRIVES             0.802      0.087      9.224      0.000
    COGNITION          0.712      0.093      7.684      0.000
    AFFECT             0.878      0.126      6.980      0.000
    ANALYTIC           1.162      0.110     10.590      0.000
    CLOUT              0.349      0.078      4.466      0.000
    AUTHENTIC          0.811      0.076     10.703      0.000
    WC                 0.861      0.163      5.267      0.000
    BIG_WORDS          1.035      0.148      7.013      0.000

Latent Class Pattern 5 2

 Means
    DRIVES             0.040      0.130      0.309      0.758
    COGNITION          0.330      0.087      3.777      0.000
    AFFECT            -0.115      0.149     -0.772      0.440
    ANALYTIC          -0.690      0.072     -9.527      0.000
    CLOUT              0.251      0.139      1.807      0.071
    AUTHENTIC         -0.051      0.156     -0.326      0.744
    WC                 0.163      0.119      1.366      0.172
    BIG_WORDS         -0.343      0.108     -3.164      0.002

 Variances
    DRIVES             0.834      0.102      8.194      0.000
    COGNITION          0.761      0.098      7.760      0.000
    AFFECT             0.756      0.107      7.060      0.000
    ANALYTIC           0.122      0.042      2.911      0.004
    CLOUT              0.248      0.094      2.638      0.008
    AUTHENTIC          0.870      0.084     10.382      0.000
    WC                 0.749      0.165      4.543      0.000
    BIG_WORDS          0.643      0.099      6.487      0.000

Latent Class Pattern 5 3

 Means
    DRIVES            -0.342      0.114     -2.994      0.003
    COGNITION          0.693      0.120      5.781      0.000
    AFFECT            -0.175      0.153     -1.143      0.253
    ANALYTIC          -0.267      0.127     -2.102      0.036
    CLOUT             -1.320      0.213     -6.189      0.000
    AUTHENTIC          0.635      0.138      4.596      0.000
    WC                 0.348      0.198      1.760      0.078
    BIG_WORDS          0.202      0.170      1.186      0.236

 Variances
    DRIVES             0.868      0.094      9.203      0.000
    COGNITION          0.882      0.113      7.829      0.000
    AFFECT             1.023      0.231      4.438      0.000
    ANALYTIC           0.479      0.101      4.738      0.000
    CLOUT              1.317      0.192      6.859      0.000
    AUTHENTIC          0.868      0.074     11.666      0.000
    WC                 1.739      0.328      5.302      0.000
    BIG_WORDS          1.106      0.177      6.231      0.000

Latent Class Pattern 5 4

 Means
    DRIVES             0.287      0.117      2.460      0.014
    COGNITION         -0.590      0.095     -6.187      0.000
    AFFECT             0.283      0.129      2.194      0.028
    ANALYTIC          -0.101      0.120     -0.837      0.403
    CLOUT              0.774      0.025     30.755      0.000
    AUTHENTIC         -0.545      0.100     -5.471      0.000
    WC                -0.596      0.069     -8.576      0.000
    BIG_WORDS         -0.233      0.109     -2.129      0.033

 Variances
    DRIVES             1.351      0.185      7.292      0.000
    COGNITION          0.606      0.069      8.810      0.000
    AFFECT             1.287      0.154      8.351      0.000
    ANALYTIC           0.440      0.098      4.473      0.000
    CLOUT              0.034      0.006      5.252      0.000
    AUTHENTIC          0.815      0.087      9.379      0.000
    WC                 0.270      0.036      7.450      0.000
    BIG_WORDS          0.870      0.104      8.384      0.000

Between Level

Categorical Latent Variables

Within Level

 Intercepts
    C#1               -4.195      4.311     -0.973      0.331
    C#2                0.799      0.242      3.298      0.001
    C#3               -1.093      0.687     -1.591      0.112

Between Level

 C#1        ON
    BC#1               4.808      4.274      1.125      0.261
    BC#2               4.491      5.422      0.828      0.407
    BC#3               6.089      4.318      1.410      0.159
    BC#4               2.849      4.242      0.672      0.502

 C#2        ON
    BC#1              -0.399      1.116     -0.358      0.720
    BC#2               2.799      0.948      2.953      0.003
    BC#3              -9.879      1.545     -6.393      0.000
    BC#4              -3.649      0.705     -5.175      0.000

 C#3        ON
    BC#1               3.691      0.809      4.561      0.000
    BC#2               3.879      0.955      4.060      0.000
    BC#3               0.746      0.904      0.825      0.409
    BC#4              -1.562      0.970     -1.611      0.107

 Means
    BC#1               0.065      0.367      0.176      0.860
    BC#2              -0.121      0.486     -0.250      0.803
    BC#3               0.541      0.341      1.585      0.113
    BC#4               0.042      0.397      0.107      0.915


QUALITY OF NUMERICAL RESULTS

     Condition Number for the Information Matrix              0.223E-10
       (ratio of smallest to largest eigenvalue)


C-SPECIFIC CLASSIFICATION RESULTS

Classification Quality for BC

     Entropy                         0.902

Average Latent Class Probabilities for Most Likely Latent Class Membership (Row)
by Latent Class (Column)

           1        2        3        4        5

    1   0.909    0.060    0.023    0.002    0.006
    2   0.012    0.868    0.002    0.000    0.119
    3   0.010    0.005    0.951    0.033    0.001
    4   0.000    0.000    0.029    0.947    0.024
    5   0.000    0.025    0.000    0.010    0.965


Classification Probabilities for the Most Likely Latent Class Membership (Column)
by Latent Class (Row)

           1        2        3        4        5

    1   0.972    0.011    0.016    0.000    0.000
    2   0.069    0.878    0.009    0.000    0.044
    3   0.015    0.001    0.966    0.018    0.000
    4   0.002    0.000    0.055    0.927    0.016
    5   0.004    0.064    0.001    0.014    0.917


Logits for the Classification Probabilities for the Most Likely Latent Class Membership (Column)
by Latent Class (Row)

              1        2        3        4        5

    1      8.143    3.642    4.049    0.124    0.000
    2      0.446    2.992   -1.572   -9.028    0.000
    3      4.358    1.695    8.536    4.528    0.000
    4     -1.973   -4.521    1.244    4.067    0.000
    5     -5.464   -2.656   -6.557   -4.208    0.000

Classification Quality for C

     Entropy                         0.788

Average Latent Class Probabilities for Most Likely Latent Class Membership (Row)
by Latent Class (Column)

           1        2        3        4

    1   0.906    0.008    0.048    0.039
    2   0.014    0.872    0.062    0.051
    3   0.042    0.065    0.890    0.003
    4   0.065    0.067    0.006    0.863


Classification Probabilities for the Most Likely Latent Class Membership (Column)
by Latent Class (Row)

           1        2        3        4

    1   0.890    0.016    0.034    0.060
    2   0.007    0.889    0.048    0.057
    3   0.056    0.083    0.854    0.006
    4   0.042    0.064    0.003    0.892


Logits for the Classification Probabilities for the Most Likely Latent Class Membership (Column)
by Latent Class (Row)

              1        2        3        4

    1      2.690   -1.317   -0.588    0.000
    2     -2.071    2.753   -0.174    0.000
    3      2.154    2.553    4.879    0.000
    4     -3.054   -2.641   -5.729    0.000


SAMPLE STATISTICS FOR ESTIMATED FACTOR SCORES


     SAMPLE STATISTICS


           Means
              BC#1          BC#2          BC#3          BC#4          C#1
              ________      ________      ________      ________      ________
                0.065        -0.121         0.541         0.042        -4.195


           Means
              C#2           C#3           C_BC#1        C_BC#2        C_BC#3
              ________      ________      ________      ________      ________
                0.799        -1.093         0.065        -0.121         0.541


           Means
              C_BC#4        C_C#1         C_C#2         C_C#3
              ________      ________      ________      ________
                0.042        -4.195         0.799        -1.093


           Covariances
              BC#1          BC#2          BC#3          BC#4          C#1
              ________      ________      ________      ________      ________
 BC#1           0.000
 BC#2           0.000         0.000
 BC#3           0.000         0.000         0.000
 BC#4           0.000         0.000         0.000         0.000
 C#1            0.000         0.000         0.000         0.000         0.000
 C#2            0.000         0.000         0.000         0.000         0.000
 C#3            0.000         0.000         0.000         0.000         0.000
 C_BC#1         0.000         0.000         0.000         0.000         0.000
 C_BC#2         0.000         0.000         0.000         0.000         0.000
 C_BC#3         0.000         0.000         0.000         0.000         0.000
 C_BC#4         0.000         0.000         0.000         0.000         0.000
 C_C#1          0.000         0.000         0.000         0.000         0.000
 C_C#2          0.000         0.000         0.000         0.000         0.000
 C_C#3          0.000         0.000         0.000         0.000         0.000


           Covariances
              C#2           C#3           C_BC#1        C_BC#2        C_BC#3
              ________      ________      ________      ________      ________
 C#2            0.000
 C#3            0.000         0.000
 C_BC#1         0.000         0.000         0.000
 C_BC#2         0.000         0.000         0.000         0.000
 C_BC#3         0.000         0.000         0.000         0.000         0.000
 C_BC#4         0.000         0.000         0.000         0.000         0.000
 C_C#1          0.000         0.000         0.000         0.000         0.000
 C_C#2          0.000         0.000         0.000         0.000         0.000
 C_C#3          0.000         0.000         0.000         0.000         0.000


           Covariances
              C_BC#4        C_C#1         C_C#2         C_C#3
              ________      ________      ________      ________
 C_BC#4         0.000
 C_C#1          0.000         0.000
 C_C#2          0.000         0.000         0.000
 C_C#3          0.000         0.000         0.000         0.000


           Correlations
              BC#1          BC#2          BC#3          BC#4          C#1
              ________      ________      ________      ________      ________
 BC#1           1.000
 BC#2         999.000         1.000
 BC#3         999.000       999.000         1.000
 BC#4         999.000       999.000       999.000         1.000
 C#1          999.000       999.000       999.000       999.000         1.000
 C#2          999.000       999.000       999.000       999.000       999.000
 C#3          999.000       999.000       999.000       999.000       999.000
 C_BC#1       999.000       999.000       999.000       999.000       999.000
 C_BC#2       999.000       999.000       999.000       999.000       999.000
 C_BC#3       999.000       999.000       999.000       999.000       999.000
 C_BC#4       999.000       999.000       999.000       999.000       999.000
 C_C#1        999.000       999.000       999.000       999.000       999.000
 C_C#2        999.000       999.000       999.000       999.000       999.000
 C_C#3        999.000       999.000       999.000       999.000       999.000


           Correlations
              C#2           C#3           C_BC#1        C_BC#2        C_BC#3
              ________      ________      ________      ________      ________
 C#2            1.000
 C#3          999.000         1.000
 C_BC#1       999.000       999.000         1.000
 C_BC#2       999.000       999.000       999.000         1.000
 C_BC#3       999.000       999.000       999.000       999.000         1.000
 C_BC#4       999.000       999.000       999.000       999.000       999.000
 C_C#1        999.000       999.000       999.000       999.000       999.000
 C_C#2        999.000       999.000       999.000       999.000       999.000
 C_C#3        999.000       999.000       999.000       999.000       999.000


           Correlations
              C_BC#4        C_C#1         C_C#2         C_C#3
              ________      ________      ________      ________
 C_BC#4         1.000
 C_C#1        999.000         1.000
 C_C#2        999.000       999.000         1.000
 C_C#3        999.000       999.000       999.000         1.000


PLOT INFORMATION

The following plots are available:

  Histograms (sample values, estimated factor scores)
  Scatterplots (sample values, estimated factor scores)
  Latent variable distribution plots

SAVEDATA INFORMATION


  Save file
    mlLpa_4L1_5L2.dat

  Order and format of variables

    DRIVES         F10.3
    COGNITIO       F10.3
    AFFECT         F10.3
    ANALYTIC       F10.3
    CLOUT          F10.3
    AUTHENTI       F10.3
    WC             F10.3
    BIG_WORD       F10.3
    BC#1           F10.3
    BC#2           F10.3
    BC#3           F10.3
    BC#4           F10.3
    C#1            F10.3
    C#2            F10.3
    C#3            F10.3
    C_BC#1         F10.3
    C_BC#2         F10.3
    C_BC#3         F10.3
    C_BC#4         F10.3
    C_C#1          F10.3
    C_C#2          F10.3
    C_C#3          F10.3
    CPROB1         F10.3
    CPROB2         F10.3
    CPROB3         F10.3
    CPROB4         F10.3
    CPROB5         F10.3
    CPROB6         F10.3
    CPROB7         F10.3
    CPROB8         F10.3
    CPROB9         F10.3
    CPROB10        F10.3
    CPROB11        F10.3
    CPROB12        F10.3
    CPROB13        F10.3
    CPROB14        F10.3
    CPROB15        F10.3
    CPROB16        F10.3
    CPROB17        F10.3
    CPROB18        F10.3
    CPROB19        F10.3
    CPROB20        F10.3
    BC             F10.3
    C              F10.3
    MLCJOINT       F10.3
    PCP_ID         I4

  Save file format
    45F10.3 I4

  Save file record length    10000

  Save missing symbol        *


  Estimated Means and Covariance Matrix for the Latent Variables

  Save file
    tech4.dat
  Save format      Free

     Beginning Time:  21:47:19
        Ending Time:  21:50:31
       Elapsed Time:  00:03:12



MUTHEN & MUTHEN
3463 Stoner Ave.
Los Angeles, CA  90066

Tel: (310) 391-9971
Fax: (310) 391-8971
Web: www.StatModel.com
Support: Support@StatModel.com

Copyright (c) 1998-2021 Muthen & Muthen
