Mplus VERSION 8.7 (Mac)
MUTHEN & MUTHEN
05/19/2023   9:31 PM

INPUT INSTRUCTIONS

  TITLE:
  P5_lpa__freeVarenum;
  DATA:
  FILE = "mplus_analyses/cmbd_vars/prof_5_ml_lpa_freeVar_enum.dat";

  VARIABLE:
  NAMES = drives cognition affect analytic clout authentic wc big_words PCP_ID;
   MISSING=.;
   CLASSES = c(5);
  DEFINE:
  STANDARDIZE drives, cognition, affect, analytic, clout, authentic, wc, big_words;
  ANALYSIS:
  TYPE = MIXTURE;
      ESTIMATOR=MLR;
      STARTS=1000 50;
      STITERATIONS=50;
      LRTSTARTS=1000 50 1000 50;
      PROCESSORS=4;
  MODEL:
  %OVERALL%
  %C#1%
  [drives, cognition, affect, analytic, clout, authentic, wc, big_words];
  drives, cognition, affect, analytic, clout, authentic, wc, big_words;
  %C#2%
  [drives, cognition, affect, analytic, clout, authentic, wc, big_words];
  drives, cognition, affect, analytic, clout, authentic, wc, big_words;
  %C#3%
  [drives, cognition, affect, analytic, clout, authentic, wc, big_words];
  drives, cognition, affect, analytic, clout, authentic, wc, big_words;
  %C#4%
  [drives, cognition, affect, analytic, clout, authentic, wc, big_words];
  drives, cognition, affect, analytic, clout, authentic, wc, big_words;
  %C#5%
  [drives, cognition, affect, analytic, clout, authentic, wc, big_words];
  drives, cognition, affect, analytic, clout, authentic, wc, big_words;
  PLOT:
  type = plot3;



*** WARNING in VARIABLE command
  Note that only the first 8 characters of variable names are used in the output.
  Shorten variable names to avoid any confusion.
*** WARNING in MODEL command
  All variables are uncorrelated with all other variables within class.
  Check that this is what is intended.
*** WARNING in PLOT command
  Note that only the first 8 characters of variable names are used in plots.
  If variable names are not unique within the first 8 characters, problems
  may occur.
   3 WARNING(S) FOUND IN THE INPUT INSTRUCTIONS




P5_lpa__freeVarenum;

SUMMARY OF ANALYSIS

Number of groups                                                 1
Number of observations                                        1672

Number of dependent variables                                    9
Number of independent variables                                  0
Number of continuous latent variables                            0
Number of categorical latent variables                           1

Observed dependent variables

  Continuous
   DRIVES      COGNITION   AFFECT      ANALYTIC    CLOUT       AUTHENTIC
   WC          BIG_WORDS   PCP_ID

Categorical latent variables
   C


Estimator                                                      MLR
Information matrix                                        OBSERVED
Optimization Specifications for the Quasi-Newton Algorithm for
Continuous Outcomes
  Maximum number of iterations                                 100
  Convergence criterion                                  0.100D-05
Optimization Specifications for the EM Algorithm
  Maximum number of iterations                                 500
  Convergence criteria
    Loglikelihood change                                 0.100D-06
    Relative loglikelihood change                        0.100D-06
    Derivative                                           0.100D-05
Optimization Specifications for the M step of the EM Algorithm for
Categorical Latent variables
  Number of M step iterations                                    1
  M step convergence criterion                           0.100D-05
  Basis for M step termination                           ITERATION
Optimization Specifications for the M step of the EM Algorithm for
Censored, Binary or Ordered Categorical (Ordinal), Unordered
Categorical (Nominal) and Count Outcomes
  Number of M step iterations                                    1
  M step convergence criterion                           0.100D-05
  Basis for M step termination                           ITERATION
  Maximum value for logit thresholds                            15
  Minimum value for logit thresholds                           -15
  Minimum expected cell size for chi-square              0.100D-01
Maximum number of iterations for H1                           2000
Convergence criterion for H1                             0.100D-03
Optimization algorithm                                         EMA
Random Starts Specifications
  Number of initial stage random starts                       1000
  Number of final stage optimizations                           50
  Number of initial stage iterations                            50
  Initial stage convergence criterion                    0.100D+01
  Random starts scale                                    0.500D+01
  Random seed for generating random starts                       0

Input data file(s)
  mplus_analyses/cmbd_vars/prof_5_ml_lpa_freeVar_enum.dat
Input data format  FREE


SUMMARY OF DATA

     Number of missing data patterns             1
     Number of y missing data patterns           1
     Number of u missing data patterns           0


COVARIANCE COVERAGE OF DATA

Minimum covariance coverage value   0.100


     PROPORTION OF DATA PRESENT FOR Y


           Covariance Coverage
              DRIVES        COGNITIO      AFFECT        ANALYTIC      CLOUT
              ________      ________      ________      ________      ________
 DRIVES         1.000
 COGNITIO       1.000         1.000
 AFFECT         1.000         1.000         1.000
 ANALYTIC       1.000         1.000         1.000         1.000
 CLOUT          1.000         1.000         1.000         1.000         1.000
 AUTHENTI       1.000         1.000         1.000         1.000         1.000
 WC             1.000         1.000         1.000         1.000         1.000
 BIG_WORD       1.000         1.000         1.000         1.000         1.000
 PCP_ID         1.000         1.000         1.000         1.000         1.000


           Covariance Coverage
              AUTHENTI      WC            BIG_WORD      PCP_ID
              ________      ________      ________      ________
 AUTHENTI       1.000
 WC             1.000         1.000
 BIG_WORD       1.000         1.000         1.000
 PCP_ID         1.000         1.000         1.000         1.000



UNIVARIATE SAMPLE STATISTICS


     UNIVARIATE HIGHER-ORDER MOMENT DESCRIPTIVE STATISTICS

         Variable/         Mean/     Skewness/   Minimum/ % with                Percentiles
        Sample Size      Variance    Kurtosis    Maximum  Min/Max      20%/60%    40%/80%    Median

     DRIVES                0.000       0.596      -2.614    0.06%      -0.834     -0.276     -0.050
            1672.000       1.000       1.535       6.182    0.06%       0.163      0.774
     COGNITION             0.000       0.216      -3.222    0.06%      -0.836     -0.300     -0.046
            1672.000       1.000       0.286       4.465    0.06%       0.225      0.814
     AFFECT                0.000       0.639      -3.231    0.06%      -0.823     -0.317     -0.083
            1672.000       1.000       0.992       4.381    0.06%       0.161      0.746
     ANALYTIC              0.000       1.350      -1.279    1.67%      -0.818     -0.476     -0.258
            1672.000       1.000       2.045       5.202    0.06%      -0.029      0.703
     CLOUT                 0.000      -1.716      -5.773    0.06%      -0.610      0.087      0.305
            1672.000       1.000       3.556       0.973    6.88%       0.502      0.791
     AUTHENTIC             0.000       0.159      -2.584    0.06%      -0.867     -0.326     -0.042
            1672.000       1.000      -0.318       3.354    0.06%       0.245      0.889
     WC                    0.000       1.215      -2.015    0.06%      -0.800     -0.370     -0.169
            1672.000       1.000       2.403       4.875    0.06%       0.057      0.716
     BIG_WORDS             0.000       0.356      -3.516    0.06%      -0.841     -0.290     -0.060
            1672.000       1.000       0.509       4.567    0.06%       0.183      0.842
     PCP_ID               88.139      -0.796       2.000    0.36%      58.000     90.000     96.000
            1672.000    1098.246      -0.058     142.000    0.42%     105.000    115.000

RANDOM STARTS RESULTS RANKED FROM THE BEST TO THE WORST LOGLIKELIHOOD VALUES


392 perturbed starting value run(s) did not converge or were rejected in the third stage.
Final stage loglikelihood values at local maxima, seeds, and initial stage start numbers:

          -25623.317  574942           558
          -25623.317  127362           757
          -25623.317  588923           606
          -25623.317  859432           770
          -25623.317  977800           853
          -25623.317  210870           383
          -25623.317  527050           948
          -25623.317  168888           817
          -25623.317  131856           90
          -25623.317  635245           121
          -25623.317  521770           945
          -25623.317  686482           215
          -25623.317  399848           220
          -25623.317  443917           60
          -25623.317  132336           362
          -25623.317  1548             384
          -25623.317  161421           519
          -25623.317  823392           479
          -25624.108  435506           988
          -25624.108  691041           590
          -25624.108  570681           777
          -25624.108  963053           43
          -25624.108  562716           300
          -25624.108  801065           393
          -25624.108  985387           381
          -25624.108  903633           553
          -25624.108  794236           127
          -25627.603  153394           429

22 perturbed starting value run(s) did not converge or were rejected in the third stage.



THE BEST LOGLIKELIHOOD VALUE HAS BEEN REPLICATED.  RERUN WITH AT LEAST TWICE THE
RANDOM STARTS TO CHECK THAT THE BEST LOGLIKELIHOOD IS STILL OBTAINED AND REPLICATED.


THE MODEL ESTIMATION TERMINATED NORMALLY



MODEL FIT INFORMATION

Number of Free Parameters                       90

Loglikelihood

          H0 Value                      -25623.317
          H0 Scaling Correction Factor      1.3824
            for MLR

Information Criteria

          Akaike (AIC)                   51426.635
          Bayesian (BIC)                 51914.595
          Sample-Size Adjusted BIC       51628.678
            (n* = (n + 2) / 24)



FINAL CLASS COUNTS AND PROPORTIONS FOR THE LATENT CLASSES
BASED ON THE ESTIMATED MODEL

    Latent
   Classes

       1        255.86878          0.15303
       2        366.51047          0.21920
       3        357.67385          0.21392
       4        475.61104          0.28446
       5        216.33586          0.12939


FINAL CLASS COUNTS AND PROPORTIONS FOR THE LATENT CLASSES
BASED ON ESTIMATED POSTERIOR PROBABILITIES

    Latent
   Classes

       1        255.86878          0.15303
       2        366.51047          0.21920
       3        357.67385          0.21392
       4        475.61104          0.28446
       5        216.33586          0.12939


FINAL CLASS COUNTS AND PROPORTIONS FOR THE LATENT CLASSES
BASED ON THEIR MOST LIKELY LATENT CLASS MEMBERSHIP

Class Counts and Proportions

    Latent
   Classes

       1              238          0.14234
       2              382          0.22847
       3              355          0.21232
       4              514          0.30742
       5              183          0.10945


CLASSIFICATION QUALITY

     Entropy                         0.704


Average Latent Class Probabilities for Most Likely Latent Class Membership (Row)
by Latent Class (Column)

           1        2        3        4        5

    1   0.830    0.006    0.027    0.050    0.087
    2   0.013    0.823    0.066    0.095    0.004
    3   0.022    0.057    0.833    0.040    0.048
    4   0.064    0.060    0.041    0.786    0.049
    5   0.068    0.001    0.053    0.049    0.830


Classification Probabilities for the Most Likely Latent Class Membership (Column)
by Latent Class (Row)

           1        2        3        4        5

    1   0.772    0.019    0.031    0.129    0.048
    2   0.004    0.857    0.055    0.084    0.000
    3   0.018    0.070    0.827    0.058    0.027
    4   0.025    0.077    0.030    0.850    0.019
    5   0.096    0.006    0.079    0.116    0.702


Logits for the Classification Probabilities for the Most Likely Latent Class Membership (Column)
by Latent Class (Row)

              1        2        3        4        5

    1      2.768   -0.940   -0.446    0.981    0.000
    2      2.688    8.089    5.342    5.762    0.000
    3     -0.423    0.957    3.422    0.771    0.000
    4      0.292    1.409    0.462    3.816    0.000
    5     -1.991   -4.690   -2.184   -1.799    0.000


MODEL RESULTS

                                                    Two-Tailed
                    Estimate       S.E.  Est./S.E.    P-Value

Latent Class 1

 Means
    DRIVES            -0.500      0.105     -4.767      0.000
    COGNITION          0.670      0.100      6.718      0.000
    AFFECT             0.036      0.109      0.333      0.739
    ANALYTIC          -0.588      0.071     -8.335      0.000
    CLOUT             -1.186      0.158     -7.530      0.000
    AUTHENTIC          0.862      0.125      6.917      0.000
    WC                -0.330      0.104     -3.191      0.001
    BIG_WORDS          0.099      0.118      0.841      0.400
    PCP_ID            89.337      2.819     31.690      0.000

 Variances
    DRIVES             0.867      0.164      5.281      0.000
    COGNITION          1.065      0.125      8.549      0.000
    AFFECT             1.679      0.271      6.184      0.000
    ANALYTIC           0.206      0.051      4.052      0.000
    CLOUT              1.584      0.190      8.332      0.000
    AUTHENTIC          0.859      0.146      5.900      0.000
    WC                 0.442      0.061      7.252      0.000
    BIG_WORDS          1.240      0.207      5.988      0.000
    PCP_ID           826.876    153.402      5.390      0.000

Latent Class 2

 Means
    DRIVES             0.271      0.079      3.408      0.001
    COGNITION         -0.585      0.076     -7.745      0.000
    AFFECT             0.309      0.084      3.672      0.000
    ANALYTIC          -0.109      0.083     -1.320      0.187
    CLOUT              0.801      0.025     31.849      0.000
    AUTHENTIC         -0.556      0.074     -7.499      0.000
    WC                -0.610      0.057    -10.660      0.000
    BIG_WORDS         -0.276      0.095     -2.905      0.004
    PCP_ID            91.286      4.986     18.309      0.000

 Variances
    DRIVES             1.371      0.182      7.544      0.000
    COGNITION          0.644      0.103      6.238      0.000
    AFFECT             1.283      0.116     11.058      0.000
    ANALYTIC           0.517      0.081      6.348      0.000
    CLOUT              0.025      0.006      4.308      0.000
    AUTHENTIC          0.891      0.097      9.217      0.000
    WC                 0.257      0.031      8.269      0.000
    BIG_WORDS          0.859      0.089      9.702      0.000
    PCP_ID           826.876    153.402      5.390      0.000

Latent Class 3

 Means
    DRIVES            -0.122      0.061     -1.990      0.047
    COGNITION         -0.553      0.073     -7.615      0.000
    AFFECT            -0.065      0.073     -0.884      0.377
    ANALYTIC           1.102      0.113      9.718      0.000
    CLOUT              0.203      0.089      2.282      0.023
    AUTHENTIC          0.034      0.078      0.433      0.665
    WC                -0.191      0.138     -1.385      0.166
    BIG_WORDS          0.487      0.133      3.668      0.000
    PCP_ID            58.033     11.958      4.853      0.000

 Variances
    DRIVES             0.838      0.093      8.988      0.000
    COGNITION          0.689      0.088      7.848      0.000
    AFFECT             0.850      0.132      6.462      0.000
    ANALYTIC           1.337      0.178      7.501      0.000
    CLOUT              0.313      0.053      5.957      0.000
    AUTHENTIC          0.817      0.069     11.816      0.000
    WC                 0.665      0.137      4.855      0.000
    BIG_WORDS          1.188      0.136      8.762      0.000
    PCP_ID           826.876    153.402      5.390      0.000

Latent Class 4

 Means
    DRIVES             0.184      0.069      2.688      0.007
    COGNITION          0.251      0.073      3.463      0.001
    AFFECT            -0.043      0.066     -0.653      0.514
    ANALYTIC          -0.528      0.095     -5.583      0.000
    CLOUT              0.304      0.048      6.324      0.000
    AUTHENTIC         -0.184      0.072     -2.551      0.011
    WC                 0.259      0.101      2.573      0.010
    BIG_WORDS         -0.336      0.058     -5.789      0.000
    PCP_ID           101.147      1.655     61.107      0.000

 Variances
    DRIVES             0.826      0.087      9.519      0.000
    COGNITION          0.658      0.068      9.666      0.000
    AFFECT             0.687      0.079      8.682      0.000
    ANALYTIC           0.202      0.063      3.185      0.001
    CLOUT              0.172      0.021      8.195      0.000
    AUTHENTIC          0.715      0.077      9.296      0.000
    WC                 0.660      0.080      8.303      0.000
    BIG_WORDS          0.580      0.052     11.076      0.000
    PCP_ID           826.876    153.402      5.390      0.000

Latent Class 5

 Means
    DRIVES            -0.072      0.100     -0.714      0.475
    COGNITION          0.561      0.224      2.501      0.012
    AFFECT            -0.365      0.061     -6.003      0.000
    ANALYTIC           0.221      0.255      0.865      0.387
    CLOUT             -0.958      0.262     -3.662      0.000
    AUTHENTIC          0.271      0.126      2.152      0.031
    WC                 1.170      0.166      7.026      0.000
    BIG_WORDS          0.284      0.141      2.015      0.044
    PCP_ID           102.571      4.832     21.227      0.000

 Variances
    DRIVES             0.655      0.105      6.245      0.000
    COGNITION          0.721      0.182      3.970      0.000
    AFFECT             0.347      0.042      8.252      0.000
    ANALYTIC           0.857      0.276      3.109      0.002
    CLOUT              0.975      0.103      9.435      0.000
    AUTHENTIC          0.727      0.078      9.280      0.000
    WC                 1.883      0.221      8.520      0.000
    BIG_WORDS          0.706      0.120      5.886      0.000
    PCP_ID           826.876    153.402      5.390      0.000

Categorical Latent Variables

 Means
    C#1                0.168      0.306      0.548      0.583
    C#2                0.527      0.252      2.094      0.036
    C#3                0.503      0.313      1.608      0.108
    C#4                0.788      0.245      3.209      0.001


QUALITY OF NUMERICAL RESULTS

     Condition Number for the Information Matrix              0.512E-04
       (ratio of smallest to largest eigenvalue)


PLOT INFORMATION

The following plots are available:

  Histograms (sample values)
  Scatterplots (sample values)
  Estimated overall and class-specific distributions

     Beginning Time:  21:31:27
        Ending Time:  21:32:05
       Elapsed Time:  00:00:38



MUTHEN & MUTHEN
3463 Stoner Ave.
Los Angeles, CA  90066

Tel: (310) 391-9971
Fax: (310) 391-8971
Web: www.StatModel.com
Support: Support@StatModel.com

Copyright (c) 1998-2021 Muthen & Muthen
