Mplus VERSION 8.7 (Mac)
MUTHEN & MUTHEN
05/19/2023   9:30 PM

INPUT INSTRUCTIONS

  TITLE:
  P3_lpa__freeVarenum;
  DATA:
  FILE = "mplus_analyses/cmbd_vars/prof_3_ml_lpa_freeVar_enum.dat";

  VARIABLE:
  NAMES = drives cognition affect analytic clout authentic wc big_words PCP_ID;
   MISSING=.;
   CLASSES = c(3);
  DEFINE:
  STANDARDIZE drives, cognition, affect, analytic, clout, authentic, wc, big_words;
  ANALYSIS:
  TYPE = MIXTURE;
      ESTIMATOR=MLR;
      STARTS=1000 50;
      STITERATIONS=50;
      LRTSTARTS=1000 50 1000 50;
      PROCESSORS=4;
  MODEL:
  %OVERALL%
  %C#1%
  [drives, cognition, affect, analytic, clout, authentic, wc, big_words];
  drives, cognition, affect, analytic, clout, authentic, wc, big_words;
  %C#2%
  [drives, cognition, affect, analytic, clout, authentic, wc, big_words];
  drives, cognition, affect, analytic, clout, authentic, wc, big_words;
  %C#3%
  [drives, cognition, affect, analytic, clout, authentic, wc, big_words];
  drives, cognition, affect, analytic, clout, authentic, wc, big_words;
  PLOT:
  type = plot3;



*** WARNING in VARIABLE command
  Note that only the first 8 characters of variable names are used in the output.
  Shorten variable names to avoid any confusion.
*** WARNING in MODEL command
  All variables are uncorrelated with all other variables within class.
  Check that this is what is intended.
*** WARNING in PLOT command
  Note that only the first 8 characters of variable names are used in plots.
  If variable names are not unique within the first 8 characters, problems
  may occur.
   3 WARNING(S) FOUND IN THE INPUT INSTRUCTIONS




P3_lpa__freeVarenum;

SUMMARY OF ANALYSIS

Number of groups                                                 1
Number of observations                                        1672

Number of dependent variables                                    9
Number of independent variables                                  0
Number of continuous latent variables                            0
Number of categorical latent variables                           1

Observed dependent variables

  Continuous
   DRIVES      COGNITION   AFFECT      ANALYTIC    CLOUT       AUTHENTIC
   WC          BIG_WORDS   PCP_ID

Categorical latent variables
   C


Estimator                                                      MLR
Information matrix                                        OBSERVED
Optimization Specifications for the Quasi-Newton Algorithm for
Continuous Outcomes
  Maximum number of iterations                                 100
  Convergence criterion                                  0.100D-05
Optimization Specifications for the EM Algorithm
  Maximum number of iterations                                 500
  Convergence criteria
    Loglikelihood change                                 0.100D-06
    Relative loglikelihood change                        0.100D-06
    Derivative                                           0.100D-05
Optimization Specifications for the M step of the EM Algorithm for
Categorical Latent variables
  Number of M step iterations                                    1
  M step convergence criterion                           0.100D-05
  Basis for M step termination                           ITERATION
Optimization Specifications for the M step of the EM Algorithm for
Censored, Binary or Ordered Categorical (Ordinal), Unordered
Categorical (Nominal) and Count Outcomes
  Number of M step iterations                                    1
  M step convergence criterion                           0.100D-05
  Basis for M step termination                           ITERATION
  Maximum value for logit thresholds                            15
  Minimum value for logit thresholds                           -15
  Minimum expected cell size for chi-square              0.100D-01
Maximum number of iterations for H1                           2000
Convergence criterion for H1                             0.100D-03
Optimization algorithm                                         EMA
Random Starts Specifications
  Number of initial stage random starts                       1000
  Number of final stage optimizations                           50
  Number of initial stage iterations                            50
  Initial stage convergence criterion                    0.100D+01
  Random starts scale                                    0.500D+01
  Random seed for generating random starts                       0

Input data file(s)
  mplus_analyses/cmbd_vars/prof_3_ml_lpa_freeVar_enum.dat
Input data format  FREE


SUMMARY OF DATA

     Number of missing data patterns             1
     Number of y missing data patterns           1
     Number of u missing data patterns           0


COVARIANCE COVERAGE OF DATA

Minimum covariance coverage value   0.100


     PROPORTION OF DATA PRESENT FOR Y


           Covariance Coverage
              DRIVES        COGNITIO      AFFECT        ANALYTIC      CLOUT
              ________      ________      ________      ________      ________
 DRIVES         1.000
 COGNITIO       1.000         1.000
 AFFECT         1.000         1.000         1.000
 ANALYTIC       1.000         1.000         1.000         1.000
 CLOUT          1.000         1.000         1.000         1.000         1.000
 AUTHENTI       1.000         1.000         1.000         1.000         1.000
 WC             1.000         1.000         1.000         1.000         1.000
 BIG_WORD       1.000         1.000         1.000         1.000         1.000
 PCP_ID         1.000         1.000         1.000         1.000         1.000


           Covariance Coverage
              AUTHENTI      WC            BIG_WORD      PCP_ID
              ________      ________      ________      ________
 AUTHENTI       1.000
 WC             1.000         1.000
 BIG_WORD       1.000         1.000         1.000
 PCP_ID         1.000         1.000         1.000         1.000



UNIVARIATE SAMPLE STATISTICS


     UNIVARIATE HIGHER-ORDER MOMENT DESCRIPTIVE STATISTICS

         Variable/         Mean/     Skewness/   Minimum/ % with                Percentiles
        Sample Size      Variance    Kurtosis    Maximum  Min/Max      20%/60%    40%/80%    Median

     DRIVES                0.000       0.596      -2.614    0.06%      -0.834     -0.276     -0.050
            1672.000       1.000       1.535       6.182    0.06%       0.163      0.774
     COGNITION             0.000       0.216      -3.222    0.06%      -0.836     -0.300     -0.046
            1672.000       1.000       0.286       4.465    0.06%       0.225      0.814
     AFFECT                0.000       0.639      -3.231    0.06%      -0.823     -0.317     -0.083
            1672.000       1.000       0.992       4.381    0.06%       0.161      0.746
     ANALYTIC              0.000       1.350      -1.279    1.67%      -0.818     -0.476     -0.258
            1672.000       1.000       2.045       5.202    0.06%      -0.029      0.703
     CLOUT                 0.000      -1.716      -5.773    0.06%      -0.610      0.087      0.305
            1672.000       1.000       3.556       0.973    6.88%       0.502      0.791
     AUTHENTIC             0.000       0.159      -2.584    0.06%      -0.867     -0.326     -0.042
            1672.000       1.000      -0.318       3.354    0.06%       0.245      0.889
     WC                    0.000       1.215      -2.015    0.06%      -0.800     -0.370     -0.169
            1672.000       1.000       2.403       4.875    0.06%       0.057      0.716
     BIG_WORDS             0.000       0.356      -3.516    0.06%      -0.841     -0.290     -0.060
            1672.000       1.000       0.509       4.567    0.06%       0.183      0.842
     PCP_ID               88.139      -0.796       2.000    0.36%      58.000     90.000     96.000
            1672.000    1098.246      -0.058     142.000    0.42%     105.000    115.000

RANDOM STARTS RESULTS RANKED FROM THE BEST TO THE WORST LOGLIKELIHOOD VALUES


39 perturbed starting value run(s) did not converge or were rejected in the third stage.
Final stage loglikelihood values at local maxima, seeds, and initial stage start numbers:

          -26022.319  699810           571
          -26022.319  836066           372
          -26022.319  302046           863
          -26022.319  954354           840
          -26022.319  741484           441
          -26022.319  358074           560
          -26022.319  84013            598
          -26022.319  360419           356
          -26022.319  431271           943
          -26022.319  345726           461
          -26022.319  153942           31
          -26022.319  538872           949
          -26022.319  484116           915
          -26022.319  312754           562
          -26022.319  284716           713
          -26022.319  340112           126
          -26022.319  900921           984
          -26022.319  569131           26
          -26022.319  154575           539
          -26022.319  605358           321
          -26022.319  92689            304
          -26022.319  717754           180
          -26022.319  551340           766
          -26022.319  208620           965
          -26022.319  496762           870
          -26022.319  701525           239
          -26022.319  497522           502
          -26022.319  584397           428
          -26022.319  377584           630
          -26022.319  588923           606
          -26022.319  730868           977
          -26022.319  486646           586
          -26022.319  407168           44

17 perturbed starting value run(s) did not converge or were rejected in the third stage.



THE BEST LOGLIKELIHOOD VALUE HAS BEEN REPLICATED.  RERUN WITH AT LEAST TWICE THE
RANDOM STARTS TO CHECK THAT THE BEST LOGLIKELIHOOD IS STILL OBTAINED AND REPLICATED.


THE MODEL ESTIMATION TERMINATED NORMALLY



MODEL FIT INFORMATION

Number of Free Parameters                       54

Loglikelihood

          H0 Value                      -26022.319
          H0 Scaling Correction Factor      1.5762
            for MLR

Information Criteria

          Akaike (AIC)                   52152.639
          Bayesian (BIC)                 52445.415
          Sample-Size Adjusted BIC       52273.864
            (n* = (n + 2) / 24)



FINAL CLASS COUNTS AND PROPORTIONS FOR THE LATENT CLASSES
BASED ON THE ESTIMATED MODEL

    Latent
   Classes

       1        355.01246          0.21233
       2        604.73309          0.36168
       3        712.25444          0.42599


FINAL CLASS COUNTS AND PROPORTIONS FOR THE LATENT CLASSES
BASED ON ESTIMATED POSTERIOR PROBABILITIES

    Latent
   Classes

       1        355.01246          0.21233
       2        604.73309          0.36168
       3        712.25444          0.42599


FINAL CLASS COUNTS AND PROPORTIONS FOR THE LATENT CLASSES
BASED ON THEIR MOST LIKELY LATENT CLASS MEMBERSHIP

Class Counts and Proportions

    Latent
   Classes

       1              340          0.20335
       2              586          0.35048
       3              746          0.44617


CLASSIFICATION QUALITY

     Entropy                         0.738


Average Latent Class Probabilities for Most Likely Latent Class Membership (Row)
by Latent Class (Column)

           1        2        3

    1   0.886    0.044    0.071
    2   0.035    0.901    0.064
    3   0.045    0.083    0.872


Classification Probabilities for the Most Likely Latent Class Membership (Column)
by Latent Class (Row)

           1        2        3

    1   0.848    0.058    0.094
    2   0.025    0.873    0.102
    3   0.034    0.053    0.914


Logits for the Classification Probabilities for the Most Likely Latent Class Membership (Column)
by Latent Class (Row)

              1        2        3

    1      2.198   -0.489    0.000
    2     -1.421    2.145    0.000
    3     -3.301   -2.853    0.000


MODEL RESULTS

                                                    Two-Tailed
                    Estimate       S.E.  Est./S.E.    P-Value

Latent Class 1

 Means
    DRIVES            -0.094      0.068     -1.380      0.168
    COGNITION         -0.492      0.079     -6.236      0.000
    AFFECT            -0.136      0.125     -1.089      0.276
    ANALYTIC           1.008      0.103      9.781      0.000
    CLOUT              0.124      0.103      1.201      0.230
    AUTHENTIC          0.070      0.079      0.893      0.372
    WC                -0.190      0.086     -2.198      0.028
    BIG_WORDS          0.635      0.087      7.324      0.000
    PCP_ID            46.774      5.989      7.810      0.000

 Variances
    DRIVES             0.910      0.088     10.286      0.000
    COGNITION          0.841      0.087      9.715      0.000
    AFFECT             0.883      0.426      2.073      0.038
    ANALYTIC           1.575      0.120     13.100      0.000
    CLOUT              0.542      0.158      3.437      0.001
    AUTHENTIC          0.904      0.088     10.262      0.000
    WC                 0.837      0.091      9.193      0.000
    BIG_WORDS          1.147      0.136      8.414      0.000
    PCP_ID           636.633     94.509      6.736      0.000

Latent Class 2

 Means
    DRIVES            -0.228      0.057     -4.019      0.000
    COGNITION          0.625      0.058     10.746      0.000
    AFFECT            -0.171      0.071     -2.399      0.016
    ANALYTIC          -0.386      0.050     -7.788      0.000
    CLOUT             -0.783      0.105     -7.486      0.000
    AUTHENTIC          0.422      0.070      6.002      0.000
    WC                 0.433      0.073      5.898      0.000
    BIG_WORDS          0.009      0.061      0.153      0.878
    PCP_ID           100.037      1.740     57.505      0.000

 Variances
    DRIVES             0.799      0.060     13.246      0.000
    COGNITION          0.842      0.065     12.928      0.000
    AFFECT             0.879      0.216      4.067      0.000
    ANALYTIC           0.400      0.060      6.714      0.000
    CLOUT              1.284      0.107     12.041      0.000
    AUTHENTIC          0.904      0.052     17.366      0.000
    WC                 1.436      0.122     11.787      0.000
    BIG_WORDS          0.877      0.089      9.836      0.000
    PCP_ID           636.633     94.509      6.736      0.000

Latent Class 3

 Means
    DRIVES             0.241      0.050      4.837      0.000
    COGNITION         -0.285      0.063     -4.499      0.000
    AFFECT             0.213      0.049      4.365      0.000
    ANALYTIC          -0.175      0.062     -2.835      0.005
    CLOUT              0.603      0.045     13.381      0.000
    AUTHENTIC         -0.393      0.051     -7.693      0.000
    WC                -0.273      0.062     -4.433      0.000
    BIG_WORDS         -0.325      0.041     -7.856      0.000
    PCP_ID            98.656      1.784     55.316      0.000

 Variances
    DRIVES             1.109      0.100     11.088      0.000
    COGNITION          0.679      0.059     11.545      0.000
    AFFECT             1.081      0.083     12.964      0.000
    ANALYTIC           0.559      0.079      7.113      0.000
    CLOUT              0.096      0.022      4.403      0.000
    AUTHENTIC          0.821      0.053     15.420      0.000
    WC                 0.459      0.059      7.847      0.000
    BIG_WORDS          0.724      0.061     11.826      0.000
    PCP_ID           636.633     94.509      6.736      0.000

Categorical Latent Variables

 Means
    C#1               -0.696      0.152     -4.588      0.000
    C#2               -0.164      0.165     -0.994      0.320


QUALITY OF NUMERICAL RESULTS

     Condition Number for the Information Matrix              0.491E-04
       (ratio of smallest to largest eigenvalue)


PLOT INFORMATION

The following plots are available:

  Histograms (sample values)
  Scatterplots (sample values)
  Estimated overall and class-specific distributions

     Beginning Time:  21:30:41
        Ending Time:  21:30:56
       Elapsed Time:  00:00:15



MUTHEN & MUTHEN
3463 Stoner Ave.
Los Angeles, CA  90066

Tel: (310) 391-9971
Fax: (310) 391-8971
Web: www.StatModel.com
Support: Support@StatModel.com

Copyright (c) 1998-2021 Muthen & Muthen
