Mplus VERSION 8.7 (Mac)
MUTHEN & MUTHEN
05/19/2023   9:32 PM

INPUT INSTRUCTIONS

  TITLE:
  P6_lpa__freeVarenum;
  DATA:
  FILE = "mplus_analyses/cmbd_vars/prof_6_ml_lpa_freeVar_enum.dat";

  VARIABLE:
  NAMES = drives cognition affect analytic clout authentic wc big_words PCP_ID;
   MISSING=.;
   CLASSES = c(6);
  DEFINE:
  STANDARDIZE drives, cognition, affect, analytic, clout, authentic, wc, big_words;
  ANALYSIS:
  TYPE = MIXTURE;
      ESTIMATOR=MLR;
      STARTS=1000 50;
      STITERATIONS=50;
      LRTSTARTS=1000 50 1000 50;
      PROCESSORS=4;
  MODEL:
  %OVERALL%
  %C#1%
  [drives, cognition, affect, analytic, clout, authentic, wc, big_words];
  drives, cognition, affect, analytic, clout, authentic, wc, big_words;
  %C#2%
  [drives, cognition, affect, analytic, clout, authentic, wc, big_words];
  drives, cognition, affect, analytic, clout, authentic, wc, big_words;
  %C#3%
  [drives, cognition, affect, analytic, clout, authentic, wc, big_words];
  drives, cognition, affect, analytic, clout, authentic, wc, big_words;
  %C#4%
  [drives, cognition, affect, analytic, clout, authentic, wc, big_words];
  drives, cognition, affect, analytic, clout, authentic, wc, big_words;
  %C#5%
  [drives, cognition, affect, analytic, clout, authentic, wc, big_words];
  drives, cognition, affect, analytic, clout, authentic, wc, big_words;
  %C#6%
  [drives, cognition, affect, analytic, clout, authentic, wc, big_words];
  drives, cognition, affect, analytic, clout, authentic, wc, big_words;
  PLOT:
  type = plot3;



*** WARNING in VARIABLE command
  Note that only the first 8 characters of variable names are used in the output.
  Shorten variable names to avoid any confusion.
*** WARNING in MODEL command
  All variables are uncorrelated with all other variables within class.
  Check that this is what is intended.
*** WARNING in PLOT command
  Note that only the first 8 characters of variable names are used in plots.
  If variable names are not unique within the first 8 characters, problems
  may occur.
   3 WARNING(S) FOUND IN THE INPUT INSTRUCTIONS




P6_lpa__freeVarenum;

SUMMARY OF ANALYSIS

Number of groups                                                 1
Number of observations                                        1672

Number of dependent variables                                    9
Number of independent variables                                  0
Number of continuous latent variables                            0
Number of categorical latent variables                           1

Observed dependent variables

  Continuous
   DRIVES      COGNITION   AFFECT      ANALYTIC    CLOUT       AUTHENTIC
   WC          BIG_WORDS   PCP_ID

Categorical latent variables
   C


Estimator                                                      MLR
Information matrix                                        OBSERVED
Optimization Specifications for the Quasi-Newton Algorithm for
Continuous Outcomes
  Maximum number of iterations                                 100
  Convergence criterion                                  0.100D-05
Optimization Specifications for the EM Algorithm
  Maximum number of iterations                                 500
  Convergence criteria
    Loglikelihood change                                 0.100D-06
    Relative loglikelihood change                        0.100D-06
    Derivative                                           0.100D-05
Optimization Specifications for the M step of the EM Algorithm for
Categorical Latent variables
  Number of M step iterations                                    1
  M step convergence criterion                           0.100D-05
  Basis for M step termination                           ITERATION
Optimization Specifications for the M step of the EM Algorithm for
Censored, Binary or Ordered Categorical (Ordinal), Unordered
Categorical (Nominal) and Count Outcomes
  Number of M step iterations                                    1
  M step convergence criterion                           0.100D-05
  Basis for M step termination                           ITERATION
  Maximum value for logit thresholds                            15
  Minimum value for logit thresholds                           -15
  Minimum expected cell size for chi-square              0.100D-01
Maximum number of iterations for H1                           2000
Convergence criterion for H1                             0.100D-03
Optimization algorithm                                         EMA
Random Starts Specifications
  Number of initial stage random starts                       1000
  Number of final stage optimizations                           50
  Number of initial stage iterations                            50
  Initial stage convergence criterion                    0.100D+01
  Random starts scale                                    0.500D+01
  Random seed for generating random starts                       0

Input data file(s)
  mplus_analyses/cmbd_vars/prof_6_ml_lpa_freeVar_enum.dat
Input data format  FREE


SUMMARY OF DATA

     Number of missing data patterns             1
     Number of y missing data patterns           1
     Number of u missing data patterns           0


COVARIANCE COVERAGE OF DATA

Minimum covariance coverage value   0.100


     PROPORTION OF DATA PRESENT FOR Y


           Covariance Coverage
              DRIVES        COGNITIO      AFFECT        ANALYTIC      CLOUT
              ________      ________      ________      ________      ________
 DRIVES         1.000
 COGNITIO       1.000         1.000
 AFFECT         1.000         1.000         1.000
 ANALYTIC       1.000         1.000         1.000         1.000
 CLOUT          1.000         1.000         1.000         1.000         1.000
 AUTHENTI       1.000         1.000         1.000         1.000         1.000
 WC             1.000         1.000         1.000         1.000         1.000
 BIG_WORD       1.000         1.000         1.000         1.000         1.000
 PCP_ID         1.000         1.000         1.000         1.000         1.000


           Covariance Coverage
              AUTHENTI      WC            BIG_WORD      PCP_ID
              ________      ________      ________      ________
 AUTHENTI       1.000
 WC             1.000         1.000
 BIG_WORD       1.000         1.000         1.000
 PCP_ID         1.000         1.000         1.000         1.000



UNIVARIATE SAMPLE STATISTICS


     UNIVARIATE HIGHER-ORDER MOMENT DESCRIPTIVE STATISTICS

         Variable/         Mean/     Skewness/   Minimum/ % with                Percentiles
        Sample Size      Variance    Kurtosis    Maximum  Min/Max      20%/60%    40%/80%    Median

     DRIVES                0.000       0.596      -2.614    0.06%      -0.834     -0.276     -0.050
            1672.000       1.000       1.535       6.182    0.06%       0.163      0.774
     COGNITION             0.000       0.216      -3.222    0.06%      -0.836     -0.300     -0.046
            1672.000       1.000       0.286       4.465    0.06%       0.225      0.814
     AFFECT                0.000       0.639      -3.231    0.06%      -0.823     -0.317     -0.083
            1672.000       1.000       0.992       4.381    0.06%       0.161      0.746
     ANALYTIC              0.000       1.350      -1.279    1.67%      -0.818     -0.476     -0.258
            1672.000       1.000       2.045       5.202    0.06%      -0.029      0.703
     CLOUT                 0.000      -1.716      -5.773    0.06%      -0.610      0.087      0.305
            1672.000       1.000       3.556       0.973    6.88%       0.502      0.791
     AUTHENTIC             0.000       0.159      -2.584    0.06%      -0.867     -0.326     -0.042
            1672.000       1.000      -0.318       3.354    0.06%       0.245      0.889
     WC                    0.000       1.215      -2.015    0.06%      -0.800     -0.370     -0.169
            1672.000       1.000       2.403       4.875    0.06%       0.057      0.716
     BIG_WORDS             0.000       0.356      -3.516    0.06%      -0.841     -0.290     -0.060
            1672.000       1.000       0.509       4.567    0.06%       0.183      0.842
     PCP_ID               88.139      -0.796       2.000    0.36%      58.000     90.000     96.000
            1672.000    1098.246      -0.058     142.000    0.42%     105.000    115.000

RANDOM STARTS RESULTS RANKED FROM THE BEST TO THE WORST LOGLIKELIHOOD VALUES


464 perturbed starting value run(s) did not converge or were rejected in the third stage.
Final stage loglikelihood values at local maxima, seeds, and initial stage start numbers:

          -25480.925  761302           744
          -25480.925  415931           10
          -25480.925  792389           746
          -25480.925  414828           322
          -25480.925  40327            971
          -25480.925  608460           244
          -25480.925  264901           634
          -25480.925  964570           701
          -25480.925  992389           77
          -25480.925  691234           250
          -25480.925  50983            834
          -25480.925  521575           313
          -25480.925  580405           286
          -25503.834  626087           314
          -25503.995  939021           8
          -25505.042  499150           216
          -25505.042  614535           449
          -25505.042  117587           572
          -25509.803  46437            153

31 perturbed starting value run(s) did not converge or were rejected in the third stage.



THE BEST LOGLIKELIHOOD VALUE HAS BEEN REPLICATED.  RERUN WITH AT LEAST TWICE THE
RANDOM STARTS TO CHECK THAT THE BEST LOGLIKELIHOOD IS STILL OBTAINED AND REPLICATED.


THE MODEL ESTIMATION TERMINATED NORMALLY



MODEL FIT INFORMATION

Number of Free Parameters                      108

Loglikelihood

          H0 Value                      -25480.925
          H0 Scaling Correction Factor      1.5198
            for MLR

Information Criteria

          Akaike (AIC)                   51177.850
          Bayesian (BIC)                 51763.402
          Sample-Size Adjusted BIC       51420.301
            (n* = (n + 2) / 24)



FINAL CLASS COUNTS AND PROPORTIONS FOR THE LATENT CLASSES
BASED ON THE ESTIMATED MODEL

    Latent
   Classes

       1        269.98880          0.16148
       2        395.06002          0.23628
       3        264.41504          0.15814
       4        250.18841          0.14963
       5        289.73449          0.17329
       6        202.61325          0.12118


FINAL CLASS COUNTS AND PROPORTIONS FOR THE LATENT CLASSES
BASED ON ESTIMATED POSTERIOR PROBABILITIES

    Latent
   Classes

       1        269.98880          0.16148
       2        395.06002          0.23628
       3        264.41504          0.15814
       4        250.18841          0.14963
       5        289.73449          0.17329
       6        202.61325          0.12118


FINAL CLASS COUNTS AND PROPORTIONS FOR THE LATENT CLASSES
BASED ON THEIR MOST LIKELY LATENT CLASS MEMBERSHIP

Class Counts and Proportions

    Latent
   Classes

       1              241          0.14414
       2              425          0.25419
       3              286          0.17105
       4              246          0.14713
       5              298          0.17823
       6              176          0.10526


CLASSIFICATION QUALITY

     Entropy                         0.725


Average Latent Class Probabilities for Most Likely Latent Class Membership (Row)
by Latent Class (Column)

           1        2        3        4        5        6

    1   0.774    0.071    0.042    0.030    0.037    0.046
    2   0.079    0.774    0.041    0.055    0.008    0.044
    3   0.075    0.089    0.797    0.013    0.025    0.002
    4   0.039    0.051    0.004    0.809    0.017    0.080
    5   0.044    0.014    0.027    0.020    0.884    0.012
    6   0.033    0.039    0.000    0.063    0.016    0.849


Classification Probabilities for the Most Likely Latent Class Membership (Column)
by Latent Class (Row)

           1        2        3        4        5        6

    1   0.691    0.124    0.080    0.035    0.048    0.022
    2   0.043    0.833    0.064    0.032    0.011    0.017
    3   0.039    0.065    0.862    0.004    0.030    0.000
    4   0.029    0.093    0.015    0.796    0.024    0.044
    5   0.031    0.012    0.024    0.014    0.909    0.010
    6   0.055    0.092    0.002    0.097    0.017    0.737


Logits for the Classification Probabilities for the Most Likely Latent Class Membership (Column)
by Latent Class (Row)

              1        2        3        4        5        6

    1      3.456    1.738    1.297    0.476    0.795    0.000
    2      0.917    3.876    1.312    0.619   -0.464    0.000
    3      8.278    8.809   11.386    5.972    8.032    0.000
    4     -0.443    0.739   -1.116    2.885   -0.624    0.000
    5      1.151    0.201    0.915    0.396    4.536    0.000
    6     -2.593   -2.085   -5.698   -2.032   -3.772    0.000


MODEL RESULTS

                                                    Two-Tailed
                    Estimate       S.E.  Est./S.E.    P-Value

Latent Class 1

 Means
    DRIVES            -0.228      0.256     -0.890      0.374
    COGNITION         -0.488      0.122     -4.018      0.000
    AFFECT             0.408      0.155      2.631      0.009
    ANALYTIC           0.568      0.233      2.436      0.015
    CLOUT              0.239      0.419      0.570      0.569
    AUTHENTIC         -0.091      0.254     -0.357      0.721
    WC                -0.309      0.122     -2.532      0.011
    BIG_WORDS         -0.267      0.154     -1.736      0.083
    PCP_ID            99.139      2.734     36.260      0.000

 Variances
    DRIVES             0.597      0.143      4.188      0.000
    COGNITION          0.483      0.130      3.702      0.000
    AFFECT             1.305      0.239      5.466      0.000
    ANALYTIC           1.036      0.358      2.891      0.004
    CLOUT              0.212      0.249      0.855      0.393
    AUTHENTIC          0.874      0.102      8.582      0.000
    WC                 0.357      0.088      4.032      0.000
    BIG_WORDS          0.955      0.118      8.096      0.000
    PCP_ID           493.676     54.139      9.119      0.000

Latent Class 2

 Means
    DRIVES             0.276      0.115      2.403      0.016
    COGNITION          0.272      0.100      2.731      0.006
    AFFECT            -0.103      0.076     -1.361      0.174
    ANALYTIC          -0.575      0.123     -4.678      0.000
    CLOUT              0.372      0.090      4.148      0.000
    AUTHENTIC         -0.222      0.104     -2.129      0.033
    WC                 0.327      0.148      2.207      0.027
    BIG_WORDS         -0.326      0.074     -4.409      0.000
    PCP_ID           102.903      2.136     48.173      0.000

 Variances
    DRIVES             0.885      0.112      7.887      0.000
    COGNITION          0.642      0.085      7.585      0.000
    AFFECT             0.622      0.084      7.375      0.000
    ANALYTIC           0.160      0.071      2.256      0.024
    CLOUT              0.146      0.049      2.965      0.003
    AUTHENTIC          0.706      0.108      6.537      0.000
    WC                 0.663      0.101      6.554      0.000
    BIG_WORDS          0.551      0.062      8.909      0.000
    PCP_ID           493.676     54.139      9.119      0.000

Latent Class 3

 Means
    DRIVES             0.384      0.155      2.477      0.013
    COGNITION         -0.533      0.113     -4.735      0.000
    AFFECT             0.273      0.098      2.776      0.005
    ANALYTIC          -0.230      0.135     -1.709      0.087
    CLOUT              0.853      0.053     15.997      0.000
    AUTHENTIC         -0.615      0.113     -5.462      0.000
    WC                -0.664      0.079     -8.364      0.000
    BIG_WORDS         -0.307      0.095     -3.220      0.001
    PCP_ID            94.073      3.808     24.706      0.000

 Variances
    DRIVES             1.523      0.260      5.848      0.000
    COGNITION          0.768      0.208      3.699      0.000
    AFFECT             1.250      0.140      8.960      0.000
    ANALYTIC           0.439      0.116      3.773      0.000
    CLOUT              0.013      0.009      1.470      0.142
    AUTHENTIC          0.891      0.117      7.631      0.000
    WC                 0.235      0.034      6.990      0.000
    BIG_WORDS          0.796      0.091      8.717      0.000
    PCP_ID           493.676     54.139      9.119      0.000

Latent Class 4

 Means
    DRIVES            -0.507      0.118     -4.313      0.000
    COGNITION          0.747      0.153      4.868      0.000
    AFFECT            -0.045      0.153     -0.295      0.768
    ANALYTIC          -0.640      0.096     -6.641      0.000
    CLOUT             -1.187      0.184     -6.470      0.000
    AUTHENTIC          0.890      0.179      4.976      0.000
    WC                -0.270      0.134     -2.020      0.043
    BIG_WORDS          0.081      0.129      0.628      0.530
    PCP_ID            90.495      3.693     24.508      0.000

 Variances
    DRIVES             0.862      0.178      4.846      0.000
    COGNITION          1.023      0.133      7.709      0.000
    AFFECT             1.439      0.334      4.305      0.000
    ANALYTIC           0.172      0.057      3.028      0.002
    CLOUT              1.627      0.243      6.687      0.000
    AUTHENTIC          0.818      0.142      5.754      0.000
    WC                 0.475      0.083      5.751      0.000
    BIG_WORDS          1.148      0.204      5.623      0.000
    PCP_ID           493.676     54.139      9.119      0.000

Latent Class 5

 Means
    DRIVES            -0.019      0.079     -0.243      0.808
    COGNITION         -0.461      0.079     -5.854      0.000
    AFFECT            -0.199      0.064     -3.118      0.002
    ANALYTIC           0.882      0.126      6.982      0.000
    CLOUT              0.172      0.106      1.631      0.103
    AUTHENTIC          0.028      0.074      0.375      0.708
    WC                -0.185      0.074     -2.510      0.012
    BIG_WORDS          0.728      0.093      7.873      0.000
    PCP_ID            35.790      2.487     14.389      0.000

 Variances
    DRIVES             0.899      0.096      9.324      0.000
    COGNITION          0.858      0.081     10.639      0.000
    AFFECT             0.703      0.091      7.757      0.000
    ANALYTIC           1.481      0.171      8.662      0.000
    CLOUT              0.552      0.156      3.540      0.000
    AUTHENTIC          0.850      0.085      9.955      0.000
    WC                 0.835      0.103      8.071      0.000
    BIG_WORDS          1.071      0.142      7.519      0.000
    PCP_ID           493.676     54.139      9.119      0.000

Latent Class 6

 Means
    DRIVES            -0.082      0.133     -0.618      0.537
    COGNITION          0.552      0.231      2.394      0.017
    AFFECT            -0.359      0.059     -6.082      0.000
    ANALYTIC           0.195      0.312      0.624      0.532
    CLOUT             -0.937      0.222     -4.225      0.000
    AUTHENTIC          0.218      0.134      1.635      0.102
    WC                 1.238      0.192      6.442      0.000
    BIG_WORDS          0.251      0.133      1.883      0.060
    PCP_ID           108.903      3.245     33.562      0.000

 Variances
    DRIVES             0.657      0.110      5.997      0.000
    COGNITION          0.735      0.278      2.640      0.008
    AFFECT             0.359      0.043      8.339      0.000
    ANALYTIC           0.857      0.401      2.137      0.033
    CLOUT              0.911      0.128      7.104      0.000
    AUTHENTIC          0.694      0.066     10.582      0.000
    WC                 1.816      0.229      7.946      0.000
    BIG_WORDS          0.663      0.108      6.147      0.000
    PCP_ID           493.676     54.139      9.119      0.000

Categorical Latent Variables

 Means
    C#1                0.287      0.285      1.007      0.314
    C#2                0.668      0.260      2.571      0.010
    C#3                0.266      0.473      0.563      0.573
    C#4                0.211      0.336      0.628      0.530
    C#5                0.358      0.251      1.425      0.154


QUALITY OF NUMERICAL RESULTS

     Condition Number for the Information Matrix              0.220E-04
       (ratio of smallest to largest eigenvalue)


PLOT INFORMATION

The following plots are available:

  Histograms (sample values)
  Scatterplots (sample values)
  Estimated overall and class-specific distributions

     Beginning Time:  21:32:13
        Ending Time:  21:33:05
       Elapsed Time:  00:00:52



MUTHEN & MUTHEN
3463 Stoner Ave.
Los Angeles, CA  90066

Tel: (310) 391-9971
Fax: (310) 391-8971
Web: www.StatModel.com
Support: Support@StatModel.com

Copyright (c) 1998-2021 Muthen & Muthen
