Mplus VERSION 8.7 (Mac)
MUTHEN & MUTHEN
05/19/2023   9:44 PM

INPUT INSTRUCTIONS

  TITLE:
  L24_P4_lpa__freeVarenum_L2;
  DATA:
  FILE = "mplus_analyses/cmbd_vars/prof_4_ml_lpa_freeVar_enumL2_4.dat";

  VARIABLE:
  NAMES = drives cognition affect analytic clout authentic wc big_words PCP_ID;
   MISSING=.;
   CLASSES = BC(4) c(4);
  CLUSTER IS PCP_ID;
  WITHIN ARE drives, cognition, affect, analytic, clout, authentic, wc, big_words;
  BETWEEN ARE BC;
  DEFINE:
  STANDARDIZE drives, cognition, affect, analytic, clout, authentic, wc, big_words;
  ANALYSIS:
  TYPE = MIXTURE TWOLEVEL;
      ESTIMATOR=MLR;
      STARTS=1000 200;
      STITERATIONS=50;
      LRTSTARTS=1000 50 1000 50;
      PROCESSORS=4;
  MODEL:
  %WITHIN%
  %OVERALL%
  %BETWEEN%
  %OVERALL%
  c ON BC;
  MODEL c:
  %WITHIN%
  %C#1%
  [drives, cognition, affect, analytic, clout, authentic, wc, big_words];
  drives, cognition, affect, analytic, clout, authentic, wc, big_words;
  %C#2%
  [drives, cognition, affect, analytic, clout, authentic, wc, big_words];
  drives, cognition, affect, analytic, clout, authentic, wc, big_words;
  %C#3%
  [drives, cognition, affect, analytic, clout, authentic, wc, big_words];
  drives, cognition, affect, analytic, clout, authentic, wc, big_words;
  %C#4%
  [drives, cognition, affect, analytic, clout, authentic, wc, big_words];
  drives, cognition, affect, analytic, clout, authentic, wc, big_words;
  SAVEDATA:
  file=mlLpa_4L1_4L2.dat; save=cprob; TECH4 IS tech4.dat;
  PLOT:
  type = plot3;



*** WARNING in VARIABLE command
  Note that only the first 8 characters of variable names are used in the output.
  Shorten variable names to avoid any confusion.
*** WARNING in MODEL command
  Variable is uncorrelated with all other variables within class: DRIVES
*** WARNING in MODEL command
  Variable is uncorrelated with all other variables within class: COGNITION
*** WARNING in MODEL command
  Variable is uncorrelated with all other variables within class: AFFECT
*** WARNING in MODEL command
  Variable is uncorrelated with all other variables within class: ANALYTIC
*** WARNING in MODEL command
  Variable is uncorrelated with all other variables within class: CLOUT
*** WARNING in MODEL command
  Variable is uncorrelated with all other variables within class: AUTHENTIC
*** WARNING in MODEL command
  Variable is uncorrelated with all other variables within class: WC
*** WARNING in MODEL command
  Variable is uncorrelated with all other variables within class: BIG_WORDS
*** WARNING in MODEL command
  At least one variable is uncorrelated with all other variables within class.
  Check that this is what is intended.
*** WARNING in PLOT command
  Note that only the first 8 characters of variable names are used in plots.
  If variable names are not unique within the first 8 characters, problems
  may occur.
  11 WARNING(S) FOUND IN THE INPUT INSTRUCTIONS




L24_P4_lpa__freeVarenum_L2;

SUMMARY OF ANALYSIS

Number of groups                                                 1
Number of observations                                        1672

Number of dependent variables                                    8
Number of independent variables                                  0
Number of continuous latent variables                            0
Number of categorical latent variables                           2

Observed dependent variables

  Continuous
   DRIVES      COGNITION   AFFECT      ANALYTIC    CLOUT       AUTHENTIC
   WC          BIG_WORDS

Categorical latent variables
   BC          C

Variables with special functions

  Cluster variable      PCP_ID

  Within variables
   DRIVES      COGNITIO    AFFECT      ANALYTIC    CLOUT       AUTHENTI
   WC          BIG_WORD


Estimator                                                      MLR
Information matrix                                        OBSERVED
Optimization Specifications for the Quasi-Newton Algorithm for
Continuous Outcomes
  Maximum number of iterations                                 100
  Convergence criterion                                  0.100D-05
Optimization Specifications for the EM Algorithm
  Maximum number of iterations                                 500
  Convergence criteria
    Loglikelihood change                                 0.100D-02
    Relative loglikelihood change                        0.100D-05
    Derivative                                           0.100D-02
Optimization Specifications for the M step of the EM Algorithm for
Categorical Latent variables
  Number of M step iterations                                    1
  M step convergence criterion                           0.100D-02
  Basis for M step termination                           ITERATION
Optimization Specifications for the M step of the EM Algorithm for
Censored, Binary or Ordered Categorical (Ordinal), Unordered
Categorical (Nominal) and Count Outcomes
  Number of M step iterations                                    1
  M step convergence criterion                           0.100D-02
  Basis for M step termination                           ITERATION
  Maximum value for logit thresholds                            15
  Minimum value for logit thresholds                           -15
  Minimum expected cell size for chi-square              0.100D-01
Maximum number of iterations for H1                           2000
Convergence criterion for H1                             0.100D-03
Optimization algorithm                                         EMA
Integration Specifications
  Type                                                    STANDARD
  Number of integration points                                  15
  Dimensions of numerical integration                            0
  Adaptive quadrature                                           ON
Random Starts Specifications
  Number of initial stage random starts                       1000
  Number of final stage optimizations                          200
  Number of initial stage iterations                            50
  Initial stage convergence criterion                    0.100D+01
  Random starts scale                                    0.500D+01
  Random seed for generating random starts                       0
Parameterization                                             LOGIT
Cholesky                                                       OFF

Input data file(s)
  mplus_analyses/cmbd_vars/prof_4_ml_lpa_freeVar_enumL2_4.dat
Input data format  FREE


SUMMARY OF DATA

     Number of missing data patterns             1
     Number of y missing data patterns           1
     Number of u missing data patterns           0
     Number of clusters                        116



COVARIANCE COVERAGE OF DATA

Minimum covariance coverage value   0.100


     PROPORTION OF DATA PRESENT FOR Y


           Covariance Coverage
              DRIVES        COGNITIO      AFFECT        ANALYTIC      CLOUT
              ________      ________      ________      ________      ________
 DRIVES         1.000
 COGNITIO       1.000         1.000
 AFFECT         1.000         1.000         1.000
 ANALYTIC       1.000         1.000         1.000         1.000
 CLOUT          1.000         1.000         1.000         1.000         1.000
 AUTHENTI       1.000         1.000         1.000         1.000         1.000
 WC             1.000         1.000         1.000         1.000         1.000
 BIG_WORD       1.000         1.000         1.000         1.000         1.000


           Covariance Coverage
              AUTHENTI      WC            BIG_WORD
              ________      ________      ________
 AUTHENTI       1.000
 WC             1.000         1.000
 BIG_WORD       1.000         1.000         1.000



UNIVARIATE SAMPLE STATISTICS


     UNIVARIATE HIGHER-ORDER MOMENT DESCRIPTIVE STATISTICS

         Variable/         Mean/     Skewness/   Minimum/ % with                Percentiles
        Sample Size      Variance    Kurtosis    Maximum  Min/Max      20%/60%    40%/80%    Median

     DRIVES                0.000       0.596      -2.614    0.06%      -0.834     -0.276     -0.050
            1672.000       1.000       1.535       6.182    0.06%       0.163      0.774
     COGNITION             0.000       0.216      -3.222    0.06%      -0.836     -0.300     -0.046
            1672.000       1.000       0.286       4.465    0.06%       0.225      0.814
     AFFECT                0.000       0.639      -3.231    0.06%      -0.823     -0.317     -0.083
            1672.000       1.000       0.992       4.381    0.06%       0.161      0.746
     ANALYTIC              0.000       1.350      -1.279    1.67%      -0.818     -0.476     -0.258
            1672.000       1.000       2.045       5.202    0.06%      -0.029      0.703
     CLOUT                 0.000      -1.716      -5.773    0.06%      -0.610      0.087      0.305
            1672.000       1.000       3.556       0.973    6.88%       0.502      0.791
     AUTHENTIC             0.000       0.159      -2.584    0.06%      -0.867     -0.326     -0.042
            1672.000       1.000      -0.318       3.354    0.06%       0.245      0.889
     WC                    0.000       1.215      -2.015    0.06%      -0.800     -0.370     -0.169
            1672.000       1.000       2.403       4.875    0.06%       0.057      0.716
     BIG_WORDS             0.000       0.356      -3.516    0.06%      -0.841     -0.290     -0.060
            1672.000       1.000       0.509       4.567    0.06%       0.183      0.842

RANDOM STARTS RESULTS RANKED FROM THE BEST TO THE WORST LOGLIKELIHOOD VALUES


7 perturbed starting value run(s) did not converge or were rejected in the third stage.
Final stage loglikelihood values at local maxima, seeds, and initial stage start numbers:

          -17201.396  921023           782
          -17201.396  211281           292
          -17201.396  637095           207
          -17201.397  702492           718
          -17201.397  298275           418
          -17201.397  977800           853
          -17201.397  350608           334
          -17201.397  373702           669
          -17201.397  794236           127
          -17201.397  107446           12
          -17201.397  973369           202
          -17201.397  140849           515
          -17201.397  14262            781
          -17201.397  920593           611
          -17201.397  303834           798
          -17201.397  995648           936
          -17201.397  432513           803
          -17201.397  490123           995
          -17201.397  415931           10
          -17201.397  303634           169
          -17201.397  843555           952
          -17201.397  379729           512
          -17201.397  252949           487
          -17201.397  411615           171
          -17201.397  193042           316
          -17201.397  840031           276
          -17201.397  865906           641
          -17201.397  536551           696
          -17201.397  701525           239
          -17201.397  696830           668
          -17201.397  339073           841
          -17201.397  153942           31
          -17201.397  584397           428
          -17201.397  742688           594
          -17201.397  61587            400
          -17201.398  105656           909
          -17201.398  749635           420
          -17201.398  283492           435
          -17201.398  81233            825
          -17201.398  168762           200
          -17201.398  694303           282
          -17201.398  40340            188
          -17201.398  489927           520
          -17201.398  164305           128
          -17201.398  563002           360
          -17201.398  991329           182
          -17201.398  791396           243
          -17201.398  329127           185
          -17201.398  192071           142
          -17201.398  146900           391
          -17201.398  475420           71
          -17201.398  876056           1000
          -17201.398  972873           157
          -17201.398  134830           780
          -17201.398  988761           475
          -17201.398  534483           290
          -17201.399  471438           252
          -17201.399  85734            411
          -17201.399  539751           459
          -17203.244  519357           559
          -17203.244  455617           242
          -17203.244  121425           511
          -17203.245  848163           47
          -17203.245  148918           682
          -17203.245  848590           694
          -17203.245  425982           485
          -17203.245  72866            692
          -17203.245  576596           99
          -17203.245  679448           937
          -17203.245  792389           746
          -17203.245  231400           738
          -17203.245  765586           709
          -17203.245  96617            955
          -17203.245  402224           91
          -17203.246  760599           832
          -17203.246  539389           544
          -17203.246  68985            17
          -17203.246  592219           119
          -17203.246  855760           593
          -17203.246  728038           177
          -17203.246  467561           819
          -17203.246  301180           236
          -17203.246  399848           220
          -17203.246  791285           416
          -17203.246  782200           84
          -17203.246  640833           434
          -17203.246  804104           566
          -17203.247  471040           403
          -17203.855  533738           11
          -17203.856  7195             697
          -17203.856  479273           156
          -17203.856  654136           167
          -17203.856  3307             735
          -17203.856  582296           452
          -17203.856  448829           938
          -17203.857  318177           748
          -17205.963  526324           178
          -17205.967  887676           22
          -17206.050  195763           358
          -17206.052  915642           40
          -17206.053  320494           465
          -17206.053  392418           28
          -17206.053  982520           737
          -17206.054  588699           828
          -17206.054  937068           982
          -17206.055  714455           476
          -17206.055  548245           818
          -17206.055  220454           288
          -17206.055  926283           269
          -17206.055  650354           577
          -17206.056  966499           963
          -17206.056  900268           327
          -17206.056  284716           713
          -17206.437  900631           774
          -17206.438  180889           920
          -17206.438  891347           504
          -17206.438  391368           802
          -17206.438  476393           705
          -17206.438  474357           789
          -17207.089  208620           965
          -17207.092  576726           280
          -17207.093  373815           618
          -17207.095  809240           543
          -17207.097  816765           959

76 perturbed starting value run(s) did not converge or were rejected in the third stage.



THE BEST LOGLIKELIHOOD VALUE HAS BEEN REPLICATED.  RERUN WITH AT LEAST TWICE THE
RANDOM STARTS TO CHECK THAT THE BEST LOGLIKELIHOOD IS STILL OBTAINED AND REPLICATED.

     THE STANDARD ERRORS OF THE MODEL PARAMETER ESTIMATES MAY NOT BE
     TRUSTWORTHY FOR SOME PARAMETERS DUE TO A NON-POSITIVE DEFINITE
     FIRST-ORDER DERIVATIVE PRODUCT MATRIX.  THIS MAY BE DUE TO THE STARTING
     VALUES BUT MAY ALSO BE AN INDICATION OF MODEL NONIDENTIFICATION.  THE
     CONDITION NUMBER IS       0.204D-10.  PROBLEM INVOLVING THE FOLLOWING PARAMETER:
     Parameter 77, %BETWEEN%: C#1 ON BC#3


THE MODEL ESTIMATION TERMINATED NORMALLY



MODEL FIT INFORMATION

Number of Free Parameters                       79

Loglikelihood

          H0 Value                      -17201.396
          H0 Scaling Correction Factor      3.3038
            for MLR

Information Criteria

          Akaike (AIC)                   34560.791
          Bayesian (BIC)                 34989.111
          Sample-Size Adjusted BIC       34738.140
            (n* = (n + 2) / 24)



MODEL RESULTS USE THE LATENT CLASS VARIABLE ORDER

   BC  C


FINAL CLASS COUNTS AND PROPORTIONS FOR THE LATENT CLASS PATTERNS
BASED ON ESTIMATED POSTERIOR PROBABILITIES

  Latent Class
    Pattern

    1  1         33.37225          0.01996
    1  2         15.29689          0.00915
    1  3        219.13387          0.13106
    1  4         28.17991          0.01685
    2  1         13.39903          0.00801
    2  2        197.28899          0.11800
    2  3         13.53965          0.00810
    2  4         49.81642          0.02979
    3  1        426.07889          0.25483
    3  2        122.84333          0.07347
    3  3        106.61316          0.06376
    3  4          7.70932          0.00461
    4  1          0.00899          0.00001
    4  2         53.04659          0.03173
    4  3         37.19590          0.02225
    4  4        348.47681          0.20842


FINAL CLASS COUNTS AND PROPORTIONS FOR EACH LATENT CLASS VARIABLE
BASED ON ESTIMATED POSTERIOR PROBABILITIES

  Latent Class
    Variable    Class

    BC             1       295.98291          0.17702
                   2       274.04410          0.16390
                   3       663.24469          0.39668
                   4       438.72827          0.26240
    C              1       472.85916          0.28281
                   2       388.47583          0.23234
                   3       376.48257          0.22517
                   4       434.18246          0.25968


FINAL CLASS COUNTS AND PROPORTIONS FOR THE LATENT CLASS PATTERNS
BASED ON THEIR MOST LIKELY LATENT CLASS PATTERN

Class Counts and Proportions

  Latent Class
    Pattern

    1  1               32          0.01914
    1  2               19          0.01136
    1  3              222          0.13278
    1  4               25          0.01495
    2  1               11          0.00658
    2  2              204          0.12201
    2  3               13          0.00778
    2  4               41          0.02452
    3  1              435          0.26017
    3  2              127          0.07596
    3  3               99          0.05921
    3  4                5          0.00299
    4  1                0          0.00000
    4  2               58          0.03469
    4  3               26          0.01555
    4  4              355          0.21232


FINAL CLASS COUNTS AND PROPORTIONS FOR EACH LATENT CLASS VARIABLE
BASED ON THEIR MOST LIKELY LATENT CLASS PATTERN

  Latent Class
    Variable    Class

    BC             1             298          0.17823
                   2             269          0.16089
                   3             666          0.39833
                   4             439          0.26256
    C              1             478          0.28589
                   2             408          0.24402
                   3             360          0.21531
                   4             426          0.25478


CLASSIFICATION QUALITY

     Entropy                         0.860


MODEL RESULTS

                                                    Two-Tailed
                    Estimate       S.E.  Est./S.E.    P-Value

Within Level

Latent Class Pattern 1 1

 Means
    DRIVES             0.053      0.142      0.374      0.709
    COGNITION          0.327      0.090      3.615      0.000
    AFFECT            -0.104      0.149     -0.694      0.488
    ANALYTIC          -0.696      0.063    -11.041      0.000
    CLOUT              0.275      0.126      2.181      0.029
    AUTHENTIC         -0.083      0.161     -0.513      0.608
    WC                 0.162      0.121      1.341      0.180
    BIG_WORDS         -0.341      0.108     -3.162      0.002

 Variances
    DRIVES             0.837      0.109      7.710      0.000
    COGNITION          0.740      0.089      8.295      0.000
    AFFECT             0.756      0.100      7.557      0.000
    ANALYTIC           0.116      0.032      3.602      0.000
    CLOUT              0.234      0.069      3.405      0.001
    AUTHENTIC          0.873      0.083     10.552      0.000
    WC                 0.730      0.174      4.195      0.000
    BIG_WORDS          0.639      0.114      5.620      0.000

Latent Class Pattern 1 2

 Means
    DRIVES             0.283      0.117      2.426      0.015
    COGNITION         -0.611      0.097     -6.294      0.000
    AFFECT             0.284      0.125      2.269      0.023
    ANALYTIC          -0.089      0.127     -0.701      0.483
    CLOUT              0.774      0.025     30.381      0.000
    AUTHENTIC         -0.514      0.101     -5.097      0.000
    WC                -0.604      0.072     -8.418      0.000
    BIG_WORDS         -0.237      0.112     -2.114      0.035

 Variances
    DRIVES             1.355      0.189      7.169      0.000
    COGNITION          0.603      0.070      8.567      0.000
    AFFECT             1.302      0.160      8.130      0.000
    ANALYTIC           0.442      0.108      4.095      0.000
    CLOUT              0.034      0.006      5.238      0.000
    AUTHENTIC          0.856      0.089      9.583      0.000
    WC                 0.269      0.036      7.477      0.000
    BIG_WORDS          0.886      0.110      8.088      0.000

Latent Class Pattern 1 3

 Means
    DRIVES            -0.338      0.106     -3.175      0.001
    COGNITION          0.690      0.116      5.926      0.000
    AFFECT            -0.186      0.141     -1.314      0.189
    ANALYTIC          -0.275      0.117     -2.342      0.019
    CLOUT             -1.291      0.207     -6.225      0.000
    AUTHENTIC          0.622      0.130      4.782      0.000
    WC                 0.341      0.184      1.853      0.064
    BIG_WORDS          0.189      0.149      1.265      0.206

 Variances
    DRIVES             0.873      0.090      9.661      0.000
    COGNITION          0.884      0.099      8.912      0.000
    AFFECT             1.010      0.206      4.892      0.000
    ANALYTIC           0.471      0.091      5.172      0.000
    CLOUT              1.310      0.182      7.193      0.000
    AUTHENTIC          0.864      0.076     11.355      0.000
    WC                 1.725      0.309      5.582      0.000
    BIG_WORDS          1.086      0.174      6.231      0.000

Latent Class Pattern 1 4

 Means
    DRIVES            -0.018      0.100     -0.182      0.855
    COGNITION         -0.407      0.114     -3.585      0.000
    AFFECT             0.020      0.120      0.169      0.866
    ANALYTIC           1.077      0.122      8.848      0.000
    CLOUT              0.128      0.107      1.191      0.234
    AUTHENTIC          0.011      0.115      0.096      0.924
    WC                 0.069      0.145      0.472      0.637
    BIG_WORDS          0.420      0.130      3.228      0.001

 Variances
    DRIVES             0.796      0.088      9.050      0.000
    COGNITION          0.709      0.093      7.647      0.000
    AFFECT             0.873      0.121      7.208      0.000
    ANALYTIC           1.160      0.111     10.460      0.000
    CLOUT              0.350      0.074      4.721      0.000
    AUTHENTIC          0.806      0.072     11.141      0.000
    WC                 0.858      0.162      5.284      0.000
    BIG_WORDS          1.036      0.149      6.941      0.000

Latent Class Pattern 2 1

 Means
    DRIVES             0.053      0.142      0.374      0.709
    COGNITION          0.327      0.090      3.615      0.000
    AFFECT            -0.104      0.149     -0.694      0.488
    ANALYTIC          -0.696      0.063    -11.041      0.000
    CLOUT              0.275      0.126      2.181      0.029
    AUTHENTIC         -0.083      0.161     -0.513      0.608
    WC                 0.162      0.121      1.341      0.180
    BIG_WORDS         -0.341      0.108     -3.162      0.002

 Variances
    DRIVES             0.837      0.109      7.710      0.000
    COGNITION          0.740      0.089      8.295      0.000
    AFFECT             0.756      0.100      7.557      0.000
    ANALYTIC           0.116      0.032      3.602      0.000
    CLOUT              0.234      0.069      3.405      0.001
    AUTHENTIC          0.873      0.083     10.552      0.000
    WC                 0.730      0.174      4.195      0.000
    BIG_WORDS          0.639      0.114      5.620      0.000

Latent Class Pattern 2 2

 Means
    DRIVES             0.283      0.117      2.426      0.015
    COGNITION         -0.611      0.097     -6.294      0.000
    AFFECT             0.284      0.125      2.269      0.023
    ANALYTIC          -0.089      0.127     -0.701      0.483
    CLOUT              0.774      0.025     30.381      0.000
    AUTHENTIC         -0.514      0.101     -5.097      0.000
    WC                -0.604      0.072     -8.418      0.000
    BIG_WORDS         -0.237      0.112     -2.114      0.035

 Variances
    DRIVES             1.355      0.189      7.169      0.000
    COGNITION          0.603      0.070      8.567      0.000
    AFFECT             1.302      0.160      8.130      0.000
    ANALYTIC           0.442      0.108      4.095      0.000
    CLOUT              0.034      0.006      5.238      0.000
    AUTHENTIC          0.856      0.089      9.583      0.000
    WC                 0.269      0.036      7.477      0.000
    BIG_WORDS          0.886      0.110      8.088      0.000

Latent Class Pattern 2 3

 Means
    DRIVES            -0.338      0.106     -3.175      0.001
    COGNITION          0.690      0.116      5.926      0.000
    AFFECT            -0.186      0.141     -1.314      0.189
    ANALYTIC          -0.275      0.117     -2.342      0.019
    CLOUT             -1.291      0.207     -6.225      0.000
    AUTHENTIC          0.622      0.130      4.782      0.000
    WC                 0.341      0.184      1.853      0.064
    BIG_WORDS          0.189      0.149      1.265      0.206

 Variances
    DRIVES             0.873      0.090      9.661      0.000
    COGNITION          0.884      0.099      8.912      0.000
    AFFECT             1.010      0.206      4.892      0.000
    ANALYTIC           0.471      0.091      5.172      0.000
    CLOUT              1.310      0.182      7.193      0.000
    AUTHENTIC          0.864      0.076     11.355      0.000
    WC                 1.725      0.309      5.582      0.000
    BIG_WORDS          1.086      0.174      6.231      0.000

Latent Class Pattern 2 4

 Means
    DRIVES            -0.018      0.100     -0.182      0.855
    COGNITION         -0.407      0.114     -3.585      0.000
    AFFECT             0.020      0.120      0.169      0.866
    ANALYTIC           1.077      0.122      8.848      0.000
    CLOUT              0.128      0.107      1.191      0.234
    AUTHENTIC          0.011      0.115      0.096      0.924
    WC                 0.069      0.145      0.472      0.637
    BIG_WORDS          0.420      0.130      3.228      0.001

 Variances
    DRIVES             0.796      0.088      9.050      0.000
    COGNITION          0.709      0.093      7.647      0.000
    AFFECT             0.873      0.121      7.208      0.000
    ANALYTIC           1.160      0.111     10.460      0.000
    CLOUT              0.350      0.074      4.721      0.000
    AUTHENTIC          0.806      0.072     11.141      0.000
    WC                 0.858      0.162      5.284      0.000
    BIG_WORDS          1.036      0.149      6.941      0.000

Latent Class Pattern 3 1

 Means
    DRIVES             0.053      0.142      0.374      0.709
    COGNITION          0.327      0.090      3.615      0.000
    AFFECT            -0.104      0.149     -0.694      0.488
    ANALYTIC          -0.696      0.063    -11.041      0.000
    CLOUT              0.275      0.126      2.181      0.029
    AUTHENTIC         -0.083      0.161     -0.513      0.608
    WC                 0.162      0.121      1.341      0.180
    BIG_WORDS         -0.341      0.108     -3.162      0.002

 Variances
    DRIVES             0.837      0.109      7.710      0.000
    COGNITION          0.740      0.089      8.295      0.000
    AFFECT             0.756      0.100      7.557      0.000
    ANALYTIC           0.116      0.032      3.602      0.000
    CLOUT              0.234      0.069      3.405      0.001
    AUTHENTIC          0.873      0.083     10.552      0.000
    WC                 0.730      0.174      4.195      0.000
    BIG_WORDS          0.639      0.114      5.620      0.000

Latent Class Pattern 3 2

 Means
    DRIVES             0.283      0.117      2.426      0.015
    COGNITION         -0.611      0.097     -6.294      0.000
    AFFECT             0.284      0.125      2.269      0.023
    ANALYTIC          -0.089      0.127     -0.701      0.483
    CLOUT              0.774      0.025     30.381      0.000
    AUTHENTIC         -0.514      0.101     -5.097      0.000
    WC                -0.604      0.072     -8.418      0.000
    BIG_WORDS         -0.237      0.112     -2.114      0.035

 Variances
    DRIVES             1.355      0.189      7.169      0.000
    COGNITION          0.603      0.070      8.567      0.000
    AFFECT             1.302      0.160      8.130      0.000
    ANALYTIC           0.442      0.108      4.095      0.000
    CLOUT              0.034      0.006      5.238      0.000
    AUTHENTIC          0.856      0.089      9.583      0.000
    WC                 0.269      0.036      7.477      0.000
    BIG_WORDS          0.886      0.110      8.088      0.000

Latent Class Pattern 3 3

 Means
    DRIVES            -0.338      0.106     -3.175      0.001
    COGNITION          0.690      0.116      5.926      0.000
    AFFECT            -0.186      0.141     -1.314      0.189
    ANALYTIC          -0.275      0.117     -2.342      0.019
    CLOUT             -1.291      0.207     -6.225      0.000
    AUTHENTIC          0.622      0.130      4.782      0.000
    WC                 0.341      0.184      1.853      0.064
    BIG_WORDS          0.189      0.149      1.265      0.206

 Variances
    DRIVES             0.873      0.090      9.661      0.000
    COGNITION          0.884      0.099      8.912      0.000
    AFFECT             1.010      0.206      4.892      0.000
    ANALYTIC           0.471      0.091      5.172      0.000
    CLOUT              1.310      0.182      7.193      0.000
    AUTHENTIC          0.864      0.076     11.355      0.000
    WC                 1.725      0.309      5.582      0.000
    BIG_WORDS          1.086      0.174      6.231      0.000

Latent Class Pattern 3 4

 Means
    DRIVES            -0.018      0.100     -0.182      0.855
    COGNITION         -0.407      0.114     -3.585      0.000
    AFFECT             0.020      0.120      0.169      0.866
    ANALYTIC           1.077      0.122      8.848      0.000
    CLOUT              0.128      0.107      1.191      0.234
    AUTHENTIC          0.011      0.115      0.096      0.924
    WC                 0.069      0.145      0.472      0.637
    BIG_WORDS          0.420      0.130      3.228      0.001

 Variances
    DRIVES             0.796      0.088      9.050      0.000
    COGNITION          0.709      0.093      7.647      0.000
    AFFECT             0.873      0.121      7.208      0.000
    ANALYTIC           1.160      0.111     10.460      0.000
    CLOUT              0.350      0.074      4.721      0.000
    AUTHENTIC          0.806      0.072     11.141      0.000
    WC                 0.858      0.162      5.284      0.000
    BIG_WORDS          1.036      0.149      6.941      0.000

Latent Class Pattern 4 1

 Means
    DRIVES             0.053      0.142      0.374      0.709
    COGNITION          0.327      0.090      3.615      0.000
    AFFECT            -0.104      0.149     -0.694      0.488
    ANALYTIC          -0.696      0.063    -11.041      0.000
    CLOUT              0.275      0.126      2.181      0.029
    AUTHENTIC         -0.083      0.161     -0.513      0.608
    WC                 0.162      0.121      1.341      0.180
    BIG_WORDS         -0.341      0.108     -3.162      0.002

 Variances
    DRIVES             0.837      0.109      7.710      0.000
    COGNITION          0.740      0.089      8.295      0.000
    AFFECT             0.756      0.100      7.557      0.000
    ANALYTIC           0.116      0.032      3.602      0.000
    CLOUT              0.234      0.069      3.405      0.001
    AUTHENTIC          0.873      0.083     10.552      0.000
    WC                 0.730      0.174      4.195      0.000
    BIG_WORDS          0.639      0.114      5.620      0.000

Latent Class Pattern 4 2

 Means
    DRIVES             0.283      0.117      2.426      0.015
    COGNITION         -0.611      0.097     -6.294      0.000
    AFFECT             0.284      0.125      2.269      0.023
    ANALYTIC          -0.089      0.127     -0.701      0.483
    CLOUT              0.774      0.025     30.381      0.000
    AUTHENTIC         -0.514      0.101     -5.097      0.000
    WC                -0.604      0.072     -8.418      0.000
    BIG_WORDS         -0.237      0.112     -2.114      0.035

 Variances
    DRIVES             1.355      0.189      7.169      0.000
    COGNITION          0.603      0.070      8.567      0.000
    AFFECT             1.302      0.160      8.130      0.000
    ANALYTIC           0.442      0.108      4.095      0.000
    CLOUT              0.034      0.006      5.238      0.000
    AUTHENTIC          0.856      0.089      9.583      0.000
    WC                 0.269      0.036      7.477      0.000
    BIG_WORDS          0.886      0.110      8.088      0.000

Latent Class Pattern 4 3

 Means
    DRIVES            -0.338      0.106     -3.175      0.001
    COGNITION          0.690      0.116      5.926      0.000
    AFFECT            -0.186      0.141     -1.314      0.189
    ANALYTIC          -0.275      0.117     -2.342      0.019
    CLOUT             -1.291      0.207     -6.225      0.000
    AUTHENTIC          0.622      0.130      4.782      0.000
    WC                 0.341      0.184      1.853      0.064
    BIG_WORDS          0.189      0.149      1.265      0.206

 Variances
    DRIVES             0.873      0.090      9.661      0.000
    COGNITION          0.884      0.099      8.912      0.000
    AFFECT             1.010      0.206      4.892      0.000
    ANALYTIC           0.471      0.091      5.172      0.000
    CLOUT              1.310      0.182      7.193      0.000
    AUTHENTIC          0.864      0.076     11.355      0.000
    WC                 1.725      0.309      5.582      0.000
    BIG_WORDS          1.086      0.174      6.231      0.000

Latent Class Pattern 4 4

 Means
    DRIVES            -0.018      0.100     -0.182      0.855
    COGNITION         -0.407      0.114     -3.585      0.000
    AFFECT             0.020      0.120      0.169      0.866
    ANALYTIC           1.077      0.122      8.848      0.000
    CLOUT              0.128      0.107      1.191      0.234
    AUTHENTIC          0.011      0.115      0.096      0.924
    WC                 0.069      0.145      0.472      0.637
    BIG_WORDS          0.420      0.130      3.228      0.001

 Variances
    DRIVES             0.796      0.088      9.050      0.000
    COGNITION          0.709      0.093      7.647      0.000
    AFFECT             0.873      0.121      7.208      0.000
    ANALYTIC           1.160      0.111     10.460      0.000
    CLOUT              0.350      0.074      4.721      0.000
    AUTHENTIC          0.806      0.072     11.141      0.000
    WC                 0.858      0.162      5.284      0.000
    BIG_WORDS          1.036      0.149      6.941      0.000

Between Level

Categorical Latent Variables

Within Level

 Intercepts
    C#1              -10.426      1.291     -8.078      0.000
    C#2               -1.883      0.426     -4.417      0.000
    C#3               -2.237      0.355     -6.308      0.000

Between Level

 C#1        ON
    BC#1              10.595      1.542      6.872      0.000
    BC#2               9.111      1.558      5.846      0.000
    BC#3              14.436      1.517      9.515      0.000

 C#2        ON
    BC#1               1.272      0.754      1.687      0.092
    BC#2               3.259      0.441      7.388      0.000
    BC#3               4.650      1.122      4.145      0.000

 C#3        ON
    BC#1               4.288      0.655      6.551      0.000
    BC#2               0.934      0.738      1.266      0.205
    BC#3               4.862      1.174      4.143      0.000

 Means
    BC#1              -0.334      0.315     -1.062      0.288
    BC#2              -0.466      0.376     -1.241      0.214
    BC#3              -0.005      0.277     -0.016      0.987


QUALITY OF NUMERICAL RESULTS

     Condition Number for the Information Matrix              0.204E-10
       (ratio of smallest to largest eigenvalue)


C-SPECIFIC CLASSIFICATION RESULTS

Classification Quality for BC

     Entropy                         0.928

Average Latent Class Probabilities for Most Likely Latent Class Membership (Row)
by Latent Class (Column)

           1        2        3        4

    1   0.942    0.002    0.030    0.026
    2   0.000    0.949    0.021    0.029
    3   0.019    0.006    0.973    0.002
    4   0.006    0.032    0.001    0.961


Classification Probabilities for the Most Likely Latent Class Membership (Column)
by Latent Class (Row)

           1        2        3        4

    1   0.949    0.000    0.042    0.009
    2   0.002    0.931    0.015    0.052
    3   0.013    0.009    0.977    0.001
    4   0.018    0.018    0.003    0.961


Logits for the Classification Probabilities for the Most Likely Latent Class Membership (Column)
by Latent Class (Row)

              1        2        3        4

    1      4.623   -3.408    1.499    0.000
    2     -3.149    2.893   -1.249    0.000
    3      3.017    2.590    7.313    0.000
    4     -3.992   -3.975   -5.734    0.000

Classification Quality for C

     Entropy                         0.781

Average Latent Class Probabilities for Most Likely Latent Class Membership (Row)
by Latent Class (Column)

           1        2        3        4

    1   0.868    0.051    0.066    0.015
    2   0.079    0.848    0.008    0.065
    3   0.063    0.003    0.892    0.042
    4   0.008    0.039    0.048    0.905


Classification Probabilities for the Most Likely Latent Class Membership (Column)
by Latent Class (Row)

           1        2        3        4

    1   0.877    0.068    0.048    0.007
    2   0.063    0.891    0.003    0.043
    3   0.084    0.008    0.853    0.055
    4   0.016    0.061    0.035    0.887


Logits for the Classification Probabilities for the Most Likely Latent Class Membership (Column)
by Latent Class (Row)

              1        2        3        4

    1      4.795    2.237    1.883    0.000
    2      0.386    3.030   -2.722    0.000
    3      0.433   -1.860    2.750    0.000
    4     -4.005   -2.674   -3.230    0.000


SAMPLE STATISTICS FOR ESTIMATED FACTOR SCORES


     SAMPLE STATISTICS


           Means
              BC#1          BC#2          BC#3          C#1           C#2
              ________      ________      ________      ________      ________
               -0.334        -0.466        -0.005       -10.426        -1.883


           Means
              C#3           C_BC#1        C_BC#2        C_BC#3        C_C#1
              ________      ________      ________      ________      ________
               -2.237        -0.334        -0.466        -0.005       -10.426


           Means
              C_C#2         C_C#3
              ________      ________
               -1.883        -2.237


           Covariances
              BC#1          BC#2          BC#3          C#1           C#2
              ________      ________      ________      ________      ________
 BC#1           0.000
 BC#2           0.000         0.000
 BC#3           0.000         0.000         0.000
 C#1            0.000         0.000         0.000         0.000
 C#2            0.000         0.000         0.000         0.000         0.000
 C#3            0.000         0.000         0.000         0.000         0.000
 C_BC#1         0.000         0.000         0.000         0.000         0.000
 C_BC#2         0.000         0.000         0.000         0.000         0.000
 C_BC#3         0.000         0.000         0.000         0.000         0.000
 C_C#1          0.000         0.000         0.000         0.000         0.000
 C_C#2          0.000         0.000         0.000         0.000         0.000
 C_C#3          0.000         0.000         0.000         0.000         0.000


           Covariances
              C#3           C_BC#1        C_BC#2        C_BC#3        C_C#1
              ________      ________      ________      ________      ________
 C#3            0.000
 C_BC#1         0.000         0.000
 C_BC#2         0.000         0.000         0.000
 C_BC#3         0.000         0.000         0.000         0.000
 C_C#1          0.000         0.000         0.000         0.000         0.000
 C_C#2          0.000         0.000         0.000         0.000         0.000
 C_C#3          0.000         0.000         0.000         0.000         0.000


           Covariances
              C_C#2         C_C#3
              ________      ________
 C_C#2          0.000
 C_C#3          0.000         0.000


           Correlations
              BC#1          BC#2          BC#3          C#1           C#2
              ________      ________      ________      ________      ________
 BC#1           1.000
 BC#2         999.000         1.000
 BC#3         999.000       999.000         1.000
 C#1          999.000       999.000       999.000         1.000
 C#2          999.000       999.000       999.000       999.000         1.000
 C#3          999.000       999.000       999.000       999.000       999.000
 C_BC#1       999.000       999.000       999.000       999.000       999.000
 C_BC#2       999.000       999.000       999.000       999.000       999.000
 C_BC#3       999.000       999.000       999.000       999.000       999.000
 C_C#1        999.000       999.000       999.000       999.000       999.000
 C_C#2        999.000       999.000       999.000       999.000       999.000
 C_C#3        999.000       999.000       999.000       999.000       999.000


           Correlations
              C#3           C_BC#1        C_BC#2        C_BC#3        C_C#1
              ________      ________      ________      ________      ________
 C#3            1.000
 C_BC#1       999.000         1.000
 C_BC#2       999.000       999.000         1.000
 C_BC#3       999.000       999.000       999.000         1.000
 C_C#1        999.000       999.000       999.000       999.000         1.000
 C_C#2        999.000       999.000       999.000       999.000       999.000
 C_C#3        999.000       999.000       999.000       999.000       999.000


           Correlations
              C_C#2         C_C#3
              ________      ________
 C_C#2          1.000
 C_C#3        999.000         1.000


PLOT INFORMATION

The following plots are available:

  Histograms (sample values, estimated factor scores)
  Scatterplots (sample values, estimated factor scores)
  Latent variable distribution plots

SAVEDATA INFORMATION


  Save file
    mlLpa_4L1_4L2.dat

  Order and format of variables

    DRIVES         F10.3
    COGNITIO       F10.3
    AFFECT         F10.3
    ANALYTIC       F10.3
    CLOUT          F10.3
    AUTHENTI       F10.3
    WC             F10.3
    BIG_WORD       F10.3
    BC#1           F10.3
    BC#2           F10.3
    BC#3           F10.3
    C#1            F10.3
    C#2            F10.3
    C#3            F10.3
    C_BC#1         F10.3
    C_BC#2         F10.3
    C_BC#3         F10.3
    C_C#1          F10.3
    C_C#2          F10.3
    C_C#3          F10.3
    CPROB1         F10.3
    CPROB2         F10.3
    CPROB3         F10.3
    CPROB4         F10.3
    CPROB5         F10.3
    CPROB6         F10.3
    CPROB7         F10.3
    CPROB8         F10.3
    CPROB9         F10.3
    CPROB10        F10.3
    CPROB11        F10.3
    CPROB12        F10.3
    CPROB13        F10.3
    CPROB14        F10.3
    CPROB15        F10.3
    CPROB16        F10.3
    BC             F10.3
    C              F10.3
    MLCJOINT       F10.3
    PCP_ID         I4

  Save file format
    39F10.3 I4

  Save file record length    10000

  Save missing symbol        *


  Estimated Means and Covariance Matrix for the Latent Variables

  Save file
    tech4.dat
  Save format      Free

     Beginning Time:  21:44:33
        Ending Time:  21:47:08
       Elapsed Time:  00:02:35



MUTHEN & MUTHEN
3463 Stoner Ave.
Los Angeles, CA  90066

Tel: (310) 391-9971
Fax: (310) 391-8971
Web: www.StatModel.com
Support: Support@StatModel.com

Copyright (c) 1998-2021 Muthen & Muthen
