Mplus VERSION 8.9 (Mac)
MUTHEN & MUTHEN
10/25/2023   9:09 AM

INPUT INSTRUCTIONS

  TITLE:
  L1_P_1_lpa_freeVar;
  DATA:
  FILE = "mplus_analyses/psych_process/L1_prof_1_ml_lpa_freeVar_enum.dat";

  VARIABLE:
  NAMES = drives cognition affect social big_words wc PCP_ID row_num;
   MISSING=.;
   CLASSES = c(1);
  DEFINE:
  STANDARDIZE drives cognition affect social big_words wc;
  ANALYSIS:
  TYPE = MIXTURE;
      ESTIMATOR=MLR;
      STARTS=1000 50;
      STITERATIONS=50;
      LRTSTARTS=1000 50 1000 50;
      PROCESSORS=4;
  MODEL:
  %OVERALL%
  %C#1%
  [drives cognition affect social big_words wc];
  drives cognition affect social big_words wc;
  PLOT:
  type = plot3;



*** WARNING in VARIABLE command
  Note that only the first 8 characters of variable names are used in the output.
  Shorten variable names to avoid any confusion.
*** WARNING in MODEL command
  All variables are uncorrelated with all other variables within class.
  Check that this is what is intended.
*** WARNING in PLOT command
  Note that only the first 8 characters of variable names are used in plots.
  If variable names are not unique within the first 8 characters, problems
  may occur.
   3 WARNING(S) FOUND IN THE INPUT INSTRUCTIONS




L1_P_1_lpa_freeVar;

SUMMARY OF ANALYSIS

Number of groups                                                 1
Number of observations                                        1822

Number of dependent variables                                    8
Number of independent variables                                  0
Number of continuous latent variables                            0
Number of categorical latent variables                           1

Observed dependent variables

  Continuous
   DRIVES      COGNITION   AFFECT      SOCIAL      BIG_WORDS   WC
   PCP_ID      ROW_NUM

Categorical latent variables
   C


Estimator                                                      MLR
Information matrix                                        OBSERVED
Optimization Specifications for the Quasi-Newton Algorithm for
Continuous Outcomes
  Maximum number of iterations                                 100
  Convergence criterion                                  0.100D-05
Optimization Specifications for the EM Algorithm
  Maximum number of iterations                                 500
  Convergence criteria
    Loglikelihood change                                 0.100D-06
    Relative loglikelihood change                        0.100D-06
    Derivative                                           0.100D-05
Optimization Specifications for the M step of the EM Algorithm for
Categorical Latent variables
  Number of M step iterations                                    1
  M step convergence criterion                           0.100D-05
  Basis for M step termination                           ITERATION
Optimization Specifications for the M step of the EM Algorithm for
Censored, Binary or Ordered Categorical (Ordinal), Unordered
Categorical (Nominal) and Count Outcomes
  Number of M step iterations                                    1
  M step convergence criterion                           0.100D-05
  Basis for M step termination                           ITERATION
  Maximum value for logit thresholds                            15
  Minimum value for logit thresholds                           -15
  Minimum expected cell size for chi-square              0.100D-01
Maximum number of iterations for H1                           2000
Convergence criterion for H1                             0.100D-03
Optimization algorithm                                         EMA
Random Starts Specifications
  Number of initial stage random starts                       1000
  Number of final stage optimizations                           50
  Number of initial stage iterations                            50
  Initial stage convergence criterion                    0.100D+01
  Random starts scale                                    0.500D+01
  Random seed for generating random starts                       0

Input data file(s)
  mplus_analyses/psych_process/L1_prof_1_ml_lpa_freeVar_enum.dat
Input data format  FREE


SUMMARY OF DATA

     Number of missing data patterns             1
     Number of y missing data patterns           1
     Number of u missing data patterns           0


COVARIANCE COVERAGE OF DATA

Minimum covariance coverage value   0.100


     PROPORTION OF DATA PRESENT FOR Y


           Covariance Coverage
              DRIVES        COGNITIO      AFFECT        SOCIAL        BIG_WORD
              ________      ________      ________      ________      ________
 DRIVES         1.000
 COGNITIO       1.000         1.000
 AFFECT         1.000         1.000         1.000
 SOCIAL         1.000         1.000         1.000         1.000
 BIG_WORD       1.000         1.000         1.000         1.000         1.000
 WC             1.000         1.000         1.000         1.000         1.000
 PCP_ID         1.000         1.000         1.000         1.000         1.000
 ROW_NUM        1.000         1.000         1.000         1.000         1.000


           Covariance Coverage
              WC            PCP_ID        ROW_NUM
              ________      ________      ________
 WC             1.000
 PCP_ID         1.000         1.000
 ROW_NUM        1.000         1.000         1.000



UNIVARIATE SAMPLE STATISTICS


     UNIVARIATE HIGHER-ORDER MOMENT DESCRIPTIVE STATISTICS

         Variable/         Mean/     Skewness/   Minimum/ % with                Percentiles
        Sample Size      Variance    Kurtosis    Maximum  Min/Max      20%/60%    40%/80%    Median

     DRIVES                0.000       0.379      -2.732    0.05%      -0.843     -0.297     -0.045
            1822.000       1.000       0.285       3.960    0.05%       0.195      0.807
     COGNITION             0.000       0.236      -3.272    0.05%      -0.820     -0.293     -0.056
            1822.000       1.000       0.544       4.861    0.05%       0.224      0.816
     AFFECT                0.000       0.711      -2.888    0.05%      -0.825     -0.309     -0.089
            1822.000       1.000       1.245       4.401    0.05%       0.131      0.732
     SOCIAL                0.000       0.462      -2.551    0.05%      -0.844     -0.315     -0.076
            1822.000       1.000       0.346       4.137    0.05%       0.168      0.803
     BIG_WORDS             0.000       0.308      -3.468    0.05%      -0.833     -0.294     -0.050
            1822.000       1.000       0.379       4.550    0.05%       0.200      0.826
     WC                    0.000       1.130      -1.936    0.05%      -0.801     -0.373     -0.158
            1822.000       1.000       2.133       4.950    0.05%       0.067      0.730
     PCP_ID               68.680      -0.543       1.000    0.38%      36.000     69.000     76.000
            1822.000     944.600      -0.694     119.000    0.60%      84.000     96.000
     ROW_NUM             945.741      -0.006       2.000    0.05%     371.000    762.000    953.500
            1822.000  299803.749      -1.208    1887.000    0.05%    1135.000   1517.000

RANDOM STARTS RESULTS RANKED FROM THE BEST TO THE WORST LOGLIKELIHOOD VALUES

Final stage loglikelihood values at local maxima, seeds, and initial stage start numbers:

          -38412.006  599729           658
          -38412.006  539751           459
          -38412.006  435506           988
          -38412.006  25127            107
          -38412.006  891531           206
          -38412.006  314034           513
          -38412.006  689529           516
          -38412.006  188498           258
          -38412.006  489927           520
          -38412.006  126371           526
          -38412.006  704798           530
          -38412.006  566739           575
          -38412.006  158612           581
          -38412.006  246575           291
          -38412.006  43523            297
          -38412.006  793487           595
          -38412.006  535063           329
          -38412.006  195763           358
          -38412.006  478341           731
          -38412.006  875667           367
          -38412.006  982520           737
          -38412.006  659832           754
          -38412.006  326091           759
          -38412.006  85114            385
          -38412.006  355254           796
          -38412.006  502157           799
          -38412.006  599136           811
          -38412.006  810594           845
          -38412.006  345070           114
          -38412.006  995648           936
          -38412.006  392751           480
          -38412.006  94573            983
          -38412.006  490123           995
          -38412.006  595759           997
          -38412.006  411615           171
          -38412.006  170118           238
          -38412.006  393232           152
          -38412.006  415931           10
          -38412.006  181293           212
          -38412.006  120506           45
          -38412.006  481835           57
          -38412.006  749453           33
          -38412.006  150531           154
          -38412.006  81117            305
          -38412.006  217744           326
          -38412.006  153394           429
          -38412.006  294669           501
          -38412.006  unperturbed      0
          -38412.006  800454           751
          -38412.006  642909           251



THE MODEL ESTIMATION TERMINATED NORMALLY



MODEL FIT INFORMATION

Number of Free Parameters                       16

Loglikelihood

          H0 Value                      -38412.006
          H0 Scaling Correction Factor      1.0947
            for MLR

Information Criteria

          Akaike (AIC)                   76856.012
          Bayesian (BIC)                 76944.135
          Sample-Size Adjusted BIC       76893.304
            (n* = (n + 2) / 24)



FINAL CLASS COUNTS AND PROPORTIONS FOR THE LATENT CLASSES
BASED ON THE ESTIMATED MODEL

    Latent
   Classes

       1       1822.00000          1.00000


FINAL CLASS COUNTS AND PROPORTIONS FOR THE LATENT CLASSES
BASED ON ESTIMATED POSTERIOR PROBABILITIES

    Latent
   Classes

       1       1822.00000          1.00000


FINAL CLASS COUNTS AND PROPORTIONS FOR THE LATENT CLASSES
BASED ON THEIR MOST LIKELY LATENT CLASS MEMBERSHIP

Class Counts and Proportions

    Latent
   Classes

       1             1822          1.00000


Average Latent Class Probabilities for Most Likely Latent Class Membership (Row)
by Latent Class (Column)

           1

    1   1.000


Classification Probabilities for the Most Likely Latent Class Membership (Column)
by Latent Class (Row)

           1

    1   1.000


Logits for the Classification Probabilities for the Most Likely Latent Class Membership (Column)
by Latent Class (Row)

              1

    1      0.000


MODEL RESULTS

                                                    Two-Tailed
                    Estimate       S.E.  Est./S.E.    P-Value

Latent Class 1

 Means
    DRIVES             0.000      0.023      0.000      1.000
    COGNITION          0.000      0.023      0.000      1.000
    AFFECT             0.000      0.023      0.000      1.000
    SOCIAL             0.000      0.023      0.000      1.000
    BIG_WORDS          0.000      0.023      0.000      1.000
    WC                 0.000      0.023      0.000      1.000
    PCP_ID            68.680      0.720     95.385      0.000
    ROW_NUM          945.742     12.828     73.727      0.000

 Variances
    DRIVES             1.000      0.035     28.237      0.000
    COGNITION          1.000      0.037     26.760      0.000
    AFFECT             1.000      0.042     23.696      0.000
    SOCIAL             1.000      0.036     27.870      0.000
    BIG_WORDS          1.000      0.036     27.677      0.000
    WC                 1.000      0.048     20.997      0.000
    PCP_ID           944.600     25.293     37.347      0.000
    ROW_NUM        *********   6250.768     47.963      0.000


QUALITY OF NUMERICAL RESULTS

     Condition Number for the Information Matrix              0.843E-03
       (ratio of smallest to largest eigenvalue)


PLOT INFORMATION

The following plots are available:

  Histograms (sample values)
  Scatterplots (sample values)
  Estimated overall and class-specific distributions

     Beginning Time:  09:09:14
        Ending Time:  09:09:16
       Elapsed Time:  00:00:02



MUTHEN & MUTHEN
3463 Stoner Ave.
Los Angeles, CA  90066

Tel: (310) 391-9971
Fax: (310) 391-8971
Web: www.StatModel.com
Support: Support@StatModel.com

Copyright (c) 1998-2023 Muthen & Muthen
