Mplus VERSION 8.7 (Mac)
MUTHEN & MUTHEN
05/25/2023  10:33 AM

INPUT INSTRUCTIONS

  TITLE:
  L1_P_7_lpa_freeVar;
  DATA:
  FILE = "mplus_analyses/psych_process/L1_prof_7_ml_lpa_freeVar_enum.dat";

  VARIABLE:
  NAMES = drives cognition affect social wc big_words PCP_ID;
   MISSING=.;
   CLASSES = c(7);
  DEFINE:
  STANDARDIZE drives cognition affect social wc big_words;
  ANALYSIS:
  TYPE = MIXTURE;
      ESTIMATOR=MLR;
      STARTS=1000 50;
      STITERATIONS=50;
      LRTSTARTS=1000 50 1000 50;
      PROCESSORS=4;
  MODEL:
  %OVERALL%
  %C#1%
  [drives cognition affect social wc big_words];
  drives cognition affect social wc big_words;
  %C#2%
  [drives cognition affect social wc big_words];
  drives cognition affect social wc big_words;
  %C#3%
  [drives cognition affect social wc big_words];
  drives cognition affect social wc big_words;
  %C#4%
  [drives cognition affect social wc big_words];
  drives cognition affect social wc big_words;
  %C#5%
  [drives cognition affect social wc big_words];
  drives cognition affect social wc big_words;
  %C#6%
  [drives cognition affect social wc big_words];
  drives cognition affect social wc big_words;
  %C#7%
  [drives cognition affect social wc big_words];
  drives cognition affect social wc big_words;
  PLOT:
  type = plot3;



*** WARNING in VARIABLE command
  Note that only the first 8 characters of variable names are used in the output.
  Shorten variable names to avoid any confusion.
*** WARNING in MODEL command
  All variables are uncorrelated with all other variables within class.
  Check that this is what is intended.
*** WARNING in PLOT command
  Note that only the first 8 characters of variable names are used in plots.
  If variable names are not unique within the first 8 characters, problems
  may occur.
   3 WARNING(S) FOUND IN THE INPUT INSTRUCTIONS




L1_P_7_lpa_freeVar;

SUMMARY OF ANALYSIS

Number of groups                                                 1
Number of observations                                        1670

Number of dependent variables                                    7
Number of independent variables                                  0
Number of continuous latent variables                            0
Number of categorical latent variables                           1

Observed dependent variables

  Continuous
   DRIVES      COGNITION   AFFECT      SOCIAL      WC          BIG_WORDS
   PCP_ID

Categorical latent variables
   C


Estimator                                                      MLR
Information matrix                                        OBSERVED
Optimization Specifications for the Quasi-Newton Algorithm for
Continuous Outcomes
  Maximum number of iterations                                 100
  Convergence criterion                                  0.100D-05
Optimization Specifications for the EM Algorithm
  Maximum number of iterations                                 500
  Convergence criteria
    Loglikelihood change                                 0.100D-06
    Relative loglikelihood change                        0.100D-06
    Derivative                                           0.100D-05
Optimization Specifications for the M step of the EM Algorithm for
Categorical Latent variables
  Number of M step iterations                                    1
  M step convergence criterion                           0.100D-05
  Basis for M step termination                           ITERATION
Optimization Specifications for the M step of the EM Algorithm for
Censored, Binary or Ordered Categorical (Ordinal), Unordered
Categorical (Nominal) and Count Outcomes
  Number of M step iterations                                    1
  M step convergence criterion                           0.100D-05
  Basis for M step termination                           ITERATION
  Maximum value for logit thresholds                            15
  Minimum value for logit thresholds                           -15
  Minimum expected cell size for chi-square              0.100D-01
Maximum number of iterations for H1                           2000
Convergence criterion for H1                             0.100D-03
Optimization algorithm                                         EMA
Random Starts Specifications
  Number of initial stage random starts                       1000
  Number of final stage optimizations                           50
  Number of initial stage iterations                            50
  Initial stage convergence criterion                    0.100D+01
  Random starts scale                                    0.500D+01
  Random seed for generating random starts                       0

Input data file(s)
  mplus_analyses/psych_process/L1_prof_7_ml_lpa_freeVar_enum.dat
Input data format  FREE


SUMMARY OF DATA

     Number of missing data patterns             1
     Number of y missing data patterns           1
     Number of u missing data patterns           0


COVARIANCE COVERAGE OF DATA

Minimum covariance coverage value   0.100


     PROPORTION OF DATA PRESENT FOR Y


           Covariance Coverage
              DRIVES        COGNITIO      AFFECT        SOCIAL        WC
              ________      ________      ________      ________      ________
 DRIVES         1.000
 COGNITIO       1.000         1.000
 AFFECT         1.000         1.000         1.000
 SOCIAL         1.000         1.000         1.000         1.000
 WC             1.000         1.000         1.000         1.000         1.000
 BIG_WORD       1.000         1.000         1.000         1.000         1.000
 PCP_ID         1.000         1.000         1.000         1.000         1.000


           Covariance Coverage
              BIG_WORD      PCP_ID
              ________      ________
 BIG_WORD       1.000
 PCP_ID         1.000         1.000



UNIVARIATE SAMPLE STATISTICS


     UNIVARIATE HIGHER-ORDER MOMENT DESCRIPTIVE STATISTICS

         Variable/         Mean/     Skewness/   Minimum/ % with                Percentiles
        Sample Size      Variance    Kurtosis    Maximum  Min/Max      20%/60%    40%/80%    Median

     DRIVES                0.000       0.358      -2.668    0.06%      -0.842     -0.284     -0.039
            1670.000       1.000       0.166       3.571    0.06%       0.179      0.792
     COGNITION             0.000       0.212      -3.225    0.06%      -0.832     -0.296     -0.044
            1670.000       1.000       0.290       4.468    0.06%       0.225      0.815
     AFFECT                0.000       0.663      -2.958    0.06%      -0.826     -0.317     -0.092
            1670.000       1.000       0.978       4.396    0.06%       0.162      0.739
     SOCIAL                0.000       0.460      -2.644    0.06%      -0.844     -0.329     -0.077
            1670.000       1.000       0.387       3.992    0.06%       0.175      0.792
     WC                    0.000       1.218      -1.854    0.06%      -0.801     -0.370     -0.167
            1670.000       1.000       2.407       4.876    0.06%       0.057      0.714
     BIG_WORDS             0.000       0.326      -3.514    0.06%      -0.843     -0.292     -0.055
            1670.000       1.000       0.490       4.575    0.06%       0.188      0.835
     PCP_ID               88.160      -0.797       2.000    0.36%      58.000     90.000     96.000
            1670.000    1098.636      -0.056     142.000    0.42%     105.000    115.000

RANDOM STARTS RESULTS RANKED FROM THE BEST TO THE WORST LOGLIKELIHOOD VALUES


507 perturbed starting value run(s) did not converge or were rejected in the third stage.
Final stage loglikelihood values at local maxima, seeds, and initial stage start numbers:

          -21558.478  55115            408
          -21558.478  206099           363
          -21558.478  315029           471
          -21561.437  319144           176
          -21561.437  637345           19
          -21561.437  89970            223
          -21561.437  232226           235
          -21561.437  939709           112
          -21561.437  714455           476
          -21561.437  153053           378
          -21561.437  777492           972
          -21561.437  777045           377
          -21561.437  508482           446
          -21561.437  161421           519
          -21561.437  118421           139
          -21561.437  471398           74
          -21561.437  23012            352
          -21561.437  78862            529
          -21561.437  422103           62
          -21561.437  569131           26
          -21561.437  61587            400
          -21561.437  855760           593
          -21561.437  662983           666
          -21561.437  897782           545
          -21564.147  944186           541
          -21564.147  789985           67
          -21564.147  40327            971
          -21564.147  288738           940
          -21565.883  922596           456
          -21569.814  499347           881
          -21570.422  529496           343
          -21570.422  327475           518

18 perturbed starting value run(s) did not converge or were rejected in the third stage.



THE BEST LOGLIKELIHOOD VALUE HAS BEEN REPLICATED.  RERUN WITH AT LEAST TWICE THE
RANDOM STARTS TO CHECK THAT THE BEST LOGLIKELIHOOD IS STILL OBTAINED AND REPLICATED.


THE MODEL ESTIMATION TERMINATED NORMALLY



MODEL FIT INFORMATION

Number of Free Parameters                       98

Loglikelihood

          H0 Value                      -21558.478
          H0 Scaling Correction Factor      1.1541
            for MLR

Information Criteria

          Akaike (AIC)                   43312.957
          Bayesian (BIC)                 43844.174
          Sample-Size Adjusted BIC       43532.842
            (n* = (n + 2) / 24)



FINAL CLASS COUNTS AND PROPORTIONS FOR THE LATENT CLASSES
BASED ON THE ESTIMATED MODEL

    Latent
   Classes

       1        200.64836          0.12015
       2        343.28137          0.20556
       3        172.22939          0.10313
       4        345.96471          0.20716
       5        292.89006          0.17538
       6        223.75145          0.13398
       7         91.23466          0.05463


FINAL CLASS COUNTS AND PROPORTIONS FOR THE LATENT CLASSES
BASED ON ESTIMATED POSTERIOR PROBABILITIES

    Latent
   Classes

       1        200.64836          0.12015
       2        343.28137          0.20556
       3        172.22939          0.10313
       4        345.96471          0.20716
       5        292.89006          0.17538
       6        223.75145          0.13398
       7         91.23466          0.05463


FINAL CLASS COUNTS AND PROPORTIONS FOR THE LATENT CLASSES
BASED ON THEIR MOST LIKELY LATENT CLASS MEMBERSHIP

Class Counts and Proportions

    Latent
   Classes

       1              187          0.11198
       2              342          0.20479
       3              171          0.10240
       4              397          0.23772
       5              252          0.15090
       6              228          0.13653
       7               93          0.05569


CLASSIFICATION QUALITY

     Entropy                         0.657


Average Latent Class Probabilities for Most Likely Latent Class Membership (Row)
by Latent Class (Column)

           1        2        3        4        5        6        7

    1   0.709    0.066    0.038    0.083    0.056    0.021    0.028
    2   0.059    0.732    0.001    0.057    0.114    0.007    0.030
    3   0.042    0.007    0.759    0.042    0.043    0.108    0.000
    4   0.055    0.090    0.019    0.693    0.129    0.001    0.012
    5   0.032    0.119    0.030    0.099    0.718    0.001    0.001
    6   0.026    0.010    0.086    0.002    0.004    0.871    0.000
    7   0.052    0.121    0.000    0.034    0.030    0.000    0.763


Classification Probabilities for the Most Likely Latent Class Membership (Column)
by Latent Class (Row)

           1        2        3        4        5        6        7

    1   0.660    0.100    0.036    0.110    0.040    0.030    0.024
    2   0.036    0.730    0.003    0.104    0.087    0.007    0.033
    3   0.042    0.002    0.753    0.045    0.044    0.114    0.000
    4   0.045    0.056    0.021    0.796    0.072    0.002    0.009
    5   0.036    0.134    0.025    0.175    0.618    0.003    0.010
    6   0.017    0.010    0.082    0.001    0.001    0.887    0.000
    7   0.057    0.111    0.000    0.051    0.003    0.000    0.778


Logits for the Classification Probabilities for the Most Likely Latent Class Membership (Column)
by Latent Class (Row)

              1        2        3        4        5        6        7

    1      3.318    1.435    0.397    1.524    0.515    0.225    0.000
    2      0.089    3.100   -2.276    1.155    0.975   -1.593    0.000
    3     10.301    7.389   13.195   10.370   10.349   11.309    0.000
    4      1.589    1.816    0.825    4.468    2.067   -1.761    0.000
    5      1.324    2.641    0.966    2.910    4.173   -1.142    0.000
    6      9.755    9.236   11.319    7.258    7.098   13.696    0.000
    7     -2.619   -1.944  -11.725   -2.720   -5.608   -9.919    0.000


MODEL RESULTS

                                                    Two-Tailed
                    Estimate       S.E.  Est./S.E.    P-Value

Latent Class 1

 Means
    DRIVES            -0.455      0.360     -1.265      0.206
    COGNITION          0.631      0.157      4.027      0.000
    AFFECT            -0.255      0.164     -1.555      0.120
    SOCIAL            -0.821      0.146     -5.629      0.000
    WC                -0.195      0.181     -1.076      0.282
    BIG_WORDS          0.563      0.157      3.588      0.000
    PCP_ID            85.862      4.093     20.977      0.000

 Variances
    DRIVES             0.989      0.408      2.425      0.015
    COGNITION          1.054      0.184      5.718      0.000
    AFFECT             0.852      0.238      3.577      0.000
    SOCIAL             0.483      0.069      7.009      0.000
    WC                 0.455      0.141      3.230      0.001
    BIG_WORDS          1.252      0.202      6.200      0.000
    PCP_ID           282.676     28.240     10.010      0.000

Latent Class 2

 Means
    DRIVES             0.175      0.074      2.368      0.018
    COGNITION          0.226      0.086      2.611      0.009
    AFFECT            -0.277      0.075     -3.685      0.000
    SOCIAL            -0.011      0.081     -0.131      0.896
    WC                 0.880      0.143      6.139      0.000
    BIG_WORDS         -0.104      0.068     -1.540      0.124
    PCP_ID           104.681      2.215     47.262      0.000

 Variances
    DRIVES             0.605      0.084      7.240      0.000
    COGNITION          0.585      0.066      8.827      0.000
    AFFECT             0.460      0.057      8.090      0.000
    SOCIAL             0.422      0.071      5.960      0.000
    WC                 0.975      0.161      6.059      0.000
    BIG_WORDS          0.589      0.080      7.334      0.000
    PCP_ID           282.676     28.240     10.010      0.000

Latent Class 3

 Means
    DRIVES             0.322      0.154      2.090      0.037
    COGNITION         -0.603      0.141     -4.287      0.000
    AFFECT             0.509      0.165      3.082      0.002
    SOCIAL             0.313      0.143      2.189      0.029
    WC                -0.901      0.129     -6.972      0.000
    BIG_WORDS         -0.043      0.160     -0.268      0.789
    PCP_ID            54.901      3.723     14.747      0.000

 Variances
    DRIVES             1.321      0.182      7.264      0.000
    COGNITION          1.034      0.149      6.964      0.000
    AFFECT             1.662      0.248      6.705      0.000
    SOCIAL             1.140      0.178      6.393      0.000
    WC                 0.222      0.052      4.285      0.000
    BIG_WORDS          1.237      0.169      7.327      0.000
    PCP_ID           282.676     28.240     10.010      0.000

Latent Class 4

 Means
    DRIVES            -0.348      0.121     -2.878      0.004
    COGNITION         -0.490      0.091     -5.408      0.000
    AFFECT             0.430      0.105      4.099      0.000
    SOCIAL            -0.037      0.108     -0.340      0.734
    WC                -0.470      0.080     -5.876      0.000
    BIG_WORDS         -0.467      0.112     -4.162      0.000
    PCP_ID           105.871      1.591     66.541      0.000

 Variances
    DRIVES             0.679      0.074      9.149      0.000
    COGNITION          0.503      0.072      6.970      0.000
    AFFECT             1.414      0.171      8.251      0.000
    SOCIAL             0.595      0.084      7.110      0.000
    WC                 0.225      0.032      7.002      0.000
    BIG_WORDS          0.798      0.131      6.074      0.000
    PCP_ID           282.676     28.240     10.010      0.000

Latent Class 5

 Means
    DRIVES             0.566      0.120      4.702      0.000
    COGNITION          0.238      0.126      1.899      0.058
    AFFECT            -0.009      0.109     -0.085      0.932
    SOCIAL             0.883      0.251      3.523      0.000
    WC                -0.180      0.108     -1.662      0.096
    BIG_WORDS         -0.304      0.100     -3.028      0.002
    PCP_ID           102.276      2.401     42.592      0.000

 Variances
    DRIVES             1.246      0.145      8.566      0.000
    COGNITION          0.996      0.138      7.244      0.000
    AFFECT             0.829      0.105      7.918      0.000
    SOCIAL             1.166      0.155      7.513      0.000
    WC                 0.428      0.054      7.901      0.000
    BIG_WORDS          0.633      0.093      6.805      0.000
    PCP_ID           282.676     28.240     10.010      0.000

Latent Class 6

 Means
    DRIVES            -0.143      0.072     -1.990      0.047
    COGNITION         -0.305      0.090     -3.403      0.001
    AFFECT            -0.297      0.065     -4.545      0.000
    SOCIAL            -0.081      0.072     -1.115      0.265
    WC                 0.012      0.095      0.124      0.901
    BIG_WORDS          0.752      0.083      9.069      0.000
    PCP_ID            29.146      2.799     10.412      0.000

 Variances
    DRIVES             0.741      0.084      8.827      0.000
    COGNITION          0.903      0.094      9.587      0.000
    AFFECT             0.505      0.067      7.500      0.000
    SOCIAL             0.636      0.059     10.874      0.000
    WC                 0.817      0.108      7.541      0.000
    BIG_WORDS          0.873      0.127      6.885      0.000
    PCP_ID           282.676     28.240     10.010      0.000

Latent Class 7

 Means
    DRIVES            -0.409      0.132     -3.097      0.002
    COGNITION          0.742      0.119      6.209      0.000
    AFFECT            -0.229      0.104     -2.208      0.027
    SOCIAL            -1.245      0.082    -15.193      0.000
    WC                 1.150      0.238      4.829      0.000
    BIG_WORDS          0.136      0.116      1.169      0.243
    PCP_ID           126.091      2.754     45.781      0.000

 Variances
    DRIVES             0.495      0.107      4.624      0.000
    COGNITION          0.887      0.290      3.061      0.002
    AFFECT             0.408      0.067      6.076      0.000
    SOCIAL             0.199      0.033      5.958      0.000
    WC                 2.189      0.385      5.682      0.000
    BIG_WORDS          0.533      0.098      5.410      0.000
    PCP_ID           282.676     28.240     10.010      0.000

Categorical Latent Variables

 Means
    C#1                0.788      0.271      2.903      0.004
    C#2                1.325      0.285      4.654      0.000
    C#3                0.635      0.298      2.135      0.033
    C#4                1.333      0.256      5.205      0.000
    C#5                1.166      0.365      3.198      0.001
    C#6                0.897      0.275      3.264      0.001


QUALITY OF NUMERICAL RESULTS

     Condition Number for the Information Matrix              0.139E-03
       (ratio of smallest to largest eigenvalue)


PLOT INFORMATION

The following plots are available:

  Histograms (sample values)
  Scatterplots (sample values)
  Estimated overall and class-specific distributions

     Beginning Time:  10:33:26
        Ending Time:  10:33:57
       Elapsed Time:  00:00:31



MUTHEN & MUTHEN
3463 Stoner Ave.
Los Angeles, CA  90066

Tel: (310) 391-9971
Fax: (310) 391-8971
Web: www.StatModel.com
Support: Support@StatModel.com

Copyright (c) 1998-2021 Muthen & Muthen
