Mplus VERSION 8.7 (Mac)
MUTHEN & MUTHEN
05/25/2023  10:32 AM

INPUT INSTRUCTIONS

  TITLE:
  L1_P_5_lpa_freeVar;
  DATA:
  FILE = "mplus_analyses/psych_process/L1_prof_5_ml_lpa_freeVar_enum.dat";

  VARIABLE:
  NAMES = drives cognition affect social wc big_words PCP_ID;
   MISSING=.;
   CLASSES = c(5);
  DEFINE:
  STANDARDIZE drives cognition affect social wc big_words;
  ANALYSIS:
  TYPE = MIXTURE;
      ESTIMATOR=MLR;
      STARTS=1000 50;
      STITERATIONS=50;
      LRTSTARTS=1000 50 1000 50;
      PROCESSORS=4;
  MODEL:
  %OVERALL%
  %C#1%
  [drives cognition affect social wc big_words];
  drives cognition affect social wc big_words;
  %C#2%
  [drives cognition affect social wc big_words];
  drives cognition affect social wc big_words;
  %C#3%
  [drives cognition affect social wc big_words];
  drives cognition affect social wc big_words;
  %C#4%
  [drives cognition affect social wc big_words];
  drives cognition affect social wc big_words;
  %C#5%
  [drives cognition affect social wc big_words];
  drives cognition affect social wc big_words;
  PLOT:
  type = plot3;



*** WARNING in VARIABLE command
  Note that only the first 8 characters of variable names are used in the output.
  Shorten variable names to avoid any confusion.
*** WARNING in MODEL command
  All variables are uncorrelated with all other variables within class.
  Check that this is what is intended.
*** WARNING in PLOT command
  Note that only the first 8 characters of variable names are used in plots.
  If variable names are not unique within the first 8 characters, problems
  may occur.
   3 WARNING(S) FOUND IN THE INPUT INSTRUCTIONS




L1_P_5_lpa_freeVar;

SUMMARY OF ANALYSIS

Number of groups                                                 1
Number of observations                                        1670

Number of dependent variables                                    7
Number of independent variables                                  0
Number of continuous latent variables                            0
Number of categorical latent variables                           1

Observed dependent variables

  Continuous
   DRIVES      COGNITION   AFFECT      SOCIAL      WC          BIG_WORDS
   PCP_ID

Categorical latent variables
   C


Estimator                                                      MLR
Information matrix                                        OBSERVED
Optimization Specifications for the Quasi-Newton Algorithm for
Continuous Outcomes
  Maximum number of iterations                                 100
  Convergence criterion                                  0.100D-05
Optimization Specifications for the EM Algorithm
  Maximum number of iterations                                 500
  Convergence criteria
    Loglikelihood change                                 0.100D-06
    Relative loglikelihood change                        0.100D-06
    Derivative                                           0.100D-05
Optimization Specifications for the M step of the EM Algorithm for
Categorical Latent variables
  Number of M step iterations                                    1
  M step convergence criterion                           0.100D-05
  Basis for M step termination                           ITERATION
Optimization Specifications for the M step of the EM Algorithm for
Censored, Binary or Ordered Categorical (Ordinal), Unordered
Categorical (Nominal) and Count Outcomes
  Number of M step iterations                                    1
  M step convergence criterion                           0.100D-05
  Basis for M step termination                           ITERATION
  Maximum value for logit thresholds                            15
  Minimum value for logit thresholds                           -15
  Minimum expected cell size for chi-square              0.100D-01
Maximum number of iterations for H1                           2000
Convergence criterion for H1                             0.100D-03
Optimization algorithm                                         EMA
Random Starts Specifications
  Number of initial stage random starts                       1000
  Number of final stage optimizations                           50
  Number of initial stage iterations                            50
  Initial stage convergence criterion                    0.100D+01
  Random starts scale                                    0.500D+01
  Random seed for generating random starts                       0

Input data file(s)
  mplus_analyses/psych_process/L1_prof_5_ml_lpa_freeVar_enum.dat
Input data format  FREE


SUMMARY OF DATA

     Number of missing data patterns             1
     Number of y missing data patterns           1
     Number of u missing data patterns           0


COVARIANCE COVERAGE OF DATA

Minimum covariance coverage value   0.100


     PROPORTION OF DATA PRESENT FOR Y


           Covariance Coverage
              DRIVES        COGNITIO      AFFECT        SOCIAL        WC
              ________      ________      ________      ________      ________
 DRIVES         1.000
 COGNITIO       1.000         1.000
 AFFECT         1.000         1.000         1.000
 SOCIAL         1.000         1.000         1.000         1.000
 WC             1.000         1.000         1.000         1.000         1.000
 BIG_WORD       1.000         1.000         1.000         1.000         1.000
 PCP_ID         1.000         1.000         1.000         1.000         1.000


           Covariance Coverage
              BIG_WORD      PCP_ID
              ________      ________
 BIG_WORD       1.000
 PCP_ID         1.000         1.000



UNIVARIATE SAMPLE STATISTICS


     UNIVARIATE HIGHER-ORDER MOMENT DESCRIPTIVE STATISTICS

         Variable/         Mean/     Skewness/   Minimum/ % with                Percentiles
        Sample Size      Variance    Kurtosis    Maximum  Min/Max      20%/60%    40%/80%    Median

     DRIVES                0.000       0.358      -2.668    0.06%      -0.842     -0.284     -0.039
            1670.000       1.000       0.166       3.571    0.06%       0.179      0.792
     COGNITION             0.000       0.212      -3.225    0.06%      -0.832     -0.296     -0.044
            1670.000       1.000       0.290       4.468    0.06%       0.225      0.815
     AFFECT                0.000       0.663      -2.958    0.06%      -0.826     -0.317     -0.092
            1670.000       1.000       0.978       4.396    0.06%       0.162      0.739
     SOCIAL                0.000       0.460      -2.644    0.06%      -0.844     -0.329     -0.077
            1670.000       1.000       0.387       3.992    0.06%       0.175      0.792
     WC                    0.000       1.218      -1.854    0.06%      -0.801     -0.370     -0.167
            1670.000       1.000       2.407       4.876    0.06%       0.057      0.714
     BIG_WORDS             0.000       0.326      -3.514    0.06%      -0.843     -0.292     -0.055
            1670.000       1.000       0.490       4.575    0.06%       0.188      0.835
     PCP_ID               88.160      -0.797       2.000    0.36%      58.000     90.000     96.000
            1670.000    1098.636      -0.056     142.000    0.42%     105.000    115.000

RANDOM STARTS RESULTS RANKED FROM THE BEST TO THE WORST LOGLIKELIHOOD VALUES


358 perturbed starting value run(s) did not converge or were rejected in the third stage.
Final stage loglikelihood values at local maxima, seeds, and initial stage start numbers:

          -21673.653  400319           887
          -21673.653  263268           165
          -21673.653  462662           872
          -21673.653  212934           568
          -21673.653  76451            211
          -21673.653  294669           501
          -21673.653  298553           773
          -21673.653  379823           905
          -21673.653  752769           253
          -21673.653  876943           650
          -21673.653  396795           323
          -21673.653  383979           603
          -21673.653  354395           486
          -21673.653  773195           849
          -21673.653  373505           88
          -21673.653  486646           586
          -21673.653  206099           363
          -21673.653  402224           91
          -21673.653  965639           463
          -21673.653  754100           56
          -21673.653  193042           316
          -21673.653  535804           111
          -21673.653  471040           403
          -21673.653  926797           406
          -21673.653  992389           77
          -21673.653  607072           717
          -21673.653  177175           851
          -21673.653  40327            971
          -21673.653  608496           4
          -21673.653  512836           289
          -21673.653  604861           800
          -21673.653  117391           710
          -21673.653  3607             873
          -21673.653  663090           906
          -21673.653  314757           345
          -21680.808  824956           607
          -21680.808  405371           569

13 perturbed starting value run(s) did not converge or were rejected in the third stage.



THE BEST LOGLIKELIHOOD VALUE HAS BEEN REPLICATED.  RERUN WITH AT LEAST TWICE THE
RANDOM STARTS TO CHECK THAT THE BEST LOGLIKELIHOOD IS STILL OBTAINED AND REPLICATED.


THE MODEL ESTIMATION TERMINATED NORMALLY



MODEL FIT INFORMATION

Number of Free Parameters                       70

Loglikelihood

          H0 Value                      -21673.653
          H0 Scaling Correction Factor      1.2141
            for MLR

Information Criteria

          Akaike (AIC)                   43487.306
          Bayesian (BIC)                 43866.747
          Sample-Size Adjusted BIC       43644.367
            (n* = (n + 2) / 24)



FINAL CLASS COUNTS AND PROPORTIONS FOR THE LATENT CLASSES
BASED ON THE ESTIMATED MODEL

    Latent
   Classes

       1        280.63067          0.16804
       2        176.15556          0.10548
       3        296.41153          0.17749
       4        598.26205          0.35824
       5        318.54018          0.19074


FINAL CLASS COUNTS AND PROPORTIONS FOR THE LATENT CLASSES
BASED ON ESTIMATED POSTERIOR PROBABILITIES

    Latent
   Classes

       1        280.63067          0.16804
       2        176.15556          0.10548
       3        296.41153          0.17749
       4        598.26205          0.35824
       5        318.54018          0.19074


FINAL CLASS COUNTS AND PROPORTIONS FOR THE LATENT CLASSES
BASED ON THEIR MOST LIKELY LATENT CLASS MEMBERSHIP

Class Counts and Proportions

    Latent
   Classes

       1              289          0.17305
       2              159          0.09521
       3              302          0.18084
       4              643          0.38503
       5              277          0.16587


CLASSIFICATION QUALITY

     Entropy                         0.656


Average Latent Class Probabilities for Most Likely Latent Class Membership (Row)
by Latent Class (Column)

           1        2        3        4        5

    1   0.680    0.051    0.026    0.166    0.076
    2   0.058    0.757    0.060    0.112    0.012
    3   0.021    0.050    0.892    0.023    0.014
    4   0.094    0.040    0.010    0.752    0.104
    5   0.029    0.001    0.012    0.152    0.806


Classification Probabilities for the Most Likely Latent Class Membership (Column)
by Latent Class (Row)

           1        2        3        4        5

    1   0.700    0.033    0.023    0.215    0.029
    2   0.084    0.684    0.085    0.145    0.001
    3   0.025    0.032    0.909    0.022    0.012
    4   0.080    0.030    0.012    0.808    0.070
    5   0.069    0.006    0.013    0.211    0.701


Logits for the Classification Probabilities for the Most Likely Latent Class Membership (Column)
by Latent Class (Row)

              1        2        3        4        5

    1      3.185    0.133   -0.246    2.004    0.000
    2      4.362    6.454    4.374    4.905    0.000
    3      0.790    1.033    4.369    0.649    0.000
    4      0.134   -0.856   -1.790    2.443    0.000
    5     -2.316   -4.790   -3.973   -1.201    0.000


MODEL RESULTS

                                                    Two-Tailed
                    Estimate       S.E.  Est./S.E.    P-Value

Latent Class 1

 Means
    DRIVES            -0.756      0.131     -5.777      0.000
    COGNITION          0.085      0.202      0.418      0.676
    AFFECT             0.114      0.174      0.654      0.513
    SOCIAL            -0.645      0.214     -3.012      0.003
    WC                -0.469      0.073     -6.389      0.000
    BIG_WORDS          0.149      0.235      0.636      0.525
    PCP_ID            98.404      2.767     35.565      0.000

 Variances
    DRIVES             0.581      0.069      8.428      0.000
    COGNITION          1.171      0.229      5.120      0.000
    AFFECT             1.459      0.226      6.469      0.000
    SOCIAL             0.514      0.104      4.938      0.000
    WC                 0.226      0.039      5.747      0.000
    BIG_WORDS          1.313      0.164      8.020      0.000
    PCP_ID           382.543     20.026     19.102      0.000

Latent Class 2

 Means
    DRIVES             0.511      0.154      3.321      0.001
    COGNITION         -0.252      0.172     -1.468      0.142
    AFFECT             0.628      0.151      4.150      0.000
    SOCIAL             0.573      0.160      3.585      0.000
    WC                -1.044      0.094    -11.127      0.000
    BIG_WORDS         -0.324      0.166     -1.955      0.051
    PCP_ID            73.879      8.287      8.915      0.000

 Variances
    DRIVES             1.531      0.180      8.524      0.000
    COGNITION          1.483      0.246      6.020      0.000
    AFFECT             1.993      0.270      7.386      0.000
    SOCIAL             1.453      0.182      8.004      0.000
    WC                 0.139      0.031      4.486      0.000
    BIG_WORDS          1.236      0.291      4.243      0.000
    PCP_ID           382.543     20.026     19.102      0.000

Latent Class 3

 Means
    DRIVES            -0.082      0.071     -1.165      0.244
    COGNITION         -0.366      0.069     -5.324      0.000
    AFFECT            -0.218      0.066     -3.318      0.001
    SOCIAL            -0.084      0.059     -1.428      0.153
    WC                -0.121      0.078     -1.551      0.121
    BIG_WORDS          0.674      0.074      9.077      0.000
    PCP_ID            34.201      1.896     18.040      0.000

 Variances
    DRIVES             0.810      0.093      8.742      0.000
    COGNITION          0.959      0.085     11.268      0.000
    AFFECT             0.607      0.072      8.450      0.000
    SOCIAL             0.697      0.058     11.995      0.000
    WC                 0.759      0.085      8.962      0.000
    BIG_WORDS          0.980      0.132      7.408      0.000
    PCP_ID           382.543     20.026     19.102      0.000

Latent Class 4

 Means
    DRIVES             0.219      0.123      1.783      0.075
    COGNITION         -0.059      0.107     -0.552      0.581
    AFFECT             0.051      0.103      0.499      0.618
    SOCIAL             0.387      0.116      3.347      0.001
    WC                -0.045      0.158     -0.285      0.775
    BIG_WORDS         -0.357      0.065     -5.475      0.000
    PCP_ID           104.508      1.275     81.992      0.000

 Variances
    DRIVES             0.925      0.108      8.608      0.000
    COGNITION          0.692      0.074      9.322      0.000
    AFFECT             0.797      0.130      6.145      0.000
    SOCIAL             0.909      0.089     10.205      0.000
    WC                 0.374      0.059      6.361      0.000
    BIG_WORDS          0.569      0.054     10.633      0.000
    PCP_ID           382.543     20.026     19.102      0.000

Latent Class 5

 Means
    DRIVES             0.049      0.084      0.577      0.564
    COGNITION          0.516      0.096      5.387      0.000
    AFFECT            -0.341      0.061     -5.580      0.000
    SOCIAL            -0.398      0.116     -3.433      0.001
    WC                 1.189      0.188      6.329      0.000
    BIG_WORDS          0.090      0.097      0.929      0.353
    PCP_ID           106.539      1.753     60.776      0.000

 Variances
    DRIVES             0.646      0.091      7.074      0.000
    COGNITION          0.760      0.097      7.851      0.000
    AFFECT             0.399      0.045      8.893      0.000
    SOCIAL             0.636      0.085      7.482      0.000
    WC                 1.331      0.201      6.641      0.000
    BIG_WORDS          0.675      0.081      8.342      0.000
    PCP_ID           382.543     20.026     19.102      0.000

Categorical Latent Variables

 Means
    C#1               -0.127      0.448     -0.283      0.777
    C#2               -0.592      0.413     -1.433      0.152
    C#3               -0.072      0.312     -0.230      0.818
    C#4                0.630      0.336      1.876      0.061


QUALITY OF NUMERICAL RESULTS

     Condition Number for the Information Matrix              0.224E-02
       (ratio of smallest to largest eigenvalue)


PLOT INFORMATION

The following plots are available:

  Histograms (sample values)
  Scatterplots (sample values)
  Estimated overall and class-specific distributions

     Beginning Time:  10:32:36
        Ending Time:  10:32:57
       Elapsed Time:  00:00:21



MUTHEN & MUTHEN
3463 Stoner Ave.
Los Angeles, CA  90066

Tel: (310) 391-9971
Fax: (310) 391-8971
Web: www.StatModel.com
Support: Support@StatModel.com

Copyright (c) 1998-2021 Muthen & Muthen
