  -37963.3792809416           294669         501
  -37711.3875415533           497522         502
  -37964.3347447379           213532         503
  -37712.2536217989           891347         504
  -37710.7449051489           766903         505
  -37711.9105421325           933578         506
  -37710.4249217754           155622         507
  -37712.6471338581           425929         508
  -37710.5680245907           378393         509
  -37710.6567331701           194143         510
  -37711.4271378935           121425         511
  -37710.8108089317           379729         512
  -37716.1676246319           314034         513
  -37712.2155349634           147440         514
  -38049.7335774248           140849         515
  -37714.0425340459           689529         516
 -3.402823466385289E+038       79212         517
  -37937.3405423389           327475         518
  -37536.8532059758           161421         519
  -37720.1096193485           489927         520
  -37712.1796434502           745972         521
  -38072.4251190787           486622         522
  -37712.8908928903           715255         523
  -37974.5224054505           638611         524
  -37713.4508168207           995249         525
  -37974.6028132299           126371         526
  -37711.7304307245           830292         527
  -37945.6806706364           252346         528
  -37710.2872064195            78862         529
  -37712.0154305442           704798         530
  -37963.2158222378           742609         531
  -37537.1447006508           371737         532
  -37717.0668009699           347222         533
  -37713.8605580034           858804         534
  -37712.4232193794           413564         535
  -37711.7893968371           291149         536
  -37710.9833767019           247912         537
  -37710.1283803293           723035         538
  -37712.6890472658           154575         539
  -37965.5579574523           355674         540
  -37711.8719879462           944186         541
  -37536.6456643459           231281         542
  -37910.7471511161           809240         543
  -37710.3079207839           539389         544
  -37943.9617456320           897782         545
  -37711.0152422248           160326         546
  -37712.5378986819           995875         547
  -37710.4000464419             4091         548
  -37712.1870474998           331681         549
  -37712.1292453523           760531         550
  -37731.2929915939           351622         551
  -37713.1253868329           434915         552
  -37711.9970642747           903633         553
  -37713.9028615475           370957         554
  -37711.4383303835           279850         555
  -37713.7524006835           248742         556
  -37711.9111558596           172913         557
  -37711.0418312656           574942         558
  -37711.8312847316           519357         559
  -37965.4477250031           358074         560
  -37945.6396134295           871438         561
  -37711.0718902256           312754         562
  -37963.1347639122           491970         563
  -37711.0697035294            67009         564
  -37991.4424284938           436892         565
  -37711.1129526056           804104         566
  -38011.5102678515           831410         567
  -37711.1595214205           212934         568
  -37711.9202946580           405371         569
  -37900.5795604718           117731         570
  -37710.5501330398           699810         571
  -38496.2337957160           117587         572
  -37712.3179802521           947714         573
  -37960.2539720900           473942         574
  -37921.1058934687           566739         575
  -37713.2324890292           506886         576
  -37712.2856815919           650354         577
  -37956.3339829331           333082         578
  -37710.1981420875           157351         579
  -37536.2540388835           910224         580
  -37712.8198465686           158612         581
  -37710.1843452514           505244         582
  -37958.9503802731            92564         583
  -37712.3745577982           163110         584
  -37710.7866648069           113138         585
  -37535.1543532362           486646         586
  -37713.1004772104           130011         587
  -37974.4666112900            22874         588
  -37949.7693779379           260953         589
  -37711.4014638230           691041         590
  -37714.8460451266           641794         591
  -37713.1894259959            17896         592
  -37711.2070954903           855760         593
  -37713.8960708909           742688         594
  -38572.2577988191           793487         595
  -37713.9386879637           685268         596
  -37710.2438857371           566687         597
  -38346.3374919498            84013         598
  -37716.8465267898           276102         599
  -37712.7066051499           284384         600
  -37954.8398042202           118438         601
  -37781.2080538802           848356         602
  -37713.3894192269           383979         603
  -37711.6494628417           402699         604
  -37536.7817856140           213189         605
  -37713.5798122034           588923         606
  -37712.6419660516           824956         607
  -37713.2437393276           881886         608
  -37959.6500212821           941525         609
  -38356.2823643146            15270         610
  -37710.4787298876           920593         611
  -37964.4817939096           313306         612
  -37974.1627636970           507218         613
  -37963.9232801719           752476         614
  -37942.4115416702           805935         615
  -37937.7769711967           852283         616
  -37712.9020295758           351807         617
  -37962.0713173648           373815         618
  -37712.9150150572           738393         619
  -37713.6421220985           763285         620
  -37781.3492652564           822698         621
  -37961.8674804811           345974         622
  -38054.1176453266           435287         623
  -37946.8677243508           343926         624
  -37714.1064930575           442072         625
  -37711.0657127783           810705         626
  -37712.4554254636           781489         627
  -37710.3776981014           999211         628
  -37711.3632988538           192191         629
  -37910.5779204711           377584         630
  -37713.2326209601           712531         631
  -38055.9246388822           209031         632
  -37716.5142304192            29591         633
 -3.402823466385289E+038      264901         634
  -37908.5958619920           778953         635
  -37950.1820108746           322790         636
  -37910.9648605647           294811         637
  -37959.5500689719           166851         638
  -37711.2016365665           775884         639
  -37712.1216797370            97300         640
  -37713.2275258196           865906         641
  -37935.9798615747            62835         642
  -37710.8548751170           638977         643
  -38291.6528874184           942358         644
  -37961.2002836487           291112         645
  -38096.7025744643           882750         646
  -37712.9809864045           668003         647
  -37832.5780786218           602032         648
  -37536.8237951160            92091         649
  -37536.1983149411           876943         650
  -37712.8413384046           953843         651
  -37711.8177471737           459221         652
  -37713.8567500444           341519         653
  -37710.7249809746           552272         654
  -37711.4314591433           939870         655
  -37712.6728801335           266008         656
  -37711.5939788320           563584         657
  -37963.6515878403           599729         658
  -37917.3896450644            22075         659
  -37711.3172922831           617658         660
  -37967.7711064124           237332         661
  -37711.7416496094           642386         662
  -37976.4812293157           659773         663
  -37710.4932642162           307843         664
  -37942.0791606921           961454         665
  -37711.6646161309           662983         666
  -37985.6897037203           545108         667
  -37713.6782473556           696830         668
  -37710.9590494182           373702         669
  -38042.1501379375            59963         670
  -37712.8040333810           666720         671
  -37962.8603761547           266038         672
  -37710.3392101283           383902         673
  -37711.3732652853           278661         674
  -37990.2403847011           404042         675
  -38499.2351337124           276696         676
  -37713.6722106792           838615         677
  -37535.4124784162           327140         678
  -37712.0106715291           574412         679
  -37959.7739354848           677062         680
  -37711.1899089402           677720         681
  -37713.3928124095           148918         682
  -37975.0719449166           266340         683
  -37713.2876372533           712702         684
  -37712.2461293197           341960         685
  -37714.0243188160           106561         686
  -37711.4486543817           179022         687
  -37710.3776213647           488581         688
  -37714.2564509606           534193         689
  -37713.2679732505           686384         690
  -37710.2451435897           580181         691
  -37960.4336703023            72866         692
  -38289.6586121649           917702         693
  -37711.8070150724           848590         694
  -37536.8470796814           204959         695
  -38061.5639924381           536551         696
  -37712.2575560006             7195         697
  -37963.1049934477           626208         698
  -37714.2953933976           669639         699
  -37710.1805687417           856612         700
  -37711.8573406363           964570         701
  -37711.5611487140           531546         702
  -37712.2057021064            35191         703
  -37714.1726600737           926762         704
  -38460.0888008985           476393         705
  -37966.5309533272           579138         706
  -37711.2793863615            49293         707
  -37912.6170064423           114433         708
  -37712.0755385015           765586         709
  -37537.0731526044           117391         710
  -37714.0152019084           610181         711
  -37964.1691057445            77210         712
  -37871.4857018090           284716         713
  -37539.1104973365            46502         714
  -37912.1176765413           833196         715
  -37535.8995388905           853781         716
  -37948.2023076022           607072         717
  -38565.9091750888           702492         718
  -37535.5927929035           512403         719
  -37710.5577342322           178031         720
  -37783.3321071042           670281         721
  -38468.6488719757           461866         722
  -37712.4688519276           699834         723
  -37712.0461221963           502495         724
  -38044.6878202067           647617         725
  -37710.6035817917           177936         726
  -37711.4887924149            91231         727
  -37998.1840098409           878749         728
  -38943.0980274935            72662         729
  -37538.5975344401            42523         730
  -37713.8265147031           478341         731
  -37985.8236203037           548673         732
  -37840.0386538332           682718         733
  -37711.5226547785           556929         734
  -37712.6495477130             3307         735
  -37711.3761615213           244349         736
  -37987.3140458471           982520         737
  -37712.1037683678           231400         738
  -37911.1887786891           760850         739
  -37714.1352706626           317868         740
  -37712.7559191051           646573         741
  -37974.6307612837           370481         742
  -37960.0259931423           220492         743
  -37712.6424672738           761302         744
  -37710.9287440843           462821         745
  -37711.1446081882           792389         746
  -37710.9709683124           241197         747
  -37713.3593212570           318177         748
  -37710.8709875049           348637         749
  -37712.4637899069           847088         750
  -37535.1024273027           876943         650
  -37535.1024273160           327140         678
  -37535.1024274130           486646         586
  -37535.1024279962           512403         719
  -37535.1024280380           213189         605
  -37535.1024280722           204959         695
 -3.402823466385289E+038      847088         750
 -3.402823466385289E+038      348637         749
 -3.402823466385289E+038      318177         748
 -3.402823466385289E+038      241197         747
 -3.402823466385289E+038      792389         746
 -3.402823466385289E+038      462821         745
 -0.102566834381238     
 -0.393809067703137     
 -0.250810304610967     
 -2.315713775031739E-002
  0.738534847727661     
 -0.105135610653745     
   14.5029279980896     
   779.780244462844     
  0.911853404717972     
  0.948650760144154     
  0.626103245233287     
  0.766594632046204     
   1.05461589840744     
  0.908501551338388     
   170.519691547573     
   152027.044756392     
 -2.439409852526573E-002
  6.079163309595009E-002
  1.346171082754248E-002
  2.576448698684859E-002
 -0.169329838854085     
  0.169482577421987     
   89.2553163840410     
   713.757809198967     
  0.931201160380727     
  0.866149797805744     
   1.01492150764729     
   1.04632011809502     
  0.813009271417425     
   1.04488218319297     
  0.117578410093616     
  6.685308253205195E-002
  0.105465453874814     
 -5.132006609781209E-002
  1.237839745921362E-002
 -0.363748718589222     
   47.4697165948717     
   1615.33919246217     
   1.19901386070547     
   1.26212895643443     
   1.12360063915548     
   1.00941770535006     
   1.06154673212986     
  0.728987693553171     
 -0.590346877864843     
  0.912269666246712     
          68
           0
