  -37958.7214816838           642909         251
  -37712.9213679620           471438         252
  -37713.6806672020           752769         253
  -37953.9896103256            49221         254
  -37962.5370986931           945065         255
  -38015.0368259500             7959         256
  -37711.5398106602           871851         257
  -37713.5415337066           188498         258
  -37713.9642393800           622860         259
  -37876.0931454272           804660         260
  -37727.6677478841           616917         261
  -37957.9374977760           520177         262
  -37973.4429998476           349263         263
 -3.402823466385289E+038      358488         264
  -37711.4038631818           105435         265
  -38050.7218072155           970689         266
  -37962.8524644278           930323         267
  -37710.8282346703           529455         268
  -37769.8055865045           926283         269
  -37537.3195866501           483369         270
  -37710.1785587309           438144         271
  -37712.7626396817           782821         272
  -37971.3990464885           688839         273
  -37710.2983572342            15715         274
  -37712.5870876352           387701         275
  -37713.1857214634           840031         276
  -37715.8882605559           930872         277
  -37711.0645549883           545140         278
  -37535.3412021069           830529         279
  -37712.7485290694           576726         280
  -37712.6805176953           264935         281
  -37536.7552264846           694303         282
  -37712.0065935441           282464         283
  -37535.2479460157           597614         284
  -37535.1662763350           281462         285
  -37714.3676960238           580405         286
  -37919.9051000911           824126         287
  -37709.9178637271           220454         288
  -37714.0009707605           512836         289
  -37710.3643341506           534483         290
  -37713.9599960805           246575         291
  -37713.8438712164           211281         292
  -37712.0275811601           937588         293
  -37712.4392641471           377504         294
  -37710.9776858744           391949         295
  -38396.7593130576           344422         296
  -37711.5124737119            43523         297
  -37960.8089434121           462228         298
  -38438.1497562292           316165         299
  -37710.4758978387           562716         300
  -38399.3525223634           342019         301
  -37710.8421122069           679832         302
  -37712.2943119990           790452         303
  -37788.7258499850            92689         304
  -37711.8210237336            81117         305
  -37713.1762766102           484687         306
  -37710.7732587979           534864         307
  -37710.6111086068           692169         308
  -37715.1072391186           879338         309
  -37715.6658008177           996231         310
  -37712.1897211646           478421         311
  -37711.6419125391           798839         312
  -37711.0104811499           521575         313
  -37714.3768790409           626087         314
  -37710.2793506263           857799         315
  -37713.9002166831           193042         316
  -37712.2314861360           614009         317
  -37943.3622495094           667250         318
  -37710.9851486420           567165         319
  -37712.6860321000           732596         320
  -37710.4328193249           605358         321
  -37711.5688937634           414828         322
  -37961.3680839360           396795         323
  -37713.2321874159           829540         324
  -37960.9395346810           514326         325
  -37536.6412776147           217744         326
  -37955.4355333736           900268         327
  -37713.5671520687           173440         328
  -37710.8689004551           535063         329
  -37973.4073333750            34346         330
  -37710.9391312315           392766         331
  -37973.3335160412           197223         332
  -37713.0847574120           724519         333
  -37712.1528151081           350608         334
  -37710.6360948694           669634         335
  -37875.7483549305           602797         336
  -37713.6662399558           780698         337
  -37535.3471824270           418686         338
 -3.402823466385289E+038       82357         339
  -37968.0481141917           644297         340
 -3.402823466385289E+038      836515         341
  -37710.6342273388           278692         342
  -38400.8234480249           529496         343
  -37713.4302974571           404426         344
  -38019.1237070049           314757         345
  -37712.5412013868           722748         346
 -3.402823466385289E+038      849670         347
  -37712.6869933340           951709         348
  -38479.7808362281           273992         349
  -37712.4793875917           625191         350
  -37710.8034075272            21132         351
  -37782.3760702847            23012         352
  -37712.6007156009           374219         353
  -37712.0111527087           193847         354
  -37535.7256390022           871722         355
  -37536.4671427281           360419         356
  -37710.5046768280           850545         357
  -37719.5515727913           195763         358
  -37975.1368054968           349562         359
  -37711.2374543155           563002         360
  -37535.4251010555           441191         361
  -37537.0103075297           132336         362
  -37712.2635040972           206099         363
  -37535.5893296326           801717         364
  -37710.9575608561            22362         365
  -37712.4029389848           407108         366
  -37712.4577255152           875667         367
  -37954.8215930206           488125         368
  -37715.9865366308           830570         369
  -37710.7517886801           185071         370
  -37538.6622276518           485256         371
  -37712.3233366944           836066         372
  -37963.1412218338           182524         373
  -37991.5711472605           872743         374
  -37714.1818228281           621542         375
  -37955.4153641479           655497         376
  -37713.9512288923           777045         377
  -37961.7925359571           153053         378
  -37536.3840567973           137305         379
  -37712.5045589726           443442         380
  -37711.9973623642           985387         381
 -3.402823466385289E+038      765392         382
  -37971.3010193684           210870         383
  -37536.7727371359             1548         384
  -37713.5235463343            85114         385
  -37958.8709766871           496710         386
  -38042.9801099480           507154         387
  -37710.7748248426           395754         388
  -37781.9293753787            50887         389
 -3.402823466385289E+038      416250         390
 -3.402823466385289E+038      146900         391
  -37711.5185953917           561664         392
 -3.402823466385289E+038      801065         393
  -38013.6965085238           937225         394
  -37712.0360866303            79945         395
  -37712.6379837624           965994         396
  -37961.0227378789           137377         397
  -37713.3545023366           923437         398
  -37961.9003094593           714997         399
  -37967.5009161580            61587         400
  -37958.7356571357           700349         401
  -37714.1526305953           971853         402
  -37974.4787648449           471040         403
  -37710.4484555878           605565         404
  -38054.3960751752           596257         405
  -37711.2943801688           926797         406
  -37537.0661026337           772131         407
  -37710.8548169821            55115         408
  -37713.6124978252           605161         409
  -37961.1189823870           746978         410
  -37713.2755003540            85734         411
  -38356.2626668247           918558         412
  -38042.6213995807           275475         413
  -37711.3458608317           736574         414
  -37713.7864262425           399508         415
  -37966.0746181313           791285         416
  -37875.0875687351           665121         417
  -37712.1836481685           298275         418
  -37710.2097444730           802682         419
  -37710.0521158318           749635         420
  -37711.3244258878           484406         421
  -37710.6159594350           173191         422
  -37985.7920490081           798821         423
  -37710.8983549457           505879         424
  -37712.9399836207           762461         425
  -37710.1286254342           937885         426
  -38461.8207287809           699554         427
  -37865.7255717104           584397         428
  -37711.4080753869           153394         429
  -37712.4087732363           238906         430
  -37713.1898573687           853195         431
  -37536.9380408355           518828         432
  -37712.2552904716           783102         433
  -37538.4461170287           640833         434
  -37712.8970285928           283492         435
  -37710.0108842908           399380         436
  -37716.7169372222           317640         437
  -37712.0778889446           375590         438
  -37711.5112798865           631413         439
  -37713.5006970284           193569         440
  -37713.4740536582           741484         441
  -37535.2863124478           404510         442
  -37715.8457699940           217130         443
  -37711.6442916271           888905         444
  -37714.9103934438           502532         445
  -37950.2511284552           508482         446
  -37710.8422385885           263221         447
  -37713.6058964677           354624         448
  -37945.0185477208           614535         449
  -37711.2107218581           408713         450
 -3.402823466385289E+038      188640         451
  -37712.9645139941           582296         452
  -37713.2844806881           879211         453
  -37714.0625060248           263049         454
  -37535.1583030776           224950         455
  -37785.1441596539           922596         456
  -37711.6835996595           769907         457
  -37712.3370845441           359578         458
 -3.402823466385289E+038      539751         459
  -37948.7244935199           662718         460
  -37714.3688355908           345726         461
  -37712.6231830476            68850         462
  -37764.1883779427           965639         463
  -37714.9061689942           349360         464
  -37941.8704993644           320494         465
  -37536.7997780631           898745         466
  -37713.1550051482           416463         467
  -37973.6312008789           862607         468
  -37711.8929414503           790059         469
  -37712.8580954973           971693         470
  -37976.8334691005           315029         471
  -37712.3226920178            69413         472
  -37909.3819110336           376411         473
  -37712.5649540305           216565         474
  -37710.1135908066           988761         475
  -37711.6772766410           714455         476
  -37713.1777816245           802256         477
  -37712.2965587043           226322         478
  -37959.5432470703           823392         479
  -37711.1635305089           392751         480
  -37712.8427220936           863691         481
  -37966.8707328561           787985         482
 -3.402823466385289E+038       53621         483
 -3.402823466385289E+038      366533         484
  -37714.0809541339           425982         485
  -37710.7819814179           354395         486
  -37712.1055759035           252949         487
  -37958.9458737374           978061         488
  -37714.4188128208           618760         489
  -37711.7549710840           652266         490
  -37712.5566863506           972430         491
  -37964.6397994166           922042         492
  -37712.6815646226           887580         493
  -37938.8008385593           112586         494
 -3.402823466385289E+038      860102         495
  -37710.4751214389           335485         496
  -37712.2942874060           978781         497
  -37713.9430733022           485483         498
  -37717.0012663894           319575         499
  -37712.3860220781           140442         500
  -37535.1024272956           360419         356
  -37535.1024272979           281462         285
  -37535.1024272991           418686         338
  -37535.1024273031           871722         355
  -37535.1024273130           441191         361
  -37535.1024273189           597614         284
  -37535.1024273459           801717         364
  -37535.1024279177           404510         442
  -37535.1024279743           830529         279
  -37535.1024280371           224950         455
 -3.402823466385289E+038      140442         500
 -3.402823466385289E+038      319575         499
 -3.402823466385289E+038      485483         498
 -2.439425789761497E-002
  6.079160669303137E-002
  1.346177891681916E-002
  2.576430447287311E-002
 -0.169330242579863     
  0.169482713520998     
   89.2552933112936     
   713.758208689379     
  0.931201516623736     
  0.866149681084249     
   1.01492144491067     
   1.04632040561682     
  0.813009295376197     
   1.04488218809630     
   170.519679544271     
   152026.828368346     
 -0.102567301604394     
 -0.393808677630924     
 -0.250812008043613     
 -2.315678181748067E-002
  0.738536950078302     
 -0.105135319128233     
   14.5029294852443     
   779.780622407513     
  0.911851774774657     
  0.948651666245327     
  0.626105591998945     
  0.766594269741494     
   1.05461331731796     
  0.908503683705137     
  0.117577731525031     
  6.685470398237613E-002
  0.105466997607722     
 -5.131949784290506E-002
  1.237809683611175E-002
 -0.363746813395921     
   47.4696796517122     
   1615.33867474033     
   1.19901655425667     
   1.26212860197973     
   1.12359875319841     
   1.00941809718727     
   1.06154730426974     
  0.728988007528541     
  0.912270017448822     
 -0.590346421963865     
          67
           0
