Mplus VERSION 8.9 (Mac)
MUTHEN & MUTHEN
10/25/2023   9:09 AM

INPUT INSTRUCTIONS

  TITLE:
  L1_P_2_lpa_freeVar;
  DATA:
  FILE = "mplus_analyses/psych_process/L1_prof_2_ml_lpa_freeVar_enum.dat";

  VARIABLE:
  NAMES = drives cognition affect social big_words wc PCP_ID row_num;
   MISSING=.;
   CLASSES = c(2);
  DEFINE:
  STANDARDIZE drives cognition affect social big_words wc;
  ANALYSIS:
  TYPE = MIXTURE;
      ESTIMATOR=MLR;
      STARTS=1000 50;
      STITERATIONS=50;
      LRTSTARTS=1000 50 1000 50;
      PROCESSORS=4;
  MODEL:
  %OVERALL%
  %C#1%
  [drives cognition affect social big_words wc];
  drives cognition affect social big_words wc;
  %C#2%
  [drives cognition affect social big_words wc];
  drives cognition affect social big_words wc;
  PLOT:
  type = plot3;



*** WARNING in VARIABLE command
  Note that only the first 8 characters of variable names are used in the output.
  Shorten variable names to avoid any confusion.
*** WARNING in MODEL command
  All variables are uncorrelated with all other variables within class.
  Check that this is what is intended.
*** WARNING in PLOT command
  Note that only the first 8 characters of variable names are used in plots.
  If variable names are not unique within the first 8 characters, problems
  may occur.
   3 WARNING(S) FOUND IN THE INPUT INSTRUCTIONS




L1_P_2_lpa_freeVar;

SUMMARY OF ANALYSIS

Number of groups                                                 1
Number of observations                                        1822

Number of dependent variables                                    8
Number of independent variables                                  0
Number of continuous latent variables                            0
Number of categorical latent variables                           1

Observed dependent variables

  Continuous
   DRIVES      COGNITION   AFFECT      SOCIAL      BIG_WORDS   WC
   PCP_ID      ROW_NUM

Categorical latent variables
   C


Estimator                                                      MLR
Information matrix                                        OBSERVED
Optimization Specifications for the Quasi-Newton Algorithm for
Continuous Outcomes
  Maximum number of iterations                                 100
  Convergence criterion                                  0.100D-05
Optimization Specifications for the EM Algorithm
  Maximum number of iterations                                 500
  Convergence criteria
    Loglikelihood change                                 0.100D-06
    Relative loglikelihood change                        0.100D-06
    Derivative                                           0.100D-05
Optimization Specifications for the M step of the EM Algorithm for
Categorical Latent variables
  Number of M step iterations                                    1
  M step convergence criterion                           0.100D-05
  Basis for M step termination                           ITERATION
Optimization Specifications for the M step of the EM Algorithm for
Censored, Binary or Ordered Categorical (Ordinal), Unordered
Categorical (Nominal) and Count Outcomes
  Number of M step iterations                                    1
  M step convergence criterion                           0.100D-05
  Basis for M step termination                           ITERATION
  Maximum value for logit thresholds                            15
  Minimum value for logit thresholds                           -15
  Minimum expected cell size for chi-square              0.100D-01
Maximum number of iterations for H1                           2000
Convergence criterion for H1                             0.100D-03
Optimization algorithm                                         EMA
Random Starts Specifications
  Number of initial stage random starts                       1000
  Number of final stage optimizations                           50
  Number of initial stage iterations                            50
  Initial stage convergence criterion                    0.100D+01
  Random starts scale                                    0.500D+01
  Random seed for generating random starts                       0

Input data file(s)
  mplus_analyses/psych_process/L1_prof_2_ml_lpa_freeVar_enum.dat
Input data format  FREE


SUMMARY OF DATA

     Number of missing data patterns             1
     Number of y missing data patterns           1
     Number of u missing data patterns           0


COVARIANCE COVERAGE OF DATA

Minimum covariance coverage value   0.100


     PROPORTION OF DATA PRESENT FOR Y


           Covariance Coverage
              DRIVES        COGNITIO      AFFECT        SOCIAL        BIG_WORD
              ________      ________      ________      ________      ________
 DRIVES         1.000
 COGNITIO       1.000         1.000
 AFFECT         1.000         1.000         1.000
 SOCIAL         1.000         1.000         1.000         1.000
 BIG_WORD       1.000         1.000         1.000         1.000         1.000
 WC             1.000         1.000         1.000         1.000         1.000
 PCP_ID         1.000         1.000         1.000         1.000         1.000
 ROW_NUM        1.000         1.000         1.000         1.000         1.000


           Covariance Coverage
              WC            PCP_ID        ROW_NUM
              ________      ________      ________
 WC             1.000
 PCP_ID         1.000         1.000
 ROW_NUM        1.000         1.000         1.000



UNIVARIATE SAMPLE STATISTICS


     UNIVARIATE HIGHER-ORDER MOMENT DESCRIPTIVE STATISTICS

         Variable/         Mean/     Skewness/   Minimum/ % with                Percentiles
        Sample Size      Variance    Kurtosis    Maximum  Min/Max      20%/60%    40%/80%    Median

     DRIVES                0.000       0.379      -2.732    0.05%      -0.843     -0.297     -0.045
            1822.000       1.000       0.285       3.960    0.05%       0.195      0.807
     COGNITION             0.000       0.236      -3.272    0.05%      -0.820     -0.293     -0.056
            1822.000       1.000       0.544       4.861    0.05%       0.224      0.816
     AFFECT                0.000       0.711      -2.888    0.05%      -0.825     -0.309     -0.089
            1822.000       1.000       1.245       4.401    0.05%       0.131      0.732
     SOCIAL                0.000       0.462      -2.551    0.05%      -0.844     -0.315     -0.076
            1822.000       1.000       0.346       4.137    0.05%       0.168      0.803
     BIG_WORDS             0.000       0.308      -3.468    0.05%      -0.833     -0.294     -0.050
            1822.000       1.000       0.379       4.550    0.05%       0.200      0.826
     WC                    0.000       1.130      -1.936    0.05%      -0.801     -0.373     -0.158
            1822.000       1.000       2.133       4.950    0.05%       0.067      0.730
     PCP_ID               68.680      -0.543       1.000    0.38%      36.000     69.000     76.000
            1822.000     944.600      -0.694     119.000    0.60%      84.000     96.000
     ROW_NUM             945.741      -0.006       2.000    0.05%     371.000    762.000    953.500
            1822.000  299803.749      -1.208    1887.000    0.05%    1135.000   1517.000

RANDOM STARTS RESULTS RANKED FROM THE BEST TO THE WORST LOGLIKELIHOOD VALUES


6 perturbed starting value run(s) did not converge or were rejected in the third stage.
Final stage loglikelihood values at local maxima, seeds, and initial stage start numbers:

          -37956.310  496762           870
          -37956.310  70118            104
          -37956.310  327140           678
          -37956.310  617243           237
          -37956.310  168888           817
          -37956.310  232226           235
          -37956.310  157351           579
          -37956.310  512836           289
          -37956.310  307843           664
          -37956.310  677720           681
          -37956.310  648555           113
          -37956.310  391368           802
          -37956.310  43523            297
          -37956.310  673496           218
          -37956.310  715255           523
          -37956.310  266008           656
          -37956.310  499347           881
          -37956.310  988761           475
          -37956.310  210139           991
          -37956.310  195873           6
          -37956.310  153394           429
          -37956.310  939709           112
          -37956.310  496703           758
          -37956.310  544009           842
          -37956.310  212934           568
          -37956.310  626087           314
          -37956.310  595759           997
          -37956.310  622860           259
          -37956.310  418686           338
          -37956.310  345974           622
          -37956.310  563584           657
          -37956.310  715561           125
          -37956.310  131856           90
          -37956.310  207896           25
          -37956.310  978781           497
          -37956.310  965994           396
          -37956.310  193847           354
          -37956.310  760531           550
          -37956.310  195353           225
          -37956.310  685268           596
          -37956.310  798839           312
          -37956.310  471438           252
          -37956.310  81233            825
          -37956.310  966603           919
          -37956.310  113138           585
          -37956.310  217744           326
          -37956.310  392407           221
          -37956.310  937068           982
          -37956.310  475419           987
          -37956.310  931874           141



THE BEST LOGLIKELIHOOD VALUE HAS BEEN REPLICATED.  RERUN WITH AT LEAST TWICE THE
RANDOM STARTS TO CHECK THAT THE BEST LOGLIKELIHOOD IS STILL OBTAINED AND REPLICATED.


THE MODEL ESTIMATION TERMINATED NORMALLY



MODEL FIT INFORMATION

Number of Free Parameters                       31

Loglikelihood

          H0 Value                      -37956.310
          H0 Scaling Correction Factor      1.2004
            for MLR

Information Criteria

          Akaike (AIC)                   75974.619
          Bayesian (BIC)                 76145.358
          Sample-Size Adjusted BIC       76046.872
            (n* = (n + 2) / 24)



FINAL CLASS COUNTS AND PROPORTIONS FOR THE LATENT CLASSES
BASED ON THE ESTIMATED MODEL

    Latent
   Classes

       1        653.95418          0.35892
       2       1168.04582          0.64108


FINAL CLASS COUNTS AND PROPORTIONS FOR THE LATENT CLASSES
BASED ON ESTIMATED POSTERIOR PROBABILITIES

    Latent
   Classes

       1        653.95418          0.35892
       2       1168.04582          0.64108


FINAL CLASS COUNTS AND PROPORTIONS FOR THE LATENT CLASSES
BASED ON THEIR MOST LIKELY LATENT CLASS MEMBERSHIP

Class Counts and Proportions

    Latent
   Classes

       1              675          0.37047
       2             1147          0.62953


CLASSIFICATION QUALITY

     Entropy                         0.880


Average Latent Class Probabilities for Most Likely Latent Class Membership (Row)
by Latent Class (Column)

           1        2

    1   0.941    0.059
    2   0.017    0.983


Classification Probabilities for the Most Likely Latent Class Membership (Column)
by Latent Class (Row)

           1        2

    1   0.971    0.029
    2   0.034    0.966


Logits for the Classification Probabilities for the Most Likely Latent Class Membership (Column)
by Latent Class (Row)

              1        2

    1      3.505    0.000
    2     -3.336    0.000


MODEL RESULTS

                                                    Two-Tailed
                    Estimate       S.E.  Est./S.E.    P-Value

Latent Class 1

 Means
    DRIVES             0.034      0.043      0.781      0.435
    COGNITION         -0.136      0.048     -2.795      0.005
    AFFECT            -0.023      0.041     -0.564      0.573
    SOCIAL            -0.062      0.040     -1.551      0.121
    BIG_WORDS          0.336      0.050      6.663      0.000
    WC                -0.279      0.040     -7.051      0.000
    PCP_ID            34.036      1.257     27.084      0.000
    ROW_NUM         1276.129     29.797     42.827      0.000

 Variances
    DRIVES             1.099      0.069     15.944      0.000
    COGNITION          1.203      0.080     15.106      0.000
    AFFECT             0.981      0.077     12.811      0.000
    SOCIAL             0.891      0.055     16.280      0.000
    BIG_WORDS          1.176      0.068     17.331      0.000
    WC                 0.780      0.065     12.069      0.000
    PCP_ID           272.639      8.372     32.566      0.000
    ROW_NUM        *********  12313.962     19.384      0.000

Latent Class 2

 Means
    DRIVES            -0.019      0.030     -0.639      0.523
    COGNITION          0.076      0.029      2.654      0.008
    AFFECT             0.013      0.031      0.429      0.668
    SOCIAL             0.035      0.031      1.113      0.266
    BIG_WORDS         -0.188      0.028     -6.832      0.000
    WC                 0.156      0.032      4.853      0.000
    PCP_ID            88.076      0.510    172.858      0.000
    ROW_NUM          760.767     18.607     40.885      0.000

 Variances
    DRIVES             0.944      0.045     20.828      0.000
    COGNITION          0.870      0.040     21.831      0.000
    AFFECT             1.010      0.056     18.040      0.000
    SOCIAL             1.058      0.050     20.981      0.000
    BIG_WORDS          0.803      0.041     19.815      0.000
    WC                 1.055      0.067     15.848      0.000
    PCP_ID           272.639      8.372     32.566      0.000
    ROW_NUM        *********  12313.962     19.384      0.000

Categorical Latent Variables

 Means
    C#1               -0.580      0.062     -9.377      0.000


QUALITY OF NUMERICAL RESULTS

     Condition Number for the Information Matrix              0.223E-02
       (ratio of smallest to largest eigenvalue)


PLOT INFORMATION

The following plots are available:

  Histograms (sample values)
  Scatterplots (sample values)
  Estimated overall and class-specific distributions

     Beginning Time:  09:09:17
        Ending Time:  09:09:24
       Elapsed Time:  00:00:07



MUTHEN & MUTHEN
3463 Stoner Ave.
Los Angeles, CA  90066

Tel: (310) 391-9971
Fax: (310) 391-8971
Web: www.StatModel.com
Support: Support@StatModel.com

Copyright (c) 1998-2023 Muthen & Muthen
