Mplus VERSION 8.9 (Mac)
MUTHEN & MUTHEN
06/05/2023  10:13 AM

INPUT INSTRUCTIONS

  TITLE:
  L2_1_P_3_lpa_freeVar;
  DATA:
  FILE = "mplus_analyses/psych_process/L2_1_P_3_ml_lpa_freeVar.dat";

  VARIABLE:
  NAMES = drives cognition affect social wc big_words PCP_ID row_num;
   MISSING=.;
   IDVARIABLE IS row_num;
  CLASSES = BC(1) c(3);
  CLUSTER IS PCP_ID;
  WITHIN ARE drives cognition affect social wc big_words;
  BETWEEN ARE BC;
  DEFINE:
  STANDARDIZE drives cognition affect social wc big_words;
  ANALYSIS:
  TYPE = MIXTURE TWOLEVEL;
      ESTIMATOR=MLR;
      STARTS=1000 200;
      STITERATIONS=50;
      LRTSTARTS=1000 50 1000 50;
      PROCESSORS=4;
  MODEL:
  %WITHIN%
  %OVERALL%
  %BETWEEN%
  %OVERALL%
  c ON BC;
  MODEL c:
  %WITHIN%
  %C#1%
  [drives cognition affect social wc big_words];
  drives cognition affect social wc big_words;
  %C#2%
  [drives cognition affect social wc big_words];
  drives cognition affect social wc big_words;
  %C#3%
  [drives cognition affect social wc big_words];
  drives cognition affect social wc big_words;
  SAVEDATA:
  file=mlLpa_L2_1_L1_3.dat; save=cprob; TECH4 IS tech4.dat;
  PLOT:
  type = plot3;



*** WARNING in VARIABLE command
  Note that only the first 8 characters of variable names are used in the output.
  Shorten variable names to avoid any confusion.
*** WARNING in MODEL command
  Variable is uncorrelated with all other variables within class: DRIVES
*** WARNING in MODEL command
  Variable is uncorrelated with all other variables within class: COGNITION
*** WARNING in MODEL command
  Variable is uncorrelated with all other variables within class: AFFECT
*** WARNING in MODEL command
  Variable is uncorrelated with all other variables within class: SOCIAL
*** WARNING in MODEL command
  Variable is uncorrelated with all other variables within class: WC
*** WARNING in MODEL command
  Variable is uncorrelated with all other variables within class: BIG_WORDS
*** WARNING in MODEL command
  At least one variable is uncorrelated with all other variables within class.
  Check that this is what is intended.
*** WARNING in PLOT command
  Note that only the first 8 characters of variable names are used in plots.
  If variable names are not unique within the first 8 characters, problems
  may occur.
   9 WARNING(S) FOUND IN THE INPUT INSTRUCTIONS




L2_1_P_3_lpa_freeVar;

SUMMARY OF ANALYSIS

Number of groups                                                 1
Number of observations                                        1670

Number of dependent variables                                    6
Number of independent variables                                  0
Number of continuous latent variables                            0
Number of categorical latent variables                           2

Observed dependent variables

  Continuous
   DRIVES      COGNITION   AFFECT      SOCIAL      WC          BIG_WORDS

Categorical latent variables
   BC          C

Variables with special functions

  Cluster variable      PCP_ID
  ID variable           ROW_NUM

  Within variables
   DRIVES      COGNITIO    AFFECT      SOCIAL      WC          BIG_WORD


Estimator                                                      MLR
Information matrix                                        OBSERVED
Optimization Specifications for the Quasi-Newton Algorithm for
Continuous Outcomes
  Maximum number of iterations                                 100
  Convergence criterion                                  0.100D-05
Optimization Specifications for the EM Algorithm
  Maximum number of iterations                                 500
  Convergence criteria
    Loglikelihood change                                 0.100D-02
    Relative loglikelihood change                        0.100D-05
    Derivative                                           0.100D-02
Optimization Specifications for the M step of the EM Algorithm for
Categorical Latent variables
  Number of M step iterations                                    1
  M step convergence criterion                           0.100D-02
  Basis for M step termination                           ITERATION
Optimization Specifications for the M step of the EM Algorithm for
Censored, Binary or Ordered Categorical (Ordinal), Unordered
Categorical (Nominal) and Count Outcomes
  Number of M step iterations                                    1
  M step convergence criterion                           0.100D-02
  Basis for M step termination                           ITERATION
  Maximum value for logit thresholds                            15
  Minimum value for logit thresholds                           -15
  Minimum expected cell size for chi-square              0.100D-01
Maximum number of iterations for H1                           2000
Convergence criterion for H1                             0.100D-03
Optimization algorithm                                         EMA
Integration Specifications
  Type                                                    STANDARD
  Number of integration points                                  15
  Dimensions of numerical integration                            0
  Adaptive quadrature                                           ON
Random Starts Specifications
  Number of initial stage random starts                       1000
  Number of final stage optimizations                          200
  Number of initial stage iterations                            50
  Initial stage convergence criterion                    0.100D+01
  Random starts scale                                    0.500D+01
  Random seed for generating random starts                       0
Parameterization                                             LOGIT
Cholesky                                                       OFF

Input data file(s)
  mplus_analyses/psych_process/L2_1_P_3_ml_lpa_freeVar.dat
Input data format  FREE


SUMMARY OF DATA

     Number of missing data patterns             1
     Number of y missing data patterns           1
     Number of u missing data patterns           0
     Number of clusters                        116



COVARIANCE COVERAGE OF DATA

Minimum covariance coverage value   0.100


     PROPORTION OF DATA PRESENT FOR Y


           Covariance Coverage
              DRIVES        COGNITIO      AFFECT        SOCIAL        WC
              ________      ________      ________      ________      ________
 DRIVES         1.000
 COGNITIO       1.000         1.000
 AFFECT         1.000         1.000         1.000
 SOCIAL         1.000         1.000         1.000         1.000
 WC             1.000         1.000         1.000         1.000         1.000
 BIG_WORD       1.000         1.000         1.000         1.000         1.000


           Covariance Coverage
              BIG_WORD
              ________
 BIG_WORD       1.000



UNIVARIATE SAMPLE STATISTICS


     UNIVARIATE HIGHER-ORDER MOMENT DESCRIPTIVE STATISTICS

         Variable/         Mean/     Skewness/   Minimum/ % with                Percentiles
        Sample Size      Variance    Kurtosis    Maximum  Min/Max      20%/60%    40%/80%    Median

     DRIVES                0.000       0.358      -2.668    0.06%      -0.842     -0.284     -0.039
            1670.000       1.000       0.166       3.571    0.06%       0.179      0.792
     COGNITION             0.000       0.212      -3.225    0.06%      -0.832     -0.296     -0.044
            1670.000       1.000       0.290       4.468    0.06%       0.225      0.815
     AFFECT                0.000       0.663      -2.958    0.06%      -0.826     -0.317     -0.092
            1670.000       1.000       0.978       4.396    0.06%       0.162      0.739
     SOCIAL                0.000       0.460      -2.644    0.06%      -0.844     -0.329     -0.077
            1670.000       1.000       0.387       3.992    0.06%       0.175      0.792
     WC                    0.000       1.218      -1.854    0.06%      -0.801     -0.370     -0.167
            1670.000       1.000       2.407       4.876    0.06%       0.057      0.714
     BIG_WORDS             0.000       0.326      -3.514    0.06%      -0.843     -0.292     -0.055
            1670.000       1.000       0.490       4.575    0.06%       0.188      0.835

RANDOM STARTS RESULTS RANKED FROM THE BEST TO THE WORST LOGLIKELIHOOD VALUES


1 perturbed starting value run(s) did not converge or were rejected in the third stage.
Final stage loglikelihood values at local maxima, seeds, and initial stage start numbers:

          -13826.032  354624           448
          -13826.034  170954           86
          -13826.036  491970           563
          -13826.036  268896           124
          -13826.036  830392           35
          -13826.037  798821           423
          -13826.037  391179           78
          -13826.038  604861           800
          -13826.040  462228           298
          -13826.040  848969           173
          -13826.041  497522           502
          -13826.041  360419           356
          -13826.042  39136            226
          -13826.044  30098            209
          -13826.044  459221           652
          -13826.045  779820           877
          -13826.047  213532           503
          -13826.050  192071           142
          -13826.051  988761           475
          -13826.052  329127           185
          -13826.976  853195           431
          -13826.979  7959             256
          -13826.979  502532           445
          -13826.979  667250           318
          -13826.983  848163           47
          -13826.985  252346           528
          -13826.986  312587           775
          -13826.988  243346           930
          -13826.988  339073           841
          -13826.993  342019           301
          -13826.998  178475           231
          -13826.998  848331           137
          -13827.002  781489           627
          -13827.002  77210            712

166 perturbed starting value run(s) did not converge or were rejected in the third stage.



THE BEST LOGLIKELIHOOD VALUE HAS BEEN REPLICATED.  RERUN WITH AT LEAST TWICE THE
RANDOM STARTS TO CHECK THAT THE BEST LOGLIKELIHOOD IS STILL OBTAINED AND REPLICATED.


THE MODEL ESTIMATION TERMINATED NORMALLY



MODEL FIT INFORMATION

Number of Free Parameters                       38

Loglikelihood

          H0 Value                      -13826.032
          H0 Scaling Correction Factor      3.3266
            for MLR

Information Criteria

          Akaike (AIC)                   27728.064
          Bayesian (BIC)                 27934.046
          Sample-Size Adjusted BIC       27813.326
            (n* = (n + 2) / 24)



MODEL RESULTS USE THE LATENT CLASS VARIABLE ORDER

   BC  C


FINAL CLASS COUNTS AND PROPORTIONS FOR THE LATENT CLASS PATTERNS
BASED ON ESTIMATED POSTERIOR PROBABILITIES

  Latent Class
    Pattern

    1  1        508.09580          0.30425
    1  2        252.30552          0.15108
    1  3        909.59869          0.54467


FINAL CLASS COUNTS AND PROPORTIONS FOR EACH LATENT CLASS VARIABLE
BASED ON ESTIMATED POSTERIOR PROBABILITIES

  Latent Class
    Variable    Class

    BC             1      1670.00000          1.00000
    C              1       508.09579          0.30425
                   2       252.30551          0.15108
                   3       909.59869          0.54467


FINAL CLASS COUNTS AND PROPORTIONS FOR THE LATENT CLASS PATTERNS
BASED ON THEIR MOST LIKELY LATENT CLASS PATTERN

Class Counts and Proportions

  Latent Class
    Pattern

    1  1              497          0.29760
    1  2              181          0.10838
    1  3              992          0.59401


FINAL CLASS COUNTS AND PROPORTIONS FOR EACH LATENT CLASS VARIABLE
BASED ON THEIR MOST LIKELY LATENT CLASS PATTERN

  Latent Class
    Variable    Class

    BC             1            1670          1.00000
    C              1             497          0.29760
                   2             181          0.10838
                   3             992          0.59401


CLASSIFICATION QUALITY

     Entropy                         0.543


MODEL RESULTS

                                                    Two-Tailed
                    Estimate       S.E.  Est./S.E.    P-Value

Within Level

Latent Class Pattern 1 1

 Means
    DRIVES             0.057      0.144      0.396      0.692
    COGNITION         -0.366      0.182     -2.010      0.044
    AFFECT             0.381      0.174      2.193      0.028
    SOCIAL             0.259      0.171      1.519      0.129
    WC                -0.814      0.136     -5.985      0.000
    BIG_WORDS         -0.168      0.208     -0.810      0.418

 Variances
    DRIVES             1.479      0.175      8.438      0.000
    COGNITION          1.086      0.259      4.198      0.000
    AFFECT             1.606      0.225      7.154      0.000
    SOCIAL             1.265      0.118     10.757      0.000
    WC                 0.190      0.043      4.450      0.000
    BIG_WORDS          1.212      0.261      4.648      0.000

Latent Class Pattern 1 2

 Means
    DRIVES             0.102      0.164      0.620      0.535
    COGNITION          0.415      0.161      2.573      0.010
    AFFECT            -0.427      0.109     -3.922      0.000
    SOCIAL            -0.269      0.156     -1.721      0.085
    WC                 1.472      0.320      4.602      0.000
    BIG_WORDS          0.107      0.163      0.657      0.511

 Variances
    DRIVES             0.729      0.192      3.804      0.000
    COGNITION          0.780      0.191      4.080      0.000
    AFFECT             0.344      0.042      8.157      0.000
    SOCIAL             0.595      0.125      4.744      0.000
    WC                 1.365      0.216      6.311      0.000
    BIG_WORDS          0.658      0.148      4.447      0.000

Latent Class Pattern 1 3

 Means
    DRIVES            -0.060      0.123     -0.487      0.626
    COGNITION          0.089      0.127      0.702      0.483
    AFFECT            -0.094      0.126     -0.748      0.455
    SOCIAL            -0.070      0.139     -0.505      0.613
    WC                 0.046      0.180      0.255      0.799
    BIG_WORDS          0.064      0.133      0.484      0.628

 Variances
    DRIVES             0.799      0.165      4.842      0.000
    COGNITION          0.882      0.154      5.732      0.000
    AFFECT             0.703      0.109      6.420      0.000
    SOCIAL             0.902      0.157      5.750      0.000
    WC                 0.377      0.065      5.785      0.000
    BIG_WORDS          0.953      0.216      4.416      0.000

Between Level

Categorical Latent Variables

Within Level

 Means
    C#1               -0.582      0.490     -1.189      0.234
    C#2               -1.282      0.343     -3.733      0.000

Between Level


QUALITY OF NUMERICAL RESULTS

     Condition Number for the Information Matrix              0.762E-04
       (ratio of smallest to largest eigenvalue)


C-SPECIFIC CLASSIFICATION RESULTS

Classification Quality for BC

     Entropy                     -Infinity

Average Latent Class Probabilities for Most Likely Latent Class Membership (Row)
by Latent Class (Column)

           1

    1   1.000


Classification Probabilities for the Most Likely Latent Class Membership (Column)
by Latent Class (Row)

           1

    1   1.000


Logits for the Classification Probabilities for the Most Likely Latent Class Membership (Column)
by Latent Class (Row)

              1

    1      0.000

Classification Quality for C

     Entropy                         0.543

Average Latent Class Probabilities for Most Likely Latent Class Membership (Row)
by Latent Class (Column)

           1        2        3

    1   0.767    0.008    0.224
    2   0.000    0.846    0.154
    3   0.128    0.096    0.776


Classification Probabilities for the Most Likely Latent Class Membership (Column)
by Latent Class (Row)

           1        2        3

    1   0.751    0.000    0.249
    2   0.016    0.607    0.376
    3   0.123    0.031    0.847


Logits for the Classification Probabilities for the Most Likely Latent Class Membership (Column)
by Latent Class (Row)

              1        2        3

    1      1.102  -11.322    0.000
    2     -3.137    0.478    0.000
    3     -1.933   -3.321    0.000


SAMPLE STATISTICS FOR ESTIMATED FACTOR SCORES


     SAMPLE STATISTICS


           Means
              C#1           C#2           C_C#1         C_C#2
              ________      ________      ________      ________
               -0.582        -1.282        -0.582        -1.282


           Covariances
              C#1           C#2           C_C#1         C_C#2
              ________      ________      ________      ________
 C#1            0.000
 C#2            0.000         0.000
 C_C#1          0.000         0.000         0.000
 C_C#2          0.000         0.000         0.000         0.000


           Correlations
              C#1           C#2           C_C#1         C_C#2
              ________      ________      ________      ________
 C#1            1.000
 C#2          999.000         1.000
 C_C#1        999.000       999.000         1.000
 C_C#2        999.000       999.000       999.000         1.000


PLOT INFORMATION

The following plots are available:

  Histograms (sample values, estimated factor scores)
  Scatterplots (sample values, estimated factor scores)
  Latent variable distribution plots

SAVEDATA INFORMATION


  Save file
    mlLpa_L2_1_L1_3.dat

  Order and format of variables

    DRIVES         F10.3
    COGNITIO       F10.3
    AFFECT         F10.3
    SOCIAL         F10.3
    WC             F10.3
    BIG_WORD       F10.3
    C#1            F10.3
    C#2            F10.3
    C_C#1          F10.3
    C_C#2          F10.3
    CPROB1         F10.3
    CPROB2         F10.3
    CPROB3         F10.3
    BC             F10.3
    C              F10.3
    MLCJOINT       F10.3
    ROW_NUM        I5
    PCP_ID         I4

  Save file format
    16F10.3 I5 I4

  Save file record length    10000

  Save missing symbol        *


  Estimated Means and Covariance Matrix for the Latent Variables

  Save file
    tech4.dat
  Save format      Free

     Beginning Time:  10:13:32
        Ending Time:  10:14:00
       Elapsed Time:  00:00:28



MUTHEN & MUTHEN
3463 Stoner Ave.
Los Angeles, CA  90066

Tel: (310) 391-9971
Fax: (310) 391-8971
Web: www.StatModel.com
Support: Support@StatModel.com

Copyright (c) 1998-2023 Muthen & Muthen
