Mplus VERSION 8.7 (Mac)
MUTHEN & MUTHEN
05/25/2023   1:44 PM

INPUT INSTRUCTIONS

  TITLE:
  L2_4_P_5_lpa_freeVar;
  DATA:
  FILE = "mplus_analyses/psych_process/L2_4_P_5_ml_lpa_freeVar.dat";

  VARIABLE:
  NAMES = drives cognition affect social wc big_words PCP_ID;
   MISSING=.;
   CLASSES = BC(4) c(5);
  CLUSTER IS PCP_ID;
  WITHIN ARE drives cognition affect social wc big_words;
  BETWEEN ARE BC;
  DEFINE:
  STANDARDIZE drives cognition affect social wc big_words;
  ANALYSIS:
  TYPE = MIXTURE TWOLEVEL;
      ESTIMATOR=MLR;
      STARTS=1000 200;
      STITERATIONS=50;
      LRTSTARTS=1000 50 1000 50;
      PROCESSORS=4;
  MODEL:
  %WITHIN%
  %OVERALL%
  %BETWEEN%
  %OVERALL%
  c ON BC;
  MODEL c:
  %WITHIN%
  %C#1%
  [drives cognition affect social wc big_words];
  drives cognition affect social wc big_words;
  %C#2%
  [drives cognition affect social wc big_words];
  drives cognition affect social wc big_words;
  %C#3%
  [drives cognition affect social wc big_words];
  drives cognition affect social wc big_words;
  %C#4%
  [drives cognition affect social wc big_words];
  drives cognition affect social wc big_words;
  %C#5%
  [drives cognition affect social wc big_words];
  drives cognition affect social wc big_words;
  SAVEDATA:
  file=mlLpa_L2_4_L1_5.dat; save=cprob; TECH4 IS tech4.dat;
  PLOT:
  type = plot3;



*** WARNING in VARIABLE command
  Note that only the first 8 characters of variable names are used in the output.
  Shorten variable names to avoid any confusion.
*** WARNING in MODEL command
  Variable is uncorrelated with all other variables within class: DRIVES
*** WARNING in MODEL command
  Variable is uncorrelated with all other variables within class: COGNITION
*** WARNING in MODEL command
  Variable is uncorrelated with all other variables within class: AFFECT
*** WARNING in MODEL command
  Variable is uncorrelated with all other variables within class: SOCIAL
*** WARNING in MODEL command
  Variable is uncorrelated with all other variables within class: WC
*** WARNING in MODEL command
  Variable is uncorrelated with all other variables within class: BIG_WORDS
*** WARNING in MODEL command
  At least one variable is uncorrelated with all other variables within class.
  Check that this is what is intended.
*** WARNING in PLOT command
  Note that only the first 8 characters of variable names are used in plots.
  If variable names are not unique within the first 8 characters, problems
  may occur.
   9 WARNING(S) FOUND IN THE INPUT INSTRUCTIONS




L2_4_P_5_lpa_freeVar;

SUMMARY OF ANALYSIS

Number of groups                                                 1
Number of observations                                        1670

Number of dependent variables                                    6
Number of independent variables                                  0
Number of continuous latent variables                            0
Number of categorical latent variables                           2

Observed dependent variables

  Continuous
   DRIVES      COGNITION   AFFECT      SOCIAL      WC          BIG_WORDS

Categorical latent variables
   BC          C

Variables with special functions

  Cluster variable      PCP_ID

  Within variables
   DRIVES      COGNITIO    AFFECT      SOCIAL      WC          BIG_WORD


Estimator                                                      MLR
Information matrix                                        OBSERVED
Optimization Specifications for the Quasi-Newton Algorithm for
Continuous Outcomes
  Maximum number of iterations                                 100
  Convergence criterion                                  0.100D-05
Optimization Specifications for the EM Algorithm
  Maximum number of iterations                                 500
  Convergence criteria
    Loglikelihood change                                 0.100D-02
    Relative loglikelihood change                        0.100D-05
    Derivative                                           0.100D-02
Optimization Specifications for the M step of the EM Algorithm for
Categorical Latent variables
  Number of M step iterations                                    1
  M step convergence criterion                           0.100D-02
  Basis for M step termination                           ITERATION
Optimization Specifications for the M step of the EM Algorithm for
Censored, Binary or Ordered Categorical (Ordinal), Unordered
Categorical (Nominal) and Count Outcomes
  Number of M step iterations                                    1
  M step convergence criterion                           0.100D-02
  Basis for M step termination                           ITERATION
  Maximum value for logit thresholds                            15
  Minimum value for logit thresholds                           -15
  Minimum expected cell size for chi-square              0.100D-01
Maximum number of iterations for H1                           2000
Convergence criterion for H1                             0.100D-03
Optimization algorithm                                         EMA
Integration Specifications
  Type                                                    STANDARD
  Number of integration points                                  15
  Dimensions of numerical integration                            0
  Adaptive quadrature                                           ON
Random Starts Specifications
  Number of initial stage random starts                       1000
  Number of final stage optimizations                          200
  Number of initial stage iterations                            50
  Initial stage convergence criterion                    0.100D+01
  Random starts scale                                    0.500D+01
  Random seed for generating random starts                       0
Parameterization                                             LOGIT
Cholesky                                                       OFF

Input data file(s)
  mplus_analyses/psych_process/L2_4_P_5_ml_lpa_freeVar.dat
Input data format  FREE


SUMMARY OF DATA

     Number of missing data patterns             1
     Number of y missing data patterns           1
     Number of u missing data patterns           0
     Number of clusters                        116



COVARIANCE COVERAGE OF DATA

Minimum covariance coverage value   0.100


     PROPORTION OF DATA PRESENT FOR Y


           Covariance Coverage
              DRIVES        COGNITIO      AFFECT        SOCIAL        WC
              ________      ________      ________      ________      ________
 DRIVES         1.000
 COGNITIO       1.000         1.000
 AFFECT         1.000         1.000         1.000
 SOCIAL         1.000         1.000         1.000         1.000
 WC             1.000         1.000         1.000         1.000         1.000
 BIG_WORD       1.000         1.000         1.000         1.000         1.000


           Covariance Coverage
              BIG_WORD
              ________
 BIG_WORD       1.000



UNIVARIATE SAMPLE STATISTICS


     UNIVARIATE HIGHER-ORDER MOMENT DESCRIPTIVE STATISTICS

         Variable/         Mean/     Skewness/   Minimum/ % with                Percentiles
        Sample Size      Variance    Kurtosis    Maximum  Min/Max      20%/60%    40%/80%    Median

     DRIVES                0.000       0.358      -2.668    0.06%      -0.842     -0.284     -0.039
            1670.000       1.000       0.166       3.571    0.06%       0.179      0.792
     COGNITION             0.000       0.212      -3.225    0.06%      -0.832     -0.296     -0.044
            1670.000       1.000       0.290       4.468    0.06%       0.225      0.815
     AFFECT                0.000       0.663      -2.958    0.06%      -0.826     -0.317     -0.092
            1670.000       1.000       0.978       4.396    0.06%       0.162      0.739
     SOCIAL                0.000       0.460      -2.644    0.06%      -0.844     -0.329     -0.077
            1670.000       1.000       0.387       3.992    0.06%       0.175      0.792
     WC                    0.000       1.218      -1.854    0.06%      -0.801     -0.370     -0.167
            1670.000       1.000       2.407       4.876    0.06%       0.057      0.714
     BIG_WORDS             0.000       0.326      -3.514    0.06%      -0.843     -0.292     -0.055
            1670.000       1.000       0.490       4.575    0.06%       0.188      0.835

RANDOM STARTS RESULTS RANKED FROM THE BEST TO THE WORST LOGLIKELIHOOD VALUES


14 perturbed starting value run(s) did not converge or were rejected in the third stage.
Final stage loglikelihood values at local maxima, seeds, and initial stage start numbers:

          -13291.142  533738           11
          -13291.154  930323           267
          -13291.175  791285           416
          -13291.178  507154           387
          -13291.259  157351           579
          -13291.268  514326           325
          -13291.276  3607             873
          -13291.276  432148           30
          -13291.318  74518            927
          -13291.377  354624           448
          -13291.383  165853           105
          -13291.413  576220           115
          -13291.485  118438           601
          -13294.005  77571            980
          -13294.007  526324           178
          -13295.060  327475           518
          -13297.876  49221            254
          -13309.578  153942           31
          -13309.854  691234           250
          -13321.448  306768           978
          -13321.450  40327            971
          -13321.452  614009           317
          -13321.453  568405           233
          -13323.856  438144           271
          -13324.294  366533           484
          -13325.110  405079           68
          -13330.718  715255           523
          -13332.419  782821           272

172 perturbed starting value run(s) did not converge or were rejected in the third stage.



THE BEST LOGLIKELIHOOD VALUE HAS BEEN REPLICATED.  RERUN WITH AT LEAST TWICE THE
RANDOM STARTS TO CHECK THAT THE BEST LOGLIKELIHOOD IS STILL OBTAINED AND REPLICATED.

     THE STANDARD ERRORS OF THE MODEL PARAMETER ESTIMATES MAY NOT BE
     TRUSTWORTHY FOR SOME PARAMETERS DUE TO A NON-POSITIVE DEFINITE
     FIRST-ORDER DERIVATIVE PRODUCT MATRIX.  THIS MAY BE DUE TO THE STARTING
     VALUES BUT MAY ALSO BE AN INDICATION OF MODEL NONIDENTIFICATION.  THE
     CONDITION NUMBER IS       0.943D-16.  PROBLEM INVOLVING THE FOLLOWING PARAMETER:
     Parameter 68, %BETWEEN%: C#1 ON BC#1

     ONE OR MORE MULTINOMIAL LOGIT PARAMETERS WERE FIXED TO AVOID SINGULARITY
     OF THE INFORMATION MATRIX.  THE SINGULARITY IS MOST LIKELY BECAUSE THE
     MODEL IS NOT IDENTIFIED, OR BECAUSE OF EMPTY CELLS IN THE JOINT
     DISTRIBUTION OF THE CATEGORICAL LATENT VARIABLES AND ANY INDEPENDENT
     VARIABLES.  THE FOLLOWING PARAMETERS WERE FIXED:
     Parameter 75, %BETWEEN%: C#4 ON BC#2


THE MODEL ESTIMATION TERMINATED NORMALLY



MODEL FIT INFORMATION

Number of Free Parameters                       79

Loglikelihood

          H0 Value                      -13291.142
          H0 Scaling Correction Factor      2.6347
            for MLR

Information Criteria

          Akaike (AIC)                   26740.283
          Bayesian (BIC)                 27168.509
          Sample-Size Adjusted BIC       26917.537
            (n* = (n + 2) / 24)



MODEL RESULTS USE THE LATENT CLASS VARIABLE ORDER

   BC  C


FINAL CLASS COUNTS AND PROPORTIONS FOR THE LATENT CLASS PATTERNS
BASED ON ESTIMATED POSTERIOR PROBABILITIES

  Latent Class
    Pattern

    1  1          0.00000          0.00000
    1  2          0.00679          0.00000
    1  3         66.32450          0.03972
    1  4        381.21143          0.22827
    1  5        134.92241          0.08079
    2  1          0.04391          0.00003
    2  2        328.37109          0.19663
    2  3         38.29612          0.02293
    2  4          0.00000          0.00000
    2  5         16.80910          0.01007
    3  1          2.95235          0.00177
    3  2          8.17117          0.00489
    3  3        230.97638          0.13831
    3  4         10.87007          0.00651
    3  5          0.00000          0.00000
    4  1        387.71858          0.23217
    4  2          0.23310          0.00014
    4  3         15.59512          0.00934
    4  4          1.93774          0.00116
    4  5         45.56014          0.02728


FINAL CLASS COUNTS AND PROPORTIONS FOR EACH LATENT CLASS VARIABLE
BASED ON ESTIMATED POSTERIOR PROBABILITIES

  Latent Class
    Variable    Class

    BC             1       582.46515          0.34878
                   2       383.52023          0.22965
                   3       252.96997          0.15148
                   4       451.04471          0.27009
    C              1       390.71484          0.23396
                   2       336.78214          0.20167
                   3       351.19211          0.21029
                   4       394.01926          0.23594
                   5       197.29164          0.11814


FINAL CLASS COUNTS AND PROPORTIONS FOR THE LATENT CLASS PATTERNS
BASED ON THEIR MOST LIKELY LATENT CLASS PATTERN

Class Counts and Proportions

  Latent Class
    Pattern

    1  1                0          0.00000
    1  2                0          0.00000
    1  3               50          0.02994
    1  4              422          0.25269
    1  5              115          0.06886
    2  1                2          0.00120
    2  2              347          0.20778
    2  3               24          0.01437
    2  4                0          0.00000
    2  5               11          0.00659
    3  1                0          0.00000
    3  2                3          0.00180
    3  3              242          0.14491
    3  4                5          0.00299
    3  5                0          0.00000
    4  1              408          0.24431
    4  2                0          0.00000
    4  3                7          0.00419
    4  4                0          0.00000
    4  5               34          0.02036


FINAL CLASS COUNTS AND PROPORTIONS FOR EACH LATENT CLASS VARIABLE
BASED ON THEIR MOST LIKELY LATENT CLASS PATTERN

  Latent Class
    Variable    Class

    BC             1             587          0.35150
                   2             384          0.22994
                   3             250          0.14970
                   4             449          0.26886
    C              1             410          0.24551
                   2             350          0.20958
                   3             323          0.19341
                   4             427          0.25569
                   5             160          0.09581


CLASSIFICATION QUALITY

     Entropy                         0.879


MODEL RESULTS

                                                    Two-Tailed
                    Estimate       S.E.  Est./S.E.    P-Value

Within Level

Latent Class Pattern 1 1

 Means
    DRIVES            -0.434      0.147     -2.946      0.003
    COGNITION         -0.116      0.128     -0.901      0.368
    AFFECT            -0.771      0.077    -10.031      0.000
    SOCIAL             0.167      0.210      0.795      0.426
    WC                -0.068      0.103     -0.656      0.512
    BIG_WORDS          0.281      0.139      2.029      0.042

 Variances
    DRIVES             0.920      0.127      7.221      0.000
    COGNITION          0.916      0.113      8.084      0.000
    AFFECT             0.496      0.035     14.050      0.000
    SOCIAL             1.327      0.206      6.447      0.000
    WC                 0.522      0.089      5.879      0.000
    BIG_WORDS          0.977      0.172      5.673      0.000

Latent Class Pattern 1 2

 Means
    DRIVES             0.110      0.119      0.924      0.355
    COGNITION         -0.218      0.170     -1.284      0.199
    AFFECT             0.221      0.089      2.491      0.013
    SOCIAL            -0.396      0.114     -3.484      0.000
    WC                -0.202      0.072     -2.805      0.005
    BIG_WORDS          0.599      0.132      4.552      0.000

 Variances
    DRIVES             0.852      0.113      7.517      0.000
    COGNITION          0.952      0.194      4.907      0.000
    AFFECT             0.570      0.050     11.403      0.000
    SOCIAL             0.587      0.046     12.708      0.000
    WC                 0.338      0.041      8.311      0.000
    BIG_WORDS          0.983      0.120      8.199      0.000

Latent Class Pattern 1 3

 Means
    DRIVES             0.135      0.123      1.095      0.273
    COGNITION         -0.457      0.136     -3.356      0.001
    AFFECT             0.591      0.135      4.368      0.000
    SOCIAL             0.325      0.152      2.140      0.032
    WC                -0.850      0.087     -9.765      0.000
    BIG_WORDS         -0.476      0.139     -3.423      0.001

 Variances
    DRIVES             1.379      0.183      7.526      0.000
    COGNITION          0.804      0.145      5.553      0.000
    AFFECT             1.598      0.209      7.663      0.000
    SOCIAL             1.141      0.085     13.457      0.000
    WC                 0.205      0.020     10.140      0.000
    BIG_WORDS          0.903      0.178      5.080      0.000

Latent Class Pattern 1 4

 Means
    DRIVES             0.186      0.148      1.257      0.209
    COGNITION          0.463      0.133      3.481      0.000
    AFFECT             0.257      0.117      2.195      0.028
    SOCIAL             0.048      0.204      0.238      0.812
    WC                 0.174      0.157      1.106      0.269
    BIG_WORDS         -0.435      0.069     -6.295      0.000

 Variances
    DRIVES             0.810      0.121      6.679      0.000
    COGNITION          0.846      0.135      6.283      0.000
    AFFECT             0.600      0.090      6.698      0.000
    SOCIAL             0.819      0.115      7.139      0.000
    WC                 0.467      0.081      5.786      0.000
    BIG_WORDS          0.519      0.058      8.908      0.000

Latent Class Pattern 1 5

 Means
    DRIVES             0.060      0.123      0.492      0.623
    COGNITION          0.490      0.178      2.752      0.006
    AFFECT            -0.414      0.127     -3.257      0.001
    SOCIAL            -0.330      0.142     -2.318      0.020
    WC                 1.645      0.328      5.019      0.000
    BIG_WORDS          0.136      0.195      0.695      0.487

 Variances
    DRIVES             0.619      0.119      5.194      0.000
    COGNITION          0.759      0.188      4.034      0.000
    AFFECT             0.281      0.034      8.199      0.000
    SOCIAL             0.545      0.101      5.414      0.000
    WC                 1.423      0.244      5.824      0.000
    BIG_WORDS          0.642      0.124      5.182      0.000

Latent Class Pattern 2 1

 Means
    DRIVES            -0.434      0.147     -2.946      0.003
    COGNITION         -0.116      0.128     -0.901      0.368
    AFFECT            -0.771      0.077    -10.031      0.000
    SOCIAL             0.167      0.210      0.795      0.426
    WC                -0.068      0.103     -0.656      0.512
    BIG_WORDS          0.281      0.139      2.029      0.042

 Variances
    DRIVES             0.920      0.127      7.221      0.000
    COGNITION          0.916      0.113      8.084      0.000
    AFFECT             0.496      0.035     14.050      0.000
    SOCIAL             1.327      0.206      6.447      0.000
    WC                 0.522      0.089      5.879      0.000
    BIG_WORDS          0.977      0.172      5.673      0.000

Latent Class Pattern 2 2

 Means
    DRIVES             0.110      0.119      0.924      0.355
    COGNITION         -0.218      0.170     -1.284      0.199
    AFFECT             0.221      0.089      2.491      0.013
    SOCIAL            -0.396      0.114     -3.484      0.000
    WC                -0.202      0.072     -2.805      0.005
    BIG_WORDS          0.599      0.132      4.552      0.000

 Variances
    DRIVES             0.852      0.113      7.517      0.000
    COGNITION          0.952      0.194      4.907      0.000
    AFFECT             0.570      0.050     11.403      0.000
    SOCIAL             0.587      0.046     12.708      0.000
    WC                 0.338      0.041      8.311      0.000
    BIG_WORDS          0.983      0.120      8.199      0.000

Latent Class Pattern 2 3

 Means
    DRIVES             0.135      0.123      1.095      0.273
    COGNITION         -0.457      0.136     -3.356      0.001
    AFFECT             0.591      0.135      4.368      0.000
    SOCIAL             0.325      0.152      2.140      0.032
    WC                -0.850      0.087     -9.765      0.000
    BIG_WORDS         -0.476      0.139     -3.423      0.001

 Variances
    DRIVES             1.379      0.183      7.526      0.000
    COGNITION          0.804      0.145      5.553      0.000
    AFFECT             1.598      0.209      7.663      0.000
    SOCIAL             1.141      0.085     13.457      0.000
    WC                 0.205      0.020     10.140      0.000
    BIG_WORDS          0.903      0.178      5.080      0.000

Latent Class Pattern 2 4

 Means
    DRIVES             0.186      0.148      1.257      0.209
    COGNITION          0.463      0.133      3.481      0.000
    AFFECT             0.257      0.117      2.195      0.028
    SOCIAL             0.048      0.204      0.238      0.812
    WC                 0.174      0.157      1.106      0.269
    BIG_WORDS         -0.435      0.069     -6.295      0.000

 Variances
    DRIVES             0.810      0.121      6.679      0.000
    COGNITION          0.846      0.135      6.283      0.000
    AFFECT             0.600      0.090      6.698      0.000
    SOCIAL             0.819      0.115      7.139      0.000
    WC                 0.467      0.081      5.786      0.000
    BIG_WORDS          0.519      0.058      8.908      0.000

Latent Class Pattern 2 5

 Means
    DRIVES             0.060      0.123      0.492      0.623
    COGNITION          0.490      0.178      2.752      0.006
    AFFECT            -0.414      0.127     -3.257      0.001
    SOCIAL            -0.330      0.142     -2.318      0.020
    WC                 1.645      0.328      5.019      0.000
    BIG_WORDS          0.136      0.195      0.695      0.487

 Variances
    DRIVES             0.619      0.119      5.194      0.000
    COGNITION          0.759      0.188      4.034      0.000
    AFFECT             0.281      0.034      8.199      0.000
    SOCIAL             0.545      0.101      5.414      0.000
    WC                 1.423      0.244      5.824      0.000
    BIG_WORDS          0.642      0.124      5.182      0.000

Latent Class Pattern 3 1

 Means
    DRIVES            -0.434      0.147     -2.946      0.003
    COGNITION         -0.116      0.128     -0.901      0.368
    AFFECT            -0.771      0.077    -10.031      0.000
    SOCIAL             0.167      0.210      0.795      0.426
    WC                -0.068      0.103     -0.656      0.512
    BIG_WORDS          0.281      0.139      2.029      0.042

 Variances
    DRIVES             0.920      0.127      7.221      0.000
    COGNITION          0.916      0.113      8.084      0.000
    AFFECT             0.496      0.035     14.050      0.000
    SOCIAL             1.327      0.206      6.447      0.000
    WC                 0.522      0.089      5.879      0.000
    BIG_WORDS          0.977      0.172      5.673      0.000

Latent Class Pattern 3 2

 Means
    DRIVES             0.110      0.119      0.924      0.355
    COGNITION         -0.218      0.170     -1.284      0.199
    AFFECT             0.221      0.089      2.491      0.013
    SOCIAL            -0.396      0.114     -3.484      0.000
    WC                -0.202      0.072     -2.805      0.005
    BIG_WORDS          0.599      0.132      4.552      0.000

 Variances
    DRIVES             0.852      0.113      7.517      0.000
    COGNITION          0.952      0.194      4.907      0.000
    AFFECT             0.570      0.050     11.403      0.000
    SOCIAL             0.587      0.046     12.708      0.000
    WC                 0.338      0.041      8.311      0.000
    BIG_WORDS          0.983      0.120      8.199      0.000

Latent Class Pattern 3 3

 Means
    DRIVES             0.135      0.123      1.095      0.273
    COGNITION         -0.457      0.136     -3.356      0.001
    AFFECT             0.591      0.135      4.368      0.000
    SOCIAL             0.325      0.152      2.140      0.032
    WC                -0.850      0.087     -9.765      0.000
    BIG_WORDS         -0.476      0.139     -3.423      0.001

 Variances
    DRIVES             1.379      0.183      7.526      0.000
    COGNITION          0.804      0.145      5.553      0.000
    AFFECT             1.598      0.209      7.663      0.000
    SOCIAL             1.141      0.085     13.457      0.000
    WC                 0.205      0.020     10.140      0.000
    BIG_WORDS          0.903      0.178      5.080      0.000

Latent Class Pattern 3 4

 Means
    DRIVES             0.186      0.148      1.257      0.209
    COGNITION          0.463      0.133      3.481      0.000
    AFFECT             0.257      0.117      2.195      0.028
    SOCIAL             0.048      0.204      0.238      0.812
    WC                 0.174      0.157      1.106      0.269
    BIG_WORDS         -0.435      0.069     -6.295      0.000

 Variances
    DRIVES             0.810      0.121      6.679      0.000
    COGNITION          0.846      0.135      6.283      0.000
    AFFECT             0.600      0.090      6.698      0.000
    SOCIAL             0.819      0.115      7.139      0.000
    WC                 0.467      0.081      5.786      0.000
    BIG_WORDS          0.519      0.058      8.908      0.000

Latent Class Pattern 3 5

 Means
    DRIVES             0.060      0.123      0.492      0.623
    COGNITION          0.490      0.178      2.752      0.006
    AFFECT            -0.414      0.127     -3.257      0.001
    SOCIAL            -0.330      0.142     -2.318      0.020
    WC                 1.645      0.328      5.019      0.000
    BIG_WORDS          0.136      0.195      0.695      0.487

 Variances
    DRIVES             0.619      0.119      5.194      0.000
    COGNITION          0.759      0.188      4.034      0.000
    AFFECT             0.281      0.034      8.199      0.000
    SOCIAL             0.545      0.101      5.414      0.000
    WC                 1.423      0.244      5.824      0.000
    BIG_WORDS          0.642      0.124      5.182      0.000

Latent Class Pattern 4 1

 Means
    DRIVES            -0.434      0.147     -2.946      0.003
    COGNITION         -0.116      0.128     -0.901      0.368
    AFFECT            -0.771      0.077    -10.031      0.000
    SOCIAL             0.167      0.210      0.795      0.426
    WC                -0.068      0.103     -0.656      0.512
    BIG_WORDS          0.281      0.139      2.029      0.042

 Variances
    DRIVES             0.920      0.127      7.221      0.000
    COGNITION          0.916      0.113      8.084      0.000
    AFFECT             0.496      0.035     14.050      0.000
    SOCIAL             1.327      0.206      6.447      0.000
    WC                 0.522      0.089      5.879      0.000
    BIG_WORDS          0.977      0.172      5.673      0.000

Latent Class Pattern 4 2

 Means
    DRIVES             0.110      0.119      0.924      0.355
    COGNITION         -0.218      0.170     -1.284      0.199
    AFFECT             0.221      0.089      2.491      0.013
    SOCIAL            -0.396      0.114     -3.484      0.000
    WC                -0.202      0.072     -2.805      0.005
    BIG_WORDS          0.599      0.132      4.552      0.000

 Variances
    DRIVES             0.852      0.113      7.517      0.000
    COGNITION          0.952      0.194      4.907      0.000
    AFFECT             0.570      0.050     11.403      0.000
    SOCIAL             0.587      0.046     12.708      0.000
    WC                 0.338      0.041      8.311      0.000
    BIG_WORDS          0.983      0.120      8.199      0.000

Latent Class Pattern 4 3

 Means
    DRIVES             0.135      0.123      1.095      0.273
    COGNITION         -0.457      0.136     -3.356      0.001
    AFFECT             0.591      0.135      4.368      0.000
    SOCIAL             0.325      0.152      2.140      0.032
    WC                -0.850      0.087     -9.765      0.000
    BIG_WORDS         -0.476      0.139     -3.423      0.001

 Variances
    DRIVES             1.379      0.183      7.526      0.000
    COGNITION          0.804      0.145      5.553      0.000
    AFFECT             1.598      0.209      7.663      0.000
    SOCIAL             1.141      0.085     13.457      0.000
    WC                 0.205      0.020     10.140      0.000
    BIG_WORDS          0.903      0.178      5.080      0.000

Latent Class Pattern 4 4

 Means
    DRIVES             0.186      0.148      1.257      0.209
    COGNITION          0.463      0.133      3.481      0.000
    AFFECT             0.257      0.117      2.195      0.028
    SOCIAL             0.048      0.204      0.238      0.812
    WC                 0.174      0.157      1.106      0.269
    BIG_WORDS         -0.435      0.069     -6.295      0.000

 Variances
    DRIVES             0.810      0.121      6.679      0.000
    COGNITION          0.846      0.135      6.283      0.000
    AFFECT             0.600      0.090      6.698      0.000
    SOCIAL             0.819      0.115      7.139      0.000
    WC                 0.467      0.081      5.786      0.000
    BIG_WORDS          0.519      0.058      8.908      0.000

Latent Class Pattern 4 5

 Means
    DRIVES             0.060      0.123      0.492      0.623
    COGNITION          0.490      0.178      2.752      0.006
    AFFECT            -0.414      0.127     -3.257      0.001
    SOCIAL            -0.330      0.142     -2.318      0.020
    WC                 1.645      0.328      5.019      0.000
    BIG_WORDS          0.136      0.195      0.695      0.487

 Variances
    DRIVES             0.619      0.119      5.194      0.000
    COGNITION          0.759      0.188      4.034      0.000
    AFFECT             0.281      0.034      8.199      0.000
    SOCIAL             0.545      0.101      5.414      0.000
    WC                 1.423      0.244      5.824      0.000
    BIG_WORDS          0.642      0.124      5.182      0.000

Between Level

Categorical Latent Variables

Within Level

 Intercepts
    C#1                2.141      0.349      6.143      0.000
    C#2               -5.225      1.481     -3.528      0.000
    C#3               -1.072      0.685     -1.566      0.117
    C#4               -3.155      4.059     -0.777      0.437

Between Level

 C#1        ON
    BC#1             -23.442      0.707    -33.145      0.000
    BC#2              -8.059      4.106     -1.962      0.050
    BC#3              12.131      3.877      3.129      0.002

 C#2        ON
    BC#1              -4.563      1.914     -2.384      0.017
    BC#2               8.197      1.563      5.246      0.000
    BC#3              20.514      2.485      8.256      0.000

 C#3        ON
    BC#1               0.362      1.188      0.305      0.760
    BC#2               1.896      0.947      2.001      0.045
    BC#3              19.701      0.721     27.333      0.000

 C#4        ON
    BC#1               4.194      4.107      1.021      0.307
    BC#2             -22.376      0.000    999.000    999.000
    BC#3              18.725      4.224      4.433      0.000

 Means
    BC#1               0.476      0.292      1.630      0.103
    BC#2               0.155      0.305      0.508      0.611
    BC#3              -0.280      0.324     -0.864      0.388


QUALITY OF NUMERICAL RESULTS

     Condition Number for the Information Matrix              0.326E-08
       (ratio of smallest to largest eigenvalue)


C-SPECIFIC CLASSIFICATION RESULTS

Classification Quality for BC

     Entropy                         0.955

Average Latent Class Probabilities for Most Likely Latent Class Membership (Row)
by Latent Class (Column)

           1        2        3        4

    1   0.976    0.011    0.001    0.012
    2   0.004    0.973    0.005    0.017
    3   0.001    0.002    0.996    0.000
    4   0.017    0.007    0.003    0.974


Classification Probabilities for the Most Likely Latent Class Membership (Column)
by Latent Class (Row)

           1        2        3        4

    1   0.984    0.003    0.001    0.013
    2   0.016    0.974    0.002    0.008
    3   0.003    0.008    0.984    0.005
    4   0.015    0.015    0.000    0.970


Logits for the Classification Probabilities for the Most Likely Latent Class Membership (Column)
by Latent Class (Row)

              1        2        3        4

    1      4.348   -1.533   -3.071    0.000
    2      0.747    4.840   -1.601    0.000
    3     -0.376    0.486    5.336    0.000
    4     -4.160   -4.176   -8.867    0.000

Classification Quality for C

     Entropy                         0.787

Average Latent Class Probabilities for Most Likely Latent Class Membership (Row)
by Latent Class (Column)

           1        2        3        4        5

    1   0.905    0.007    0.032    0.014    0.043
    2   0.015    0.897    0.062    0.006    0.019
    3   0.011    0.040    0.890    0.057    0.001
    4   0.010    0.012    0.068    0.816    0.095
    5   0.041    0.012    0.000    0.121    0.827


Classification Probabilities for the Most Likely Latent Class Membership (Column)
by Latent Class (Row)

           1        2        3        4        5

    1   0.949    0.014    0.009    0.011    0.017
    2   0.009    0.933    0.039    0.015    0.006
    3   0.037    0.062    0.819    0.082    0.000
    4   0.014    0.005    0.047    0.884    0.049
    5   0.089    0.033    0.002    0.205    0.670


Logits for the Classification Probabilities for the Most Likely Latent Class Membership (Column)
by Latent Class (Row)

              1        2        3        4        5

    1      4.040   -0.196   -0.593   -0.418    0.000
    2      0.439    5.131    1.951    0.973    0.000
    3      7.025    7.551   10.127    7.829    0.000
    4     -1.234   -2.220   -0.049    2.891    0.000
    5     -2.014   -2.998   -5.780   -1.186    0.000


SAMPLE STATISTICS FOR ESTIMATED FACTOR SCORES


     SAMPLE STATISTICS


           Means
              BC#1          BC#2          BC#3          C#1           C#2
              ________      ________      ________      ________      ________
                0.476         0.155        -0.280         2.141        -5.225


           Means
              C#3           C#4           C_BC#1        C_BC#2        C_BC#3
              ________      ________      ________      ________      ________
               -1.072        -3.155         0.476         0.155        -0.280


           Means
              C_C#1         C_C#2         C_C#3         C_C#4
              ________      ________      ________      ________
                2.141        -5.225        -1.072        -3.155


           Covariances
              BC#1          BC#2          BC#3          C#1           C#2
              ________      ________      ________      ________      ________
 BC#1           0.000
 BC#2           0.000         0.000
 BC#3           0.000         0.000         0.000
 C#1            0.000         0.000         0.000         0.000
 C#2            0.000         0.000         0.000         0.000         0.000
 C#3            0.000         0.000         0.000         0.000         0.000
 C#4            0.000         0.000         0.000         0.000         0.000
 C_BC#1         0.000         0.000         0.000         0.000         0.000
 C_BC#2         0.000         0.000         0.000         0.000         0.000
 C_BC#3         0.000         0.000         0.000         0.000         0.000
 C_C#1          0.000         0.000         0.000         0.000         0.000
 C_C#2          0.000         0.000         0.000         0.000         0.000
 C_C#3          0.000         0.000         0.000         0.000         0.000
 C_C#4          0.000         0.000         0.000         0.000         0.000


           Covariances
              C#3           C#4           C_BC#1        C_BC#2        C_BC#3
              ________      ________      ________      ________      ________
 C#3            0.000
 C#4            0.000         0.000
 C_BC#1         0.000         0.000         0.000
 C_BC#2         0.000         0.000         0.000         0.000
 C_BC#3         0.000         0.000         0.000         0.000         0.000
 C_C#1          0.000         0.000         0.000         0.000         0.000
 C_C#2          0.000         0.000         0.000         0.000         0.000
 C_C#3          0.000         0.000         0.000         0.000         0.000
 C_C#4          0.000         0.000         0.000         0.000         0.000


           Covariances
              C_C#1         C_C#2         C_C#3         C_C#4
              ________      ________      ________      ________
 C_C#1          0.000
 C_C#2          0.000         0.000
 C_C#3          0.000         0.000         0.000
 C_C#4          0.000         0.000         0.000         0.000


           Correlations
              BC#1          BC#2          BC#3          C#1           C#2
              ________      ________      ________      ________      ________
 BC#1           1.000
 BC#2         999.000         1.000
 BC#3         999.000       999.000         1.000
 C#1          999.000       999.000       999.000         1.000
 C#2          999.000       999.000       999.000       999.000         1.000
 C#3          999.000       999.000       999.000       999.000       999.000
 C#4          999.000       999.000       999.000       999.000       999.000
 C_BC#1       999.000       999.000       999.000       999.000       999.000
 C_BC#2       999.000       999.000       999.000       999.000       999.000
 C_BC#3       999.000       999.000       999.000       999.000       999.000
 C_C#1        999.000       999.000       999.000       999.000       999.000
 C_C#2        999.000       999.000       999.000       999.000       999.000
 C_C#3        999.000       999.000       999.000       999.000       999.000
 C_C#4        999.000       999.000       999.000       999.000       999.000


           Correlations
              C#3           C#4           C_BC#1        C_BC#2        C_BC#3
              ________      ________      ________      ________      ________
 C#3            1.000
 C#4          999.000         1.000
 C_BC#1       999.000       999.000         1.000
 C_BC#2       999.000       999.000       999.000         1.000
 C_BC#3       999.000       999.000       999.000       999.000         1.000
 C_C#1        999.000       999.000       999.000       999.000       999.000
 C_C#2        999.000       999.000       999.000       999.000       999.000
 C_C#3        999.000       999.000       999.000       999.000       999.000
 C_C#4        999.000       999.000       999.000       999.000       999.000


           Correlations
              C_C#1         C_C#2         C_C#3         C_C#4
              ________      ________      ________      ________
 C_C#1          1.000
 C_C#2        999.000         1.000
 C_C#3        999.000       999.000         1.000
 C_C#4        999.000       999.000       999.000         1.000


PLOT INFORMATION

The following plots are available:

  Histograms (sample values, estimated factor scores)
  Scatterplots (sample values, estimated factor scores)
  Latent variable distribution plots

SAVEDATA INFORMATION


  Save file
    mlLpa_L2_4_L1_5.dat

  Order and format of variables

    DRIVES         F10.3
    COGNITIO       F10.3
    AFFECT         F10.3
    SOCIAL         F10.3
    WC             F10.3
    BIG_WORD       F10.3
    BC#1           F10.3
    BC#2           F10.3
    BC#3           F10.3
    C#1            F10.3
    C#2            F10.3
    C#3            F10.3
    C#4            F10.3
    C_BC#1         F10.3
    C_BC#2         F10.3
    C_BC#3         F10.3
    C_C#1          F10.3
    C_C#2          F10.3
    C_C#3          F10.3
    C_C#4          F10.3
    CPROB1         F10.3
    CPROB2         F10.3
    CPROB3         F10.3
    CPROB4         F10.3
    CPROB5         F10.3
    CPROB6         F10.3
    CPROB7         F10.3
    CPROB8         F10.3
    CPROB9         F10.3
    CPROB10        F10.3
    CPROB11        F10.3
    CPROB12        F10.3
    CPROB13        F10.3
    CPROB14        F10.3
    CPROB15        F10.3
    CPROB16        F10.3
    CPROB17        F10.3
    CPROB18        F10.3
    CPROB19        F10.3
    CPROB20        F10.3
    BC             F10.3
    C              F10.3
    MLCJOINT       F10.3
    PCP_ID         I4

  Save file format
    43F10.3 I4

  Save file record length    10000

  Save missing symbol        *


  Estimated Means and Covariance Matrix for the Latent Variables

  Save file
    tech4.dat
  Save format      Free

     Beginning Time:  13:44:24
        Ending Time:  13:47:41
       Elapsed Time:  00:03:17



MUTHEN & MUTHEN
3463 Stoner Ave.
Los Angeles, CA  90066

Tel: (310) 391-9971
Fax: (310) 391-8971
Web: www.StatModel.com
Support: Support@StatModel.com

Copyright (c) 1998-2021 Muthen & Muthen
