Mplus VERSION 8.9 (Mac)
MUTHEN & MUTHEN
06/05/2023   9:44 AM

INPUT INSTRUCTIONS

  TITLE:
  L2_4_P_3_lpa_freeVar;
  DATA:
  FILE = "mplus_analyses/psych_process/L2_4_P_3_ml_lpa_freeVar.dat";

  VARIABLE:
  NAMES = drives cognition affect social wc big_words PCP_ID row_num;
   MISSING=.;
   CLASSES = BC(4) c(3);
  CLUSTER IS PCP_ID;
  WITHIN ARE drives cognition affect social wc big_words;
  BETWEEN ARE BC;
  DEFINE:
  STANDARDIZE drives cognition affect social wc big_words;
  ANALYSIS:
  TYPE = MIXTURE TWOLEVEL;
      ESTIMATOR=MLR;
      STARTS=1000 200;
      STITERATIONS=50;
      LRTSTARTS=1000 50 1000 50;
      PROCESSORS=4;
  MODEL:
  %WITHIN%
  %OVERALL%
  %BETWEEN%
  %OVERALL%
  c ON BC;
  MODEL c:
  %WITHIN%
  %C#1%
  [drives cognition affect social wc big_words];
  drives cognition affect social wc big_words;
  %C#2%
  [drives cognition affect social wc big_words];
  drives cognition affect social wc big_words;
  %C#3%
  [drives cognition affect social wc big_words];
  drives cognition affect social wc big_words;
  SAVEDATA:
  file=mlLpa_L2_4_L1_3.dat; save=cprob; TECH4 IS tech4.dat;
  PLOT:
  type = plot3;



*** WARNING in VARIABLE command
  Note that only the first 8 characters of variable names are used in the output.
  Shorten variable names to avoid any confusion.
*** WARNING in MODEL command
  Variable is uncorrelated with all other variables within class: DRIVES
*** WARNING in MODEL command
  Variable is uncorrelated with all other variables within class: COGNITION
*** WARNING in MODEL command
  Variable is uncorrelated with all other variables within class: AFFECT
*** WARNING in MODEL command
  Variable is uncorrelated with all other variables within class: SOCIAL
*** WARNING in MODEL command
  Variable is uncorrelated with all other variables within class: WC
*** WARNING in MODEL command
  Variable is uncorrelated with all other variables within class: BIG_WORDS
*** WARNING in MODEL command
  Variable is uncorrelated with all other variables within class: ROW_NUM
*** WARNING in MODEL command
  At least one variable is uncorrelated with all other variables within class.
  Check that this is what is intended.
*** WARNING in PLOT command
  Note that only the first 8 characters of variable names are used in plots.
  If variable names are not unique within the first 8 characters, problems
  may occur.
  10 WARNING(S) FOUND IN THE INPUT INSTRUCTIONS




L2_4_P_3_lpa_freeVar;

SUMMARY OF ANALYSIS

Number of groups                                                 1
Number of observations                                        1670

Number of dependent variables                                    7
Number of independent variables                                  0
Number of continuous latent variables                            0
Number of categorical latent variables                           2

Observed dependent variables

  Continuous
   DRIVES      COGNITION   AFFECT      SOCIAL      WC          BIG_WORDS
   ROW_NUM

Categorical latent variables
   BC          C

Variables with special functions

  Cluster variable      PCP_ID

  Within variables
   DRIVES      COGNITIO    AFFECT      SOCIAL      WC          BIG_WORD


Estimator                                                      MLR
Information matrix                                        OBSERVED
Optimization Specifications for the Quasi-Newton Algorithm for
Continuous Outcomes
  Maximum number of iterations                                 100
  Convergence criterion                                  0.100D-05
Optimization Specifications for the EM Algorithm
  Maximum number of iterations                                 500
  Convergence criteria
    Loglikelihood change                                 0.100D-02
    Relative loglikelihood change                        0.100D-05
    Derivative                                           0.100D-02
Optimization Specifications for the M step of the EM Algorithm for
Categorical Latent variables
  Number of M step iterations                                    1
  M step convergence criterion                           0.100D-02
  Basis for M step termination                           ITERATION
Optimization Specifications for the M step of the EM Algorithm for
Censored, Binary or Ordered Categorical (Ordinal), Unordered
Categorical (Nominal) and Count Outcomes
  Number of M step iterations                                    1
  M step convergence criterion                           0.100D-02
  Basis for M step termination                           ITERATION
  Maximum value for logit thresholds                            15
  Minimum value for logit thresholds                           -15
  Minimum expected cell size for chi-square              0.100D-01
Maximum number of iterations for H1                           2000
Convergence criterion for H1                             0.100D-03
Optimization algorithm                                         EMA
Integration Specifications
  Type                                                    STANDARD
  Number of integration points                                  15
  Dimensions of numerical integration                            0
  Adaptive quadrature                                           ON
Random Starts Specifications
  Number of initial stage random starts                       1000
  Number of final stage optimizations                          200
  Number of initial stage iterations                            50
  Initial stage convergence criterion                    0.100D+01
  Random starts scale                                    0.500D+01
  Random seed for generating random starts                       0
Parameterization                                             LOGIT
Cholesky                                                       OFF

Input data file(s)
  mplus_analyses/psych_process/L2_4_P_3_ml_lpa_freeVar.dat
Input data format  FREE


SUMMARY OF DATA

     Number of missing data patterns             1
     Number of y missing data patterns           1
     Number of u missing data patterns           0
     Number of clusters                        116



COVARIANCE COVERAGE OF DATA

Minimum covariance coverage value   0.100


     PROPORTION OF DATA PRESENT FOR Y


           Covariance Coverage
              DRIVES        COGNITIO      AFFECT        SOCIAL        WC
              ________      ________      ________      ________      ________
 DRIVES         1.000
 COGNITIO       1.000         1.000
 AFFECT         1.000         1.000         1.000
 SOCIAL         1.000         1.000         1.000         1.000
 WC             1.000         1.000         1.000         1.000         1.000
 BIG_WORD       1.000         1.000         1.000         1.000         1.000
 ROW_NUM        1.000         1.000         1.000         1.000         1.000


           Covariance Coverage
              BIG_WORD      ROW_NUM
              ________      ________
 BIG_WORD       1.000
 ROW_NUM        1.000         1.000



UNIVARIATE SAMPLE STATISTICS


     UNIVARIATE HIGHER-ORDER MOMENT DESCRIPTIVE STATISTICS

         Variable/         Mean/     Skewness/   Minimum/ % with                Percentiles
        Sample Size      Variance    Kurtosis    Maximum  Min/Max      20%/60%    40%/80%    Median

     DRIVES                0.000       0.358      -2.668    0.06%      -0.842     -0.284     -0.039
            1670.000       1.000       0.166       3.571    0.06%       0.179      0.792
     COGNITION             0.000       0.212      -3.225    0.06%      -0.832     -0.296     -0.044
            1670.000       1.000       0.290       4.468    0.06%       0.225      0.815
     AFFECT                0.000       0.663      -2.958    0.06%      -0.826     -0.317     -0.092
            1670.000       1.000       0.978       4.396    0.06%       0.162      0.739
     SOCIAL                0.000       0.460      -2.644    0.06%      -0.844     -0.329     -0.077
            1670.000       1.000       0.387       3.992    0.06%       0.175      0.792
     WC                    0.000       1.218      -1.854    0.06%      -0.801     -0.370     -0.167
            1670.000       1.000       2.407       4.876    0.06%       0.057      0.714
     BIG_WORDS             0.000       0.326      -3.514    0.06%      -0.843     -0.292     -0.055
            1670.000       1.000       0.490       4.575    0.06%       0.188      0.835
     ROW_NUM             886.774      -0.033       2.000    0.06%     387.000    723.000    890.500
            1670.000  240097.162      -1.159    1737.000    0.06%    1057.000   1392.000

RANDOM STARTS RESULTS RANKED FROM THE BEST TO THE WORST LOGLIKELIHOOD VALUES


81 perturbed starting value run(s) did not converge or were rejected in the third stage.
Final stage loglikelihood values at local maxima, seeds, and initial stage start numbers:

          -24302.366  917702           693
          -24302.368  392418           28
          -24302.368  534483           290
          -24302.369  823392           479
          -24302.369  371246           101
          -24302.370  783110           72
          -24302.370  118438           601
          -24302.372  79945            395
          -24302.372  622173           992
          -24302.372  728038           177
          -24302.372  443442           380
          -24302.374  888905           444
          -24302.374  173440           328
          -24302.375  852283           616
          -24302.375  414284           158
          -24302.376  579138           706
          -24302.376  996231           310
          -24302.376  646573           741
          -24302.376  689529           516
          -24302.376  692169           308
          -24303.560  968846           970
          -24305.161  138695           783
          -24305.161  937885           426
          -24305.161  548673           732
          -24305.163  298201           903
          -24305.163  140442           500
          -24305.163  43523            297
          -24305.163  456213           160
          -24305.163  120506           45
          -24306.639  247224           94
          -24306.642  182524           373
          -24306.643  296162           856
          -24308.649  605358           321
          -24308.649  995875           547
          -24308.649  97300            640
          -24308.649  856536           144
          -24308.649  118958           994
          -24308.649  35191            703
          -24308.649  297518           166
          -24308.649  281558           184
          -24308.649  404042           675
          -24308.650  465160           862
          -24308.651  700846           867
          -24308.652  227563           63
          -24308.652  933578           506
          -24309.050  715561           125
          -24309.052  972873           157
          -24327.730  836066           372
          -24327.730  779820           877
          -24327.731  545140           278
          -24327.731  92564            583
          -24327.731  496881           192
          -24327.731  314757           345
          -24327.731  545108           667
          -24327.731  375590           438
          -24327.732  605161           409
          -24331.954  714455           476
          -24337.774  568859           49
          -24339.425  566739           575
          -24340.435  278661           674

140 perturbed starting value run(s) did not converge or were rejected in the third stage.



THE BEST LOGLIKELIHOOD VALUE HAS BEEN REPLICATED.  RERUN WITH AT LEAST TWICE THE
RANDOM STARTS TO CHECK THAT THE BEST LOGLIKELIHOOD IS STILL OBTAINED AND REPLICATED.

     THE STANDARD ERRORS OF THE MODEL PARAMETER ESTIMATES MAY NOT BE
     TRUSTWORTHY FOR SOME PARAMETERS DUE TO A NON-POSITIVE DEFINITE
     FIRST-ORDER DERIVATIVE PRODUCT MATRIX.  THIS MAY BE DUE TO THE STARTING
     VALUES BUT MAY ALSO BE AN INDICATION OF MODEL NONIDENTIFICATION.  THE
     CONDITION NUMBER IS      -0.209D-18.  PROBLEM INVOLVING THE FOLLOWING PARAMETER:
     Parameter 47, %BETWEEN% %BC#4.C#1%: [ ROW_NUM ]


THE MODEL ESTIMATION TERMINATED NORMALLY



MODEL FIT INFORMATION

Number of Free Parameters                       60

Loglikelihood

          H0 Value                      -24302.366
          H0 Scaling Correction Factor      6.2916
            for MLR

Information Criteria

          Akaike (AIC)                   48724.732
          Bayesian (BIC)                 49049.967
          Sample-Size Adjusted BIC       48859.356
            (n* = (n + 2) / 24)



MODEL RESULTS USE THE LATENT CLASS VARIABLE ORDER

   BC  C


FINAL CLASS COUNTS AND PROPORTIONS FOR THE LATENT CLASS PATTERNS
BASED ON ESTIMATED POSTERIOR PROBABILITIES

  Latent Class
    Pattern

    1  1        135.25247          0.08099
    1  2        159.71606          0.09564
    1  3         96.62092          0.05786
    2  1        104.74006          0.06272
    2  2         95.81430          0.05737
    2  3        199.03437          0.11918
    3  1        234.13493          0.14020
    3  2         97.76471          0.05854
    3  3        185.92291          0.11133
    4  1          0.00000          0.00000
    4  2        176.10572          0.10545
    4  3        184.89353          0.11071


FINAL CLASS COUNTS AND PROPORTIONS FOR EACH LATENT CLASS VARIABLE
BASED ON ESTIMATED POSTERIOR PROBABILITIES

  Latent Class
    Variable    Class

    BC             1       391.58945          0.23448
                   2       399.58871          0.23927
                   3       517.82257          0.31007
                   4       360.99927          0.21617
    C              1       474.12747          0.28391
                   2       529.40082          0.31701
                   3       666.47174          0.39908


FINAL CLASS COUNTS AND PROPORTIONS FOR THE LATENT CLASS PATTERNS
BASED ON THEIR MOST LIKELY LATENT CLASS PATTERN

Class Counts and Proportions

  Latent Class
    Pattern

    1  1              124          0.07425
    1  2              170          0.10180
    1  3               98          0.05868
    2  1               91          0.05449
    2  2               87          0.05210
    2  3              221          0.13234
    3  1              240          0.14371
    3  2               91          0.05449
    3  3              187          0.11198
    4  1                0          0.00000
    4  2              178          0.10659
    4  3              183          0.10958


FINAL CLASS COUNTS AND PROPORTIONS FOR EACH LATENT CLASS VARIABLE
BASED ON THEIR MOST LIKELY LATENT CLASS PATTERN

  Latent Class
    Variable    Class

    BC             1             392          0.23473
                   2             399          0.23892
                   3             518          0.31018
                   4             361          0.21617
    C              1             455          0.27246
                   2             526          0.31497
                   3             689          0.41257


CLASSIFICATION QUALITY

     Entropy                         0.810


MODEL RESULTS

                                                    Two-Tailed
                    Estimate       S.E.  Est./S.E.    P-Value

Within Level

Latent Class Pattern 1 1

 Means
    DRIVES            -0.279      0.178     -1.570      0.116
    COGNITION         -0.199      0.313     -0.637      0.524
    AFFECT            -0.460      0.161     -2.850      0.004
    SOCIAL             0.014      0.503      0.028      0.978
    WC                -0.144      0.205     -0.706      0.480
    BIG_WORDS          0.517      0.551      0.938      0.348

 Variances
    DRIVES             0.892      0.226      3.950      0.000
    COGNITION          0.998      0.282      3.539      0.000
    AFFECT             0.685      0.104      6.618      0.000
    SOCIAL             0.971      0.826      1.176      0.240
    WC                 0.689      0.131      5.246      0.000
    BIG_WORDS          1.149      0.312      3.683      0.000
    ROW_NUM        10680.515   1824.916      5.853      0.000

Latent Class Pattern 1 2

 Means
    DRIVES             0.069      0.114      0.608      0.543
    COGNITION          0.438      0.144      3.048      0.002
    AFFECT            -0.192      0.098     -1.952      0.051
    SOCIAL            -0.330      0.234     -1.410      0.159
    WC                 0.787      0.165      4.769      0.000
    BIG_WORDS         -0.022      0.148     -0.151      0.880

 Variances
    DRIVES             0.762      0.101      7.536      0.000
    COGNITION          0.797      0.171      4.671      0.000
    AFFECT             0.433      0.056      7.749      0.000
    SOCIAL             0.709      0.212      3.343      0.001
    WC                 1.207      0.254      4.758      0.000
    BIG_WORDS          0.666      0.155      4.292      0.000
    ROW_NUM        10680.515   1824.916      5.853      0.000

Latent Class Pattern 1 3

 Means
    DRIVES             0.144      0.133      1.080      0.280
    COGNITION         -0.206      0.258     -0.797      0.426
    AFFECT             0.480      0.335      1.433      0.152
    SOCIAL             0.252      0.174      1.447      0.148
    WC                -0.522      0.080     -6.511      0.000
    BIG_WORDS         -0.350      0.151     -2.319      0.020

 Variances
    DRIVES             1.186      0.122      9.699      0.000
    COGNITION          0.940      0.413      2.274      0.023
    AFFECT             1.264      0.171      7.403      0.000
    SOCIAL             1.102      0.373      2.955      0.003
    WC                 0.278      0.068      4.071      0.000
    BIG_WORDS          0.846      0.204      4.159      0.000
    ROW_NUM        10680.515   1824.916      5.853      0.000

Latent Class Pattern 2 1

 Means
    DRIVES            -0.279      0.178     -1.570      0.116
    COGNITION         -0.199      0.313     -0.637      0.524
    AFFECT            -0.460      0.161     -2.850      0.004
    SOCIAL             0.014      0.503      0.028      0.978
    WC                -0.144      0.205     -0.706      0.480
    BIG_WORDS          0.517      0.551      0.938      0.348

 Variances
    DRIVES             0.892      0.226      3.950      0.000
    COGNITION          0.998      0.282      3.539      0.000
    AFFECT             0.685      0.104      6.618      0.000
    SOCIAL             0.971      0.826      1.176      0.240
    WC                 0.689      0.131      5.246      0.000
    BIG_WORDS          1.149      0.312      3.683      0.000
    ROW_NUM        10680.515   1824.916      5.853      0.000

Latent Class Pattern 2 2

 Means
    DRIVES             0.069      0.114      0.608      0.543
    COGNITION          0.438      0.144      3.048      0.002
    AFFECT            -0.192      0.098     -1.952      0.051
    SOCIAL            -0.330      0.234     -1.410      0.159
    WC                 0.787      0.165      4.769      0.000
    BIG_WORDS         -0.022      0.148     -0.151      0.880

 Variances
    DRIVES             0.762      0.101      7.536      0.000
    COGNITION          0.797      0.171      4.671      0.000
    AFFECT             0.433      0.056      7.749      0.000
    SOCIAL             0.709      0.212      3.343      0.001
    WC                 1.207      0.254      4.758      0.000
    BIG_WORDS          0.666      0.155      4.292      0.000
    ROW_NUM        10680.515   1824.916      5.853      0.000

Latent Class Pattern 2 3

 Means
    DRIVES             0.144      0.133      1.080      0.280
    COGNITION         -0.206      0.258     -0.797      0.426
    AFFECT             0.480      0.335      1.433      0.152
    SOCIAL             0.252      0.174      1.447      0.148
    WC                -0.522      0.080     -6.511      0.000
    BIG_WORDS         -0.350      0.151     -2.319      0.020

 Variances
    DRIVES             1.186      0.122      9.699      0.000
    COGNITION          0.940      0.413      2.274      0.023
    AFFECT             1.264      0.171      7.403      0.000
    SOCIAL             1.102      0.373      2.955      0.003
    WC                 0.278      0.068      4.071      0.000
    BIG_WORDS          0.846      0.204      4.159      0.000
    ROW_NUM        10680.515   1824.916      5.853      0.000

Latent Class Pattern 3 1

 Means
    DRIVES            -0.279      0.178     -1.570      0.116
    COGNITION         -0.199      0.313     -0.637      0.524
    AFFECT            -0.460      0.161     -2.850      0.004
    SOCIAL             0.014      0.503      0.028      0.978
    WC                -0.144      0.205     -0.706      0.480
    BIG_WORDS          0.517      0.551      0.938      0.348

 Variances
    DRIVES             0.892      0.226      3.950      0.000
    COGNITION          0.998      0.282      3.539      0.000
    AFFECT             0.685      0.104      6.618      0.000
    SOCIAL             0.971      0.826      1.176      0.240
    WC                 0.689      0.131      5.246      0.000
    BIG_WORDS          1.149      0.312      3.683      0.000
    ROW_NUM        10680.515   1824.916      5.853      0.000

Latent Class Pattern 3 2

 Means
    DRIVES             0.069      0.114      0.608      0.543
    COGNITION          0.438      0.144      3.048      0.002
    AFFECT            -0.192      0.098     -1.952      0.051
    SOCIAL            -0.330      0.234     -1.410      0.159
    WC                 0.787      0.165      4.769      0.000
    BIG_WORDS         -0.022      0.148     -0.151      0.880

 Variances
    DRIVES             0.762      0.101      7.536      0.000
    COGNITION          0.797      0.171      4.671      0.000
    AFFECT             0.433      0.056      7.749      0.000
    SOCIAL             0.709      0.212      3.343      0.001
    WC                 1.207      0.254      4.758      0.000
    BIG_WORDS          0.666      0.155      4.292      0.000
    ROW_NUM        10680.515   1824.916      5.853      0.000

Latent Class Pattern 3 3

 Means
    DRIVES             0.144      0.133      1.080      0.280
    COGNITION         -0.206      0.258     -0.797      0.426
    AFFECT             0.480      0.335      1.433      0.152
    SOCIAL             0.252      0.174      1.447      0.148
    WC                -0.522      0.080     -6.511      0.000
    BIG_WORDS         -0.350      0.151     -2.319      0.020

 Variances
    DRIVES             1.186      0.122      9.699      0.000
    COGNITION          0.940      0.413      2.274      0.023
    AFFECT             1.264      0.171      7.403      0.000
    SOCIAL             1.102      0.373      2.955      0.003
    WC                 0.278      0.068      4.071      0.000
    BIG_WORDS          0.846      0.204      4.159      0.000
    ROW_NUM        10680.515   1824.916      5.853      0.000

Latent Class Pattern 4 1

 Means
    DRIVES            -0.279      0.178     -1.570      0.116
    COGNITION         -0.199      0.313     -0.637      0.524
    AFFECT            -0.460      0.161     -2.850      0.004
    SOCIAL             0.014      0.503      0.028      0.978
    WC                -0.144      0.205     -0.706      0.480
    BIG_WORDS          0.517      0.551      0.938      0.348

 Variances
    DRIVES             0.892      0.226      3.950      0.000
    COGNITION          0.998      0.282      3.539      0.000
    AFFECT             0.685      0.104      6.618      0.000
    SOCIAL             0.971      0.826      1.176      0.240
    WC                 0.689      0.131      5.246      0.000
    BIG_WORDS          1.149      0.312      3.683      0.000
    ROW_NUM        10680.515   1824.916      5.853      0.000

Latent Class Pattern 4 2

 Means
    DRIVES             0.069      0.114      0.608      0.543
    COGNITION          0.438      0.144      3.048      0.002
    AFFECT            -0.192      0.098     -1.952      0.051
    SOCIAL            -0.330      0.234     -1.410      0.159
    WC                 0.787      0.165      4.769      0.000
    BIG_WORDS         -0.022      0.148     -0.151      0.880

 Variances
    DRIVES             0.762      0.101      7.536      0.000
    COGNITION          0.797      0.171      4.671      0.000
    AFFECT             0.433      0.056      7.749      0.000
    SOCIAL             0.709      0.212      3.343      0.001
    WC                 1.207      0.254      4.758      0.000
    BIG_WORDS          0.666      0.155      4.292      0.000
    ROW_NUM        10680.515   1824.916      5.853      0.000

Latent Class Pattern 4 3

 Means
    DRIVES             0.144      0.133      1.080      0.280
    COGNITION         -0.206      0.258     -0.797      0.426
    AFFECT             0.480      0.335      1.433      0.152
    SOCIAL             0.252      0.174      1.447      0.148
    WC                -0.522      0.080     -6.511      0.000
    BIG_WORDS         -0.350      0.151     -2.319      0.020

 Variances
    DRIVES             1.186      0.122      9.699      0.000
    COGNITION          0.940      0.413      2.274      0.023
    AFFECT             1.264      0.171      7.403      0.000
    SOCIAL             1.102      0.373      2.955      0.003
    WC                 0.278      0.068      4.071      0.000
    BIG_WORDS          0.846      0.204      4.159      0.000
    ROW_NUM        10680.515   1824.916      5.853      0.000

Between Level

Latent Class Pattern 1 1

 Means
    ROW_NUM         1139.879     76.721     14.858      0.000

Latent Class Pattern 1 2

 Means
    ROW_NUM         1212.814     47.656     25.450      0.000

Latent Class Pattern 1 3

 Means
    ROW_NUM         1138.516     61.468     18.522      0.000

Latent Class Pattern 2 1

 Means
    ROW_NUM          716.611     86.118      8.321      0.000

Latent Class Pattern 2 2

 Means
    ROW_NUM          821.515     43.079     19.070      0.000

Latent Class Pattern 2 3

 Means
    ROW_NUM          779.415     75.201     10.364      0.000

Latent Class Pattern 3 1

 Means
    ROW_NUM          158.556     27.649      5.734      0.000

Latent Class Pattern 3 2

 Means
    ROW_NUM          459.245     23.401     19.625      0.000

Latent Class Pattern 3 3

 Means
    ROW_NUM          394.564     34.603     11.403      0.000

Latent Class Pattern 4 1

 Means
    ROW_NUM         1500.397      0.025  59611.234      0.000

Latent Class Pattern 4 2

 Means
    ROW_NUM         1595.664     27.257     58.541      0.000

Latent Class Pattern 4 3

 Means
    ROW_NUM         1502.305     33.473     44.881      0.000

Categorical Latent Variables

Within Level

 Intercepts
    C#1              -18.293      0.457    -40.029      0.000
    C#2               -0.049      0.365     -0.136      0.892

Between Level

 C#1        ON
    BC#1              18.629      2.053      9.074      0.000
    BC#2              17.650      2.345      7.527      0.000
    BC#3              18.523      0.785     23.588      0.000

 C#2        ON
    BC#1               0.551      0.714      0.772      0.440
    BC#2              -0.683      0.795     -0.858      0.391
    BC#3              -0.594      0.981     -0.606      0.544

 Means
    BC#1              -0.660      0.345     -1.914      0.056
    BC#2              -0.123      0.293     -0.420      0.675
    BC#3               0.806      0.240      3.353      0.001


QUALITY OF NUMERICAL RESULTS

     Condition Number for the Information Matrix             -0.209E-18
       (ratio of smallest to largest eigenvalue)


C-SPECIFIC CLASSIFICATION RESULTS

Classification Quality for BC

     Entropy                         0.999

Average Latent Class Probabilities for Most Likely Latent Class Membership (Row)
by Latent Class (Column)

           1        2        3        4

    1   0.999    0.001    0.000    0.000
    2   0.000    1.000    0.000    0.000
    3   0.000    0.000    1.000    0.000
    4   0.000    0.000    0.000    1.000


Classification Probabilities for the Most Likely Latent Class Membership (Column)
by Latent Class (Row)

           1        2        3        4

    1   1.000    0.000    0.000    0.000
    2   0.001    0.998    0.001    0.000
    3   0.000    0.000    1.000    0.000
    4   0.000    0.000    0.000    1.000


Logits for the Classification Probabilities for the Most Likely Latent Class Membership (Column)
by Latent Class (Row)

              1        2        3        4

    1     13.180   -0.636   -0.636    0.000
    2      6.937   13.814    6.384    0.000
    3      0.000    4.738   13.815    0.000
    4    -13.816  -13.816  -13.816    0.000

Classification Quality for C

     Entropy                         0.572

Average Latent Class Probabilities for Most Likely Latent Class Membership (Row)
by Latent Class (Column)

           1        2        3

    1   0.786    0.079    0.134
    2   0.093    0.800    0.107
    3   0.098    0.105    0.797


Classification Probabilities for the Most Likely Latent Class Membership (Column)
by Latent Class (Row)

           1        2        3

    1   0.755    0.104    0.142
    2   0.068    0.795    0.137
    3   0.092    0.084    0.824


Logits for the Classification Probabilities for the Most Likely Latent Class Membership (Column)
by Latent Class (Row)

              1        2        3

    1      1.672   -0.315    0.000
    2     -0.701    1.756    0.000
    3     -2.195   -2.279    0.000


SAMPLE STATISTICS FOR ESTIMATED FACTOR SCORES


     SAMPLE STATISTICS


           Means
              BC#1          BC#2          BC#3          C#1           C#2
              ________      ________      ________      ________      ________
               -0.660        -0.123         0.806       -18.293        -0.049


           Means
              B_ROW_NU      C_BC#1        C_BC#2        C_BC#3        C_C#1
              ________      ________      ________      ________      ________
              886.787        -0.660        -0.123         0.806       -18.293


           Means
              C_C#2         CB_ROW_N
              ________      ________
               -0.049       886.593


           Covariances
              BC#1          BC#2          BC#3          C#1           C#2
              ________      ________      ________      ________      ________
 BC#1           0.000
 BC#2           0.000         0.000
 BC#3           0.000         0.000         0.000
 C#1            0.000         0.000         0.000         0.000
 C#2            0.000         0.000         0.000         0.000         0.000
 B_ROW_NU       0.000         0.000         0.000         0.000         0.000
 C_BC#1         0.000         0.000         0.000         0.000         0.000
 C_BC#2         0.000         0.000         0.000         0.000         0.000
 C_BC#3         0.000         0.000         0.000         0.000         0.000
 C_C#1          0.000         0.000         0.000         0.000         0.000
 C_C#2          0.000         0.000         0.000         0.000         0.000
 CB_ROW_N       0.000         0.000         0.000         0.000         0.000


           Covariances
              B_ROW_NU      C_BC#1        C_BC#2        C_BC#3        C_C#1
              ________      ________      ________      ________      ________
 B_ROW_NU  227594.652
 C_BC#1         0.000         0.000
 C_BC#2         0.000         0.000         0.000
 C_BC#3         0.000         0.000         0.000         0.000
 C_C#1          0.000         0.000         0.000         0.000         0.000
 C_C#2          0.000         0.000         0.000         0.000         0.000
 CB_ROW_N  228951.415         0.000         0.000         0.000         0.000


           Covariances
              C_C#2         CB_ROW_N
              ________      ________
 C_C#2          0.000
 CB_ROW_N       0.000    231001.794


           Correlations
              BC#1          BC#2          BC#3          C#1           C#2
              ________      ________      ________      ________      ________
 BC#1           1.000
 BC#2         999.000         1.000
 BC#3         999.000       999.000         1.000
 C#1          999.000       999.000       999.000         1.000
 C#2          999.000       999.000       999.000       999.000         1.000
 B_ROW_NU     999.000       999.000       999.000       999.000       999.000
 C_BC#1       999.000       999.000       999.000       999.000       999.000
 C_BC#2       999.000       999.000       999.000       999.000       999.000
 C_BC#3       999.000       999.000       999.000       999.000       999.000
 C_C#1        999.000       999.000       999.000       999.000       999.000
 C_C#2        999.000       999.000       999.000       999.000       999.000
 CB_ROW_N     999.000       999.000       999.000       999.000       999.000


           Correlations
              B_ROW_NU      C_BC#1        C_BC#2        C_BC#3        C_C#1
              ________      ________      ________      ________      ________
 B_ROW_NU       1.000
 C_BC#1       999.000         1.000
 C_BC#2       999.000       999.000         1.000
 C_BC#3       999.000       999.000       999.000         1.000
 C_C#1        999.000       999.000       999.000       999.000         1.000
 C_C#2        999.000       999.000       999.000       999.000       999.000
 CB_ROW_N       0.999       999.000       999.000       999.000       999.000


           Correlations
              C_C#2         CB_ROW_N
              ________      ________
 C_C#2          1.000
 CB_ROW_N     999.000         1.000


PLOT INFORMATION

The following plots are available:

  Histograms (sample values, estimated factor scores)
  Scatterplots (sample values, estimated factor scores)
  Latent variable distribution plots

SAVEDATA INFORMATION


  Save file
    mlLpa_L2_4_L1_3.dat

  Order and format of variables

    DRIVES         F10.3
    COGNITIO       F10.3
    AFFECT         F10.3
    SOCIAL         F10.3
    WC             F10.3
    BIG_WORD       F10.3
    ROW_NUM        F10.3
    BC#1           F10.3
    BC#2           F10.3
    BC#3           F10.3
    C#1            F10.3
    C#2            F10.3
    B_ROW_NUM      F10.3
    C_BC#1         F10.3
    C_BC#2         F10.3
    C_BC#3         F10.3
    C_C#1          F10.3
    C_C#2          F10.3
    CB_ROW_NUM     F10.3
    CPROB1         F10.3
    CPROB2         F10.3
    CPROB3         F10.3
    CPROB4         F10.3
    CPROB5         F10.3
    CPROB6         F10.3
    CPROB7         F10.3
    CPROB8         F10.3
    CPROB9         F10.3
    CPROB10        F10.3
    CPROB11        F10.3
    CPROB12        F10.3
    BC             F10.3
    C              F10.3
    MLCJOINT       F10.3
    PCP_ID         I4

  Save file format
    34F10.3 I4

  Save file record length    10000

  Save missing symbol        *


  Estimated Means and Covariance Matrix for the Latent Variables

  Save file
    tech4.dat
  Save format      Free

     Beginning Time:  09:44:51
        Ending Time:  09:47:23
       Elapsed Time:  00:02:32



MUTHEN & MUTHEN
3463 Stoner Ave.
Los Angeles, CA  90066

Tel: (310) 391-9971
Fax: (310) 391-8971
Web: www.StatModel.com
Support: Support@StatModel.com

Copyright (c) 1998-2023 Muthen & Muthen
