Mplus VERSION 8.9 (Mac)
MUTHEN & MUTHEN
06/08/2023   3:45 PM

INPUT INSTRUCTIONS

  TITLE:
  L2_5_P_5_lpa_freeVar;
  DATA:
  FILE = "mplus_analyses/psych_process/L2_5_P_5_ml_lpa_freeVar.dat";

  VARIABLE:
  NAMES = drives cognition affect social wc big_words PCP_ID row_num;
   MISSING=.;
   IDVARIABLE IS row_num;
  CLASSES = BC(5) c(5);
  CLUSTER IS PCP_ID;
  WITHIN ARE drives cognition affect social wc big_words;
  BETWEEN ARE BC;
  DEFINE:
  STANDARDIZE drives cognition affect social wc big_words;
  ANALYSIS:
  TYPE = MIXTURE TWOLEVEL;
      ESTIMATOR=MLR;
      STARTS=1000 200;
      STITERATIONS=50;
      LRTSTARTS=1000 50 1000 50;
      PROCESSORS=4;
  MODEL:
  %WITHIN%
  %OVERALL%
  %BETWEEN%
  %OVERALL%
  c ON BC;
  MODEL c:
  %WITHIN%
  %C#1%
  [drives cognition affect social wc big_words];
  drives cognition affect social wc big_words;
  %C#2%
  [drives cognition affect social wc big_words];
  drives cognition affect social wc big_words;
  %C#3%
  [drives cognition affect social wc big_words];
  drives cognition affect social wc big_words;
  %C#4%
  [drives cognition affect social wc big_words];
  drives cognition affect social wc big_words;
  %C#5%
  [drives cognition affect social wc big_words];
  drives cognition affect social wc big_words;
  SAVEDATA:
  file=mlLpa_L2_5_L1_5.dat;
  save=cprob;
  TECH4 IS tech4.dat;
  PLOT:
  type = plot3;



*** WARNING in VARIABLE command
  Note that only the first 8 characters of variable names are used in the output.
  Shorten variable names to avoid any confusion.
*** WARNING in MODEL command
  Variable is uncorrelated with all other variables within class: DRIVES
*** WARNING in MODEL command
  Variable is uncorrelated with all other variables within class: COGNITION
*** WARNING in MODEL command
  Variable is uncorrelated with all other variables within class: AFFECT
*** WARNING in MODEL command
  Variable is uncorrelated with all other variables within class: SOCIAL
*** WARNING in MODEL command
  Variable is uncorrelated with all other variables within class: WC
*** WARNING in MODEL command
  Variable is uncorrelated with all other variables within class: BIG_WORDS
*** WARNING in MODEL command
  At least one variable is uncorrelated with all other variables within class.
  Check that this is what is intended.
*** WARNING in PLOT command
  Note that only the first 8 characters of variable names are used in plots.
  If variable names are not unique within the first 8 characters, problems
  may occur.
   9 WARNING(S) FOUND IN THE INPUT INSTRUCTIONS




L2_5_P_5_lpa_freeVar;

SUMMARY OF ANALYSIS

Number of groups                                                 1
Number of observations                                        1670

Number of dependent variables                                    6
Number of independent variables                                  0
Number of continuous latent variables                            0
Number of categorical latent variables                           2

Observed dependent variables

  Continuous
   DRIVES      COGNITION   AFFECT      SOCIAL      WC          BIG_WORDS

Categorical latent variables
   BC          C

Variables with special functions

  Cluster variable      PCP_ID
  ID variable           ROW_NUM

  Within variables
   DRIVES      COGNITIO    AFFECT      SOCIAL      WC          BIG_WORD


Estimator                                                      MLR
Information matrix                                        OBSERVED
Optimization Specifications for the Quasi-Newton Algorithm for
Continuous Outcomes
  Maximum number of iterations                                 100
  Convergence criterion                                  0.100D-05
Optimization Specifications for the EM Algorithm
  Maximum number of iterations                                 500
  Convergence criteria
    Loglikelihood change                                 0.100D-02
    Relative loglikelihood change                        0.100D-05
    Derivative                                           0.100D-02
Optimization Specifications for the M step of the EM Algorithm for
Categorical Latent variables
  Number of M step iterations                                    1
  M step convergence criterion                           0.100D-02
  Basis for M step termination                           ITERATION
Optimization Specifications for the M step of the EM Algorithm for
Censored, Binary or Ordered Categorical (Ordinal), Unordered
Categorical (Nominal) and Count Outcomes
  Number of M step iterations                                    1
  M step convergence criterion                           0.100D-02
  Basis for M step termination                           ITERATION
  Maximum value for logit thresholds                            15
  Minimum value for logit thresholds                           -15
  Minimum expected cell size for chi-square              0.100D-01
Maximum number of iterations for H1                           2000
Convergence criterion for H1                             0.100D-03
Optimization algorithm                                         EMA
Integration Specifications
  Type                                                    STANDARD
  Number of integration points                                  15
  Dimensions of numerical integration                            0
  Adaptive quadrature                                           ON
Random Starts Specifications
  Number of initial stage random starts                       1000
  Number of final stage optimizations                          200
  Number of initial stage iterations                            50
  Initial stage convergence criterion                    0.100D+01
  Random starts scale                                    0.500D+01
  Random seed for generating random starts                       0
Parameterization                                             LOGIT
Cholesky                                                       OFF

Input data file(s)
  mplus_analyses/psych_process/L2_5_P_5_ml_lpa_freeVar.dat
Input data format  FREE


SUMMARY OF DATA

     Number of missing data patterns             1
     Number of y missing data patterns           1
     Number of u missing data patterns           0
     Number of clusters                        116



COVARIANCE COVERAGE OF DATA

Minimum covariance coverage value   0.100


     PROPORTION OF DATA PRESENT FOR Y


           Covariance Coverage
              DRIVES        COGNITIO      AFFECT        SOCIAL        WC
              ________      ________      ________      ________      ________
 DRIVES         1.000
 COGNITIO       1.000         1.000
 AFFECT         1.000         1.000         1.000
 SOCIAL         1.000         1.000         1.000         1.000
 WC             1.000         1.000         1.000         1.000         1.000
 BIG_WORD       1.000         1.000         1.000         1.000         1.000


           Covariance Coverage
              BIG_WORD
              ________
 BIG_WORD       1.000



UNIVARIATE SAMPLE STATISTICS


     UNIVARIATE HIGHER-ORDER MOMENT DESCRIPTIVE STATISTICS

         Variable/         Mean/     Skewness/   Minimum/ % with                Percentiles
        Sample Size      Variance    Kurtosis    Maximum  Min/Max      20%/60%    40%/80%    Median

     DRIVES                0.000       0.358      -2.668    0.06%      -0.842     -0.284     -0.039
            1670.000       1.000       0.166       3.571    0.06%       0.179      0.792
     COGNITION             0.000       0.212      -3.225    0.06%      -0.832     -0.296     -0.044
            1670.000       1.000       0.290       4.468    0.06%       0.225      0.815
     AFFECT                0.000       0.663      -2.958    0.06%      -0.826     -0.317     -0.092
            1670.000       1.000       0.978       4.396    0.06%       0.162      0.739
     SOCIAL                0.000       0.460      -2.644    0.06%      -0.844     -0.329     -0.077
            1670.000       1.000       0.387       3.992    0.06%       0.175      0.792
     WC                    0.000       1.218      -1.854    0.06%      -0.801     -0.370     -0.167
            1670.000       1.000       2.407       4.876    0.06%       0.057      0.714
     BIG_WORDS             0.000       0.326      -3.514    0.06%      -0.843     -0.292     -0.055
            1670.000       1.000       0.490       4.575    0.06%       0.188      0.835

RANDOM STARTS RESULTS RANKED FROM THE BEST TO THE WORST LOGLIKELIHOOD VALUES


15 perturbed starting value run(s) did not converge or were rejected in the third stage.
Final stage loglikelihood values at local maxima, seeds, and initial stage start numbers:

          -13247.796  790452           303
          -13248.321  903420           5
          -13248.322  745972           521
          -13248.324  902278           21
          -13249.737  383986           159
          -13249.738  453915           975
          -13249.877  118438           601
          -13249.887  491970           563
          -13250.329  685657           69
          -13250.668  291149           536
          -13250.711  81951            907
          -13250.711  879211           453
          -13250.745  533738           11
          -13252.464  791285           416
          -13256.853  814975           129
          -13257.712  980970           894
          -13257.715  928287           197
          -13258.222  721392           768
          -13266.962  648555           113
          -13267.805  370466           41
          -13270.330  284384           600
          -13270.676  153942           31
          -13270.702  760599           832
          -13271.480  106561           686
          -13273.749  689529           516
          -13275.511  710154           831
          -13275.512  105656           909
          -13279.075  227563           63
          -13279.698  76974            16
          -13279.746  208797           931
          -13280.813  473942           574
          -13283.061  614009           317
          -13284.281  113138           585
          -13285.255  552272           654
          -13285.637  642909           251
          -13289.787  123985           248
          -13290.893  840031           276

163 perturbed starting value run(s) did not converge or were rejected in the third stage.



THE BEST LOGLIKELIHOOD VALUE HAS BEEN REPLICATED.  RERUN WITH AT LEAST TWICE THE
RANDOM STARTS TO CHECK THAT THE BEST LOGLIKELIHOOD IS STILL OBTAINED AND REPLICATED.

     THE STANDARD ERRORS OF THE MODEL PARAMETER ESTIMATES MAY NOT BE
     TRUSTWORTHY FOR SOME PARAMETERS DUE TO A NON-POSITIVE DEFINITE
     FIRST-ORDER DERIVATIVE PRODUCT MATRIX.  THIS MAY BE DUE TO THE STARTING
     VALUES BUT MAY ALSO BE AN INDICATION OF MODEL NONIDENTIFICATION.  THE
     CONDITION NUMBER IS       0.114D-16.  PROBLEM INVOLVING THE FOLLOWING PARAMETER:
     Parameter 73, %BETWEEN%: C#1 ON BC#2

     ONE OR MORE MULTINOMIAL LOGIT PARAMETERS WERE FIXED TO AVOID SINGULARITY
     OF THE INFORMATION MATRIX.  THE SINGULARITY IS MOST LIKELY BECAUSE THE
     MODEL IS NOT IDENTIFIED, OR BECAUSE OF EMPTY CELLS IN THE JOINT
     DISTRIBUTION OF THE CATEGORICAL LATENT VARIABLES AND ANY INDEPENDENT
     VARIABLES.  THE FOLLOWING PARAMETERS WERE FIXED:
     Parameter 84, %BETWEEN%: C#4 ON BC#4
     Parameter 72, %BETWEEN%: C#4 ON BC#1


THE MODEL ESTIMATION TERMINATED NORMALLY



MODEL FIT INFORMATION

Number of Free Parameters                       84

Loglikelihood

          H0 Value                      -13247.796
          H0 Scaling Correction Factor      2.6380
            for MLR

Information Criteria

          Akaike (AIC)                   26663.592
          Bayesian (BIC)                 27118.920
          Sample-Size Adjusted BIC       26852.064
            (n* = (n + 2) / 24)



MODEL RESULTS USE THE LATENT CLASS VARIABLE ORDER

   BC  C


FINAL CLASS COUNTS AND PROPORTIONS FOR THE LATENT CLASS PATTERNS
BASED ON ESTIMATED POSTERIOR PROBABILITIES

  Latent Class
    Pattern

    1  1         33.02054          0.01977
    1  2          0.00817          0.00000
    1  3          2.24167          0.00134
    1  4          0.00000          0.00000
    1  5        126.60574          0.07581
    2  1          0.00000          0.00000
    2  2        327.40143          0.19605
    2  3         40.36641          0.02417
    2  4          0.00011          0.00000
    2  5         22.31241          0.01336
    3  1        304.17390          0.18214
    3  2          0.10099          0.00006
    3  3          9.31090          0.00558
    3  4          7.31733          0.00438
    3  5         14.79927          0.00886
    4  1          0.00000          0.00000
    4  2          0.00187          0.00000
    4  3         78.45710          0.04698
    4  4        387.58831          0.23209
    4  5         67.03482          0.04014
    5  1          8.63368          0.00517
    5  2          5.87474          0.00352
    5  3        226.24449          0.13548
    5  4          8.50612          0.00509
    5  5          0.00000          0.00000


FINAL CLASS COUNTS AND PROPORTIONS FOR EACH LATENT CLASS VARIABLE
BASED ON ESTIMATED POSTERIOR PROBABILITIES

  Latent Class
    Variable    Class

    BC             1       161.87611          0.09693
                   2       390.08038          0.23358
                   3       335.70236          0.20102
                   4       533.08209          0.31921
                   5       249.25902          0.14926
    C              1       345.82809          0.20708
                   2       333.38718          0.19963
                   3       356.62057          0.21355
                   4       403.41190          0.24156
                   5       230.75223          0.13817


FINAL CLASS COUNTS AND PROPORTIONS FOR THE LATENT CLASS PATTERNS
BASED ON THEIR MOST LIKELY LATENT CLASS PATTERN

Class Counts and Proportions

  Latent Class
    Pattern

    1  1               26          0.01557
    1  2                0          0.00000
    1  3                1          0.00060
    1  4                0          0.00000
    1  5              130          0.07784
    2  1                1          0.00060
    2  2              352          0.21078
    2  3               28          0.01677
    2  4                0          0.00000
    2  5               13          0.00778
    3  1              313          0.18743
    3  2                0          0.00000
    3  3                3          0.00180
    3  4                2          0.00120
    3  5                9          0.00539
    4  1                0          0.00000
    4  2                0          0.00000
    4  3               65          0.03892
    4  4              425          0.25449
    4  5               52          0.03114
    5  1                3          0.00180
    5  2                0          0.00000
    5  3              241          0.14431
    5  4                6          0.00359
    5  5                0          0.00000


FINAL CLASS COUNTS AND PROPORTIONS FOR EACH LATENT CLASS VARIABLE
BASED ON THEIR MOST LIKELY LATENT CLASS PATTERN

  Latent Class
    Variable    Class

    BC             1             157          0.09401
                   2             394          0.23593
                   3             327          0.19581
                   4             542          0.32455
                   5             250          0.14970
    C              1             343          0.20539
                   2             352          0.21078
                   3             338          0.20240
                   4             433          0.25928
                   5             204          0.12216


CLASSIFICATION QUALITY

     Entropy                         0.886


MODEL RESULTS

                                                    Two-Tailed
                    Estimate       S.E.  Est./S.E.    P-Value

Within Level

Latent Class Pattern 1 1

 Means
    DRIVES            -0.415      0.204     -2.034      0.042
    COGNITION         -0.097      0.146     -0.665      0.506
    AFFECT            -0.794      0.076    -10.446      0.000
    SOCIAL             0.311      0.226      1.375      0.169
    WC                -0.222      0.119     -1.854      0.064
    BIG_WORDS          0.226      0.153      1.479      0.139

 Variances
    DRIVES             1.020      0.185      5.513      0.000
    COGNITION          1.023      0.149      6.870      0.000
    AFFECT             0.503      0.034     14.920      0.000
    SOCIAL             1.324      0.206      6.419      0.000
    WC                 0.418      0.056      7.484      0.000
    BIG_WORDS          1.044      0.191      5.479      0.000

Latent Class Pattern 1 2

 Means
    DRIVES             0.113      0.119      0.942      0.346
    COGNITION         -0.214      0.175     -1.224      0.221
    AFFECT             0.234      0.089      2.642      0.008
    SOCIAL            -0.400      0.115     -3.468      0.001
    WC                -0.204      0.069     -2.949      0.003
    BIG_WORDS          0.603      0.135      4.462      0.000

 Variances
    DRIVES             0.851      0.101      8.412      0.000
    COGNITION          0.959      0.198      4.847      0.000
    AFFECT             0.566      0.055     10.232      0.000
    SOCIAL             0.583      0.046     12.742      0.000
    WC                 0.333      0.037      8.989      0.000
    BIG_WORDS          0.988      0.121      8.145      0.000

Latent Class Pattern 1 3

 Means
    DRIVES             0.136      0.126      1.081      0.280
    COGNITION         -0.443      0.123     -3.607      0.000
    AFFECT             0.636      0.211      3.012      0.003
    SOCIAL             0.314      0.180      1.741      0.082
    WC                -0.835      0.088     -9.520      0.000
    BIG_WORDS         -0.499      0.138     -3.619      0.000

 Variances
    DRIVES             1.358      0.184      7.367      0.000
    COGNITION          0.791      0.123      6.441      0.000
    AFFECT             1.559      0.219      7.136      0.000
    SOCIAL             1.121      0.113      9.933      0.000
    WC                 0.208      0.022      9.467      0.000
    BIG_WORDS          0.868      0.168      5.177      0.000

Latent Class Pattern 1 4

 Means
    DRIVES             0.219      0.159      1.377      0.168
    COGNITION          0.441      0.124      3.557      0.000
    AFFECT             0.211      0.094      2.260      0.024
    SOCIAL             0.049      0.198      0.246      0.806
    WC                 0.312      0.144      2.174      0.030
    BIG_WORDS         -0.410      0.066     -6.205      0.000

 Variances
    DRIVES             0.761      0.119      6.375      0.000
    COGNITION          0.776      0.112      6.942      0.000
    AFFECT             0.551      0.061      9.082      0.000
    SOCIAL             0.728      0.107      6.837      0.000
    WC                 0.533      0.076      7.018      0.000
    BIG_WORDS          0.499      0.057      8.734      0.000

Latent Class Pattern 1 5

 Means
    DRIVES            -0.134      0.170     -0.787      0.431
    COGNITION          0.369      0.197      1.869      0.062
    AFFECT            -0.501      0.099     -5.079      0.000
    SOCIAL            -0.458      0.187     -2.452      0.014
    WC                 1.370      0.262      5.233      0.000
    BIG_WORDS          0.279      0.163      1.710      0.087

 Variances
    DRIVES             0.643      0.078      8.246      0.000
    COGNITION          0.879      0.198      4.432      0.000
    AFFECT             0.314      0.032      9.892      0.000
    SOCIAL             0.663      0.135      4.896      0.000
    WC                 1.619      0.256      6.313      0.000
    BIG_WORDS          0.674      0.094      7.187      0.000

Latent Class Pattern 2 1

 Means
    DRIVES            -0.415      0.204     -2.034      0.042
    COGNITION         -0.097      0.146     -0.665      0.506
    AFFECT            -0.794      0.076    -10.446      0.000
    SOCIAL             0.311      0.226      1.375      0.169
    WC                -0.222      0.119     -1.854      0.064
    BIG_WORDS          0.226      0.153      1.479      0.139

 Variances
    DRIVES             1.020      0.185      5.513      0.000
    COGNITION          1.023      0.149      6.870      0.000
    AFFECT             0.503      0.034     14.920      0.000
    SOCIAL             1.324      0.206      6.419      0.000
    WC                 0.418      0.056      7.484      0.000
    BIG_WORDS          1.044      0.191      5.479      0.000

Latent Class Pattern 2 2

 Means
    DRIVES             0.113      0.119      0.942      0.346
    COGNITION         -0.214      0.175     -1.224      0.221
    AFFECT             0.234      0.089      2.642      0.008
    SOCIAL            -0.400      0.115     -3.468      0.001
    WC                -0.204      0.069     -2.949      0.003
    BIG_WORDS          0.603      0.135      4.462      0.000

 Variances
    DRIVES             0.851      0.101      8.412      0.000
    COGNITION          0.959      0.198      4.847      0.000
    AFFECT             0.566      0.055     10.232      0.000
    SOCIAL             0.583      0.046     12.742      0.000
    WC                 0.333      0.037      8.989      0.000
    BIG_WORDS          0.988      0.121      8.145      0.000

Latent Class Pattern 2 3

 Means
    DRIVES             0.136      0.126      1.081      0.280
    COGNITION         -0.443      0.123     -3.607      0.000
    AFFECT             0.636      0.211      3.012      0.003
    SOCIAL             0.314      0.180      1.741      0.082
    WC                -0.835      0.088     -9.520      0.000
    BIG_WORDS         -0.499      0.138     -3.619      0.000

 Variances
    DRIVES             1.358      0.184      7.367      0.000
    COGNITION          0.791      0.123      6.441      0.000
    AFFECT             1.559      0.219      7.136      0.000
    SOCIAL             1.121      0.113      9.933      0.000
    WC                 0.208      0.022      9.467      0.000
    BIG_WORDS          0.868      0.168      5.177      0.000

Latent Class Pattern 2 4

 Means
    DRIVES             0.219      0.159      1.377      0.168
    COGNITION          0.441      0.124      3.557      0.000
    AFFECT             0.211      0.094      2.260      0.024
    SOCIAL             0.049      0.198      0.246      0.806
    WC                 0.312      0.144      2.174      0.030
    BIG_WORDS         -0.410      0.066     -6.205      0.000

 Variances
    DRIVES             0.761      0.119      6.375      0.000
    COGNITION          0.776      0.112      6.942      0.000
    AFFECT             0.551      0.061      9.082      0.000
    SOCIAL             0.728      0.107      6.837      0.000
    WC                 0.533      0.076      7.018      0.000
    BIG_WORDS          0.499      0.057      8.734      0.000

Latent Class Pattern 2 5

 Means
    DRIVES            -0.134      0.170     -0.787      0.431
    COGNITION          0.369      0.197      1.869      0.062
    AFFECT            -0.501      0.099     -5.079      0.000
    SOCIAL            -0.458      0.187     -2.452      0.014
    WC                 1.370      0.262      5.233      0.000
    BIG_WORDS          0.279      0.163      1.710      0.087

 Variances
    DRIVES             0.643      0.078      8.246      0.000
    COGNITION          0.879      0.198      4.432      0.000
    AFFECT             0.314      0.032      9.892      0.000
    SOCIAL             0.663      0.135      4.896      0.000
    WC                 1.619      0.256      6.313      0.000
    BIG_WORDS          0.674      0.094      7.187      0.000

Latent Class Pattern 3 1

 Means
    DRIVES            -0.415      0.204     -2.034      0.042
    COGNITION         -0.097      0.146     -0.665      0.506
    AFFECT            -0.794      0.076    -10.446      0.000
    SOCIAL             0.311      0.226      1.375      0.169
    WC                -0.222      0.119     -1.854      0.064
    BIG_WORDS          0.226      0.153      1.479      0.139

 Variances
    DRIVES             1.020      0.185      5.513      0.000
    COGNITION          1.023      0.149      6.870      0.000
    AFFECT             0.503      0.034     14.920      0.000
    SOCIAL             1.324      0.206      6.419      0.000
    WC                 0.418      0.056      7.484      0.000
    BIG_WORDS          1.044      0.191      5.479      0.000

Latent Class Pattern 3 2

 Means
    DRIVES             0.113      0.119      0.942      0.346
    COGNITION         -0.214      0.175     -1.224      0.221
    AFFECT             0.234      0.089      2.642      0.008
    SOCIAL            -0.400      0.115     -3.468      0.001
    WC                -0.204      0.069     -2.949      0.003
    BIG_WORDS          0.603      0.135      4.462      0.000

 Variances
    DRIVES             0.851      0.101      8.412      0.000
    COGNITION          0.959      0.198      4.847      0.000
    AFFECT             0.566      0.055     10.232      0.000
    SOCIAL             0.583      0.046     12.742      0.000
    WC                 0.333      0.037      8.989      0.000
    BIG_WORDS          0.988      0.121      8.145      0.000

Latent Class Pattern 3 3

 Means
    DRIVES             0.136      0.126      1.081      0.280
    COGNITION         -0.443      0.123     -3.607      0.000
    AFFECT             0.636      0.211      3.012      0.003
    SOCIAL             0.314      0.180      1.741      0.082
    WC                -0.835      0.088     -9.520      0.000
    BIG_WORDS         -0.499      0.138     -3.619      0.000

 Variances
    DRIVES             1.358      0.184      7.367      0.000
    COGNITION          0.791      0.123      6.441      0.000
    AFFECT             1.559      0.219      7.136      0.000
    SOCIAL             1.121      0.113      9.933      0.000
    WC                 0.208      0.022      9.467      0.000
    BIG_WORDS          0.868      0.168      5.177      0.000

Latent Class Pattern 3 4

 Means
    DRIVES             0.219      0.159      1.377      0.168
    COGNITION          0.441      0.124      3.557      0.000
    AFFECT             0.211      0.094      2.260      0.024
    SOCIAL             0.049      0.198      0.246      0.806
    WC                 0.312      0.144      2.174      0.030
    BIG_WORDS         -0.410      0.066     -6.205      0.000

 Variances
    DRIVES             0.761      0.119      6.375      0.000
    COGNITION          0.776      0.112      6.942      0.000
    AFFECT             0.551      0.061      9.082      0.000
    SOCIAL             0.728      0.107      6.837      0.000
    WC                 0.533      0.076      7.018      0.000
    BIG_WORDS          0.499      0.057      8.734      0.000

Latent Class Pattern 3 5

 Means
    DRIVES            -0.134      0.170     -0.787      0.431
    COGNITION          0.369      0.197      1.869      0.062
    AFFECT            -0.501      0.099     -5.079      0.000
    SOCIAL            -0.458      0.187     -2.452      0.014
    WC                 1.370      0.262      5.233      0.000
    BIG_WORDS          0.279      0.163      1.710      0.087

 Variances
    DRIVES             0.643      0.078      8.246      0.000
    COGNITION          0.879      0.198      4.432      0.000
    AFFECT             0.314      0.032      9.892      0.000
    SOCIAL             0.663      0.135      4.896      0.000
    WC                 1.619      0.256      6.313      0.000
    BIG_WORDS          0.674      0.094      7.187      0.000

Latent Class Pattern 4 1

 Means
    DRIVES            -0.415      0.204     -2.034      0.042
    COGNITION         -0.097      0.146     -0.665      0.506
    AFFECT            -0.794      0.076    -10.446      0.000
    SOCIAL             0.311      0.226      1.375      0.169
    WC                -0.222      0.119     -1.854      0.064
    BIG_WORDS          0.226      0.153      1.479      0.139

 Variances
    DRIVES             1.020      0.185      5.513      0.000
    COGNITION          1.023      0.149      6.870      0.000
    AFFECT             0.503      0.034     14.920      0.000
    SOCIAL             1.324      0.206      6.419      0.000
    WC                 0.418      0.056      7.484      0.000
    BIG_WORDS          1.044      0.191      5.479      0.000

Latent Class Pattern 4 2

 Means
    DRIVES             0.113      0.119      0.942      0.346
    COGNITION         -0.214      0.175     -1.224      0.221
    AFFECT             0.234      0.089      2.642      0.008
    SOCIAL            -0.400      0.115     -3.468      0.001
    WC                -0.204      0.069     -2.949      0.003
    BIG_WORDS          0.603      0.135      4.462      0.000

 Variances
    DRIVES             0.851      0.101      8.412      0.000
    COGNITION          0.959      0.198      4.847      0.000
    AFFECT             0.566      0.055     10.232      0.000
    SOCIAL             0.583      0.046     12.742      0.000
    WC                 0.333      0.037      8.989      0.000
    BIG_WORDS          0.988      0.121      8.145      0.000

Latent Class Pattern 4 3

 Means
    DRIVES             0.136      0.126      1.081      0.280
    COGNITION         -0.443      0.123     -3.607      0.000
    AFFECT             0.636      0.211      3.012      0.003
    SOCIAL             0.314      0.180      1.741      0.082
    WC                -0.835      0.088     -9.520      0.000
    BIG_WORDS         -0.499      0.138     -3.619      0.000

 Variances
    DRIVES             1.358      0.184      7.367      0.000
    COGNITION          0.791      0.123      6.441      0.000
    AFFECT             1.559      0.219      7.136      0.000
    SOCIAL             1.121      0.113      9.933      0.000
    WC                 0.208      0.022      9.467      0.000
    BIG_WORDS          0.868      0.168      5.177      0.000

Latent Class Pattern 4 4

 Means
    DRIVES             0.219      0.159      1.377      0.168
    COGNITION          0.441      0.124      3.557      0.000
    AFFECT             0.211      0.094      2.260      0.024
    SOCIAL             0.049      0.198      0.246      0.806
    WC                 0.312      0.144      2.174      0.030
    BIG_WORDS         -0.410      0.066     -6.205      0.000

 Variances
    DRIVES             0.761      0.119      6.375      0.000
    COGNITION          0.776      0.112      6.942      0.000
    AFFECT             0.551      0.061      9.082      0.000
    SOCIAL             0.728      0.107      6.837      0.000
    WC                 0.533      0.076      7.018      0.000
    BIG_WORDS          0.499      0.057      8.734      0.000

Latent Class Pattern 4 5

 Means
    DRIVES            -0.134      0.170     -0.787      0.431
    COGNITION          0.369      0.197      1.869      0.062
    AFFECT            -0.501      0.099     -5.079      0.000
    SOCIAL            -0.458      0.187     -2.452      0.014
    WC                 1.370      0.262      5.233      0.000
    BIG_WORDS          0.279      0.163      1.710      0.087

 Variances
    DRIVES             0.643      0.078      8.246      0.000
    COGNITION          0.879      0.198      4.432      0.000
    AFFECT             0.314      0.032      9.892      0.000
    SOCIAL             0.663      0.135      4.896      0.000
    WC                 1.619      0.256      6.313      0.000
    BIG_WORDS          0.674      0.094      7.187      0.000

Latent Class Pattern 5 1

 Means
    DRIVES            -0.415      0.204     -2.034      0.042
    COGNITION         -0.097      0.146     -0.665      0.506
    AFFECT            -0.794      0.076    -10.446      0.000
    SOCIAL             0.311      0.226      1.375      0.169
    WC                -0.222      0.119     -1.854      0.064
    BIG_WORDS          0.226      0.153      1.479      0.139

 Variances
    DRIVES             1.020      0.185      5.513      0.000
    COGNITION          1.023      0.149      6.870      0.000
    AFFECT             0.503      0.034     14.920      0.000
    SOCIAL             1.324      0.206      6.419      0.000
    WC                 0.418      0.056      7.484      0.000
    BIG_WORDS          1.044      0.191      5.479      0.000

Latent Class Pattern 5 2

 Means
    DRIVES             0.113      0.119      0.942      0.346
    COGNITION         -0.214      0.175     -1.224      0.221
    AFFECT             0.234      0.089      2.642      0.008
    SOCIAL            -0.400      0.115     -3.468      0.001
    WC                -0.204      0.069     -2.949      0.003
    BIG_WORDS          0.603      0.135      4.462      0.000

 Variances
    DRIVES             0.851      0.101      8.412      0.000
    COGNITION          0.959      0.198      4.847      0.000
    AFFECT             0.566      0.055     10.232      0.000
    SOCIAL             0.583      0.046     12.742      0.000
    WC                 0.333      0.037      8.989      0.000
    BIG_WORDS          0.988      0.121      8.145      0.000

Latent Class Pattern 5 3

 Means
    DRIVES             0.136      0.126      1.081      0.280
    COGNITION         -0.443      0.123     -3.607      0.000
    AFFECT             0.636      0.211      3.012      0.003
    SOCIAL             0.314      0.180      1.741      0.082
    WC                -0.835      0.088     -9.520      0.000
    BIG_WORDS         -0.499      0.138     -3.619      0.000

 Variances
    DRIVES             1.358      0.184      7.367      0.000
    COGNITION          0.791      0.123      6.441      0.000
    AFFECT             1.559      0.219      7.136      0.000
    SOCIAL             1.121      0.113      9.933      0.000
    WC                 0.208      0.022      9.467      0.000
    BIG_WORDS          0.868      0.168      5.177      0.000

Latent Class Pattern 5 4

 Means
    DRIVES             0.219      0.159      1.377      0.168
    COGNITION          0.441      0.124      3.557      0.000
    AFFECT             0.211      0.094      2.260      0.024
    SOCIAL             0.049      0.198      0.246      0.806
    WC                 0.312      0.144      2.174      0.030
    BIG_WORDS         -0.410      0.066     -6.205      0.000

 Variances
    DRIVES             0.761      0.119      6.375      0.000
    COGNITION          0.776      0.112      6.942      0.000
    AFFECT             0.551      0.061      9.082      0.000
    SOCIAL             0.728      0.107      6.837      0.000
    WC                 0.533      0.076      7.018      0.000
    BIG_WORDS          0.499      0.057      8.734      0.000

Latent Class Pattern 5 5

 Means
    DRIVES            -0.134      0.170     -0.787      0.431
    COGNITION          0.369      0.197      1.869      0.062
    AFFECT            -0.501      0.099     -5.079      0.000
    SOCIAL            -0.458      0.187     -2.452      0.014
    WC                 1.370      0.262      5.233      0.000
    BIG_WORDS          0.279      0.163      1.710      0.087

 Variances
    DRIVES             0.643      0.078      8.246      0.000
    COGNITION          0.879      0.198      4.432      0.000
    AFFECT             0.314      0.032      9.892      0.000
    SOCIAL             0.663      0.135      4.896      0.000
    WC                 1.619      0.256      6.313      0.000
    BIG_WORDS          0.674      0.094      7.187      0.000

Between Level

Categorical Latent Variables

Within Level

 Intercepts
    C#1               24.683      2.509      9.837      0.000
    C#2               24.308      3.723      6.529      0.000
    C#3               27.952      1.475     18.948      0.000
    C#4               24.670      0.468     52.711      0.000

Between Level

 C#1        ON
    BC#1             -26.027      2.770     -9.396      0.000
    BC#2             -41.731      2.622    -15.918      0.000
    BC#3             -21.660      2.567     -8.439      0.000
    BC#4             -46.880      2.415    -19.415      0.000

 C#2        ON
    BC#1             -33.915      7.103     -4.775      0.000
    BC#2             -21.622      3.753     -5.762      0.000
    BC#3             -29.224      3.801     -7.689      0.000
    BC#4             -34.654      3.597     -9.634      0.000

 C#3        ON
    BC#1             -31.986      1.972    -16.222      0.000
    BC#2             -27.360      1.600    -17.105      0.000
    BC#3             -28.415      1.924    -14.766      0.000
    BC#4             -27.795      1.258    -22.098      0.000

 C#4        ON
    BC#1             -52.706      0.000    999.000    999.000
    BC#2             -36.660      0.632    -57.998      0.000
    BC#3             -25.374      0.953    -26.636      0.000
    BC#4             -22.915      0.000    999.000    999.000

 Means
    BC#1              -0.386      0.437     -0.883      0.377
    BC#2               0.477      0.332      1.436      0.151
    BC#3              -0.056      0.432     -0.130      0.896
    BC#4               0.622      0.326      1.907      0.056


QUALITY OF NUMERICAL RESULTS

     Condition Number for the Information Matrix              0.414E-09
       (ratio of smallest to largest eigenvalue)


C-SPECIFIC CLASSIFICATION RESULTS

Classification Quality for BC

     Entropy                         0.957

Average Latent Class Probabilities for Most Likely Latent Class Membership (Row)
by Latent Class (Column)

           1        2        3        4        5

    1   0.985    0.001    0.007    0.007    0.000
    2   0.001    0.967    0.012    0.015    0.005
    3   0.001    0.004    0.992    0.002    0.001
    4   0.012    0.013    0.005    0.968    0.002
    5   0.000    0.003    0.012    0.003    0.982


Classification Probabilities for the Most Likely Latent Class Membership (Column)
by Latent Class (Row)

           1        2        3        4        5

    1   0.955    0.002    0.002    0.041    0.000
    2   0.000    0.977    0.003    0.018    0.002
    3   0.003    0.014    0.966    0.008    0.009
    4   0.002    0.011    0.001    0.984    0.001
    5   0.000    0.008    0.002    0.005    0.985


Logits for the Classification Probabilities for the Most Likely Latent Class Membership (Column)
by Latent Class (Row)

              1        2        3        4        5

    1     13.770    7.411    7.315   10.633    0.000
    2     -1.547    6.397    0.697    2.387    0.000
    3     -1.005    0.389    4.648   -0.204    0.000
    4      0.519    2.252    0.163    6.708    0.000
    5    -13.801   -4.848   -6.441   -5.223    0.000

Classification Quality for C

     Entropy                         0.790

Average Latent Class Probabilities for Most Likely Latent Class Membership (Row)
by Latent Class (Column)

           1        2        3        4        5

    1   0.915    0.006    0.024    0.018    0.036
    2   0.011    0.885    0.064    0.009    0.030
    3   0.030    0.036    0.876    0.055    0.002
    4   0.007    0.011    0.068    0.837    0.076
    5   0.072    0.011    0.001    0.062    0.854


Classification Probabilities for the Most Likely Latent Class Membership (Column)
by Latent Class (Row)

           1        2        3        4        5

    1   0.907    0.012    0.030    0.009    0.042
    2   0.006    0.935    0.037    0.015    0.007
    3   0.023    0.063    0.830    0.083    0.001
    4   0.016    0.008    0.046    0.899    0.031
    5   0.054    0.046    0.003    0.142    0.755


Logits for the Classification Probabilities for the Most Likely Latent Class Membership (Column)
by Latent Class (Row)

              1        2        3        4        5

    1      3.062   -1.301   -0.359   -1.542    0.000
    2     -0.027    4.943    1.714    0.805    0.000
    3      3.359    4.357    6.934    4.626    0.000
    4     -0.696   -1.369    0.390    3.356    0.000
    5     -2.637   -2.800   -5.561   -1.668    0.000


SAMPLE STATISTICS FOR ESTIMATED FACTOR SCORES


     SAMPLE STATISTICS


           Means
              BC#1          BC#2          BC#3          BC#4          C#1
              ________      ________      ________      ________      ________
               -0.386         0.477        -0.056         0.622        24.683


           Means
              C#2           C#3           C#4           C_BC#1        C_BC#2
              ________      ________      ________      ________      ________
               24.308        27.952        24.670        -0.386         0.477


           Means
              C_BC#3        C_BC#4        C_C#1         C_C#2         C_C#3
              ________      ________      ________      ________      ________
               -0.056         0.622        24.683        24.308        27.952


           Means
              C_C#4
              ________
               24.670


           Covariances
              BC#1          BC#2          BC#3          BC#4          C#1
              ________      ________      ________      ________      ________
 BC#1           0.000
 BC#2           0.000         0.000
 BC#3           0.000         0.000         0.000
 BC#4           0.000         0.000         0.000         0.000
 C#1            0.000         0.000         0.000         0.000         0.000
 C#2            0.000         0.000         0.000         0.000         0.000
 C#3            0.000         0.000         0.000         0.000         0.000
 C#4            0.000         0.000         0.000         0.000         0.000
 C_BC#1         0.000         0.000         0.000         0.000         0.000
 C_BC#2         0.000         0.000         0.000         0.000         0.000
 C_BC#3         0.000         0.000         0.000         0.000         0.000
 C_BC#4         0.000         0.000         0.000         0.000         0.000
 C_C#1          0.000         0.000         0.000         0.000         0.000
 C_C#2          0.000         0.000         0.000         0.000         0.000
 C_C#3          0.000         0.000         0.000         0.000         0.000
 C_C#4          0.000         0.000         0.000         0.000         0.000


           Covariances
              C#2           C#3           C#4           C_BC#1        C_BC#2
              ________      ________      ________      ________      ________
 C#2            0.000
 C#3            0.000         0.000
 C#4            0.000         0.000         0.000
 C_BC#1         0.000         0.000         0.000         0.000
 C_BC#2         0.000         0.000         0.000         0.000         0.000
 C_BC#3         0.000         0.000         0.000         0.000         0.000
 C_BC#4         0.000         0.000         0.000         0.000         0.000
 C_C#1          0.000         0.000         0.000         0.000         0.000
 C_C#2          0.000         0.000         0.000         0.000         0.000
 C_C#3          0.000         0.000         0.000         0.000         0.000
 C_C#4          0.000         0.000         0.000         0.000         0.000


           Covariances
              C_BC#3        C_BC#4        C_C#1         C_C#2         C_C#3
              ________      ________      ________      ________      ________
 C_BC#3         0.000
 C_BC#4         0.000         0.000
 C_C#1          0.000         0.000         0.000
 C_C#2          0.000         0.000         0.000         0.000
 C_C#3          0.000         0.000         0.000         0.000         0.000
 C_C#4          0.000         0.000         0.000         0.000         0.000


           Covariances
              C_C#4
              ________
 C_C#4          0.000


           Correlations
              BC#1          BC#2          BC#3          BC#4          C#1
              ________      ________      ________      ________      ________
 BC#1           1.000
 BC#2         999.000         1.000
 BC#3         999.000       999.000         1.000
 BC#4         999.000       999.000       999.000         1.000
 C#1          999.000       999.000       999.000       999.000         1.000
 C#2          999.000       999.000       999.000       999.000       999.000
 C#3          999.000       999.000       999.000       999.000       999.000
 C#4          999.000       999.000       999.000       999.000       999.000
 C_BC#1       999.000       999.000       999.000       999.000       999.000
 C_BC#2       999.000       999.000       999.000       999.000       999.000
 C_BC#3       999.000       999.000       999.000       999.000       999.000
 C_BC#4       999.000       999.000       999.000       999.000       999.000
 C_C#1        999.000       999.000       999.000       999.000       999.000
 C_C#2        999.000       999.000       999.000       999.000       999.000
 C_C#3        999.000       999.000       999.000       999.000       999.000
 C_C#4        999.000       999.000       999.000       999.000       999.000


           Correlations
              C#2           C#3           C#4           C_BC#1        C_BC#2
              ________      ________      ________      ________      ________
 C#2            1.000
 C#3          999.000         1.000
 C#4          999.000       999.000         1.000
 C_BC#1       999.000       999.000       999.000         1.000
 C_BC#2       999.000       999.000       999.000       999.000         1.000
 C_BC#3       999.000       999.000       999.000       999.000       999.000
 C_BC#4       999.000       999.000       999.000       999.000       999.000
 C_C#1        999.000       999.000       999.000       999.000       999.000
 C_C#2        999.000       999.000       999.000       999.000       999.000
 C_C#3        999.000       999.000       999.000       999.000       999.000
 C_C#4        999.000       999.000       999.000       999.000       999.000


           Correlations
              C_BC#3        C_BC#4        C_C#1         C_C#2         C_C#3
              ________      ________      ________      ________      ________
 C_BC#3         1.000
 C_BC#4       999.000         1.000
 C_C#1        999.000       999.000         1.000
 C_C#2        999.000       999.000       999.000         1.000
 C_C#3        999.000       999.000       999.000       999.000         1.000
 C_C#4        999.000       999.000       999.000       999.000       999.000


           Correlations
              C_C#4
              ________
 C_C#4          1.000


PLOT INFORMATION

The following plots are available:

  Histograms (sample values, estimated factor scores)
  Scatterplots (sample values, estimated factor scores)
  Latent variable distribution plots

SAVEDATA INFORMATION


  Save file
    mlLpa_L2_5_L1_5.dat

  Order and format of variables

    DRIVES         F10.3
    COGNITIO       F10.3
    AFFECT         F10.3
    SOCIAL         F10.3
    WC             F10.3
    BIG_WORD       F10.3
    BC#1           F10.3
    BC#2           F10.3
    BC#3           F10.3
    BC#4           F10.3
    C#1            F10.3
    C#2            F10.3
    C#3            F10.3
    C#4            F10.3
    C_BC#1         F10.3
    C_BC#2         F10.3
    C_BC#3         F10.3
    C_BC#4         F10.3
    C_C#1          F10.3
    C_C#2          F10.3
    C_C#3          F10.3
    C_C#4          F10.3
    CPROB1         F10.3
    CPROB2         F10.3
    CPROB3         F10.3
    CPROB4         F10.3
    CPROB5         F10.3
    CPROB6         F10.3
    CPROB7         F10.3
    CPROB8         F10.3
    CPROB9         F10.3
    CPROB10        F10.3
    CPROB11        F10.3
    CPROB12        F10.3
    CPROB13        F10.3
    CPROB14        F10.3
    CPROB15        F10.3
    CPROB16        F10.3
    CPROB17        F10.3
    CPROB18        F10.3
    CPROB19        F10.3
    CPROB20        F10.3
    CPROB21        F10.3
    CPROB22        F10.3
    CPROB23        F10.3
    CPROB24        F10.3
    CPROB25        F10.3
    BC             F10.3
    C              F10.3
    MLCJOINT       F10.3
    ROW_NUM        I5
    PCP_ID         I4

  Save file format
    50F10.3 I5 I4

  Save file record length    10000

  Save missing symbol        *


  Estimated Means and Covariance Matrix for the Latent Variables

  Save file
    tech4.dat
  Save format      Free

     Beginning Time:  15:45:10
        Ending Time:  15:49:07
       Elapsed Time:  00:03:57



MUTHEN & MUTHEN
3463 Stoner Ave.
Los Angeles, CA  90066

Tel: (310) 391-9971
Fax: (310) 391-8971
Web: www.StatModel.com
Support: Support@StatModel.com

Copyright (c) 1998-2023 Muthen & Muthen
