Mplus VERSION 8.7 (Mac)
MUTHEN & MUTHEN
05/25/2023   2:05 PM

INPUT INSTRUCTIONS

  TITLE:
  L2_8_P_5_lpa_freeVar;
  DATA:
  FILE = "mplus_analyses/psych_process/L2_8_P_5_ml_lpa_freeVar.dat";

  VARIABLE:
  NAMES = drives cognition affect social wc big_words PCP_ID;
   MISSING=.;
   CLASSES = BC(8) c(5);
  CLUSTER IS PCP_ID;
  WITHIN ARE drives cognition affect social wc big_words;
  BETWEEN ARE BC;
  DEFINE:
  STANDARDIZE drives cognition affect social wc big_words;
  ANALYSIS:
  TYPE = MIXTURE TWOLEVEL;
      ESTIMATOR=MLR;
      STARTS=1000 200;
      STITERATIONS=50;
      LRTSTARTS=1000 50 1000 50;
      PROCESSORS=4;
  MODEL:
  %WITHIN%
  %OVERALL%
  %BETWEEN%
  %OVERALL%
  c ON BC;
  MODEL c:
  %WITHIN%
  %C#1%
  [drives cognition affect social wc big_words];
  drives cognition affect social wc big_words;
  %C#2%
  [drives cognition affect social wc big_words];
  drives cognition affect social wc big_words;
  %C#3%
  [drives cognition affect social wc big_words];
  drives cognition affect social wc big_words;
  %C#4%
  [drives cognition affect social wc big_words];
  drives cognition affect social wc big_words;
  %C#5%
  [drives cognition affect social wc big_words];
  drives cognition affect social wc big_words;
  SAVEDATA:
  file=mlLpa_L2_8_L1_5.dat; save=cprob; TECH4 IS tech4.dat;
  PLOT:
  type = plot3;



*** WARNING in VARIABLE command
  Note that only the first 8 characters of variable names are used in the output.
  Shorten variable names to avoid any confusion.
*** WARNING in MODEL command
  Variable is uncorrelated with all other variables within class: DRIVES
*** WARNING in MODEL command
  Variable is uncorrelated with all other variables within class: COGNITION
*** WARNING in MODEL command
  Variable is uncorrelated with all other variables within class: AFFECT
*** WARNING in MODEL command
  Variable is uncorrelated with all other variables within class: SOCIAL
*** WARNING in MODEL command
  Variable is uncorrelated with all other variables within class: WC
*** WARNING in MODEL command
  Variable is uncorrelated with all other variables within class: BIG_WORDS
*** WARNING in MODEL command
  At least one variable is uncorrelated with all other variables within class.
  Check that this is what is intended.
*** WARNING in PLOT command
  Note that only the first 8 characters of variable names are used in plots.
  If variable names are not unique within the first 8 characters, problems
  may occur.
   9 WARNING(S) FOUND IN THE INPUT INSTRUCTIONS




L2_8_P_5_lpa_freeVar;

SUMMARY OF ANALYSIS

Number of groups                                                 1
Number of observations                                        1670

Number of dependent variables                                    6
Number of independent variables                                  0
Number of continuous latent variables                            0
Number of categorical latent variables                           2

Observed dependent variables

  Continuous
   DRIVES      COGNITION   AFFECT      SOCIAL      WC          BIG_WORDS

Categorical latent variables
   BC          C

Variables with special functions

  Cluster variable      PCP_ID

  Within variables
   DRIVES      COGNITIO    AFFECT      SOCIAL      WC          BIG_WORD


Estimator                                                      MLR
Information matrix                                        OBSERVED
Optimization Specifications for the Quasi-Newton Algorithm for
Continuous Outcomes
  Maximum number of iterations                                 100
  Convergence criterion                                  0.100D-05
Optimization Specifications for the EM Algorithm
  Maximum number of iterations                                 500
  Convergence criteria
    Loglikelihood change                                 0.100D-02
    Relative loglikelihood change                        0.100D-05
    Derivative                                           0.100D-02
Optimization Specifications for the M step of the EM Algorithm for
Categorical Latent variables
  Number of M step iterations                                    1
  M step convergence criterion                           0.100D-02
  Basis for M step termination                           ITERATION
Optimization Specifications for the M step of the EM Algorithm for
Censored, Binary or Ordered Categorical (Ordinal), Unordered
Categorical (Nominal) and Count Outcomes
  Number of M step iterations                                    1
  M step convergence criterion                           0.100D-02
  Basis for M step termination                           ITERATION
  Maximum value for logit thresholds                            15
  Minimum value for logit thresholds                           -15
  Minimum expected cell size for chi-square              0.100D-01
Maximum number of iterations for H1                           2000
Convergence criterion for H1                             0.100D-03
Optimization algorithm                                         EMA
Integration Specifications
  Type                                                    STANDARD
  Number of integration points                                  15
  Dimensions of numerical integration                            0
  Adaptive quadrature                                           ON
Random Starts Specifications
  Number of initial stage random starts                       1000
  Number of final stage optimizations                          200
  Number of initial stage iterations                            50
  Initial stage convergence criterion                    0.100D+01
  Random starts scale                                    0.500D+01
  Random seed for generating random starts                       0
Parameterization                                             LOGIT
Cholesky                                                       OFF

Input data file(s)
  mplus_analyses/psych_process/L2_8_P_5_ml_lpa_freeVar.dat
Input data format  FREE


SUMMARY OF DATA

     Number of missing data patterns             1
     Number of y missing data patterns           1
     Number of u missing data patterns           0
     Number of clusters                        116



COVARIANCE COVERAGE OF DATA

Minimum covariance coverage value   0.100


     PROPORTION OF DATA PRESENT FOR Y


           Covariance Coverage
              DRIVES        COGNITIO      AFFECT        SOCIAL        WC
              ________      ________      ________      ________      ________
 DRIVES         1.000
 COGNITIO       1.000         1.000
 AFFECT         1.000         1.000         1.000
 SOCIAL         1.000         1.000         1.000         1.000
 WC             1.000         1.000         1.000         1.000         1.000
 BIG_WORD       1.000         1.000         1.000         1.000         1.000


           Covariance Coverage
              BIG_WORD
              ________
 BIG_WORD       1.000



UNIVARIATE SAMPLE STATISTICS


     UNIVARIATE HIGHER-ORDER MOMENT DESCRIPTIVE STATISTICS

         Variable/         Mean/     Skewness/   Minimum/ % with                Percentiles
        Sample Size      Variance    Kurtosis    Maximum  Min/Max      20%/60%    40%/80%    Median

     DRIVES                0.000       0.358      -2.668    0.06%      -0.842     -0.284     -0.039
            1670.000       1.000       0.166       3.571    0.06%       0.179      0.792
     COGNITION             0.000       0.212      -3.225    0.06%      -0.832     -0.296     -0.044
            1670.000       1.000       0.290       4.468    0.06%       0.225      0.815
     AFFECT                0.000       0.663      -2.958    0.06%      -0.826     -0.317     -0.092
            1670.000       1.000       0.978       4.396    0.06%       0.162      0.739
     SOCIAL                0.000       0.460      -2.644    0.06%      -0.844     -0.329     -0.077
            1670.000       1.000       0.387       3.992    0.06%       0.175      0.792
     WC                    0.000       1.218      -1.854    0.06%      -0.801     -0.370     -0.167
            1670.000       1.000       2.407       4.876    0.06%       0.057      0.714
     BIG_WORDS             0.000       0.326      -3.514    0.06%      -0.843     -0.292     -0.055
            1670.000       1.000       0.490       4.575    0.06%       0.188      0.835

RANDOM STARTS RESULTS RANKED FROM THE BEST TO THE WORST LOGLIKELIHOOD VALUES


10 perturbed starting value run(s) did not converge or were rejected in the third stage.
Final stage loglikelihood values at local maxima, seeds, and initial stage start numbers:

          -13219.478  349562           359
          -13219.489  548673           732
          -13219.915  617658           660
          -13219.967  802779           122
          -13219.983  496762           870
          -13221.382  643311           888
          -13222.575  602032           648
          -13222.576  798839           312
          -13223.290  65651            214
          -13224.175  66276            217
          -13224.633  804616           868
          -13224.743  637345           19
          -13225.216  153394           429
          -13225.447  415931           10
          -13226.969  193569           440
          -13228.317  243346           930
          -13234.958  3607             873
          -13238.331  147440           514
          -13239.102  301180           236
          -13249.863  737601           891
          -13253.207  831410           567
          -13253.761  700846           867
          -13254.405  637095           207

177 perturbed starting value run(s) did not converge or were rejected in the third stage.



THE BEST LOGLIKELIHOOD VALUE HAS BEEN REPLICATED.  RERUN WITH AT LEAST TWICE THE
RANDOM STARTS TO CHECK THAT THE BEST LOGLIKELIHOOD IS STILL OBTAINED AND REPLICATED.

     THE STANDARD ERRORS OF THE MODEL PARAMETER ESTIMATES MAY NOT BE
     TRUSTWORTHY FOR SOME PARAMETERS DUE TO A NON-POSITIVE DEFINITE
     FIRST-ORDER DERIVATIVE PRODUCT MATRIX.  THIS MAY BE DUE TO THE STARTING
     VALUES BUT MAY ALSO BE AN INDICATION OF MODEL NONIDENTIFICATION.  THE
     CONDITION NUMBER IS       0.425D-12.  PROBLEM INVOLVING THE FOLLOWING PARAMETER:
     Parameter 90, %BETWEEN%: C#3 ON BC#5

     ONE OR MORE MULTINOMIAL LOGIT PARAMETERS WERE FIXED TO AVOID SINGULARITY
     OF THE INFORMATION MATRIX.  THE SINGULARITY IS MOST LIKELY BECAUSE THE
     MODEL IS NOT IDENTIFIED, OR BECAUSE OF EMPTY CELLS IN THE JOINT
     DISTRIBUTION OF THE CATEGORICAL LATENT VARIABLES AND ANY INDEPENDENT
     VARIABLES.  THE FOLLOWING PARAMETERS WERE FIXED:
     Parameter 91, %BETWEEN%: C#4 ON BC#5
     Parameter 97, %BETWEEN%: C#2 ON BC#7
     Parameter 99, %BETWEEN%: C#4 ON BC#7
     Parameter 95, %BETWEEN%: C#4 ON BC#6
     Parameter 81, %BETWEEN%: C#2 ON BC#3
     Parameter 85, %BETWEEN%: C#2 ON BC#4
     Parameter 84, %BETWEEN%: C#1 ON BC#4
     Parameter 92, %BETWEEN%: C#1 ON BC#6
     Parameter 98, %BETWEEN%: C#3 ON BC#7
     Parameter 76, %BETWEEN%: C#1 ON BC#2
     Parameter 72, %BETWEEN%: C#1 ON BC#1


THE MODEL ESTIMATION TERMINATED NORMALLY



MODEL FIT INFORMATION

Number of Free Parameters                       99

Loglikelihood

          H0 Value                      -13219.478
          H0 Scaling Correction Factor      2.2291
            for MLR

Information Criteria

          Akaike (AIC)                   26636.956
          Bayesian (BIC)                 27173.593
          Sample-Size Adjusted BIC       26859.085
            (n* = (n + 2) / 24)



MODEL RESULTS USE THE LATENT CLASS VARIABLE ORDER

   BC  C


FINAL CLASS COUNTS AND PROPORTIONS FOR THE LATENT CLASS PATTERNS
BASED ON ESTIMATED POSTERIOR PROBABILITIES

  Latent Class
    Pattern

    1  1          0.00000          0.00000
    1  2          8.81475          0.00528
    1  3        177.24882          0.10614
    1  4         37.29552          0.02233
    1  5          6.47771          0.00388
    2  1          0.00000          0.00000
    2  2        219.77888          0.13160
    2  3         29.41701          0.01761
    2  4          2.45486          0.00147
    2  5         37.23031          0.02229
    3  1        186.91009          0.11192
    3  2          0.00000          0.00000
    3  3          1.88912          0.00113
    3  4          7.05973          0.00423
    3  5          9.07001          0.00543
    4  1          0.00000          0.00000
    4  2          0.00000          0.00000
    4  3          3.16444          0.00189
    4  4        214.65162          0.12853
    4  5         45.51893          0.02726
    5  1         64.39445          0.03856
    5  2         33.29981          0.01994
    5  3         13.25335          0.00794
    5  4          0.00000          0.00000
    5  5          0.00113          0.00000
    6  1          0.00000          0.00000
    6  2         94.64243          0.05667
    6  3         51.49811          0.03084
    6  4        128.44125          0.07691
    6  5          0.00943          0.00001
    7  1          4.57376          0.00274
    7  2         18.56062          0.01111
    7  3          0.18638          0.00011
    7  4          0.00000          0.00000
    7  5        184.10877          0.11024
    8  1         42.18007          0.02526
    8  2          0.00000          0.00000
    8  3         47.86863          0.02866
    8  4          0.00000          0.00000
    8  5          0.00000          0.00000


FINAL CLASS COUNTS AND PROPORTIONS FOR EACH LATENT CLASS VARIABLE
BASED ON ESTIMATED POSTERIOR PROBABILITIES

  Latent Class
    Variable    Class

    BC             1       229.83681          0.13763
                   2       288.88104          0.17298
                   3       204.92896          0.12271
                   4       263.33499          0.15769
                   5       110.94875          0.06644
                   6       274.59122          0.16443
                   7       207.42953          0.12421
                   8        90.04870          0.05392
    C              1       298.05838          0.17848
                   2       375.09650          0.22461
                   3       324.52585          0.19433
                   4       389.90298          0.23347
                   5       282.41632          0.16911


FINAL CLASS COUNTS AND PROPORTIONS FOR THE LATENT CLASS PATTERNS
BASED ON THEIR MOST LIKELY LATENT CLASS PATTERN

Class Counts and Proportions

  Latent Class
    Pattern

    1  1                0          0.00000
    1  2                4          0.00240
    1  3              191          0.11437
    1  4               37          0.02216
    1  5                4          0.00240
    2  1                0          0.00000
    2  2              241          0.14431
    2  3               22          0.01317
    2  4                0          0.00000
    2  5               25          0.01497
    3  1              195          0.11677
    3  2                0          0.00000
    3  3                1          0.00060
    3  4                4          0.00240
    3  5                5          0.00299
    4  1                0          0.00000
    4  2                0          0.00000
    4  3                2          0.00120
    4  4              233          0.13952
    4  5               34          0.02036
    5  1               70          0.04192
    5  2               27          0.01617
    5  3               10          0.00599
    5  4                0          0.00000
    5  5                0          0.00000
    6  1                0          0.00000
    6  2               87          0.05210
    6  3               44          0.02635
    6  4              141          0.08443
    6  5                0          0.00000
    7  1                0          0.00000
    7  2               10          0.00599
    7  3                0          0.00000
    7  4                0          0.00000
    7  5              200          0.11976
    8  1               42          0.02515
    8  2                0          0.00000
    8  3               41          0.02455
    8  4                0          0.00000
    8  5                0          0.00000


FINAL CLASS COUNTS AND PROPORTIONS FOR EACH LATENT CLASS VARIABLE
BASED ON THEIR MOST LIKELY LATENT CLASS PATTERN

  Latent Class
    Variable    Class

    BC             1             236          0.14132
                   2             288          0.17246
                   3             205          0.12275
                   4             269          0.16108
                   5             107          0.06407
                   6             272          0.16287
                   7             210          0.12575
                   8              83          0.04970
    C              1             307          0.18383
                   2             369          0.22096
                   3             311          0.18623
                   4             415          0.24850
                   5             268          0.16048


CLASSIFICATION QUALITY

     Entropy                         0.857


MODEL RESULTS

                                                    Two-Tailed
                    Estimate       S.E.  Est./S.E.    P-Value

Within Level

Latent Class Pattern 1 1

 Means
    DRIVES            -0.511      0.157     -3.260      0.001
    COGNITION         -0.098      0.238     -0.413      0.680
    AFFECT            -0.910      0.106     -8.545      0.000
    SOCIAL             0.234      0.212      1.105      0.269
    WC                -0.204      0.110     -1.855      0.064
    BIG_WORDS          0.283      0.156      1.819      0.069

 Variances
    DRIVES             0.923      0.144      6.428      0.000
    COGNITION          1.131      0.201      5.636      0.000
    AFFECT             0.427      0.083      5.124      0.000
    SOCIAL             1.482      0.245      6.047      0.000
    WC                 0.438      0.045      9.684      0.000
    BIG_WORDS          1.086      0.201      5.402      0.000

Latent Class Pattern 1 2

 Means
    DRIVES             0.283      0.236      1.199      0.231
    COGNITION          0.117      0.191      0.612      0.541
    AFFECT             0.138      0.144      0.958      0.338
    SOCIAL             0.436      0.262      1.660      0.097
    WC                 0.016      0.110      0.144      0.886
    BIG_WORDS         -0.330      0.081     -4.096      0.000

 Variances
    DRIVES             0.925      0.178      5.186      0.000
    COGNITION          0.707      0.094      7.513      0.000
    AFFECT             0.675      0.121      5.585      0.000
    SOCIAL             0.596      0.109      5.460      0.000
    WC                 0.353      0.044      8.094      0.000
    BIG_WORDS          0.488      0.089      5.481      0.000

Latent Class Pattern 1 3

 Means
    DRIVES             0.058      0.106      0.546      0.585
    COGNITION          0.366      0.118      3.107      0.002
    AFFECT            -0.319      0.089     -3.568      0.000
    SOCIAL            -0.361      0.117     -3.091      0.002
    WC                 1.314      0.134      9.795      0.000
    BIG_WORDS          0.118      0.137      0.855      0.392

 Variances
    DRIVES             0.670      0.075      8.977      0.000
    COGNITION          0.750      0.096      7.839      0.000
    AFFECT             0.353      0.040      8.836      0.000
    SOCIAL             0.524      0.083      6.315      0.000
    WC                 1.188      0.172      6.926      0.000
    BIG_WORDS          0.706      0.094      7.544      0.000

Latent Class Pattern 1 4

 Means
    DRIVES            -0.072      0.125     -0.572      0.567
    COGNITION          0.055      0.237      0.233      0.816
    AFFECT             0.421      0.114      3.695      0.000
    SOCIAL            -0.614      0.166     -3.696      0.000
    WC                -0.266      0.130     -2.051      0.040
    BIG_WORDS          0.264      0.194      1.362      0.173

 Variances
    DRIVES             0.738      0.127      5.807      0.000
    COGNITION          1.125      0.234      4.803      0.000
    AFFECT             0.662      0.083      8.003      0.000
    SOCIAL             0.463      0.065      7.110      0.000
    WC                 0.300      0.048      6.189      0.000
    BIG_WORDS          1.315      0.188      6.987      0.000

Latent Class Pattern 1 5

 Means
    DRIVES             0.197      0.148      1.330      0.184
    COGNITION         -0.548      0.159     -3.442      0.001
    AFFECT             0.563      0.157      3.590      0.000
    SOCIAL             0.436      0.181      2.410      0.016
    WC                -0.948      0.106     -8.953      0.000
    BIG_WORDS         -0.359      0.123     -2.916      0.004

 Variances
    DRIVES             1.490      0.204      7.309      0.000
    COGNITION          0.879      0.188      4.672      0.000
    AFFECT             1.669      0.248      6.744      0.000
    SOCIAL             1.147      0.127      9.021      0.000
    WC                 0.180      0.034      5.278      0.000
    BIG_WORDS          1.022      0.177      5.788      0.000

Latent Class Pattern 2 1

 Means
    DRIVES            -0.511      0.157     -3.260      0.001
    COGNITION         -0.098      0.238     -0.413      0.680
    AFFECT            -0.910      0.106     -8.545      0.000
    SOCIAL             0.234      0.212      1.105      0.269
    WC                -0.204      0.110     -1.855      0.064
    BIG_WORDS          0.283      0.156      1.819      0.069

 Variances
    DRIVES             0.923      0.144      6.428      0.000
    COGNITION          1.131      0.201      5.636      0.000
    AFFECT             0.427      0.083      5.124      0.000
    SOCIAL             1.482      0.245      6.047      0.000
    WC                 0.438      0.045      9.684      0.000
    BIG_WORDS          1.086      0.201      5.402      0.000

Latent Class Pattern 2 2

 Means
    DRIVES             0.283      0.236      1.199      0.231
    COGNITION          0.117      0.191      0.612      0.541
    AFFECT             0.138      0.144      0.958      0.338
    SOCIAL             0.436      0.262      1.660      0.097
    WC                 0.016      0.110      0.144      0.886
    BIG_WORDS         -0.330      0.081     -4.096      0.000

 Variances
    DRIVES             0.925      0.178      5.186      0.000
    COGNITION          0.707      0.094      7.513      0.000
    AFFECT             0.675      0.121      5.585      0.000
    SOCIAL             0.596      0.109      5.460      0.000
    WC                 0.353      0.044      8.094      0.000
    BIG_WORDS          0.488      0.089      5.481      0.000

Latent Class Pattern 2 3

 Means
    DRIVES             0.058      0.106      0.546      0.585
    COGNITION          0.366      0.118      3.107      0.002
    AFFECT            -0.319      0.089     -3.568      0.000
    SOCIAL            -0.361      0.117     -3.091      0.002
    WC                 1.314      0.134      9.795      0.000
    BIG_WORDS          0.118      0.137      0.855      0.392

 Variances
    DRIVES             0.670      0.075      8.977      0.000
    COGNITION          0.750      0.096      7.839      0.000
    AFFECT             0.353      0.040      8.836      0.000
    SOCIAL             0.524      0.083      6.315      0.000
    WC                 1.188      0.172      6.926      0.000
    BIG_WORDS          0.706      0.094      7.544      0.000

Latent Class Pattern 2 4

 Means
    DRIVES            -0.072      0.125     -0.572      0.567
    COGNITION          0.055      0.237      0.233      0.816
    AFFECT             0.421      0.114      3.695      0.000
    SOCIAL            -0.614      0.166     -3.696      0.000
    WC                -0.266      0.130     -2.051      0.040
    BIG_WORDS          0.264      0.194      1.362      0.173

 Variances
    DRIVES             0.738      0.127      5.807      0.000
    COGNITION          1.125      0.234      4.803      0.000
    AFFECT             0.662      0.083      8.003      0.000
    SOCIAL             0.463      0.065      7.110      0.000
    WC                 0.300      0.048      6.189      0.000
    BIG_WORDS          1.315      0.188      6.987      0.000

Latent Class Pattern 2 5

 Means
    DRIVES             0.197      0.148      1.330      0.184
    COGNITION         -0.548      0.159     -3.442      0.001
    AFFECT             0.563      0.157      3.590      0.000
    SOCIAL             0.436      0.181      2.410      0.016
    WC                -0.948      0.106     -8.953      0.000
    BIG_WORDS         -0.359      0.123     -2.916      0.004

 Variances
    DRIVES             1.490      0.204      7.309      0.000
    COGNITION          0.879      0.188      4.672      0.000
    AFFECT             1.669      0.248      6.744      0.000
    SOCIAL             1.147      0.127      9.021      0.000
    WC                 0.180      0.034      5.278      0.000
    BIG_WORDS          1.022      0.177      5.788      0.000

Latent Class Pattern 3 1

 Means
    DRIVES            -0.511      0.157     -3.260      0.001
    COGNITION         -0.098      0.238     -0.413      0.680
    AFFECT            -0.910      0.106     -8.545      0.000
    SOCIAL             0.234      0.212      1.105      0.269
    WC                -0.204      0.110     -1.855      0.064
    BIG_WORDS          0.283      0.156      1.819      0.069

 Variances
    DRIVES             0.923      0.144      6.428      0.000
    COGNITION          1.131      0.201      5.636      0.000
    AFFECT             0.427      0.083      5.124      0.000
    SOCIAL             1.482      0.245      6.047      0.000
    WC                 0.438      0.045      9.684      0.000
    BIG_WORDS          1.086      0.201      5.402      0.000

Latent Class Pattern 3 2

 Means
    DRIVES             0.283      0.236      1.199      0.231
    COGNITION          0.117      0.191      0.612      0.541
    AFFECT             0.138      0.144      0.958      0.338
    SOCIAL             0.436      0.262      1.660      0.097
    WC                 0.016      0.110      0.144      0.886
    BIG_WORDS         -0.330      0.081     -4.096      0.000

 Variances
    DRIVES             0.925      0.178      5.186      0.000
    COGNITION          0.707      0.094      7.513      0.000
    AFFECT             0.675      0.121      5.585      0.000
    SOCIAL             0.596      0.109      5.460      0.000
    WC                 0.353      0.044      8.094      0.000
    BIG_WORDS          0.488      0.089      5.481      0.000

Latent Class Pattern 3 3

 Means
    DRIVES             0.058      0.106      0.546      0.585
    COGNITION          0.366      0.118      3.107      0.002
    AFFECT            -0.319      0.089     -3.568      0.000
    SOCIAL            -0.361      0.117     -3.091      0.002
    WC                 1.314      0.134      9.795      0.000
    BIG_WORDS          0.118      0.137      0.855      0.392

 Variances
    DRIVES             0.670      0.075      8.977      0.000
    COGNITION          0.750      0.096      7.839      0.000
    AFFECT             0.353      0.040      8.836      0.000
    SOCIAL             0.524      0.083      6.315      0.000
    WC                 1.188      0.172      6.926      0.000
    BIG_WORDS          0.706      0.094      7.544      0.000

Latent Class Pattern 3 4

 Means
    DRIVES            -0.072      0.125     -0.572      0.567
    COGNITION          0.055      0.237      0.233      0.816
    AFFECT             0.421      0.114      3.695      0.000
    SOCIAL            -0.614      0.166     -3.696      0.000
    WC                -0.266      0.130     -2.051      0.040
    BIG_WORDS          0.264      0.194      1.362      0.173

 Variances
    DRIVES             0.738      0.127      5.807      0.000
    COGNITION          1.125      0.234      4.803      0.000
    AFFECT             0.662      0.083      8.003      0.000
    SOCIAL             0.463      0.065      7.110      0.000
    WC                 0.300      0.048      6.189      0.000
    BIG_WORDS          1.315      0.188      6.987      0.000

Latent Class Pattern 3 5

 Means
    DRIVES             0.197      0.148      1.330      0.184
    COGNITION         -0.548      0.159     -3.442      0.001
    AFFECT             0.563      0.157      3.590      0.000
    SOCIAL             0.436      0.181      2.410      0.016
    WC                -0.948      0.106     -8.953      0.000
    BIG_WORDS         -0.359      0.123     -2.916      0.004

 Variances
    DRIVES             1.490      0.204      7.309      0.000
    COGNITION          0.879      0.188      4.672      0.000
    AFFECT             1.669      0.248      6.744      0.000
    SOCIAL             1.147      0.127      9.021      0.000
    WC                 0.180      0.034      5.278      0.000
    BIG_WORDS          1.022      0.177      5.788      0.000

Latent Class Pattern 4 1

 Means
    DRIVES            -0.511      0.157     -3.260      0.001
    COGNITION         -0.098      0.238     -0.413      0.680
    AFFECT            -0.910      0.106     -8.545      0.000
    SOCIAL             0.234      0.212      1.105      0.269
    WC                -0.204      0.110     -1.855      0.064
    BIG_WORDS          0.283      0.156      1.819      0.069

 Variances
    DRIVES             0.923      0.144      6.428      0.000
    COGNITION          1.131      0.201      5.636      0.000
    AFFECT             0.427      0.083      5.124      0.000
    SOCIAL             1.482      0.245      6.047      0.000
    WC                 0.438      0.045      9.684      0.000
    BIG_WORDS          1.086      0.201      5.402      0.000

Latent Class Pattern 4 2

 Means
    DRIVES             0.283      0.236      1.199      0.231
    COGNITION          0.117      0.191      0.612      0.541
    AFFECT             0.138      0.144      0.958      0.338
    SOCIAL             0.436      0.262      1.660      0.097
    WC                 0.016      0.110      0.144      0.886
    BIG_WORDS         -0.330      0.081     -4.096      0.000

 Variances
    DRIVES             0.925      0.178      5.186      0.000
    COGNITION          0.707      0.094      7.513      0.000
    AFFECT             0.675      0.121      5.585      0.000
    SOCIAL             0.596      0.109      5.460      0.000
    WC                 0.353      0.044      8.094      0.000
    BIG_WORDS          0.488      0.089      5.481      0.000

Latent Class Pattern 4 3

 Means
    DRIVES             0.058      0.106      0.546      0.585
    COGNITION          0.366      0.118      3.107      0.002
    AFFECT            -0.319      0.089     -3.568      0.000
    SOCIAL            -0.361      0.117     -3.091      0.002
    WC                 1.314      0.134      9.795      0.000
    BIG_WORDS          0.118      0.137      0.855      0.392

 Variances
    DRIVES             0.670      0.075      8.977      0.000
    COGNITION          0.750      0.096      7.839      0.000
    AFFECT             0.353      0.040      8.836      0.000
    SOCIAL             0.524      0.083      6.315      0.000
    WC                 1.188      0.172      6.926      0.000
    BIG_WORDS          0.706      0.094      7.544      0.000

Latent Class Pattern 4 4

 Means
    DRIVES            -0.072      0.125     -0.572      0.567
    COGNITION          0.055      0.237      0.233      0.816
    AFFECT             0.421      0.114      3.695      0.000
    SOCIAL            -0.614      0.166     -3.696      0.000
    WC                -0.266      0.130     -2.051      0.040
    BIG_WORDS          0.264      0.194      1.362      0.173

 Variances
    DRIVES             0.738      0.127      5.807      0.000
    COGNITION          1.125      0.234      4.803      0.000
    AFFECT             0.662      0.083      8.003      0.000
    SOCIAL             0.463      0.065      7.110      0.000
    WC                 0.300      0.048      6.189      0.000
    BIG_WORDS          1.315      0.188      6.987      0.000

Latent Class Pattern 4 5

 Means
    DRIVES             0.197      0.148      1.330      0.184
    COGNITION         -0.548      0.159     -3.442      0.001
    AFFECT             0.563      0.157      3.590      0.000
    SOCIAL             0.436      0.181      2.410      0.016
    WC                -0.948      0.106     -8.953      0.000
    BIG_WORDS         -0.359      0.123     -2.916      0.004

 Variances
    DRIVES             1.490      0.204      7.309      0.000
    COGNITION          0.879      0.188      4.672      0.000
    AFFECT             1.669      0.248      6.744      0.000
    SOCIAL             1.147      0.127      9.021      0.000
    WC                 0.180      0.034      5.278      0.000
    BIG_WORDS          1.022      0.177      5.788      0.000

Latent Class Pattern 5 1

 Means
    DRIVES            -0.511      0.157     -3.260      0.001
    COGNITION         -0.098      0.238     -0.413      0.680
    AFFECT            -0.910      0.106     -8.545      0.000
    SOCIAL             0.234      0.212      1.105      0.269
    WC                -0.204      0.110     -1.855      0.064
    BIG_WORDS          0.283      0.156      1.819      0.069

 Variances
    DRIVES             0.923      0.144      6.428      0.000
    COGNITION          1.131      0.201      5.636      0.000
    AFFECT             0.427      0.083      5.124      0.000
    SOCIAL             1.482      0.245      6.047      0.000
    WC                 0.438      0.045      9.684      0.000
    BIG_WORDS          1.086      0.201      5.402      0.000

Latent Class Pattern 5 2

 Means
    DRIVES             0.283      0.236      1.199      0.231
    COGNITION          0.117      0.191      0.612      0.541
    AFFECT             0.138      0.144      0.958      0.338
    SOCIAL             0.436      0.262      1.660      0.097
    WC                 0.016      0.110      0.144      0.886
    BIG_WORDS         -0.330      0.081     -4.096      0.000

 Variances
    DRIVES             0.925      0.178      5.186      0.000
    COGNITION          0.707      0.094      7.513      0.000
    AFFECT             0.675      0.121      5.585      0.000
    SOCIAL             0.596      0.109      5.460      0.000
    WC                 0.353      0.044      8.094      0.000
    BIG_WORDS          0.488      0.089      5.481      0.000

Latent Class Pattern 5 3

 Means
    DRIVES             0.058      0.106      0.546      0.585
    COGNITION          0.366      0.118      3.107      0.002
    AFFECT            -0.319      0.089     -3.568      0.000
    SOCIAL            -0.361      0.117     -3.091      0.002
    WC                 1.314      0.134      9.795      0.000
    BIG_WORDS          0.118      0.137      0.855      0.392

 Variances
    DRIVES             0.670      0.075      8.977      0.000
    COGNITION          0.750      0.096      7.839      0.000
    AFFECT             0.353      0.040      8.836      0.000
    SOCIAL             0.524      0.083      6.315      0.000
    WC                 1.188      0.172      6.926      0.000
    BIG_WORDS          0.706      0.094      7.544      0.000

Latent Class Pattern 5 4

 Means
    DRIVES            -0.072      0.125     -0.572      0.567
    COGNITION          0.055      0.237      0.233      0.816
    AFFECT             0.421      0.114      3.695      0.000
    SOCIAL            -0.614      0.166     -3.696      0.000
    WC                -0.266      0.130     -2.051      0.040
    BIG_WORDS          0.264      0.194      1.362      0.173

 Variances
    DRIVES             0.738      0.127      5.807      0.000
    COGNITION          1.125      0.234      4.803      0.000
    AFFECT             0.662      0.083      8.003      0.000
    SOCIAL             0.463      0.065      7.110      0.000
    WC                 0.300      0.048      6.189      0.000
    BIG_WORDS          1.315      0.188      6.987      0.000

Latent Class Pattern 5 5

 Means
    DRIVES             0.197      0.148      1.330      0.184
    COGNITION         -0.548      0.159     -3.442      0.001
    AFFECT             0.563      0.157      3.590      0.000
    SOCIAL             0.436      0.181      2.410      0.016
    WC                -0.948      0.106     -8.953      0.000
    BIG_WORDS         -0.359      0.123     -2.916      0.004

 Variances
    DRIVES             1.490      0.204      7.309      0.000
    COGNITION          0.879      0.188      4.672      0.000
    AFFECT             1.669      0.248      6.744      0.000
    SOCIAL             1.147      0.127      9.021      0.000
    WC                 0.180      0.034      5.278      0.000
    BIG_WORDS          1.022      0.177      5.788      0.000

Latent Class Pattern 6 1

 Means
    DRIVES            -0.511      0.157     -3.260      0.001
    COGNITION         -0.098      0.238     -0.413      0.680
    AFFECT            -0.910      0.106     -8.545      0.000
    SOCIAL             0.234      0.212      1.105      0.269
    WC                -0.204      0.110     -1.855      0.064
    BIG_WORDS          0.283      0.156      1.819      0.069

 Variances
    DRIVES             0.923      0.144      6.428      0.000
    COGNITION          1.131      0.201      5.636      0.000
    AFFECT             0.427      0.083      5.124      0.000
    SOCIAL             1.482      0.245      6.047      0.000
    WC                 0.438      0.045      9.684      0.000
    BIG_WORDS          1.086      0.201      5.402      0.000

Latent Class Pattern 6 2

 Means
    DRIVES             0.283      0.236      1.199      0.231
    COGNITION          0.117      0.191      0.612      0.541
    AFFECT             0.138      0.144      0.958      0.338
    SOCIAL             0.436      0.262      1.660      0.097
    WC                 0.016      0.110      0.144      0.886
    BIG_WORDS         -0.330      0.081     -4.096      0.000

 Variances
    DRIVES             0.925      0.178      5.186      0.000
    COGNITION          0.707      0.094      7.513      0.000
    AFFECT             0.675      0.121      5.585      0.000
    SOCIAL             0.596      0.109      5.460      0.000
    WC                 0.353      0.044      8.094      0.000
    BIG_WORDS          0.488      0.089      5.481      0.000

Latent Class Pattern 6 3

 Means
    DRIVES             0.058      0.106      0.546      0.585
    COGNITION          0.366      0.118      3.107      0.002
    AFFECT            -0.319      0.089     -3.568      0.000
    SOCIAL            -0.361      0.117     -3.091      0.002
    WC                 1.314      0.134      9.795      0.000
    BIG_WORDS          0.118      0.137      0.855      0.392

 Variances
    DRIVES             0.670      0.075      8.977      0.000
    COGNITION          0.750      0.096      7.839      0.000
    AFFECT             0.353      0.040      8.836      0.000
    SOCIAL             0.524      0.083      6.315      0.000
    WC                 1.188      0.172      6.926      0.000
    BIG_WORDS          0.706      0.094      7.544      0.000

Latent Class Pattern 6 4

 Means
    DRIVES            -0.072      0.125     -0.572      0.567
    COGNITION          0.055      0.237      0.233      0.816
    AFFECT             0.421      0.114      3.695      0.000
    SOCIAL            -0.614      0.166     -3.696      0.000
    WC                -0.266      0.130     -2.051      0.040
    BIG_WORDS          0.264      0.194      1.362      0.173

 Variances
    DRIVES             0.738      0.127      5.807      0.000
    COGNITION          1.125      0.234      4.803      0.000
    AFFECT             0.662      0.083      8.003      0.000
    SOCIAL             0.463      0.065      7.110      0.000
    WC                 0.300      0.048      6.189      0.000
    BIG_WORDS          1.315      0.188      6.987      0.000

Latent Class Pattern 6 5

 Means
    DRIVES             0.197      0.148      1.330      0.184
    COGNITION         -0.548      0.159     -3.442      0.001
    AFFECT             0.563      0.157      3.590      0.000
    SOCIAL             0.436      0.181      2.410      0.016
    WC                -0.948      0.106     -8.953      0.000
    BIG_WORDS         -0.359      0.123     -2.916      0.004

 Variances
    DRIVES             1.490      0.204      7.309      0.000
    COGNITION          0.879      0.188      4.672      0.000
    AFFECT             1.669      0.248      6.744      0.000
    SOCIAL             1.147      0.127      9.021      0.000
    WC                 0.180      0.034      5.278      0.000
    BIG_WORDS          1.022      0.177      5.788      0.000

Latent Class Pattern 7 1

 Means
    DRIVES            -0.511      0.157     -3.260      0.001
    COGNITION         -0.098      0.238     -0.413      0.680
    AFFECT            -0.910      0.106     -8.545      0.000
    SOCIAL             0.234      0.212      1.105      0.269
    WC                -0.204      0.110     -1.855      0.064
    BIG_WORDS          0.283      0.156      1.819      0.069

 Variances
    DRIVES             0.923      0.144      6.428      0.000
    COGNITION          1.131      0.201      5.636      0.000
    AFFECT             0.427      0.083      5.124      0.000
    SOCIAL             1.482      0.245      6.047      0.000
    WC                 0.438      0.045      9.684      0.000
    BIG_WORDS          1.086      0.201      5.402      0.000

Latent Class Pattern 7 2

 Means
    DRIVES             0.283      0.236      1.199      0.231
    COGNITION          0.117      0.191      0.612      0.541
    AFFECT             0.138      0.144      0.958      0.338
    SOCIAL             0.436      0.262      1.660      0.097
    WC                 0.016      0.110      0.144      0.886
    BIG_WORDS         -0.330      0.081     -4.096      0.000

 Variances
    DRIVES             0.925      0.178      5.186      0.000
    COGNITION          0.707      0.094      7.513      0.000
    AFFECT             0.675      0.121      5.585      0.000
    SOCIAL             0.596      0.109      5.460      0.000
    WC                 0.353      0.044      8.094      0.000
    BIG_WORDS          0.488      0.089      5.481      0.000

Latent Class Pattern 7 3

 Means
    DRIVES             0.058      0.106      0.546      0.585
    COGNITION          0.366      0.118      3.107      0.002
    AFFECT            -0.319      0.089     -3.568      0.000
    SOCIAL            -0.361      0.117     -3.091      0.002
    WC                 1.314      0.134      9.795      0.000
    BIG_WORDS          0.118      0.137      0.855      0.392

 Variances
    DRIVES             0.670      0.075      8.977      0.000
    COGNITION          0.750      0.096      7.839      0.000
    AFFECT             0.353      0.040      8.836      0.000
    SOCIAL             0.524      0.083      6.315      0.000
    WC                 1.188      0.172      6.926      0.000
    BIG_WORDS          0.706      0.094      7.544      0.000

Latent Class Pattern 7 4

 Means
    DRIVES            -0.072      0.125     -0.572      0.567
    COGNITION          0.055      0.237      0.233      0.816
    AFFECT             0.421      0.114      3.695      0.000
    SOCIAL            -0.614      0.166     -3.696      0.000
    WC                -0.266      0.130     -2.051      0.040
    BIG_WORDS          0.264      0.194      1.362      0.173

 Variances
    DRIVES             0.738      0.127      5.807      0.000
    COGNITION          1.125      0.234      4.803      0.000
    AFFECT             0.662      0.083      8.003      0.000
    SOCIAL             0.463      0.065      7.110      0.000
    WC                 0.300      0.048      6.189      0.000
    BIG_WORDS          1.315      0.188      6.987      0.000

Latent Class Pattern 7 5

 Means
    DRIVES             0.197      0.148      1.330      0.184
    COGNITION         -0.548      0.159     -3.442      0.001
    AFFECT             0.563      0.157      3.590      0.000
    SOCIAL             0.436      0.181      2.410      0.016
    WC                -0.948      0.106     -8.953      0.000
    BIG_WORDS         -0.359      0.123     -2.916      0.004

 Variances
    DRIVES             1.490      0.204      7.309      0.000
    COGNITION          0.879      0.188      4.672      0.000
    AFFECT             1.669      0.248      6.744      0.000
    SOCIAL             1.147      0.127      9.021      0.000
    WC                 0.180      0.034      5.278      0.000
    BIG_WORDS          1.022      0.177      5.788      0.000

Latent Class Pattern 8 1

 Means
    DRIVES            -0.511      0.157     -3.260      0.001
    COGNITION         -0.098      0.238     -0.413      0.680
    AFFECT            -0.910      0.106     -8.545      0.000
    SOCIAL             0.234      0.212      1.105      0.269
    WC                -0.204      0.110     -1.855      0.064
    BIG_WORDS          0.283      0.156      1.819      0.069

 Variances
    DRIVES             0.923      0.144      6.428      0.000
    COGNITION          1.131      0.201      5.636      0.000
    AFFECT             0.427      0.083      5.124      0.000
    SOCIAL             1.482      0.245      6.047      0.000
    WC                 0.438      0.045      9.684      0.000
    BIG_WORDS          1.086      0.201      5.402      0.000

Latent Class Pattern 8 2

 Means
    DRIVES             0.283      0.236      1.199      0.231
    COGNITION          0.117      0.191      0.612      0.541
    AFFECT             0.138      0.144      0.958      0.338
    SOCIAL             0.436      0.262      1.660      0.097
    WC                 0.016      0.110      0.144      0.886
    BIG_WORDS         -0.330      0.081     -4.096      0.000

 Variances
    DRIVES             0.925      0.178      5.186      0.000
    COGNITION          0.707      0.094      7.513      0.000
    AFFECT             0.675      0.121      5.585      0.000
    SOCIAL             0.596      0.109      5.460      0.000
    WC                 0.353      0.044      8.094      0.000
    BIG_WORDS          0.488      0.089      5.481      0.000

Latent Class Pattern 8 3

 Means
    DRIVES             0.058      0.106      0.546      0.585
    COGNITION          0.366      0.118      3.107      0.002
    AFFECT            -0.319      0.089     -3.568      0.000
    SOCIAL            -0.361      0.117     -3.091      0.002
    WC                 1.314      0.134      9.795      0.000
    BIG_WORDS          0.118      0.137      0.855      0.392

 Variances
    DRIVES             0.670      0.075      8.977      0.000
    COGNITION          0.750      0.096      7.839      0.000
    AFFECT             0.353      0.040      8.836      0.000
    SOCIAL             0.524      0.083      6.315      0.000
    WC                 1.188      0.172      6.926      0.000
    BIG_WORDS          0.706      0.094      7.544      0.000

Latent Class Pattern 8 4

 Means
    DRIVES            -0.072      0.125     -0.572      0.567
    COGNITION          0.055      0.237      0.233      0.816
    AFFECT             0.421      0.114      3.695      0.000
    SOCIAL            -0.614      0.166     -3.696      0.000
    WC                -0.266      0.130     -2.051      0.040
    BIG_WORDS          0.264      0.194      1.362      0.173

 Variances
    DRIVES             0.738      0.127      5.807      0.000
    COGNITION          1.125      0.234      4.803      0.000
    AFFECT             0.662      0.083      8.003      0.000
    SOCIAL             0.463      0.065      7.110      0.000
    WC                 0.300      0.048      6.189      0.000
    BIG_WORDS          1.315      0.188      6.987      0.000

Latent Class Pattern 8 5

 Means
    DRIVES             0.197      0.148      1.330      0.184
    COGNITION         -0.548      0.159     -3.442      0.001
    AFFECT             0.563      0.157      3.590      0.000
    SOCIAL             0.436      0.181      2.410      0.016
    WC                -0.948      0.106     -8.953      0.000
    BIG_WORDS         -0.359      0.123     -2.916      0.004

 Variances
    DRIVES             1.490      0.204      7.309      0.000
    COGNITION          0.879      0.188      4.672      0.000
    AFFECT             1.669      0.248      6.744      0.000
    SOCIAL             1.147      0.127      9.021      0.000
    WC                 0.180      0.034      5.278      0.000
    BIG_WORDS          1.022      0.177      5.788      0.000

Between Level

Categorical Latent Variables

Within Level

 Intercepts
    C#1               26.490     11.567      2.290      0.022
    C#2              -19.319      0.841    -22.961      0.000
    C#3               26.616     11.555      2.303      0.021
    C#4              -22.687      8.731     -2.598      0.009

Between Level

 C#1        ON
    BC#1             -51.664      0.000    999.000    999.000
    BC#2             -53.507      0.000    999.000    999.000
    BC#3             -23.464     11.544     -2.033      0.042
    BC#4             -55.431      0.000    999.000    999.000
    BC#5             -15.666     11.488     -1.364      0.173
    BC#6             -46.260      0.000    999.000    999.000
    BC#7             -30.186     11.397     -2.649      0.008

 C#2        ON
    BC#1              19.634      3.600      5.455      0.000
    BC#2              21.094      0.981     21.505      0.000
    BC#3              -6.868      0.000    999.000    999.000
    BC#4              -8.512      0.000    999.000    999.000
    BC#5              29.483      2.540     11.608      0.000
    BC#6              28.516      9.268      3.077      0.002
    BC#7              17.024      0.000    999.000    999.000

 C#3        ON
    BC#1             -23.307     11.719     -1.989      0.047
    BC#2             -26.852     11.424     -2.351      0.019
    BC#3             -28.185     11.519     -2.447      0.014
    BC#4             -29.280     12.004     -2.439      0.015
    BC#5             -17.374     11.387     -1.526      0.127
    BC#6             -18.030     14.818     -1.217      0.224
    BC#7             -33.519      0.000    999.000    999.000

 C#4        ON
    BC#1              24.437      8.985      2.720      0.007
    BC#2              19.968     10.404      1.919      0.055
    BC#3              22.439      8.909      2.519      0.012
    BC#4              24.239      8.464      2.864      0.004
    BC#5             -34.784      0.000    999.000    999.000
    BC#6              32.187      0.000    999.000    999.000
    BC#7             -15.976      0.000    999.000    999.000

 Means
    BC#1               1.296      0.614      2.109      0.035
    BC#2               1.020      0.581      1.757      0.079
    BC#3               0.918      0.615      1.492      0.136
    BC#4               1.382      0.586      2.359      0.018
    BC#5              -1.431      1.187     -1.206      0.228
    BC#6               0.884      0.608      1.454      0.146
    BC#7               1.029      0.572      1.800      0.072


QUALITY OF NUMERICAL RESULTS

     Condition Number for the Information Matrix              0.252E-06
       (ratio of smallest to largest eigenvalue)


C-SPECIFIC CLASSIFICATION RESULTS

Classification Quality for BC

     Entropy                         0.919

Average Latent Class Probabilities for Most Likely Latent Class Membership (Row)
by Latent Class (Column)

           1        2        3        4        5        6        7        8

    1   0.907    0.007    0.000    0.007    0.001    0.047    0.000    0.031
    2   0.007    0.956    0.002    0.001    0.004    0.028    0.002    0.001
    3   0.000    0.005    0.968    0.006    0.011    0.001    0.002    0.007
    4   0.010    0.002    0.021    0.922    0.001    0.041    0.001    0.002
    5   0.000    0.000    0.000    0.000    1.000    0.000    0.000    0.000
    6   0.032    0.029    0.000    0.041    0.000    0.898    0.000    0.000
    7   0.000    0.012    0.002    0.005    0.000    0.000    0.981    0.000
    8   0.027    0.000    0.000    0.000    0.001    0.001    0.000    0.971


Classification Probabilities for the Most Likely Latent Class Membership (Column)
by Latent Class (Row)

           1        2        3        4        5        6        7        8

    1   0.931    0.009    0.000    0.012    0.000    0.037    0.000    0.010
    2   0.006    0.953    0.003    0.002    0.000    0.027    0.008    0.000
    3   0.000    0.002    0.968    0.028    0.000    0.000    0.002    0.000
    4   0.006    0.001    0.005    0.941    0.000    0.043    0.004    0.000
    5   0.002    0.010    0.021    0.002    0.964    0.000    0.000    0.001
    6   0.041    0.029    0.001    0.040    0.000    0.890    0.000    0.000
    7   0.000    0.003    0.002    0.002    0.000    0.000    0.993    0.000
    8   0.081    0.002    0.017    0.005    0.000    0.000    0.000    0.895


Logits for the Classification Probabilities for the Most Likely Latent Class Membership (Column)
by Latent Class (Row)

              1        2        3        4        5        6        7        8

    1      4.564   -0.048   -4.293    0.229   -9.180    1.348   -9.180    0.000
    2      6.304   11.420    5.812    5.401   -2.347    7.868    6.687    0.000
    3      0.868    3.076    9.185    5.625   -4.598   -4.036    2.976    0.000
    4      8.684    6.715    8.508   13.755    0.000   10.658    8.379    0.000
    5      0.862    2.545    3.233    0.768    7.078   -2.429   -3.144    0.000
    6      5.214    4.875    0.857    5.198   -5.397    8.302   -0.935    0.000
    7      0.000    8.125    7.349    7.571    0.000    0.104   13.809    0.000
    8     -2.398   -6.044   -3.969   -5.285  -13.705  -10.021  -13.705    0.000

Classification Quality for C

     Entropy                         0.748

Average Latent Class Probabilities for Most Likely Latent Class Membership (Row)
by Latent Class (Column)

           1        2        3        4        5

    1   0.888    0.042    0.036    0.019    0.015
    2   0.018    0.805    0.066    0.063    0.049
    3   0.024    0.054    0.861    0.061    0.001
    4   0.012    0.076    0.051    0.802    0.058
    5   0.024    0.062    0.001    0.035    0.879


Classification Probabilities for the Most Likely Latent Class Membership (Column)
by Latent Class (Row)

           1        2        3        4        5

    1   0.914    0.022    0.025    0.017    0.021
    2   0.035    0.792    0.045    0.084    0.044
    3   0.034    0.075    0.825    0.065    0.001
    4   0.015    0.059    0.048    0.854    0.024
    5   0.016    0.063    0.001    0.086    0.834


Logits for the Classification Probabilities for the Most Likely Latent Class Membership (Column)
by Latent Class (Row)

              1        2        3        4        5

    1      3.761    0.026    0.174   -0.207    0.000
    2     -0.241    2.889    0.016    0.650    0.000
    3      3.616    4.401    6.797    4.252    0.000
    4     -0.480    0.907    0.702    3.576    0.000
    5     -3.938   -2.576   -7.319   -2.273    0.000


SAMPLE STATISTICS FOR ESTIMATED FACTOR SCORES


     SAMPLE STATISTICS


           Means
              BC#1          BC#2          BC#3          BC#4          BC#5
              ________      ________      ________      ________      ________
                1.296         1.020         0.918         1.382        -1.431


           Means
              BC#6          BC#7          C#1           C#2           C#3
              ________      ________      ________      ________      ________
                0.884         1.029        26.490       -19.319        26.616


           Means
              C#4           C_BC#1        C_BC#2        C_BC#3        C_BC#4
              ________      ________      ________      ________      ________
              -22.687         1.296         1.020         0.918         1.382


           Means
              C_BC#5        C_BC#6        C_BC#7        C_C#1         C_C#2
              ________      ________      ________      ________      ________
               -1.431         0.884         1.029        26.490       -19.319


           Means
              C_C#3         C_C#4
              ________      ________
               26.616       -22.687


           Covariances
              BC#1          BC#2          BC#3          BC#4          BC#5
              ________      ________      ________      ________      ________
 BC#1           0.000
 BC#2           0.000         0.000
 BC#3           0.000         0.000         0.000
 BC#4           0.000         0.000         0.000         0.000
 BC#5           0.000         0.000         0.000         0.000         0.000
 BC#6           0.000         0.000         0.000         0.000         0.000
 BC#7           0.000         0.000         0.000         0.000         0.000
 C#1            0.000         0.000         0.000         0.000         0.000
 C#2            0.000         0.000         0.000         0.000         0.000
 C#3            0.000         0.000         0.000         0.000         0.000
 C#4            0.000         0.000         0.000         0.000         0.000
 C_BC#1         0.000         0.000         0.000         0.000         0.000
 C_BC#2         0.000         0.000         0.000         0.000         0.000
 C_BC#3         0.000         0.000         0.000         0.000         0.000
 C_BC#4         0.000         0.000         0.000         0.000         0.000
 C_BC#5         0.000         0.000         0.000         0.000         0.000
 C_BC#6         0.000         0.000         0.000         0.000         0.000
 C_BC#7         0.000         0.000         0.000         0.000         0.000
 C_C#1          0.000         0.000         0.000         0.000         0.000
 C_C#2          0.000         0.000         0.000         0.000         0.000
 C_C#3          0.000         0.000         0.000         0.000         0.000
 C_C#4          0.000         0.000         0.000         0.000         0.000


           Covariances
              BC#6          BC#7          C#1           C#2           C#3
              ________      ________      ________      ________      ________
 BC#6           0.000
 BC#7           0.000         0.000
 C#1            0.000         0.000         0.000
 C#2            0.000         0.000         0.000         0.000
 C#3            0.000         0.000         0.000         0.000         0.000
 C#4            0.000         0.000         0.000         0.000         0.000
 C_BC#1         0.000         0.000         0.000         0.000         0.000
 C_BC#2         0.000         0.000         0.000         0.000         0.000
 C_BC#3         0.000         0.000         0.000         0.000         0.000
 C_BC#4         0.000         0.000         0.000         0.000         0.000
 C_BC#5         0.000         0.000         0.000         0.000         0.000
 C_BC#6         0.000         0.000         0.000         0.000         0.000
 C_BC#7         0.000         0.000         0.000         0.000         0.000
 C_C#1          0.000         0.000         0.000         0.000         0.000
 C_C#2          0.000         0.000         0.000         0.000         0.000
 C_C#3          0.000         0.000         0.000         0.000         0.000
 C_C#4          0.000         0.000         0.000         0.000         0.000


           Covariances
              C#4           C_BC#1        C_BC#2        C_BC#3        C_BC#4
              ________      ________      ________      ________      ________
 C#4            0.000
 C_BC#1         0.000         0.000
 C_BC#2         0.000         0.000         0.000
 C_BC#3         0.000         0.000         0.000         0.000
 C_BC#4         0.000         0.000         0.000         0.000         0.000
 C_BC#5         0.000         0.000         0.000         0.000         0.000
 C_BC#6         0.000         0.000         0.000         0.000         0.000
 C_BC#7         0.000         0.000         0.000         0.000         0.000
 C_C#1          0.000         0.000         0.000         0.000         0.000
 C_C#2          0.000         0.000         0.000         0.000         0.000
 C_C#3          0.000         0.000         0.000         0.000         0.000
 C_C#4          0.000         0.000         0.000         0.000         0.000


           Covariances
              C_BC#5        C_BC#6        C_BC#7        C_C#1         C_C#2
              ________      ________      ________      ________      ________
 C_BC#5         0.000
 C_BC#6         0.000         0.000
 C_BC#7         0.000         0.000         0.000
 C_C#1          0.000         0.000         0.000         0.000
 C_C#2          0.000         0.000         0.000         0.000         0.000
 C_C#3          0.000         0.000         0.000         0.000         0.000
 C_C#4          0.000         0.000         0.000         0.000         0.000


           Covariances
              C_C#3         C_C#4
              ________      ________
 C_C#3          0.000
 C_C#4          0.000         0.000


           Correlations
              BC#1          BC#2          BC#3          BC#4          BC#5
              ________      ________      ________      ________      ________
 BC#1           1.000
 BC#2         999.000         1.000
 BC#3         999.000       999.000         1.000
 BC#4         999.000       999.000       999.000         1.000
 BC#5         999.000       999.000       999.000       999.000         1.000
 BC#6         999.000       999.000       999.000       999.000       999.000
 BC#7         999.000       999.000       999.000       999.000       999.000
 C#1          999.000       999.000       999.000       999.000       999.000
 C#2          999.000       999.000       999.000       999.000       999.000
 C#3          999.000       999.000       999.000       999.000       999.000
 C#4          999.000       999.000       999.000       999.000       999.000
 C_BC#1       999.000       999.000       999.000       999.000       999.000
 C_BC#2       999.000       999.000       999.000       999.000       999.000
 C_BC#3       999.000       999.000       999.000       999.000       999.000
 C_BC#4       999.000       999.000       999.000       999.000       999.000
 C_BC#5       999.000       999.000       999.000       999.000       999.000
 C_BC#6       999.000       999.000       999.000       999.000       999.000
 C_BC#7       999.000       999.000       999.000       999.000       999.000
 C_C#1        999.000       999.000       999.000       999.000       999.000
 C_C#2        999.000       999.000       999.000       999.000       999.000
 C_C#3        999.000       999.000       999.000       999.000       999.000
 C_C#4        999.000       999.000       999.000       999.000       999.000


           Correlations
              BC#6          BC#7          C#1           C#2           C#3
              ________      ________      ________      ________      ________
 BC#6           1.000
 BC#7         999.000         1.000
 C#1          999.000       999.000         1.000
 C#2          999.000       999.000       999.000         1.000
 C#3          999.000       999.000       999.000       999.000         1.000
 C#4          999.000       999.000       999.000       999.000       999.000
 C_BC#1       999.000       999.000       999.000       999.000       999.000
 C_BC#2       999.000       999.000       999.000       999.000       999.000
 C_BC#3       999.000       999.000       999.000       999.000       999.000
 C_BC#4       999.000       999.000       999.000       999.000       999.000
 C_BC#5       999.000       999.000       999.000       999.000       999.000
 C_BC#6       999.000       999.000       999.000       999.000       999.000
 C_BC#7       999.000       999.000       999.000       999.000       999.000
 C_C#1        999.000       999.000       999.000       999.000       999.000
 C_C#2        999.000       999.000       999.000       999.000       999.000
 C_C#3        999.000       999.000       999.000       999.000       999.000
 C_C#4        999.000       999.000       999.000       999.000       999.000


           Correlations
              C#4           C_BC#1        C_BC#2        C_BC#3        C_BC#4
              ________      ________      ________      ________      ________
 C#4            1.000
 C_BC#1       999.000         1.000
 C_BC#2       999.000       999.000         1.000
 C_BC#3       999.000       999.000       999.000         1.000
 C_BC#4       999.000       999.000       999.000       999.000         1.000
 C_BC#5       999.000       999.000       999.000       999.000       999.000
 C_BC#6       999.000       999.000       999.000       999.000       999.000
 C_BC#7       999.000       999.000       999.000       999.000       999.000
 C_C#1        999.000       999.000       999.000       999.000       999.000
 C_C#2        999.000       999.000       999.000       999.000       999.000
 C_C#3        999.000       999.000       999.000       999.000       999.000
 C_C#4        999.000       999.000       999.000       999.000       999.000


           Correlations
              C_BC#5        C_BC#6        C_BC#7        C_C#1         C_C#2
              ________      ________      ________      ________      ________
 C_BC#5         1.000
 C_BC#6       999.000         1.000
 C_BC#7       999.000       999.000         1.000
 C_C#1        999.000       999.000       999.000         1.000
 C_C#2        999.000       999.000       999.000       999.000         1.000
 C_C#3        999.000       999.000       999.000       999.000       999.000
 C_C#4        999.000       999.000       999.000       999.000       999.000


           Correlations
              C_C#3         C_C#4
              ________      ________
 C_C#3          1.000
 C_C#4        999.000         1.000


PLOT INFORMATION

The following plots are available:

  Histograms (sample values, estimated factor scores)
  Scatterplots (sample values, estimated factor scores)
  Latent variable distribution plots

SAVEDATA INFORMATION


  Save file
    mlLpa_L2_8_L1_5.dat

  Order and format of variables

    DRIVES         F10.3
    COGNITIO       F10.3
    AFFECT         F10.3
    SOCIAL         F10.3
    WC             F10.3
    BIG_WORD       F10.3
    BC#1           F10.3
    BC#2           F10.3
    BC#3           F10.3
    BC#4           F10.3
    BC#5           F10.3
    BC#6           F10.3
    BC#7           F10.3
    C#1            F10.3
    C#2            F10.3
    C#3            F10.3
    C#4            F10.3
    C_BC#1         F10.3
    C_BC#2         F10.3
    C_BC#3         F10.3
    C_BC#4         F10.3
    C_BC#5         F10.3
    C_BC#6         F10.3
    C_BC#7         F10.3
    C_C#1          F10.3
    C_C#2          F10.3
    C_C#3          F10.3
    C_C#4          F10.3
    CPROB1         F10.3
    CPROB2         F10.3
    CPROB3         F10.3
    CPROB4         F10.3
    CPROB5         F10.3
    CPROB6         F10.3
    CPROB7         F10.3
    CPROB8         F10.3
    CPROB9         F10.3
    CPROB10        F10.3
    CPROB11        F10.3
    CPROB12        F10.3
    CPROB13        F10.3
    CPROB14        F10.3
    CPROB15        F10.3
    CPROB16        F10.3
    CPROB17        F10.3
    CPROB18        F10.3
    CPROB19        F10.3
    CPROB20        F10.3
    CPROB21        F10.3
    CPROB22        F10.3
    CPROB23        F10.3
    CPROB24        F10.3
    CPROB25        F10.3
    CPROB26        F10.3
    CPROB27        F10.3
    CPROB28        F10.3
    CPROB29        F10.3
    CPROB30        F10.3
    CPROB31        F10.3
    CPROB32        F10.3
    CPROB33        F10.3
    CPROB34        F10.3
    CPROB35        F10.3
    CPROB36        F10.3
    CPROB37        F10.3
    CPROB38        F10.3
    CPROB39        F10.3
    CPROB40        F10.3
    BC             F10.3
    C              F10.3
    MLCJOINT       F10.3
    PCP_ID         I4

  Save file format
    71F10.3 I4

  Save file record length    10000

  Save missing symbol        *


  Estimated Means and Covariance Matrix for the Latent Variables

  Save file
    tech4.dat
  Save format      Free

     Beginning Time:  14:05:22
        Ending Time:  14:16:44
       Elapsed Time:  00:11:22



MUTHEN & MUTHEN
3463 Stoner Ave.
Los Angeles, CA  90066

Tel: (310) 391-9971
Fax: (310) 391-8971
Web: www.StatModel.com
Support: Support@StatModel.com

Copyright (c) 1998-2021 Muthen & Muthen
