Mplus VERSION 8.9 (Mac)
MUTHEN & MUTHEN
07/07/2023   9:12 PM

INPUT INSTRUCTIONS

  TITLE:
  L1_P_2_lpa_freeVar;
  DATA:
  FILE = "mplus_analyses/psych_processV2/L1_prof_2_ml_lpa_freeVar_enum.dat";

  VARIABLE:
  NAMES = drives cognition affect social big_words pcp_to_pt_wc PCP_ID row_num;
   MISSING=.;
   CLASSES = c(2);
  DEFINE:
  STANDARDIZE drives cognition affect social big_words pcp_to_pt_wc;
  ANALYSIS:
  TYPE = MIXTURE;
      ESTIMATOR=MLR;
      STARTS=1000 50;
      STITERATIONS=50;
      LRTSTARTS=1000 50 1000 50;
      PROCESSORS=4;
  MODEL:
  %OVERALL%
  %C#1%
  [drives cognition affect social big_words pcp_to_pt_wc];
  drives cognition affect social big_words pcp_to_pt_wc;
  %C#2%
  [drives cognition affect social big_words pcp_to_pt_wc];
  drives cognition affect social big_words pcp_to_pt_wc;
  PLOT:
  type = plot3;



*** WARNING in VARIABLE command
  Note that only the first 8 characters of variable names are used in the output.
  Shorten variable names to avoid any confusion.
*** WARNING in MODEL command
  All variables are uncorrelated with all other variables within class.
  Check that this is what is intended.
*** WARNING in PLOT command
  Note that only the first 8 characters of variable names are used in plots.
  If variable names are not unique within the first 8 characters, problems
  may occur.
   3 WARNING(S) FOUND IN THE INPUT INSTRUCTIONS




L1_P_2_lpa_freeVar;

SUMMARY OF ANALYSIS

Number of groups                                                 1
Number of observations                                        1667

Number of dependent variables                                    8
Number of independent variables                                  0
Number of continuous latent variables                            0
Number of categorical latent variables                           1

Observed dependent variables

  Continuous
   DRIVES      COGNITION   AFFECT      SOCIAL      BIG_WORDS   PCP_TO_PT_
   PCP_ID      ROW_NUM

Categorical latent variables
   C


Estimator                                                      MLR
Information matrix                                        OBSERVED
Optimization Specifications for the Quasi-Newton Algorithm for
Continuous Outcomes
  Maximum number of iterations                                 100
  Convergence criterion                                  0.100D-05
Optimization Specifications for the EM Algorithm
  Maximum number of iterations                                 500
  Convergence criteria
    Loglikelihood change                                 0.100D-06
    Relative loglikelihood change                        0.100D-06
    Derivative                                           0.100D-05
Optimization Specifications for the M step of the EM Algorithm for
Categorical Latent variables
  Number of M step iterations                                    1
  M step convergence criterion                           0.100D-05
  Basis for M step termination                           ITERATION
Optimization Specifications for the M step of the EM Algorithm for
Censored, Binary or Ordered Categorical (Ordinal), Unordered
Categorical (Nominal) and Count Outcomes
  Number of M step iterations                                    1
  M step convergence criterion                           0.100D-05
  Basis for M step termination                           ITERATION
  Maximum value for logit thresholds                            15
  Minimum value for logit thresholds                           -15
  Minimum expected cell size for chi-square              0.100D-01
Maximum number of iterations for H1                           2000
Convergence criterion for H1                             0.100D-03
Optimization algorithm                                         EMA
Random Starts Specifications
  Number of initial stage random starts                       1000
  Number of final stage optimizations                           50
  Number of initial stage iterations                            50
  Initial stage convergence criterion                    0.100D+01
  Random starts scale                                    0.500D+01
  Random seed for generating random starts                       0

Input data file(s)
  mplus_analyses/psych_processV2/L1_prof_2_ml_lpa_freeVar_enum.dat
Input data format  FREE


SUMMARY OF DATA

     Number of missing data patterns             1
     Number of y missing data patterns           1
     Number of u missing data patterns           0


COVARIANCE COVERAGE OF DATA

Minimum covariance coverage value   0.100


     PROPORTION OF DATA PRESENT FOR Y


           Covariance Coverage
              DRIVES        COGNITIO      AFFECT        SOCIAL        BIG_WORD
              ________      ________      ________      ________      ________
 DRIVES         1.000
 COGNITIO       1.000         1.000
 AFFECT         1.000         1.000         1.000
 SOCIAL         1.000         1.000         1.000         1.000
 BIG_WORD       1.000         1.000         1.000         1.000         1.000
 PCP_TO_P       1.000         1.000         1.000         1.000         1.000
 PCP_ID         1.000         1.000         1.000         1.000         1.000
 ROW_NUM        1.000         1.000         1.000         1.000         1.000


           Covariance Coverage
              PCP_TO_P      PCP_ID        ROW_NUM
              ________      ________      ________
 PCP_TO_P       1.000
 PCP_ID         1.000         1.000
 ROW_NUM        1.000         1.000         1.000



UNIVARIATE SAMPLE STATISTICS


     UNIVARIATE HIGHER-ORDER MOMENT DESCRIPTIVE STATISTICS

         Variable/         Mean/     Skewness/   Minimum/ % with                Percentiles
        Sample Size      Variance    Kurtosis    Maximum  Min/Max      20%/60%    40%/80%    Median

     DRIVES                0.000       0.359      -2.666    0.06%      -0.842     -0.283     -0.038
            1667.000       1.000       0.165       3.570    0.06%       0.180      0.792
     COGNITION             0.000       0.214      -3.226    0.06%      -0.833     -0.296     -0.044
            1667.000       1.000       0.293       4.469    0.06%       0.225      0.815
     AFFECT                0.000       0.665      -2.958    0.06%      -0.827     -0.318     -0.093
            1667.000       1.000       0.981       4.395    0.06%       0.161      0.748
     SOCIAL                0.000       0.461      -2.645    0.06%      -0.844     -0.330     -0.077
            1667.000       1.000       0.393       3.993    0.06%       0.175      0.792
     BIG_WORDS             0.000       0.325      -3.511    0.06%      -0.843     -0.286     -0.056
            1667.000       1.000       0.485       4.571    0.06%       0.188      0.847
     PCP_TO_PT_WC          0.000       2.048      -1.296    0.06%      -0.748     -0.446     -0.280
            1667.000       1.000       6.125       6.121    0.06%      -0.068      0.548
     PCP_ID               88.156      -0.798       2.000    0.36%      58.000     90.000     96.000
            1667.000    1098.295      -0.052     142.000    0.42%     105.000    115.000
     ROW_NUM             886.665      -0.032       2.000    0.06%     387.000    723.000    890.000
            1667.000  240007.522      -1.158    1737.000    0.06%    1056.000   1392.000

RANDOM STARTS RESULTS RANKED FROM THE BEST TO THE WORST LOGLIKELIHOOD VALUES


6 perturbed starting value run(s) did not converge or were rejected in the third stage.
Final stage loglikelihood values at local maxima, seeds, and initial stage start numbers:

          -34019.595  496703           758
          -34019.595  351807           617
          -34019.595  900921           984
          -34019.595  479273           156
          -34019.595  301180           236
          -34019.595  59674            240
          -34019.595  605565           404
          -34019.595  165853           105
          -34019.595  406935           958
          -34019.595  260953           589
          -34019.595  193569           440
          -34019.595  548673           732
          -34019.595  582296           452
          -34019.595  215353           164
          -34019.595  402224           91
          -34019.595  677720           681
          -34019.595  547702           767
          -34019.595  335485           496
          -34019.595  172913           557
          -34019.595  485635           876
          -34019.595  349263           263
          -34019.595  816435           914
          -34019.595  529455           268
          -34019.595  686384           690
          -34019.595  126371           526
          -34019.595  82200            830
          -34019.595  840078           203
          -34019.595  783102           433
          -34019.595  853195           431
          -34019.595  453915           975
          -34019.595  966014           37
          -34019.595  810705           626
          -34019.595  50887            389
          -34019.595  940533           764
          -34019.595  301717           823
          -34019.595  461866           722
          -34019.595  153394           429
          -34019.595  642909           251
          -34019.595  551639           55
          -34019.595  937885           426
          -34019.595  544009           842
          -34019.595  891347           504
          -34019.595  119513           821
          -34019.595  726035           191
          -34019.595  728038           177
          -34019.595  781489           627
          -34019.595  903420           5
          -34019.595  17896            592
          -34019.595  529496           343
          -34019.595  579995           183



THE BEST LOGLIKELIHOOD VALUE HAS BEEN REPLICATED.  RERUN WITH AT LEAST TWICE THE
RANDOM STARTS TO CHECK THAT THE BEST LOGLIKELIHOOD IS STILL OBTAINED AND REPLICATED.


THE MODEL ESTIMATION TERMINATED NORMALLY



MODEL FIT INFORMATION

Number of Free Parameters                       31

Loglikelihood

          H0 Value                      -34019.595
          H0 Scaling Correction Factor      1.3479
            for MLR

Information Criteria

          Akaike (AIC)                   68101.190
          Bayesian (BIC)                 68269.173
          Sample-Size Adjusted BIC       68170.690
            (n* = (n + 2) / 24)



FINAL CLASS COUNTS AND PROPORTIONS FOR THE LATENT CLASSES
BASED ON THE ESTIMATED MODEL

    Latent
   Classes

       1        551.51278          0.33084
       2       1115.48722          0.66916


FINAL CLASS COUNTS AND PROPORTIONS FOR THE LATENT CLASSES
BASED ON ESTIMATED POSTERIOR PROBABILITIES

    Latent
   Classes

       1        551.51278          0.33084
       2       1115.48722          0.66916


FINAL CLASS COUNTS AND PROPORTIONS FOR THE LATENT CLASSES
BASED ON THEIR MOST LIKELY LATENT CLASS MEMBERSHIP

Class Counts and Proportions

    Latent
   Classes

       1              541          0.32454
       2             1126          0.67546


CLASSIFICATION QUALITY

     Entropy                         0.893


Average Latent Class Probabilities for Most Likely Latent Class Membership (Row)
by Latent Class (Column)

           1        2

    1   0.964    0.036
    2   0.027    0.973


Classification Probabilities for the Most Likely Latent Class Membership (Column)
by Latent Class (Row)

           1        2

    1   0.946    0.054
    2   0.017    0.983


Logits for the Classification Probabilities for the Most Likely Latent Class Membership (Column)
by Latent Class (Row)

              1        2

    1      2.856    0.000
    2     -4.031    0.000


MODEL RESULTS

                                                    Two-Tailed
                    Estimate       S.E.  Est./S.E.    P-Value

Latent Class 1

 Means
    DRIVES             0.042      0.046      0.927      0.354
    COGNITION         -0.167      0.053     -3.130      0.002
    AFFECT             0.003      0.046      0.065      0.948
    SOCIAL            -0.052      0.042     -1.254      0.210
    BIG_WORDS          0.344      0.052      6.622      0.000
    PCP_TO_PT_         0.203      0.058      3.480      0.001
    PCP_ID            48.870      1.769     27.629      0.000
    ROW_NUM          324.832     14.829     21.905      0.000

 Variances
    DRIVES             1.022      0.070     14.654      0.000
    COGNITION          1.195      0.080     15.009      0.000
    AFFECT             1.028      0.089     11.582      0.000
    SOCIAL             0.865      0.058     14.832      0.000
    BIG_WORDS          1.196      0.076     15.811      0.000
    PCP_TO_PT_         1.347      0.182      7.407      0.000
    PCP_ID           335.228     12.381     27.075      0.000
    ROW_NUM        83942.438   3138.219     26.748      0.000

Latent Class 2

 Means
    DRIVES            -0.021      0.031     -0.678      0.498
    COGNITION          0.083      0.029      2.817      0.005
    AFFECT            -0.001      0.031     -0.048      0.962
    SOCIAL             0.026      0.032      0.820      0.412
    BIG_WORDS         -0.170      0.028     -5.980      0.000
    PCP_TO_PT_        -0.100      0.032     -3.154      0.002
    PCP_ID           107.579      0.693    155.277      0.000
    ROW_NUM         1164.444     15.091     77.164      0.000

 Variances
    DRIVES             0.988      0.046     21.296      0.000
    COGNITION          0.883      0.041     21.435      0.000
    AFFECT             0.986      0.052     19.138      0.000
    SOCIAL             1.065      0.050     21.088      0.000
    BIG_WORDS          0.816      0.044     18.718      0.000
    PCP_TO_PT_         0.798      0.084      9.490      0.000
    PCP_ID           335.228     12.381     27.075      0.000
    ROW_NUM        83942.438   3138.219     26.748      0.000

Categorical Latent Variables

 Means
    C#1               -0.704      0.075     -9.355      0.000


QUALITY OF NUMERICAL RESULTS

     Condition Number for the Information Matrix              0.242E-04
       (ratio of smallest to largest eigenvalue)


PLOT INFORMATION

The following plots are available:

  Histograms (sample values)
  Scatterplots (sample values)
  Estimated overall and class-specific distributions

     Beginning Time:  21:12:30
        Ending Time:  21:12:36
       Elapsed Time:  00:00:06



MUTHEN & MUTHEN
3463 Stoner Ave.
Los Angeles, CA  90066

Tel: (310) 391-9971
Fax: (310) 391-8971
Web: www.StatModel.com
Support: Support@StatModel.com

Copyright (c) 1998-2023 Muthen & Muthen
