Mplus VERSION 8.9 (Mac)
MUTHEN & MUTHEN
07/07/2023   9:12 PM

INPUT INSTRUCTIONS

  TITLE:
  L1_P_1_lpa_freeVar;
  DATA:
  FILE = "mplus_analyses/psych_processV2/L1_prof_1_ml_lpa_freeVar_enum.dat";

  VARIABLE:
  NAMES = drives cognition affect social big_words pcp_to_pt_wc PCP_ID row_num;
   MISSING=.;
   CLASSES = c(1);
  DEFINE:
  STANDARDIZE drives cognition affect social big_words pcp_to_pt_wc;
  ANALYSIS:
  TYPE = MIXTURE;
      ESTIMATOR=MLR;
      STARTS=1000 50;
      STITERATIONS=50;
      LRTSTARTS=1000 50 1000 50;
      PROCESSORS=4;
  MODEL:
  %OVERALL%
  %C#1%
  [drives cognition affect social big_words pcp_to_pt_wc];
  drives cognition affect social big_words pcp_to_pt_wc;
  PLOT:
  type = plot3;



*** WARNING in VARIABLE command
  Note that only the first 8 characters of variable names are used in the output.
  Shorten variable names to avoid any confusion.
*** WARNING in MODEL command
  All variables are uncorrelated with all other variables within class.
  Check that this is what is intended.
*** WARNING in PLOT command
  Note that only the first 8 characters of variable names are used in plots.
  If variable names are not unique within the first 8 characters, problems
  may occur.
   3 WARNING(S) FOUND IN THE INPUT INSTRUCTIONS




L1_P_1_lpa_freeVar;

SUMMARY OF ANALYSIS

Number of groups                                                 1
Number of observations                                        1667

Number of dependent variables                                    8
Number of independent variables                                  0
Number of continuous latent variables                            0
Number of categorical latent variables                           1

Observed dependent variables

  Continuous
   DRIVES      COGNITION   AFFECT      SOCIAL      BIG_WORDS   PCP_TO_PT_
   PCP_ID      ROW_NUM

Categorical latent variables
   C


Estimator                                                      MLR
Information matrix                                        OBSERVED
Optimization Specifications for the Quasi-Newton Algorithm for
Continuous Outcomes
  Maximum number of iterations                                 100
  Convergence criterion                                  0.100D-05
Optimization Specifications for the EM Algorithm
  Maximum number of iterations                                 500
  Convergence criteria
    Loglikelihood change                                 0.100D-06
    Relative loglikelihood change                        0.100D-06
    Derivative                                           0.100D-05
Optimization Specifications for the M step of the EM Algorithm for
Categorical Latent variables
  Number of M step iterations                                    1
  M step convergence criterion                           0.100D-05
  Basis for M step termination                           ITERATION
Optimization Specifications for the M step of the EM Algorithm for
Censored, Binary or Ordered Categorical (Ordinal), Unordered
Categorical (Nominal) and Count Outcomes
  Number of M step iterations                                    1
  M step convergence criterion                           0.100D-05
  Basis for M step termination                           ITERATION
  Maximum value for logit thresholds                            15
  Minimum value for logit thresholds                           -15
  Minimum expected cell size for chi-square              0.100D-01
Maximum number of iterations for H1                           2000
Convergence criterion for H1                             0.100D-03
Optimization algorithm                                         EMA
Random Starts Specifications
  Number of initial stage random starts                       1000
  Number of final stage optimizations                           50
  Number of initial stage iterations                            50
  Initial stage convergence criterion                    0.100D+01
  Random starts scale                                    0.500D+01
  Random seed for generating random starts                       0

Input data file(s)
  mplus_analyses/psych_processV2/L1_prof_1_ml_lpa_freeVar_enum.dat
Input data format  FREE


SUMMARY OF DATA

     Number of missing data patterns             1
     Number of y missing data patterns           1
     Number of u missing data patterns           0


COVARIANCE COVERAGE OF DATA

Minimum covariance coverage value   0.100


     PROPORTION OF DATA PRESENT FOR Y


           Covariance Coverage
              DRIVES        COGNITIO      AFFECT        SOCIAL        BIG_WORD
              ________      ________      ________      ________      ________
 DRIVES         1.000
 COGNITIO       1.000         1.000
 AFFECT         1.000         1.000         1.000
 SOCIAL         1.000         1.000         1.000         1.000
 BIG_WORD       1.000         1.000         1.000         1.000         1.000
 PCP_TO_P       1.000         1.000         1.000         1.000         1.000
 PCP_ID         1.000         1.000         1.000         1.000         1.000
 ROW_NUM        1.000         1.000         1.000         1.000         1.000


           Covariance Coverage
              PCP_TO_P      PCP_ID        ROW_NUM
              ________      ________      ________
 PCP_TO_P       1.000
 PCP_ID         1.000         1.000
 ROW_NUM        1.000         1.000         1.000



UNIVARIATE SAMPLE STATISTICS


     UNIVARIATE HIGHER-ORDER MOMENT DESCRIPTIVE STATISTICS

         Variable/         Mean/     Skewness/   Minimum/ % with                Percentiles
        Sample Size      Variance    Kurtosis    Maximum  Min/Max      20%/60%    40%/80%    Median

     DRIVES                0.000       0.359      -2.666    0.06%      -0.842     -0.283     -0.038
            1667.000       1.000       0.165       3.570    0.06%       0.180      0.792
     COGNITION             0.000       0.214      -3.226    0.06%      -0.833     -0.296     -0.044
            1667.000       1.000       0.293       4.469    0.06%       0.225      0.815
     AFFECT                0.000       0.665      -2.958    0.06%      -0.827     -0.318     -0.093
            1667.000       1.000       0.981       4.395    0.06%       0.161      0.748
     SOCIAL                0.000       0.461      -2.645    0.06%      -0.844     -0.330     -0.077
            1667.000       1.000       0.393       3.993    0.06%       0.175      0.792
     BIG_WORDS             0.000       0.325      -3.511    0.06%      -0.843     -0.286     -0.056
            1667.000       1.000       0.485       4.571    0.06%       0.188      0.847
     PCP_TO_PT_WC          0.000       2.048      -1.296    0.06%      -0.748     -0.446     -0.280
            1667.000       1.000       6.125       6.121    0.06%      -0.068      0.548
     PCP_ID               88.156      -0.798       2.000    0.36%      58.000     90.000     96.000
            1667.000    1098.295      -0.052     142.000    0.42%     105.000    115.000
     ROW_NUM             886.665      -0.032       2.000    0.06%     387.000    723.000    890.000
            1667.000  240007.522      -1.158    1737.000    0.06%    1056.000   1392.000

RANDOM STARTS RESULTS RANKED FROM THE BEST TO THE WORST LOGLIKELIHOOD VALUES

Final stage loglikelihood values at local maxima, seeds, and initial stage start numbers:

          -35084.479  699834           723
          -35084.479  82200            830
          -35084.479  252949           487
          -35084.479  379729           512
          -35084.479  7959             256
          -35084.479  147440           514
          -35084.479  140849           515
          -35084.479  616917           261
          -35084.479  715255           523
          -35084.479  279850           555
          -35084.479  491970           563
          -35084.479  211281           292
          -35084.479  344422           296
          -35084.479  264901           634
          -35084.479  278661           674
          -35084.479  856612           700
          -35084.479  109357           765
          -35084.479  547702           767
          -35084.479  926797           406
          -35084.479  605161           409
          -35084.479  85734            411
          -35084.479  49910            829
          -35084.479  798821           423
          -35084.479  700846           867
          -35084.479  317640           437
          -35084.479  931558           898
          -35084.479  298201           903
          -35084.479  241299           912
          -35084.479  228459           947
          -35084.479  527050           948
          -35084.479  354395           486
          -35084.479  495490           990
          -35084.479  140442           500
          -35084.479  294669           501
          -35084.479  213532           503
          -35084.479  903369           134
          -35084.479  726035           191
          -35084.479  150531           154
          -35084.479  399671           13
          -35084.479  462953           7
          -35084.479  264081           186
          -35084.479  415931           10
          -35084.479  701525           239
          -35084.479  846194           93
          -35084.479  165853           105
          -35084.479  215353           164
          -35084.479  717754           180
          -35084.479  800454           751
          -35084.479  642909           251
          -35084.479  unperturbed      0



THE MODEL ESTIMATION TERMINATED NORMALLY



MODEL FIT INFORMATION

Number of Free Parameters                       16

Loglikelihood

          H0 Value                      -35084.479
          H0 Scaling Correction Factor      1.2260
            for MLR

Information Criteria

          Akaike (AIC)                   70200.958
          Bayesian (BIC)                 70287.658
          Sample-Size Adjusted BIC       70236.829
            (n* = (n + 2) / 24)



FINAL CLASS COUNTS AND PROPORTIONS FOR THE LATENT CLASSES
BASED ON THE ESTIMATED MODEL

    Latent
   Classes

       1       1667.00000          1.00000


FINAL CLASS COUNTS AND PROPORTIONS FOR THE LATENT CLASSES
BASED ON ESTIMATED POSTERIOR PROBABILITIES

    Latent
   Classes

       1       1667.00000          1.00000


FINAL CLASS COUNTS AND PROPORTIONS FOR THE LATENT CLASSES
BASED ON THEIR MOST LIKELY LATENT CLASS MEMBERSHIP

Class Counts and Proportions

    Latent
   Classes

       1             1667          1.00000


Average Latent Class Probabilities for Most Likely Latent Class Membership (Row)
by Latent Class (Column)

           1

    1   1.000


Classification Probabilities for the Most Likely Latent Class Membership (Column)
by Latent Class (Row)

           1

    1   1.000


Logits for the Classification Probabilities for the Most Likely Latent Class Membership (Column)
by Latent Class (Row)

              1

    1      0.000


MODEL RESULTS

                                                    Two-Tailed
                    Estimate       S.E.  Est./S.E.    P-Value

Latent Class 1

 Means
    DRIVES             0.000      0.024      0.000      1.000
    COGNITION          0.000      0.024      0.000      1.000
    AFFECT             0.000      0.024      0.000      1.000
    SOCIAL             0.000      0.024      0.000      1.000
    BIG_WORDS          0.000      0.024      0.000      1.000
    PCP_TO_PT_         0.000      0.024      0.000      1.000
    PCP_ID            88.156      0.812    108.608      0.000
    ROW_NUM          886.665     11.999     73.895      0.000

 Variances
    DRIVES             1.000      0.036     27.749      0.000
    COGNITION          1.000      0.037     26.961      0.000
    AFFECT             1.000      0.042     23.649      0.000
    SOCIAL             1.000      0.038     26.395      0.000
    BIG_WORDS          1.000      0.039     25.899      0.000
    PCP_TO_PT_         1.000      0.070     14.324      0.000
    PCP_ID          1098.295     37.542     29.255      0.000
    ROW_NUM        *********   5395.502     44.483      0.000


QUALITY OF NUMERICAL RESULTS

     Condition Number for the Information Matrix              0.392E-03
       (ratio of smallest to largest eigenvalue)


PLOT INFORMATION

The following plots are available:

  Histograms (sample values)
  Scatterplots (sample values)
  Estimated overall and class-specific distributions

     Beginning Time:  21:12:28
        Ending Time:  21:12:30
       Elapsed Time:  00:00:02



MUTHEN & MUTHEN
3463 Stoner Ave.
Los Angeles, CA  90066

Tel: (310) 391-9971
Fax: (310) 391-8971
Web: www.StatModel.com
Support: Support@StatModel.com

Copyright (c) 1998-2023 Muthen & Muthen
